2025-10-13 22:58:39.207 [info] Reading sessions from keychain...
2025-10-13 22:58:39.207 [info] Getting sessions for all scopes...
2025-10-13 22:58:40.943 [info] Got stored sessions!
2025-10-13 22:58:40.945 [info] Got 2 verified sessions.
2025-10-13 22:58:40.946 [info] Got 2 sessions for ...
2025-10-13 22:58:40.946 [info] Getting sessions for all scopes...
2025-10-13 22:58:40.946 [info] Got 2 sessions for ...
2025-10-13 22:58:40.952 [info] Getting sessions for all scopes...
2025-10-13 22:58:40.952 [info] Got 2 sessions for ...
2025-10-13 22:58:40.952 [info] Getting sessions for all scopes...
2025-10-13 22:58:40.952 [info] Got 2 sessions for ...
2025-10-13 22:58:40.952 [info] Getting sessions for all scopes...
2025-10-13 22:58:40.952 [info] Got 2 sessions for ...
2025-10-13 22:58:40.952 [info] Getting sessions for all scopes...
2025-10-13 22:58:40.953 [info] Got 2 sessions for ...
2025-10-13 22:58:40.953 [info] Getting sessions for all scopes...
2025-10-13 22:58:40.953 [info] Got 2 sessions for ...
2025-10-13 22:58:43.693 [info] Getting sessions for all scopes...
2025-10-13 22:58:43.699 [info] Got 2 sessions for ...
2025-10-13 22:58:43.700 [info] Getting sessions for all scopes...
2025-10-13 22:58:43.700 [info] Got 2 sessions for ...
2025-10-13 22:58:43.706 [info] Getting sessions for all scopes...
2025-10-13 22:58:43.706 [info] Got 2 sessions for ...
2025-10-13 22:58:43.714 [info] Getting sessions for all scopes...
2025-10-13 22:58:43.714 [info] Got 2 sessions for ...
2025-10-13 22:58:43.729 [info] Getting sessions for all scopes...
2025-10-13 22:58:43.729 [info] Got 2 sessions for ...
2025-10-13 22:58:43.729 [info] Getting sessions for all scopes...
2025-10-13 22:58:43.729 [info] Got 2 sessions for ...
2025-10-13 22:58:46.189 [info] fetching: Electron fetch failed with status: 429 
2025-10-13 22:59:04.060 [info] Reading sessions from keychain...
2025-10-13 22:59:04.060 [info] Getting sessions for all scopes...
2025-10-13 22:59:04.108 [info] Got stored sessions!
2025-10-13 22:59:04.108 [info] Got 2 verified sessions.
2025-10-13 22:59:04.114 [info] Got 2 sessions for ...
2025-10-13 22:59:04.114 [info] Getting sessions for all scopes...
2025-10-13 22:59:04.114 [info] Got 2 sessions for ...
2025-10-13 22:59:04.115 [info] Getting sessions for all scopes...
2025-10-13 22:59:04.115 [info] Got 2 sessions for ...
2025-10-13 22:59:04.115 [info] Getting sessions for all scopes...
2025-10-13 22:59:04.115 [info] Got 2 sessions for ...
2025-10-13 22:59:04.115 [info] Getting sessions for all scopes...
2025-10-13 22:59:04.115 [info] Got 2 sessions for ...
2025-10-13 22:59:04.121 [info] Getting sessions for all scopes...
2025-10-13 22:59:04.121 [info] Got 2 sessions for ...
2025-10-13 22:59:04.122 [info] Getting sessions for all scopes...
2025-10-13 22:59:04.122 [info] Got 2 sessions for ...
2025-10-13 22:59:04.484 [info] Getting sessions for all scopes...
2025-10-13 22:59:04.484 [info] Got 2 sessions for ...
2025-10-13 22:59:04.489 [info] Getting sessions for all scopes...
2025-10-13 22:59:04.489 [info] Got 2 sessions for ...
2025-10-13 22:59:04.496 [info] Getting sessions for all scopes...
2025-10-13 22:59:04.496 [info] Got 2 sessions for ...
2025-10-13 22:59:04.496 [info] Getting sessions for all scopes...
2025-10-13 22:59:04.496 [info] Got 2 sessions for ...
2025-10-13 22:59:04.501 [info] Getting sessions for all scopes...
2025-10-13 22:59:04.501 [info] Got 2 sessions for ...
2025-10-13 22:59:04.502 [info] Getting sessions for all scopes...
2025-10-13 22:59:04.502 [info] Got 2 sessions for ...
2025-10-13 22:59:04.702 [info] Getting sessions for all scopes...
2025-10-13 22:59:04.702 [info] Got 2 sessions for ...
2025-10-13 22:59:06.457 [info] fetching: Electron fetch failed with status: 429 
2025-10-13 22:59:17.720 [info] Getting sessions for all scopes...
2025-10-13 22:59:17.721 [info] Got 2 sessions for ...
2025-10-13 22:59:17.948 [info] Getting sessions for all scopes...
2025-10-13 22:59:17.948 [info] Got 2 sessions for ...
2025-10-13 22:59:17.950 [info] Getting sessions for all scopes...
2025-10-13 22:59:17.950 [info] Got 2 sessions for ...
2025-10-13 22:59:17.952 [info] Getting sessions for all scopes...
2025-10-13 22:59:17.952 [info] Got 2 sessions for ...
2025-10-13 22:59:18.324 [info] Getting sessions for all scopes...
2025-10-13 22:59:18.324 [info] Got 2 sessions for ...
2025-10-13 22:59:18.324 [info] Getting sessions for all scopes...
2025-10-13 22:59:18.324 [info] Got 2 sessions for ...
2025-10-13 22:59:20.508 [info] Getting sessions for read:user,repo,user:email,workflow...
2025-10-13 22:59:20.511 [info] Got 1 sessions for read:user,repo,user:email,workflow...
2025-10-13 22:59:20.554 [info] fetching: Node fetch failed with status: 429 Too Many Requests
2025-10-13 22:59:20.667 [info] Getting sessions for all scopes...
2025-10-13 22:59:20.667 [info] Got 2 sessions for ...
2025-10-13 22:59:20.705 [info] Getting sessions for all scopes...
2025-10-13 22:59:20.707 [info] Got 2 sessions for ...
2025-10-13 22:59:20.729 [info] Getting sessions for read:user,repo,user:email,workflow...
2025-10-13 22:59:20.729 [info] Got 1 sessions for read:user,repo,user:email,workflow...
2025-10-13 22:59:21.155 [info] Getting sessions for all scopes...
2025-10-13 22:59:21.155 [info] Got 2 sessions for ...
2025-10-13 22:59:21.456 [info] Getting sessions for all scopes...
2025-10-13 22:59:21.456 [info] Got 2 sessions for ...
2025-10-13 22:59:21.463 [info] fetching: Node http/s failed with status: 429 Too Many Requests
2025-10-13 22:59:21.498 [info] Getting sessions for read:user,repo,user:email,workflow...
2025-10-13 22:59:21.498 [info] Got 1 sessions for read:user,repo,user:email,workflow...
2025-10-13 22:59:21.526 [info] Getting sessions for all scopes...
2025-10-13 22:59:21.526 [info] Got 2 sessions for ...
2025-10-13 22:59:21.538 [info] Getting sessions for all scopes...
2025-10-13 22:59:21.538 [info] Got 2 sessions for ...
2025-10-13 22:59:21.553 [info] Getting sessions for read:user,repo,user:email,workflow...
2025-10-13 22:59:21.553 [info] Got 1 sessions for read:user,repo,user:email,workflow...
2025-10-13 22:59:21.887 [info] Getting sessions for all scopes...
2025-10-13 22:59:21.887 [info] Got 2 sessions for ...
2025-10-13 22:59:21.986 [info] Getting sessions for read:user,repo,user:email,workflow...
2025-10-13 22:59:21.986 [info] Got 1 sessions for read:user,repo,user:email,workflow...
2025-10-13 22:59:56.662 [info] Reading sessions from keychain...
2025-10-13 22:59:56.663 [info] Getting sessions for all scopes...
2025-10-13 22:59:56.846 [info] Got stored sessions!
2025-10-13 22:59:56.846 [info] Got 2 verified sessions.
2025-10-13 22:59:56.847 [info] Got 2 sessions for ...
2025-10-13 22:59:56.850 [info] Getting sessions for all scopes...
2025-10-13 22:59:56.850 [info] Got 2 sessions for ...
2025-10-13 22:59:56.850 [info] Getting sessions for all scopes...
2025-10-13 22:59:56.850 [info] Got 2 sessions for ...
2025-10-13 22:59:57.188 [info] Getting sessions for all scopes...
2025-10-13 22:59:57.188 [info] Got 2 sessions for ...
2025-10-13 22:59:57.191 [info] Getting sessions for all scopes...
2025-10-13 22:59:57.191 [info] Got 2 sessions for ...
2025-10-13 22:59:57.194 [info] Getting sessions for all scopes...
2025-10-13 22:59:57.194 [info] Got 2 sessions for ...
2025-10-13 22:59:57.198 [info] Getting sessions for all scopes...
2025-10-13 22:59:57.199 [info] Got 2 sessions for ...
2025-10-13 22:59:57.199 [info] Getting sessions for all scopes...
2025-10-13 22:59:57.199 [info] Got 2 sessions for ...
2025-10-13 22:59:57.360 [info] Getting sessions for all scopes...
2025-10-13 22:59:57.360 [info] Got 2 sessions for ...
2025-10-13 22:59:57.371 [info] Getting sessions for all scopes...
2025-10-13 22:59:57.371 [info] Got 2 sessions for ...
2025-10-13 22:59:57.607 [info] Getting sessions for all scopes...
2025-10-13 22:59:57.607 [info] Got 2 sessions for ...
2025-10-13 22:59:57.608 [info] Getting sessions for all scopes...
2025-10-13 22:59:57.608 [info] Got 2 sessions for ...
2025-10-13 22:59:57.609 [info] Getting sessions for all scopes...
2025-10-13 22:59:57.609 [info] Got 2 sessions for ...
2025-10-13 22:59:57.610 [info] Getting sessions for all scopes...
2025-10-13 22:59:57.610 [info] Got 2 sessions for ...
2025-10-13 22:59:58.581 [info] fetching: Electron fetch failed with status: 429 
2025-10-13 23:00:10.945 [info] Getting sessions for all scopes...
2025-10-13 23:00:10.945 [info] Got 2 sessions for ...
2025-10-13 23:00:11.002 [info] Getting sessions for all scopes...
2025-10-13 23:00:11.002 [info] Got 2 sessions for ...
2025-10-13 23:00:11.003 [info] Getting sessions for all scopes...
2025-10-13 23:00:11.003 [info] Got 2 sessions for ...
2025-10-13 23:00:11.004 [info] Getting sessions for all scopes...
2025-10-13 23:00:11.004 [info] Got 2 sessions for ...
2025-10-13 23:00:11.656 [info] Getting sessions for all scopes...
2025-10-13 23:00:11.657 [info] Got 2 sessions for ...
2025-10-13 23:00:11.657 [info] Getting sessions for all scopes...
2025-10-13 23:00:11.657 [info] Got 2 sessions for ...
2025-10-13 23:00:11.969 [info] fetching: Node fetch failed with status: 429 Too Many Requests
2025-10-13 23:00:13.225 [info] Getting sessions for read:user,repo,user:email,workflow...
2025-10-13 23:00:13.225 [info] Got 1 sessions for read:user,repo,user:email,workflow...
2025-10-13 23:00:14.840 [info] Getting sessions for all scopes...
2025-10-13 23:00:14.840 [info] Got 2 sessions for ...
2025-10-13 23:00:15.105 [info] Getting sessions for all scopes...
2025-10-13 23:00:15.105 [info] Got 2 sessions for ...
2025-10-13 23:00:15.169 [info] Getting sessions for read:user,repo,user:email,workflow...
2025-10-13 23:00:15.169 [info] Got 1 sessions for read:user,repo,user:email,workflow...
2025-10-13 23:00:16.593 [info] Getting sessions for all scopes...
2025-10-13 23:00:16.593 [info] Got 2 sessions for ...
2025-10-13 23:00:16.607 [info] Getting sessions for all scopes...
2025-10-13 23:00:16.607 [info] Got 2 sessions for ...
2025-10-13 23:00:17.702 [info] fetching: Node http/s failed with status: 429 Too Many Requests
2025-10-13 23:00:17.729 [info] Getting sessions for read:user,repo,user:email,workflow...
2025-10-13 23:00:17.729 [info] Got 1 sessions for read:user,repo,user:email,workflow...
2025-10-13 23:00:17.755 [info] Getting sessions for all scopes...
2025-10-13 23:00:17.755 [info] Got 2 sessions for ...
2025-10-13 23:00:17.764 [info] Getting sessions for read:user,repo,user:email,workflow...
2025-10-13 23:00:17.765 [info] Got 1 sessions for read:user,repo,user:email,workflow...
2025-10-13 23:00:18.434 [info] Getting sessions for all scopes...
2025-10-13 23:00:18.434 [info] Got 2 sessions for ...
2025-10-13 23:00:18.465 [info] Getting sessions for read:user,repo,user:email,workflow...
2025-10-13 23:00:18.465 [info] Got 1 sessions for read:user,repo,user:email,workflow...
2025-10-13 23:00:34.004 [info] Getting sessions for read:user,repo,user:email,workflow...
2025-10-13 23:00:34.005 [info] Got 1 sessions for read:user,repo,user:email,workflow...
2025-10-13 23:00:42.126 [info] Getting sessions for all scopes...
2025-10-13 23:00:42.127 [info] Got 2 sessions for ...
2025-10-13 23:00:42.721 [info] Getting sessions for read:user,repo,user:email,workflow...
2025-10-13 23:00:42.721 [info] Got 1 sessions for read:user,repo,user:email,workflow...
2025-10-13 23:03:00.921 [info] Getting sessions for read:user,repo,user:email,workflow...
2025-10-13 23:03:00.922 [info] Got 1 sessions for read:user,repo,user:email,workflow...
2025-10-13 23:05:27.683 [info] Getting sessions for read:user,repo,user:email,workflow...
2025-10-13 23:05:27.684 [info] Got 1 sessions for read:user,repo,user:email,workflow...
2025-10-13 23:05:28.913 [info] Getting sessions for read:user,repo,user:email,workflow...
2025-10-13 23:05:28.914 [info] Got 1 sessions for read:user,repo,user:email,workflow...
2025-10-13 23:06:30.226 [info] Getting sessions for read:user,repo,user:email,workflow...
2025-10-13 23:06:30.226 [info] Got 1 sessions for read:user,repo,user:email,workflow...
2025-10-13 23:06:31.738 [info] Getting sessions for read:user,repo,user:email,workflow...
2025-10-13 23:06:31.738 [info] Got 1 sessions for read:user,repo,user:email,workflow...
2025-10-13 23:06:55.813 [info] Getting sessions for read:user,repo,user:email,workflow...
2025-10-13 23:06:55.814 [info] Got 1 sessions for read:user,repo,user:email,workflow...
2025-10-13 23:06:57.020 [info] Getting sessions for read:user,repo,user:email,workflow...
2025-10-13 23:06:57.021 [info] Got 1 sessions for read:user,repo,user:email,workflow...
2025-10-13 23:07:00.823 [info] Getting sessions for read:user,repo,user:email,workflow...
2025-10-13 23:07:00.823 [info] Got 1 sessions for read:user,repo,user:email,workflow...
2025-10-13 23:07:01.886 [info] Getting sessions for read:user,repo,user:email,workflow...
2025-10-13 23:07:01.886 [info] Got 1 sessions for read:user,repo,user:email,workflow...
2025-10-13 23:07:03.514 [info] Getting sessions for read:user,repo,user:email,workflow...
2025-10-13 23:07:03.514 [info] Got 1 sessions for read:user,repo,user:email,workflow...
2025-10-13 23:07:04.301 [info] Getting sessions for read:user,repo,user:email,workflow...
2025-10-13 23:07:04.301 [info] Got 1 sessions for read:user,repo,user:email,workflow...
2025-10-13 23:07:05.609 [info] Getting sessions for read:user,repo,user:email,workflow...
2025-10-13 23:07:05.611 [info] Got 1 sessions for read:user,repo,user:email,workflow...
2025-10-13 23:07:06.801 [info] Getting sessions for read:user,repo,user:email,workflow...
2025-10-13 23:07:06.804 [info] Got 1 sessions for read:user,repo,user:email,workflow...
2025-10-13 23:07:07.366 [info] Getting sessions for read:user,repo,user:email,workflow...
2025-10-13 23:07:07.366 [info] Got 1 sessions for read:user,repo,user:email,workflow...
2025-10-13 23:07:08.234 [info] Getting sessions for read:user,repo,user:email,workflow...
2025-10-13 23:07:08.234 [info] Got 1 sessions for read:user,repo,user:email,workflow...
2025-10-13 23:07:11.958 [info] Getting sessions for read:user,repo,user:email,workflow...
2025-10-13 23:07:11.958 [info] Got 1 sessions for read:user,repo,user:email,workflow...
2025-10-13 23:07:13.075 [info] Getting sessions for read:user,repo,user:email,workflow...
2025-10-13 23:07:13.075 [info] Got 1 sessions for read:user,repo,user:email,workflow...
2025-10-13 23:07:13.739 [info] Getting sessions for read:user,repo,user:email,workflow...
2025-10-13 23:07:13.739 [info] Got 1 sessions for read:user,repo,user:email,workflow...
2025-10-13 23:08:31.889 [info] Getting sessions for read:user,repo,user:email,workflow...
2025-10-13 23:08:31.891 [info] Got 1 sessions for read:user,repo,user:email,workflow...
2025-10-13 23:12:08.638 [info] Getting sessions for read:user,repo,user:email,workflow...
2025-10-13 23:12:08.638 [info] Got 1 sessions for read:user,repo,user:email,workflow...
2025-10-13 23:12:10.223 [info] Getting sessions for read:user,repo,user:email,workflow...
2025-10-13 23:12:10.225 [info] Got 1 sessions for read:user,repo,user:email,workflow...
2025-10-13 23:12:20.332 [info] Getting sessions for read:user,repo,user:email,workflow...
2025-10-13 23:12:20.333 [info] Got 1 sessions for read:user,repo,user:email,workflow...
2025-10-13 23:16:08.449 [info] Getting sessions for read:user,repo,user:email,workflow...
2025-10-13 23:16:08.454 [info] Got 1 sessions for read:user,repo,user:email,workflow...
2025-10-13 23:16:13.611 [info] Getting sessions for read:user,repo,user:email,workflow...
2025-10-13 23:16:13.612 [info] Got 1 sessions for read:user,repo,user:email,workflow...
2025-10-13 23:16:15.240 [info] Getting sessions for read:user,repo,user:email,workflow...
2025-10-13 23:16:15.240 [info] Got 1 sessions for read:user,repo,user:email,workflow...
2025-10-13 23:16:26.210 [info] Getting sessions for read:user,repo,user:email,workflow...
2025-10-13 23:16:26.211 [info] Got 1 sessions for read:user,repo,user:email,workflow...
2025-10-13 23:16:27.211 [info] Getting sessions for read:user,repo,user:email,workflow...
2025-10-13 23:16:27.211 [info] Got 1 sessions for read:user,repo,user:email,workflow...
2025-10-13 23:16:28.650 [info] Getting sessions for read:user,repo,user:email,workflow...
2025-10-13 23:16:28.650 [info] Got 1 sessions for read:user,repo,user:email,workflow...
2025-10-13 23:16:30.229 [info] Getting sessions for read:user,repo,user:email,workflow...
2025-10-13 23:16:30.229 [info] Got 1 sessions for read:user,repo,user:email,workflow...
2025-10-13 23:16:31.219 [info] Getting sessions for read:user,repo,user:email,workflow...
2025-10-13 23:16:31.219 [info] Got 1 sessions for read:user,repo,user:email,workflow...
2025-10-13 23:16:32.717 [info] Getting sessions for read:user,repo,user:email,workflow...
2025-10-13 23:16:32.717 [info] Got 1 sessions for read:user,repo,user:email,workflow...
2025-10-13 23:16:34.877 [info] Getting sessions for read:user,repo,user:email,workflow...
2025-10-13 23:16:34.878 [info] Got 1 sessions for read:user,repo,user:email,workflow...
2025-10-13 23:16:35.587 [info] Getting sessions for read:user,repo,user:email,workflow...
2025-10-13 23:16:35.587 [info] Got 1 sessions for read:user,repo,user:email,workflow...
2025-10-13 23:16:36.019 [info] Getting sessions for read:user,repo,user:email,workflow...
2025-10-13 23:16:36.020 [info] Got 1 sessions for read:user,repo,user:email,workflow...
2025-10-13 23:16:36.339 [info] Getting sessions for read:user,repo,user:email,workflow...
2025-10-13 23:16:36.339 [info] Got 1 sessions for read:user,repo,user:email,workflow...
2025-10-13 23:16:36.765 [info] Getting sessions for read:user,repo,user:email,workflow...
2025-10-13 23:16:36.765 [info] Got 1 sessions for read:user,repo,user:email,workflow...
2025-10-13 23:16:37.141 [info] Getting sessions for read:user,repo,user:email,workflow...
2025-10-13 23:16:37.141 [info] Got 1 sessions for read:user,repo,user:email,workflow...
2025-10-13 23:16:37.644 [info] Getting sessions for read:user,repo,user:email,workflow...
2025-10-13 23:16:37.645 [info] Got 1 sessions for read:user,repo,user:email,workflow...
2025-10-13 23:16:38.303 [info] Getting sessions for read:user,repo,user:email,workflow...
2025-10-13 23:16:38.303 [info] Got 1 sessions for read:user,repo,user:email,workflow...
2025-10-13 23:28:56.121 [info] Getting sessions for read:user,repo,user:email,workflow...
2025-10-13 23:28:56.128 [info] Got 1 sessions for read:user,repo,user:email,workflow...
2025-10-13 23:29:12.284 [info] Getting sessions for read:user,repo,user:email,workflow...
2025-10-13 23:29:12.284 [info] Got 1 sessions for read:user,repo,user:email,workflow...
2025-10-13 23:29:12.886 [info] Getting sessions for read:user,repo,user:email,workflow...
2025-10-13 23:29:12.886 [info] Got 1 sessions for read:user,repo,user:email,workflow...
2025-10-13 23:29:29.795 [info] Getting sessions for read:user,repo,user:email,workflow...
2025-10-13 23:29:29.795 [info] Got 1 sessions for read:user,repo,user:email,workflow...
2025-10-13 23:29:30.544 [info] Getting sessions for read:user,repo,user:email,workflow...
2025-10-13 23:29:30.544 [info] Got 1 sessions for read:user,repo,user:email,workflow...
2025-10-13 23:30:35.743 [info] Getting sessions for read:user,repo,user:email,workflow...
2025-10-13 23:30:35.746 [info] Got 1 sessions for read:user,repo,user:email,workflow...
2025-10-13 23:30:43.293 [info] Getting sessions for read:user,repo,user:email,workflow...
2025-10-13 23:30:43.293 [info] Got 1 sessions for read:user,repo,user:email,workflow...
2025-10-13 23:30:45.983 [info] Getting sessions for read:user,repo,user:email,workflow...
2025-10-13 23:30:45.983 [info] Got 1 sessions for read:user,repo,user:email,workflow...
2025-10-13 23:30:47.689 [info] Getting sessions for read:user,repo,user:email,workflow...
2025-10-13 23:30:47.689 [info] Got 1 sessions for read:user,repo,user:email,workflow...
2025-10-13 23:30:49.877 [info] Getting sessions for read:user,repo,user:email,workflow...
2025-10-13 23:30:49.877 [info] Got 1 sessions for read:user,repo,user:email,workflow...
2025-10-13 23:30:50.739 [info] Getting sessions for read:user,repo,user:email,workflow...
2025-10-13 23:30:50.748 [info] Got 1 sessions for read:user,repo,user:email,workflow...
2025-10-13 23:30:55.802 [info] Getting sessions for read:user,repo,user:email,workflow...
2025-10-13 23:30:55.802 [info] Got 1 sessions for read:user,repo,user:email,workflow...
2025-10-13 23:30:56.882 [info] Getting sessions for read:user,repo,user:email,workflow...
2025-10-13 23:30:56.882 [info] Got 1 sessions for read:user,repo,user:email,workflow...
2025-10-13 23:30:57.650 [info] Getting sessions for read:user,repo,user:email,workflow...
2025-10-13 23:30:57.650 [info] Got 1 sessions for read:user,repo,user:email,workflow...
2025-10-13 23:30:58.684 [info] Getting sessions for read:user,repo,user:email,workflow...
2025-10-13 23:30:58.685 [info] Got 1 sessions for read:user,repo,user:email,workflow...
2025-10-13 23:31:13.172 [info] Getting sessions for read:user,repo,user:email,workflow...
2025-10-13 23:31:13.172 [info] Got 1 sessions for read:user,repo,user:email,workflow...
2025-10-13 23:31:20.412 [info] Getting sessions for read:user,repo,user:email,workflow...
2025-10-13 23:31:20.412 [info] Got 1 sessions for read:user,repo,user:email,workflow...
2025-10-13 23:31:26.095 [info] Getting sessions for read:user,repo,user:email,workflow...
2025-10-13 23:31:26.095 [info] Got 1 sessions for read:user,repo,user:email,workflow...
2025-10-13 23:31:31.325 [info] Getting sessions for read:user,repo,user:email,workflow...
2025-10-13 23:31:31.325 [info] Got 1 sessions for read:user,repo,user:email,workflow...
2025-10-13 23:37:46.842 [info] Getting sessions for read:user,repo,user:email,workflow...
2025-10-13 23:37:46.842 [info] Got 1 sessions for read:user,repo,user:email,workflow...
2025-10-13 23:37:48.825 [info] Getting sessions for read:user,repo,user:email,workflow...
2025-10-13 23:37:48.825 [info] Got 1 sessions for read:user,repo,user:email,workflow...
2025-10-13 23:39:18.873 [info] Getting sessions for read:user,repo,user:email,workflow...
2025-10-13 23:39:18.874 [info] Got 1 sessions for read:user,repo,user:email,workflow...
2025-10-13 23:39:20.270 [info] Getting sessions for read:user,repo,user:email,workflow...
2025-10-13 23:39:20.270 [info] Got 1 sessions for read:user,repo,user:email,workflow...
2025-10-13 23:39:21.469 [info] Getting sessions for read:user,repo,user:email,workflow...
2025-10-13 23:39:21.469 [info] Got 1 sessions for read:user,repo,user:email,workflow...
2025-10-13 23:42:21.654 [info] Getting sessions for read:user,repo,user:email,workflow...
2025-10-13 23:42:21.654 [info] Got 1 sessions for read:user,repo,user:email,workflow...
2025-10-13 23:42:22.378 [info] Getting sessions for read:user,repo,user:email,workflow...
2025-10-13 23:42:22.378 [info] Got 1 sessions for read:user,repo,user:email,workflow...
2025-10-13 23:42:24.118 [info] Getting sessions for read:user,repo,user:email,workflow...
2025-10-13 23:42:24.118 [info] Got 1 sessions for read:user,repo,user:email,workflow...
2025-10-13 23:42:49.257 [info] Getting sessions for read:user,repo,user:email,workflow...
2025-10-13 23:42:49.257 [info] Got 1 sessions for read:user,repo,user:email,workflow...
2025-10-13 23:42:50.518 [info] Getting sessions for read:user,repo,user:email,workflow...
2025-10-13 23:42:50.518 [info] Got 1 sessions for read:user,repo,user:email,workflow...
2025-10-13 23:46:05.757 [info] Getting sessions for read:user,repo,user:email,workflow...
2025-10-13 23:46:05.757 [info] Got 1 sessions for read:user,repo,user:email,workflow...
2025-10-13 23:46:08.108 [info] Getting sessions for read:user,repo,user:email,workflow...
2025-10-13 23:46:08.108 [info] Got 1 sessions for read:user,repo,user:email,workflow...
2025-10-13 23:50:13.581 [info] Getting sessions for read:user,repo,user:email,workflow...
2025-10-13 23:50:13.581 [info] Got 1 sessions for read:user,repo,user:email,workflow...
2025-10-13 23:50:15.508 [info] Getting sessions for read:user,repo,user:email,workflow...
2025-10-13 23:50:15.508 [info] Got 1 sessions for read:user,repo,user:email,workflow...
2025-10-13 23:50:25.717 [info] Getting sessions for read:user,repo,user:email,workflow...
2025-10-13 23:50:25.718 [info] Got 1 sessions for read:user,repo,user:email,workflow...
2025-10-13 23:50:26.114 [info] Getting sessions for read:user,repo,user:email,workflow...
2025-10-13 23:50:26.114 [info] Got 1 sessions for read:user,repo,user:email,workflow...
2025-10-13 23:50:26.879 [info] Getting sessions for read:user,repo,user:email,workflow...
2025-10-13 23:50:26.879 [info] Got 1 sessions for read:user,repo,user:email,workflow...
2025-10-13 23:50:41.411 [info] Getting sessions for read:user,repo,user:email,workflow...
2025-10-13 23:50:41.411 [info] Got 1 sessions for read:user,repo,user:email,workflow...
2025-10-13 23:50:42.116 [info] Getting sessions for read:user,repo,user:email,workflow...
2025-10-13 23:50:42.116 [info] Got 1 sessions for read:user,repo,user:email,workflow...
2025-10-13 23:56:01.306 [info] Getting sessions for read:user,repo,user:email,workflow...
2025-10-13 23:56:01.306 [info] Got 1 sessions for read:user,repo,user:email,workflow...
2025-10-13 23:56:03.274 [info] Getting sessions for read:user,repo,user:email,workflow...
2025-10-13 23:56:03.276 [info] Got 1 sessions for read:user,repo,user:email,workflow...
2025-10-13 23:56:16.992 [info] Getting sessions for read:user,repo,user:email,workflow...
2025-10-13 23:56:16.992 [info] Got 1 sessions for read:user,repo,user:email,workflow...
2025-10-13 23:56:29.558 [info] Getting sessions for read:user,repo,user:email,workflow...
2025-10-13 23:56:29.558 [info] Got 1 sessions for read:user,repo,user:email,workflow...
2025-10-13 23:56:32.320 [info] Getting sessions for read:user,repo,user:email,workflow...
2025-10-13 23:56:32.320 [info] Got 1 sessions for read:user,repo,user:email,workflow...
2025-10-13 23:56:57.593 [info] Getting sessions for read:user,repo,user:email,workflow...
2025-10-13 23:56:57.593 [info] Got 1 sessions for read:user,repo,user:email,workflow...
2025-10-13 23:57:11.248 [info] Getting sessions for read:user,repo,user:email,workflow...
2025-10-13 23:57:11.248 [info] Got 1 sessions for read:user,repo,user:email,workflow...
2025-10-13 23:59:31.310 [info] Getting sessions for read:user,repo,user:email,workflow...
2025-10-13 23:59:31.310 [info] Got 1 sessions for read:user,repo,user:email,workflow...
2025-10-13 23:59:32.839 [info] Getting sessions for read:user,repo,user:email,workflow...
2025-10-13 23:59:32.839 [info] Got 1 sessions for read:user,repo,user:email,workflow...
2025-10-14 00:06:10.772 [info] Getting sessions for read:user,repo,user:email,workflow...
2025-10-14 00:06:10.772 [info] Got 1 sessions for read:user,repo,user:email,workflow...
2025-10-14 00:06:11.449 [info] Getting sessions for read:user,repo,user:email,workflow...
2025-10-14 00:06:11.451 [info] Got 1 sessions for read:user,repo,user:email,workflow...
2025-10-14 00:06:58.007 [info] Getting sessions for read:user,repo,user:email,workflow...
2025-10-14 00:06:58.007 [info] Got 1 sessions for read:user,repo,user:email,workflow...
2025-10-14 00:07:11.037 [info] Getting sessions for read:user,repo,user:email,workflow...
2025-10-14 00:07:11.037 [info] Got 1 sessions for read:user,repo,user:email,workflow...
2025-10-14 00:07:18.717 [info] Getting sessions for read:user,repo,user:email,workflow...
2025-10-14 00:07:18.717 [info] Got 1 sessions for read:user,repo,user:email,workflow...
2025-10-14 00:07:41.444 [info] Getting sessions for read:user,repo,user:email,workflow...
2025-10-14 00:07:41.445 [info] Got 1 sessions for read:user,repo,user:email,workflow...
2025-10-14 00:08:55.575 [info] Getting sessions for read:user,repo,user:email,workflow...
2025-10-14 00:08:55.575 [info] Got 1 sessions for read:user,repo,user:email,workflow...
2025-10-14 00:08:58.573 [info] Getting sessions for read:user,repo,user:email,workflow...
2025-10-14 00:08:58.573 [info] Got 1 sessions for read:user,repo,user:email,workflow...
2025-10-14 00:16:40.596 [info] Getting sessions for read:user,repo,user:email,workflow...
2025-10-14 00:16:40.601 [info] Got 1 sessions for read:user,repo,user:email,workflow...
2025-10-14 00:16:44.061 [info] Getting sessions for read:user,repo,user:email,workflow...
2025-10-14 00:16:44.061 [info] Got 1 sessions for read:user,repo,user:email,workflow...
2025-10-14 00:16:49.381 [info] Getting sessions for read:user,repo,user:email,workflow...
2025-10-14 00:16:49.381 [info] Got 1 sessions for read:user,repo,user:email,workflow...
2025-10-14 00:16:54.897 [info] Getting sessions for read:user,repo,user:email,workflow...
2025-10-14 00:16:54.897 [info] Got 1 sessions for read:user,repo,user:email,workflow...
2025-10-14 00:16:56.292 [info] Getting sessions for read:user,repo,user:email,workflow...
2025-10-14 00:16:56.292 [info] Got 1 sessions for read:user,repo,user:email,workflow...
2025-10-14 00:16:57.727 [info] Getting sessions for read:user,repo,user:email,workflow...
2025-10-14 00:16:57.727 [info] Got 1 sessions for read:user,repo,user:email,workflow...
2025-10-14 00:17:00.047 [info] Getting sessions for read:user,repo,user:email,workflow...
2025-10-14 00:17:00.047 [info] Got 1 sessions for read:user,repo,user:email,workflow...
2025-10-14 00:17:02.095 [info] Getting sessions for read:user,repo,user:email,workflow...
2025-10-14 00:17:02.095 [info] Got 1 sessions for read:user,repo,user:email,workflow...
2025-10-14 00:17:03.732 [info] Getting sessions for read:user,repo,user:email,workflow...
2025-10-14 00:17:03.732 [info] Got 1 sessions for read:user,repo,user:email,workflow...
2025-10-14 00:17:16.248 [info] Getting sessions for read:user,repo,user:email,workflow...
2025-10-14 00:17:16.248 [info] Got 1 sessions for read:user,repo,user:email,workflow...
2025-10-14 00:17:17.070 [info] Getting sessions for read:user,repo,user:email,workflow...
2025-10-14 00:17:17.072 [info] Got 1 sessions for read:user,repo,user:email,workflow...
2025-10-14 00:17:17.722 [info] Getting sessions for read:user,repo,user:email,workflow...
2025-10-14 00:17:17.722 [info] Got 1 sessions for read:user,repo,user:email,workflow...
2025-10-14 00:17:18.231 [info] Getting sessions for read:user,repo,user:email,workflow...
2025-10-14 00:17:18.231 [info] Got 1 sessions for read:user,repo,user:email,workflow...
