2025-10-16 00:30:36.229 [info] Reading sessions from keychain...
2025-10-16 00:30:36.229 [info] Getting sessions for all scopes...
2025-10-16 00:30:36.388 [info] Got stored sessions!
2025-10-16 00:30:36.388 [info] Got 2 verified sessions.
2025-10-16 00:30:36.389 [info] Got 2 sessions for ...
2025-10-16 00:30:36.394 [info] Getting sessions for all scopes...
2025-10-16 00:30:36.397 [info] Got 2 sessions for ...
2025-10-16 00:30:36.398 [info] Getting sessions for all scopes...
2025-10-16 00:30:36.398 [info] Got 2 sessions for ...
2025-10-16 00:30:36.455 [info] Getting sessions for all scopes...
2025-10-16 00:30:36.455 [info] Got 2 sessions for ...
2025-10-16 00:30:36.458 [info] Getting sessions for all scopes...
2025-10-16 00:30:36.458 [info] Got 2 sessions for ...
2025-10-16 00:30:36.462 [info] Getting sessions for all scopes...
2025-10-16 00:30:36.462 [info] Got 2 sessions for ...
2025-10-16 00:30:36.463 [info] Getting sessions for all scopes...
2025-10-16 00:30:36.464 [info] Got 2 sessions for ...
2025-10-16 00:30:36.464 [info] Getting sessions for all scopes...
2025-10-16 00:30:36.464 [info] Got 2 sessions for ...
2025-10-16 00:30:36.831 [info] Getting sessions for all scopes...
2025-10-16 00:30:36.831 [info] Got 2 sessions for ...
2025-10-16 00:30:36.839 [info] Getting sessions for all scopes...
2025-10-16 00:30:36.839 [info] Got 2 sessions for ...
2025-10-16 00:30:36.839 [info] Getting sessions for all scopes...
2025-10-16 00:30:36.839 [info] Got 2 sessions for ...
2025-10-16 00:30:36.846 [info] Getting sessions for all scopes...
2025-10-16 00:30:36.846 [info] Got 2 sessions for ...
2025-10-16 00:30:36.847 [info] Getting sessions for all scopes...
2025-10-16 00:30:36.847 [info] Got 2 sessions for ...
2025-10-16 00:30:36.847 [info] Getting sessions for all scopes...
2025-10-16 00:30:36.847 [info] Got 2 sessions for ...
2025-10-16 00:30:39.172 [info] fetching: Electron fetch failed with status: 429 
2025-10-16 00:30:50.180 [info] Getting sessions for all scopes...
2025-10-16 00:30:50.180 [info] Got 2 sessions for ...
2025-10-16 00:30:50.217 [info] Getting sessions for all scopes...
2025-10-16 00:30:50.217 [info] Got 2 sessions for ...
2025-10-16 00:30:50.217 [info] Getting sessions for all scopes...
2025-10-16 00:30:50.218 [info] Got 2 sessions for ...
2025-10-16 00:30:50.221 [info] Getting sessions for all scopes...
2025-10-16 00:30:50.221 [info] Got 2 sessions for ...
2025-10-16 00:30:50.840 [info] Getting sessions for all scopes...
2025-10-16 00:30:50.840 [info] Got 2 sessions for ...
2025-10-16 00:30:50.841 [info] Getting sessions for all scopes...
2025-10-16 00:30:50.841 [info] Got 2 sessions for ...
2025-10-16 00:30:52.131 [info] fetching: Node fetch failed with status: 429 Too Many Requests
2025-10-16 00:30:52.330 [info] Getting sessions for read:user,repo,user:email,workflow...
2025-10-16 00:30:52.334 [info] Got 1 sessions for read:user,repo,user:email,workflow...
2025-10-16 00:30:54.286 [info] Getting sessions for all scopes...
2025-10-16 00:30:54.286 [info] Got 2 sessions for ...
2025-10-16 00:30:54.396 [info] Getting sessions for all scopes...
2025-10-16 00:30:54.396 [info] Got 2 sessions for ...
2025-10-16 00:30:54.401 [info] Getting sessions for read:user,repo,user:email,workflow...
2025-10-16 00:30:54.401 [info] Got 1 sessions for read:user,repo,user:email,workflow...
2025-10-16 00:30:54.470 [info] Getting sessions for all scopes...
2025-10-16 00:30:54.470 [info] Got 2 sessions for ...
2025-10-16 00:30:54.754 [info] fetching: Node http/s failed with status: 429 Too Many Requests
2025-10-16 00:30:54.787 [info] Getting sessions for all scopes...
2025-10-16 00:30:54.787 [info] Got 2 sessions for ...
2025-10-16 00:30:54.856 [info] Getting sessions for read:user,repo,user:email,workflow...
2025-10-16 00:30:54.857 [info] Got 1 sessions for read:user,repo,user:email,workflow...
2025-10-16 00:30:55.361 [info] Getting sessions for read:user,repo,user:email,workflow...
2025-10-16 00:30:55.361 [info] Got 1 sessions for read:user,repo,user:email,workflow...
2025-10-16 00:30:55.421 [info] Getting sessions for all scopes...
2025-10-16 00:30:55.421 [info] Got 2 sessions for ...
2025-10-16 00:30:55.665 [info] Getting sessions for read:user,repo,user:email,workflow...
2025-10-16 00:30:55.668 [info] Got 1 sessions for read:user,repo,user:email,workflow...
2025-10-16 00:30:55.669 [info] Getting sessions for all scopes...
2025-10-16 00:30:55.669 [info] Got 2 sessions for ...
2025-10-16 00:30:55.884 [info] Getting sessions for read:user,repo,user:email,workflow...
2025-10-16 00:30:55.884 [info] Got 1 sessions for read:user,repo,user:email,workflow...
2025-10-16 00:30:56.248 [info] Getting sessions for all scopes...
2025-10-16 00:30:56.248 [info] Got 2 sessions for ...
2025-10-16 00:30:56.254 [info] Getting sessions for read:user,repo,user:email,workflow...
2025-10-16 00:30:56.255 [info] Got 1 sessions for read:user,repo,user:email,workflow...
2025-10-16 00:36:14.650 [info] Getting sessions for read:user,repo,user:email,workflow...
2025-10-16 00:36:14.650 [info] Got 1 sessions for read:user,repo,user:email,workflow...
2025-10-16 00:36:15.437 [info] Getting sessions for read:user,repo,user:email,workflow...
2025-10-16 00:36:15.438 [info] Got 1 sessions for read:user,repo,user:email,workflow...
2025-10-16 00:36:19.312 [info] Getting sessions for read:user,repo,user:email,workflow...
2025-10-16 00:36:19.312 [info] Got 1 sessions for read:user,repo,user:email,workflow...
2025-10-16 00:36:24.287 [info] Getting sessions for read:user,repo,user:email,workflow...
2025-10-16 00:36:24.287 [info] Got 1 sessions for read:user,repo,user:email,workflow...
2025-10-16 00:36:24.646 [info] Getting sessions for read:user,repo,user:email,workflow...
2025-10-16 00:36:24.646 [info] Got 1 sessions for read:user,repo,user:email,workflow...
2025-10-16 00:36:25.244 [info] Getting sessions for read:user,repo,user:email,workflow...
2025-10-16 00:36:25.244 [info] Got 1 sessions for read:user,repo,user:email,workflow...
2025-10-16 00:36:35.890 [info] Getting sessions for read:user,repo,user:email,workflow...
2025-10-16 00:36:35.890 [info] Got 1 sessions for read:user,repo,user:email,workflow...
2025-10-16 00:36:36.802 [info] Getting sessions for read:user,repo,user:email,workflow...
2025-10-16 00:36:36.802 [info] Got 1 sessions for read:user,repo,user:email,workflow...
2025-10-16 00:36:37.816 [info] Getting sessions for read:user,repo,user:email,workflow...
2025-10-16 00:36:37.816 [info] Got 1 sessions for read:user,repo,user:email,workflow...
2025-10-16 00:36:40.866 [info] Getting sessions for read:user,repo,user:email,workflow...
2025-10-16 00:36:40.866 [info] Got 1 sessions for read:user,repo,user:email,workflow...
2025-10-16 00:36:41.629 [info] Getting sessions for read:user,repo,user:email,workflow...
2025-10-16 00:36:41.629 [info] Got 1 sessions for read:user,repo,user:email,workflow...
2025-10-16 00:36:41.962 [info] Getting sessions for read:user,repo,user:email,workflow...
2025-10-16 00:36:41.962 [info] Got 1 sessions for read:user,repo,user:email,workflow...
2025-10-16 00:36:43.450 [info] Getting sessions for read:user,repo,user:email,workflow...
2025-10-16 00:36:43.450 [info] Got 1 sessions for read:user,repo,user:email,workflow...
2025-10-16 00:36:44.050 [info] Getting sessions for read:user,repo,user:email,workflow...
2025-10-16 00:36:44.050 [info] Got 1 sessions for read:user,repo,user:email,workflow...
2025-10-16 00:36:44.865 [info] Getting sessions for read:user,repo,user:email,workflow...
2025-10-16 00:36:44.865 [info] Got 1 sessions for read:user,repo,user:email,workflow...
2025-10-16 00:36:45.573 [info] Getting sessions for read:user,repo,user:email,workflow...
2025-10-16 00:36:45.573 [info] Got 1 sessions for read:user,repo,user:email,workflow...
2025-10-16 00:36:49.193 [info] Getting sessions for read:user,repo,user:email,workflow...
2025-10-16 00:36:49.193 [info] Got 1 sessions for read:user,repo,user:email,workflow...
2025-10-16 00:36:51.347 [info] Getting sessions for read:user,repo,user:email,workflow...
2025-10-16 00:36:51.347 [info] Got 1 sessions for read:user,repo,user:email,workflow...
2025-10-16 00:36:52.238 [info] Getting sessions for read:user,repo,user:email,workflow...
2025-10-16 00:36:52.238 [info] Got 1 sessions for read:user,repo,user:email,workflow...
2025-10-16 00:36:55.608 [info] Getting sessions for read:user,repo,user:email,workflow...
2025-10-16 00:36:55.608 [info] Got 1 sessions for read:user,repo,user:email,workflow...
2025-10-16 00:36:57.109 [info] Getting sessions for read:user,repo,user:email,workflow...
2025-10-16 00:36:57.110 [info] Got 1 sessions for read:user,repo,user:email,workflow...
2025-10-16 00:36:57.652 [info] Getting sessions for read:user,repo,user:email,workflow...
2025-10-16 00:36:57.652 [info] Got 1 sessions for read:user,repo,user:email,workflow...
2025-10-16 00:37:00.016 [info] Getting sessions for read:user,repo,user:email,workflow...
2025-10-16 00:37:00.016 [info] Got 1 sessions for read:user,repo,user:email,workflow...
2025-10-16 00:37:00.782 [info] Getting sessions for read:user,repo,user:email,workflow...
2025-10-16 00:37:00.782 [info] Got 1 sessions for read:user,repo,user:email,workflow...
2025-10-16 00:37:02.358 [info] Getting sessions for read:user,repo,user:email,workflow...
2025-10-16 00:37:02.358 [info] Got 1 sessions for read:user,repo,user:email,workflow...
2025-10-16 00:37:04.289 [info] Getting sessions for read:user,repo,user:email,workflow...
2025-10-16 00:37:04.289 [info] Got 1 sessions for read:user,repo,user:email,workflow...
2025-10-16 00:37:05.010 [info] Getting sessions for read:user,repo,user:email,workflow...
2025-10-16 00:37:05.010 [info] Got 1 sessions for read:user,repo,user:email,workflow...
2025-10-16 00:37:05.640 [info] Getting sessions for read:user,repo,user:email,workflow...
2025-10-16 00:37:05.641 [info] Got 1 sessions for read:user,repo,user:email,workflow...
2025-10-16 00:37:06.341 [info] Getting sessions for read:user,repo,user:email,workflow...
2025-10-16 00:37:06.341 [info] Got 1 sessions for read:user,repo,user:email,workflow...
2025-10-16 00:37:07.074 [info] Getting sessions for read:user,repo,user:email,workflow...
2025-10-16 00:37:07.074 [info] Got 1 sessions for read:user,repo,user:email,workflow...
2025-10-16 00:37:08.442 [info] Getting sessions for read:user,repo,user:email,workflow...
2025-10-16 00:37:08.442 [info] Got 1 sessions for read:user,repo,user:email,workflow...
2025-10-16 00:37:08.964 [info] Getting sessions for read:user,repo,user:email,workflow...
2025-10-16 00:37:08.964 [info] Got 1 sessions for read:user,repo,user:email,workflow...
2025-10-16 00:37:10.130 [info] Getting sessions for read:user,repo,user:email,workflow...
2025-10-16 00:37:10.130 [info] Got 1 sessions for read:user,repo,user:email,workflow...
2025-10-16 00:37:11.041 [info] Getting sessions for read:user,repo,user:email,workflow...
2025-10-16 00:37:11.041 [info] Got 1 sessions for read:user,repo,user:email,workflow...
2025-10-16 00:37:14.240 [info] Getting sessions for read:user,repo,user:email,workflow...
2025-10-16 00:37:14.240 [info] Got 1 sessions for read:user,repo,user:email,workflow...
2025-10-16 00:48:08.919 [info] Getting sessions for read:user,repo,user:email,workflow...
2025-10-16 00:48:08.919 [info] Got 1 sessions for read:user,repo,user:email,workflow...
2025-10-16 00:49:24.017 [info] Getting sessions for read:user,repo,user:email,workflow...
2025-10-16 00:49:24.017 [info] Got 1 sessions for read:user,repo,user:email,workflow...
2025-10-16 00:50:19.563 [info] Getting sessions for read:user,repo,user:email,workflow...
2025-10-16 00:50:19.563 [info] Got 1 sessions for read:user,repo,user:email,workflow...
2025-10-16 00:51:13.438 [info] Getting sessions for read:user,repo,user:email,workflow...
2025-10-16 00:51:13.438 [info] Got 1 sessions for read:user,repo,user:email,workflow...
2025-10-16 00:52:04.099 [info] Getting sessions for read:user,repo,user:email,workflow...
2025-10-16 00:52:04.099 [info] Got 1 sessions for read:user,repo,user:email,workflow...
2025-10-16 00:53:06.696 [info] Getting sessions for read:user,repo,user:email,workflow...
2025-10-16 00:53:06.696 [info] Got 1 sessions for read:user,repo,user:email,workflow...
2025-10-16 00:54:09.285 [info] Getting sessions for read:user,repo,user:email,workflow...
2025-10-16 00:54:09.285 [info] Got 1 sessions for read:user,repo,user:email,workflow...
2025-10-16 00:54:55.521 [info] Getting sessions for read:user,repo,user:email,workflow...
2025-10-16 00:54:55.521 [info] Got 1 sessions for read:user,repo,user:email,workflow...
2025-10-16 00:55:31.625 [info] Getting sessions for read:user,repo,user:email,workflow...
2025-10-16 00:55:31.625 [info] Got 1 sessions for read:user,repo,user:email,workflow...
2025-10-16 00:56:15.919 [info] Getting sessions for read:user,repo,user:email,workflow...
2025-10-16 00:56:15.920 [info] Got 1 sessions for read:user,repo,user:email,workflow...
2025-10-16 00:58:04.866 [info] Getting sessions for read:user,repo,user:email,workflow...
2025-10-16 00:58:04.866 [info] Got 1 sessions for read:user,repo,user:email,workflow...
2025-10-16 00:58:12.995 [info] Getting sessions for read:user,repo,user:email,workflow...
2025-10-16 00:58:12.995 [info] Got 1 sessions for read:user,repo,user:email,workflow...
2025-10-16 00:58:18.357 [info] Getting sessions for read:user,repo,user:email,workflow...
2025-10-16 00:58:18.357 [info] Got 1 sessions for read:user,repo,user:email,workflow...
2025-10-16 00:58:19.369 [info] Getting sessions for read:user,repo,user:email,workflow...
2025-10-16 00:58:19.369 [info] Got 1 sessions for read:user,repo,user:email,workflow...
2025-10-16 00:58:23.366 [info] Getting sessions for read:user,repo,user:email,workflow...
2025-10-16 00:58:23.366 [info] Got 1 sessions for read:user,repo,user:email,workflow...
2025-10-16 00:58:27.422 [info] Getting sessions for read:user,repo,user:email,workflow...
2025-10-16 00:58:27.423 [info] Got 1 sessions for read:user,repo,user:email,workflow...
2025-10-16 00:59:09.611 [info] Getting sessions for read:user,repo,user:email,workflow...
2025-10-16 00:59:09.612 [info] Got 1 sessions for read:user,repo,user:email,workflow...
2025-10-16 00:59:15.298 [info] Getting sessions for read:user,repo,user:email,workflow...
2025-10-16 00:59:15.298 [info] Got 1 sessions for read:user,repo,user:email,workflow...
2025-10-16 00:59:57.934 [info] Getting sessions for read:user,repo,user:email,workflow...
2025-10-16 00:59:57.935 [info] Got 1 sessions for read:user,repo,user:email,workflow...
2025-10-16 01:00:01.734 [info] Getting sessions for read:user,repo,user:email,workflow...
2025-10-16 01:00:01.735 [info] Got 1 sessions for read:user,repo,user:email,workflow...
2025-10-16 01:00:15.591 [info] Getting sessions for read:user,repo,user:email,workflow...
2025-10-16 01:00:15.591 [info] Got 1 sessions for read:user,repo,user:email,workflow...
2025-10-16 01:00:19.144 [info] Getting sessions for read:user,repo,user:email,workflow...
2025-10-16 01:00:19.144 [info] Got 1 sessions for read:user,repo,user:email,workflow...
2025-10-16 01:01:07.027 [info] Getting sessions for read:user,repo,user:email,workflow...
2025-10-16 01:01:07.027 [info] Got 1 sessions for read:user,repo,user:email,workflow...
2025-10-16 01:01:09.597 [info] Getting sessions for read:user,repo,user:email,workflow...
2025-10-16 01:01:09.597 [info] Got 1 sessions for read:user,repo,user:email,workflow...
2025-10-16 01:01:14.261 [info] Getting sessions for read:user,repo,user:email,workflow...
2025-10-16 01:01:14.262 [info] Got 1 sessions for read:user,repo,user:email,workflow...
2025-10-16 01:01:16.828 [info] Getting sessions for read:user,repo,user:email,workflow...
2025-10-16 01:01:16.828 [info] Got 1 sessions for read:user,repo,user:email,workflow...
2025-10-16 01:01:21.343 [info] Getting sessions for read:user,repo,user:email,workflow...
2025-10-16 01:01:21.343 [info] Got 1 sessions for read:user,repo,user:email,workflow...
2025-10-16 01:01:27.728 [info] Getting sessions for read:user,repo,user:email,workflow...
2025-10-16 01:01:27.728 [info] Got 1 sessions for read:user,repo,user:email,workflow...
2025-10-16 01:01:36.655 [info] Getting sessions for read:user,repo,user:email,workflow...
2025-10-16 01:01:36.655 [info] Got 1 sessions for read:user,repo,user:email,workflow...
2025-10-16 01:01:45.107 [info] Getting sessions for read:user,repo,user:email,workflow...
2025-10-16 01:01:45.107 [info] Got 1 sessions for read:user,repo,user:email,workflow...
2025-10-16 01:01:54.746 [info] Getting sessions for read:user,repo,user:email,workflow...
2025-10-16 01:01:54.746 [info] Got 1 sessions for read:user,repo,user:email,workflow...
2025-10-16 01:02:00.167 [info] Getting sessions for read:user,repo,user:email,workflow...
2025-10-16 01:02:00.167 [info] Got 1 sessions for read:user,repo,user:email,workflow...
2025-10-16 01:02:11.019 [info] Getting sessions for read:user,repo,user:email,workflow...
2025-10-16 01:02:11.019 [info] Got 1 sessions for read:user,repo,user:email,workflow...
2025-10-16 01:02:13.792 [info] Getting sessions for read:user,repo,user:email,workflow...
2025-10-16 01:02:13.792 [info] Got 1 sessions for read:user,repo,user:email,workflow...
2025-10-16 01:02:20.361 [info] Getting sessions for read:user,repo,user:email,workflow...
2025-10-16 01:02:20.361 [info] Got 1 sessions for read:user,repo,user:email,workflow...
2025-10-16 01:02:25.840 [info] Getting sessions for read:user,repo,user:email,workflow...
2025-10-16 01:02:25.840 [info] Got 1 sessions for read:user,repo,user:email,workflow...
2025-10-16 01:03:01.805 [info] Getting sessions for read:user,repo,user:email,workflow...
2025-10-16 01:03:01.805 [info] Got 1 sessions for read:user,repo,user:email,workflow...
2025-10-16 01:03:02.616 [info] Getting sessions for read:user,repo,user:email,workflow...
2025-10-16 01:03:02.616 [info] Got 1 sessions for read:user,repo,user:email,workflow...
2025-10-16 01:03:03.357 [info] Getting sessions for read:user,repo,user:email,workflow...
2025-10-16 01:03:03.357 [info] Got 1 sessions for read:user,repo,user:email,workflow...
2025-10-16 01:03:04.537 [info] Getting sessions for read:user,repo,user:email,workflow...
2025-10-16 01:03:04.537 [info] Got 1 sessions for read:user,repo,user:email,workflow...
2025-10-16 01:03:08.562 [info] Getting sessions for read:user,repo,user:email,workflow...
2025-10-16 01:03:08.563 [info] Got 1 sessions for read:user,repo,user:email,workflow...
2025-10-16 01:03:09.550 [info] Getting sessions for read:user,repo,user:email,workflow...
2025-10-16 01:03:09.550 [info] Got 1 sessions for read:user,repo,user:email,workflow...
2025-10-16 01:03:10.872 [info] Getting sessions for read:user,repo,user:email,workflow...
2025-10-16 01:03:10.872 [info] Got 1 sessions for read:user,repo,user:email,workflow...
2025-10-16 01:03:11.854 [info] Getting sessions for read:user,repo,user:email,workflow...
2025-10-16 01:03:11.854 [info] Got 1 sessions for read:user,repo,user:email,workflow...
2025-10-16 01:03:32.724 [info] Getting sessions for read:user,repo,user:email,workflow...
2025-10-16 01:03:32.725 [info] Got 1 sessions for read:user,repo,user:email,workflow...
