2025-10-18 00:53:01.139 [info] Reading sessions from keychain...
2025-10-18 00:53:01.139 [info] Getting sessions for all scopes...
2025-10-18 00:53:04.302 [info] Got stored sessions!
2025-10-18 00:53:04.302 [info] Got 2 verified sessions.
2025-10-18 00:53:04.302 [info] Got 2 sessions for ...
2025-10-18 00:53:04.306 [info] Getting sessions for all scopes...
2025-10-18 00:53:04.306 [info] Got 2 sessions for ...
2025-10-18 00:53:04.306 [info] Getting sessions for all scopes...
2025-10-18 00:53:04.306 [info] Got 2 sessions for ...
2025-10-18 00:53:04.306 [info] Getting sessions for all scopes...
2025-10-18 00:53:04.306 [info] Got 2 sessions for ...
2025-10-18 00:53:04.307 [info] Getting sessions for all scopes...
2025-10-18 00:53:04.307 [info] Got 2 sessions for ...
2025-10-18 00:53:04.307 [info] Getting sessions for all scopes...
2025-10-18 00:53:04.307 [info] Got 2 sessions for ...
2025-10-18 00:53:04.307 [info] Getting sessions for all scopes...
2025-10-18 00:53:04.307 [info] Got 2 sessions for ...
2025-10-18 00:53:05.745 [info] Getting sessions for all scopes...
2025-10-18 00:53:05.753 [info] Got 2 sessions for ...
2025-10-18 00:53:05.880 [info] Getting sessions for all scopes...
2025-10-18 00:53:05.901 [info] Got 2 sessions for ...
2025-10-18 00:53:05.903 [info] Getting sessions for all scopes...
2025-10-18 00:53:05.903 [info] Got 2 sessions for ...
2025-10-18 00:53:05.904 [info] Getting sessions for all scopes...
2025-10-18 00:53:05.904 [info] Got 2 sessions for ...
2025-10-18 00:53:05.918 [info] Getting sessions for all scopes...
2025-10-18 00:53:05.918 [info] Got 2 sessions for ...
2025-10-18 00:53:05.918 [info] Getting sessions for all scopes...
2025-10-18 00:53:05.918 [info] Got 2 sessions for ...
2025-10-18 00:53:31.294 [info] Getting sessions for all scopes...
2025-10-18 00:53:31.294 [info] Got 2 sessions for ...
2025-10-18 00:53:31.361 [info] Getting sessions for all scopes...
2025-10-18 00:53:31.361 [info] Got 2 sessions for ...
2025-10-18 00:53:31.431 [info] Getting sessions for all scopes...
2025-10-18 00:53:31.431 [info] Got 2 sessions for ...
2025-10-18 00:53:31.432 [info] Getting sessions for all scopes...
2025-10-18 00:53:31.432 [info] Got 2 sessions for ...
2025-10-18 00:53:31.433 [info] Getting sessions for all scopes...
2025-10-18 00:53:31.433 [info] Got 2 sessions for ...
2025-10-18 00:53:31.806 [info] Getting sessions for read:user,repo,user:email,workflow...
2025-10-18 00:53:31.806 [info] Got 1 sessions for read:user,repo,user:email,workflow...
2025-10-18 00:53:32.000 [info] fetching: Electron fetch failed with status: 429 
2025-10-18 00:53:32.615 [info] Getting sessions for all scopes...
2025-10-18 00:53:32.615 [info] Got 2 sessions for ...
2025-10-18 00:53:32.616 [info] Getting sessions for all scopes...
2025-10-18 00:53:32.617 [info] Got 2 sessions for ...
2025-10-18 00:53:36.158 [info] Getting sessions for read:user,repo,user:email,workflow...
2025-10-18 00:53:36.159 [info] Got 1 sessions for read:user,repo,user:email,workflow...
2025-10-18 00:53:36.163 [info] Getting sessions for all scopes...
2025-10-18 00:53:36.163 [info] Got 2 sessions for ...
2025-10-18 00:53:36.872 [info] Getting sessions for all scopes...
2025-10-18 00:53:36.872 [info] Got 2 sessions for ...
2025-10-18 00:53:36.872 [info] Getting sessions for read:user,repo,user:email,workflow...
2025-10-18 00:53:36.872 [info] Got 1 sessions for read:user,repo,user:email,workflow...
2025-10-18 00:53:37.022 [info] fetching: Node fetch failed with status: 429 Too Many Requests
2025-10-18 00:53:37.261 [info] Getting sessions for all scopes...
2025-10-18 00:53:37.261 [info] Got 2 sessions for ...
2025-10-18 00:53:38.456 [info] Getting sessions for all scopes...
2025-10-18 00:53:38.456 [info] Got 2 sessions for ...
2025-10-18 00:53:38.467 [info] Getting sessions for read:user,repo,user:email,workflow...
2025-10-18 00:53:38.467 [info] Got 1 sessions for read:user,repo,user:email,workflow...
2025-10-18 00:53:38.534 [info] fetching: Node http/s failed with status: 429 Too Many Requests
2025-10-18 00:53:38.845 [info] Getting sessions for all scopes...
2025-10-18 00:53:38.845 [info] Got 2 sessions for ...
2025-10-18 00:53:39.152 [info] Getting sessions for all scopes...
2025-10-18 00:53:39.153 [info] Got 2 sessions for ...
2025-10-18 00:53:39.158 [info] Getting sessions for read:user,repo,user:email,workflow...
2025-10-18 00:53:39.158 [info] Got 1 sessions for read:user,repo,user:email,workflow...
