2025-10-14 22:14:46.740 [info] [aebc6443-996d-45c2-90f0-388ff96faa56] Native Broker is only available on Windows
2025-10-14 22:14:46.828 [info] [getSessions] [all] starting
2025-10-14 22:14:46.829 [info] [getSessions] [all] returned 0 session(s)
2025-10-14 22:14:46.830 [info] [getSessions] [all] starting
2025-10-14 22:14:46.830 [info] [getSessions] [all] returned 0 session(s)
2025-10-14 22:14:46.830 [info] [getSessions] [all] starting
2025-10-14 22:14:46.830 [info] [getSessions] [all] returned 0 session(s)
2025-10-14 22:14:46.830 [info] [getSessions] [all] starting
2025-10-14 22:14:46.830 [info] [getSessions] [all] returned 0 session(s)
2025-10-14 22:14:47.189 [info] [getSessions] [499b84ac-1321-427f-aa17-267ca6975798/.default offline_access] starting
2025-10-14 22:14:47.189 [info] [aebc6443-996d-45c2-90f0-388ff96faa56] Native Broker is only available on Windows
2025-10-14 22:14:47.332 [info] [getSessions] [499b84ac-1321-427f-aa17-267ca6975798/.default offline_access] returned 0 session(s)
2025-10-14 23:56:48.426 [info] [aebc6443-996d-45c2-90f0-388ff96faa56] Native Broker is only available on Windows
2025-10-14 23:56:48.999 [info] [getSessions] [all] starting
2025-10-14 23:56:48.999 [info] [getSessions] [all] returned 0 session(s)
2025-10-14 23:56:49.000 [info] [getSessions] [all] starting
2025-10-14 23:56:49.000 [info] [getSessions] [all] returned 0 session(s)
2025-10-14 23:56:49.000 [info] [getSessions] [all] starting
2025-10-14 23:56:49.000 [info] [getSessions] [all] returned 0 session(s)
2025-10-14 23:56:49.000 [info] [getSessions] [all] starting
2025-10-14 23:56:49.000 [info] [getSessions] [all] returned 0 session(s)
2025-10-14 23:56:49.799 [info] [getSessions] [499b84ac-1321-427f-aa17-267ca6975798/.default offline_access] starting
2025-10-14 23:56:49.799 [info] [aebc6443-996d-45c2-90f0-388ff96faa56] Native Broker is only available on Windows
2025-10-14 23:56:50.247 [info] [getSessions] [499b84ac-1321-427f-aa17-267ca6975798/.default offline_access] returned 0 session(s)
