2025-10-17 00:06:04.092 [info] [main] Log level: Info
2025-10-17 00:06:04.093 [info] [main] Validating found git in: "git"
2025-10-17 00:06:04.093 [info] [main] Using git "2.43.0" from "git"
2025-10-17 00:06:04.093 [info] [Model][doInitialScan] Initial repository scan started
2025-10-17 00:06:04.093 [info] > git rev-parse --show-toplevel [18ms]
2025-10-17 00:06:04.093 [info] > git rev-parse --git-dir --git-common-dir --show-superproject-working-tree [36ms]
2025-10-17 00:06:04.093 [info] [Model][openRepository] Opened repository (path): /home/aleksandr/kreshenie_bot
2025-10-17 00:06:04.093 [info] [Model][openRepository] Opened repository (real path): /home/aleksandr/kreshenie_bot
2025-10-17 00:06:04.093 [info] [Model][openRepository] Opened repository (kind): repository
2025-10-17 00:06:04.093 [info] > git rev-parse --show-toplevel [343ms]
2025-10-17 00:06:04.093 [info] > git config --get commit.template [370ms]
2025-10-17 00:06:04.123 [info] > git rev-parse --show-toplevel [106ms]
2025-10-17 00:06:16.750 [info] > git for-each-ref --format=%(refname)%00%(upstream:short)%00%(objectname)%00%(upstream:track)%00%(upstream:remotename)%00%(upstream:remoteref) refs/heads/master refs/remotes/master [12666ms]
2025-10-17 00:06:17.568 [info] > git check-ignore -v -z --stdin [787ms]
2025-10-17 00:06:17.574 [info] > git rev-parse --show-toplevel [830ms]
2025-10-17 00:06:19.654 [info] > git rev-parse --show-toplevel [1700ms]
2025-10-17 00:06:23.006 [info] > git status -z -uall [2364ms]
2025-10-17 00:06:23.017 [info] > git rev-parse --show-toplevel [228ms]
2025-10-17 00:06:23.068 [info] [Model][doInitialScan] Initial repository scan completed - repositories (1), closed repositories (0), parent repositories (0), unsafe repositories (0)
2025-10-17 00:06:23.300 [info] > git for-each-ref --sort -committerdate --format %(refname)%00%(objectname)%00%(*objectname) [2582ms]
2025-10-17 00:06:31.223 [info] > git show --textconv :handlers/grade-handler.js [8047ms]
2025-10-17 00:06:31.236 [info] > git for-each-ref --format=%(refname)%00%(upstream:short)%00%(objectname)%00%(upstream:track)%00%(upstream:remotename)%00%(upstream:remoteref) refs/heads/master refs/remotes/master [7447ms]
2025-10-17 00:06:31.367 [info] > git ls-files --stage -- handlers/grade-handler.js [8097ms]
2025-10-17 00:06:33.807 [info] > git cat-file -s cf91be4faeb4accf010e03d63e943fa71a01848f [2345ms]
2025-10-17 00:06:33.826 [info] > git config --get --local branch.master.vscode-merge-base [2458ms]
2025-10-17 00:06:33.842 [warning] [Git][config] git config failed: Failed to execute git
2025-10-17 00:06:33.948 [info] > git config --get commit.template [2913ms]
2025-10-17 00:06:35.088 [info] > git reflog master --grep-reflog=branch: Created from *. [1141ms]
2025-10-17 00:06:35.507 [info] > git symbolic-ref --short refs/remotes/origin/HEAD [327ms]
2025-10-17 00:06:35.507 [info] fatal: ref refs/remotes/origin/HEAD is not a symbolic ref
2025-10-17 00:06:35.507 [warning] [Repository][getDefaultBranch] Failed to get default branch details: Failed to execute git.
2025-10-17 00:06:36.003 [info] > git merge-base refs/heads/master refs/remotes/origin/master [369ms]
2025-10-17 00:06:36.091 [info] > git for-each-ref --format=%(refname)%00%(upstream:short)%00%(objectname)%00%(upstream:track)%00%(upstream:remotename)%00%(upstream:remoteref) refs/heads/master refs/remotes/master [663ms]
2025-10-17 00:06:36.486 [info] > git diff --name-status -z --diff-filter=ADMR e71f9ba3a23fd8e0affc7ff78be630d22e0a8987...refs/remotes/origin/master [395ms]
2025-10-17 00:06:37.846 [info] > git status -z -uall [140ms]
2025-10-17 00:06:37.927 [info] > git for-each-ref --sort -committerdate --format %(refname)%00%(objectname)%00%(*objectname) [180ms]
2025-10-17 00:06:38.669 [info] > git config --get commit.template [60ms]
2025-10-17 00:06:38.830 [info] > git for-each-ref --format=%(refname)%00%(upstream:short)%00%(objectname)%00%(upstream:track)%00%(upstream:remotename)%00%(upstream:remoteref) refs/heads/master refs/remotes/master [29ms]
2025-10-17 00:06:39.045 [info] > git status -z -uall [96ms]
2025-10-17 00:06:39.046 [info] > git for-each-ref --sort -committerdate --format %(refname)%00%(objectname)%00%(*objectname) [39ms]
2025-10-17 00:10:22.850 [info] [main] Log level: Info
2025-10-17 00:10:22.850 [info] [main] Validating found git in: "git"
2025-10-17 00:10:22.850 [info] [main] Using git "2.43.0" from "git"
2025-10-17 00:10:22.850 [info] [Model][doInitialScan] Initial repository scan started
2025-10-17 00:10:22.850 [info] [Model][doInitialScan] Initial repository scan completed - repositories (0), closed repositories (0), parent repositories (0), unsafe repositories (0)
2025-10-17 00:11:03.385 [info] [main] Log level: Info
2025-10-17 00:11:03.385 [info] [main] Validating found git in: "git"
2025-10-17 00:11:03.385 [info] [main] Using git "2.43.0" from "git"
2025-10-17 00:11:03.385 [info] [Model][doInitialScan] Initial repository scan started
2025-10-17 00:11:03.385 [info] > git rev-parse --show-toplevel [826ms]
2025-10-17 00:11:04.665 [info] > git rev-parse --git-dir --git-common-dir --show-superproject-working-tree [773ms]
2025-10-17 00:11:04.948 [info] [Model][openRepository] Opened repository (path): /home/aleksandr/school_bot
2025-10-17 00:11:04.949 [info] [Model][openRepository] Opened repository (real path): /home/aleksandr/school_bot
2025-10-17 00:11:04.949 [info] [Model][openRepository] Opened repository (kind): repository
2025-10-17 00:11:21.666 [info] > git rev-parse --show-toplevel [1027ms]
2025-10-17 00:11:21.706 [info] [Model][doInitialScan] Initial repository scan completed - repositories (1), closed repositories (0), parent repositories (0), unsafe repositories (0)
2025-10-17 00:11:21.721 [info] > git config --get commit.template [1099ms]
2025-10-17 00:11:22.100 [info] > git check-ignore -v -z --stdin [209ms]
2025-10-17 00:11:23.652 [info] > git show --textconv :index.js [983ms]
2025-10-17 00:11:23.658 [info] > git ls-files --stage -- index.js [914ms]
2025-10-17 00:11:23.693 [info] > git for-each-ref --format=%(refname)%00%(upstream:short)%00%(objectname)%00%(upstream:track)%00%(upstream:remotename)%00%(upstream:remoteref) refs/heads/master refs/remotes/master [1096ms]
2025-10-17 00:11:23.741 [info] > git cat-file -s e8e654832b03a3a600faa74cae154f96eb95b6fe [52ms]
2025-10-17 00:11:26.270 [info] > git status -z -uall [211ms]
2025-10-17 00:11:26.270 [info] > git for-each-ref --sort -committerdate --format %(refname)%00%(objectname)%00%(*objectname) [156ms]
2025-10-17 00:11:26.660 [info] > git for-each-ref --format=%(refname)%00%(upstream:short)%00%(objectname)%00%(upstream:track)%00%(upstream:remotename)%00%(upstream:remoteref) refs/heads/master refs/remotes/master [230ms]
2025-10-17 00:11:26.800 [info] > git config --get --local branch.master.vscode-merge-base [106ms]
2025-10-17 00:11:26.803 [warning] [Git][config] git config failed: Failed to execute git
2025-10-17 00:11:26.881 [info] > git config --get commit.template [236ms]
2025-10-17 00:11:27.079 [info] > git reflog master --grep-reflog=branch: Created from *. [198ms]
2025-10-17 00:11:27.391 [info] > git symbolic-ref --short refs/remotes/origin/HEAD [234ms]
2025-10-17 00:11:27.391 [info] fatal: ref refs/remotes/origin/HEAD is not a symbolic ref
2025-10-17 00:11:27.391 [warning] [Repository][getDefaultBranch] Failed to get default branch details: Failed to execute git.
2025-10-17 00:11:27.519 [info] > git merge-base refs/heads/master refs/remotes/origin/master [91ms]
2025-10-17 00:11:27.579 [info] > git blame --root --incremental d56b07b832fd5bdab7534e468aa23ea760934ff3 -- index.js [214ms]
2025-10-17 00:11:27.649 [info] > git for-each-ref --format=%(refname)%00%(upstream:short)%00%(objectname)%00%(upstream:track)%00%(upstream:remotename)%00%(upstream:remoteref) refs/heads/master refs/remotes/master [344ms]
2025-10-17 00:11:28.070 [info] > git diff --name-status -z --diff-filter=ADMR d56b07b832fd5bdab7534e468aa23ea760934ff3...refs/remotes/origin/master [494ms]
2025-10-17 00:11:28.494 [info] > git status -z -uall [115ms]
2025-10-17 00:11:28.496 [info] > git for-each-ref --sort -committerdate --format %(refname)%00%(objectname)%00%(*objectname) [62ms]
2025-10-17 00:11:28.697 [info] > git config --get commit.template [44ms]
2025-10-17 00:11:28.785 [info] > git for-each-ref --format=%(refname)%00%(upstream:short)%00%(objectname)%00%(upstream:track)%00%(upstream:remotename)%00%(upstream:remoteref) refs/heads/master refs/remotes/master [44ms]
2025-10-17 00:11:28.902 [info] > git status -z -uall [69ms]
2025-10-17 00:11:28.952 [info] > git for-each-ref --sort -committerdate --format %(refname)%00%(objectname)%00%(*objectname) [77ms]
2025-10-17 00:14:19.164 [info] > git show --textconv :package.json [143ms]
2025-10-17 00:14:19.192 [info] > git ls-files --stage -- package.json [45ms]
2025-10-17 00:14:19.296 [info] > git cat-file -s 0bbbbe899db5bfd7d2c90cdce25bf1280b4d0e45 [8ms]
2025-10-17 00:14:31.378 [info] > git show --textconv :index.js [59ms]
2025-10-17 00:14:31.389 [info] > git ls-files --stage -- index.js [23ms]
2025-10-17 00:14:31.428 [info] > git cat-file -s e8e654832b03a3a600faa74cae154f96eb95b6fe [10ms]
2025-10-17 00:15:13.333 [info] > git config --get commit.template [9ms]
2025-10-17 00:15:13.434 [info] > git for-each-ref --format=%(refname)%00%(upstream:short)%00%(objectname)%00%(upstream:track)%00%(upstream:remotename)%00%(upstream:remoteref) refs/heads/master refs/remotes/master [27ms]
2025-10-17 00:15:13.555 [info] > git status -z -uall [38ms]
2025-10-17 00:15:13.561 [info] > git for-each-ref --sort -committerdate --format %(refname)%00%(objectname)%00%(*objectname) [14ms]
2025-10-17 00:15:41.595 [info] > git config --get commit.template [7ms]
2025-10-17 00:15:41.635 [info] > git for-each-ref --format=%(refname)%00%(upstream:short)%00%(objectname)%00%(upstream:track)%00%(upstream:remotename)%00%(upstream:remoteref) refs/heads/master refs/remotes/master [13ms]
2025-10-17 00:15:41.712 [info] > git status -z -uall [47ms]
2025-10-17 00:15:41.719 [info] > git for-each-ref --sort -committerdate --format %(refname)%00%(objectname)%00%(*objectname) [10ms]
2025-10-17 00:26:16.572 [info] > git config --get commit.template [22ms]
2025-10-17 00:26:16.574 [info] > git for-each-ref --format=%(refname)%00%(upstream:short)%00%(objectname)%00%(upstream:track)%00%(upstream:remotename)%00%(upstream:remoteref) refs/heads/master refs/remotes/master [3ms]
2025-10-17 00:26:16.624 [info] > git status -z -uall [26ms]
2025-10-17 00:26:16.629 [info] > git for-each-ref --sort -committerdate --format %(refname)%00%(objectname)%00%(*objectname) [7ms]
2025-10-17 00:26:52.261 [info] > git show --textconv :package.json [126ms]
2025-10-17 00:26:52.267 [info] > git ls-files --stage -- package.json [29ms]
2025-10-17 00:26:52.394 [info] > git cat-file -s 0bbbbe899db5bfd7d2c90cdce25bf1280b4d0e45 [23ms]
2025-10-17 00:26:55.907 [info] > git blame --root --incremental d56b07b832fd5bdab7534e468aa23ea760934ff3 -- package.json [14ms]
2025-10-17 00:27:06.449 [info] > git config --get commit.template [27ms]
2025-10-17 00:27:06.451 [info] > git for-each-ref --format=%(refname)%00%(upstream:short)%00%(objectname)%00%(upstream:track)%00%(upstream:remotename)%00%(upstream:remoteref) refs/heads/master refs/remotes/master [3ms]
2025-10-17 00:27:06.509 [info] > git status -z -uall [31ms]
2025-10-17 00:27:06.512 [info] > git for-each-ref --sort -committerdate --format %(refname)%00%(objectname)%00%(*objectname) [8ms]
2025-10-17 00:29:14.856 [info] > git show --textconv :index.js [137ms]
2025-10-17 00:29:14.892 [info] > git ls-files --stage -- index.js [28ms]
2025-10-17 00:29:14.990 [info] > git cat-file -s e8e654832b03a3a600faa74cae154f96eb95b6fe [21ms]
2025-10-17 00:29:33.350 [info] > git config --get commit.template [26ms]
2025-10-17 00:29:33.352 [info] > git for-each-ref --format=%(refname)%00%(upstream:short)%00%(objectname)%00%(upstream:track)%00%(upstream:remotename)%00%(upstream:remoteref) refs/heads/master refs/remotes/master [4ms]
2025-10-17 00:29:33.396 [info] > git status -z -uall [22ms]
2025-10-17 00:29:33.399 [info] > git for-each-ref --sort -committerdate --format %(refname)%00%(objectname)%00%(*objectname) [4ms]
2025-10-17 00:32:06.484 [info] > git config --get commit.template [7ms]
2025-10-17 00:32:06.527 [info] > git for-each-ref --format=%(refname)%00%(upstream:short)%00%(objectname)%00%(upstream:track)%00%(upstream:remotename)%00%(upstream:remoteref) refs/heads/master refs/remotes/master [9ms]
2025-10-17 00:32:06.608 [info] > git status -z -uall [37ms]
2025-10-17 00:32:06.609 [info] > git for-each-ref --sort -committerdate --format %(refname)%00%(objectname)%00%(*objectname) [5ms]
2025-10-17 00:33:43.587 [info] > git config --get commit.template [35ms]
2025-10-17 00:33:43.592 [info] > git for-each-ref --format=%(refname)%00%(upstream:short)%00%(objectname)%00%(upstream:track)%00%(upstream:remotename)%00%(upstream:remoteref) refs/heads/master refs/remotes/master [7ms]
2025-10-17 00:33:43.664 [info] > git status -z -uall [32ms]
2025-10-17 00:33:43.675 [info] > git for-each-ref --sort -committerdate --format %(refname)%00%(objectname)%00%(*objectname) [11ms]
2025-10-17 00:34:43.433 [info] > git config --get commit.template [21ms]
2025-10-17 00:34:43.515 [info] > git for-each-ref --format=%(refname)%00%(upstream:short)%00%(objectname)%00%(upstream:track)%00%(upstream:remotename)%00%(upstream:remoteref) refs/heads/master refs/remotes/master [3ms]
2025-10-17 00:34:43.560 [info] > git status -z -uall [24ms]
2025-10-17 00:34:43.563 [info] > git for-each-ref --sort -committerdate --format %(refname)%00%(objectname)%00%(*objectname) [4ms]
2025-10-17 00:35:06.230 [info] > git config --get commit.template [26ms]
2025-10-17 00:35:06.235 [info] > git for-each-ref --format=%(refname)%00%(upstream:short)%00%(objectname)%00%(upstream:track)%00%(upstream:remotename)%00%(upstream:remoteref) refs/heads/master refs/remotes/master [7ms]
2025-10-17 00:35:06.289 [info] > git status -z -uall [28ms]
2025-10-17 00:35:06.298 [info] > git for-each-ref --sort -committerdate --format %(refname)%00%(objectname)%00%(*objectname) [10ms]
2025-10-17 00:36:45.506 [info] > git config --get commit.template [167ms]
2025-10-17 00:36:45.602 [info] > git for-each-ref --format=%(refname)%00%(upstream:short)%00%(objectname)%00%(upstream:track)%00%(upstream:remotename)%00%(upstream:remoteref) refs/heads/master refs/remotes/master [13ms]
2025-10-17 00:36:45.741 [info] > git status -z -uall [90ms]
2025-10-17 00:36:45.749 [info] > git for-each-ref --sort -committerdate --format %(refname)%00%(objectname)%00%(*objectname) [9ms]
2025-10-17 00:47:27.442 [info] > git config --get commit.template [40ms]
2025-10-17 00:47:27.448 [info] > git for-each-ref --format=%(refname)%00%(upstream:short)%00%(objectname)%00%(upstream:track)%00%(upstream:remotename)%00%(upstream:remoteref) refs/heads/master refs/remotes/master [9ms]
2025-10-17 00:47:27.524 [info] > git status -z -uall [41ms]
2025-10-17 00:47:27.524 [info] > git for-each-ref --sort -committerdate --format %(refname)%00%(objectname)%00%(*objectname) [6ms]
2025-10-17 00:48:25.814 [info] > git config --get commit.template [37ms]
2025-10-17 00:48:25.816 [info] > git for-each-ref --format=%(refname)%00%(upstream:short)%00%(objectname)%00%(upstream:track)%00%(upstream:remotename)%00%(upstream:remoteref) refs/heads/master refs/remotes/master [3ms]
2025-10-17 00:48:25.873 [info] > git status -z -uall [31ms]
2025-10-17 00:48:25.878 [info] > git for-each-ref --sort -committerdate --format %(refname)%00%(objectname)%00%(*objectname) [9ms]
2025-10-17 00:49:43.275 [info] > git config --get commit.template [13ms]
2025-10-17 00:49:43.316 [info] > git for-each-ref --format=%(refname)%00%(upstream:short)%00%(objectname)%00%(upstream:track)%00%(upstream:remotename)%00%(upstream:remoteref) refs/heads/master refs/remotes/master [5ms]
2025-10-17 00:49:43.511 [info] > git status -z -uall [91ms]
2025-10-17 00:49:43.516 [info] > git for-each-ref --sort -committerdate --format %(refname)%00%(objectname)%00%(*objectname) [12ms]
2025-10-17 00:49:44.021 [info] > git show --textconv HEAD:index.js [52ms]
2025-10-17 00:49:44.027 [info] > git ls-tree -l HEAD -- index.js [9ms]
2025-10-17 00:49:44.567 [info] > git ls-files --stage -- index.js [83ms]
2025-10-17 00:49:44.619 [info] > git ls-tree -l HEAD -- index.js [53ms]
2025-10-17 00:49:44.628 [info] > git cat-file -s 797c868cfaf4c51bfa9db1baf0006a6e35826f9a [12ms]
2025-10-17 00:49:44.841 [info] > git show --textconv HEAD:index.js [100ms]
2025-10-17 00:49:44.858 [info] > git show --textconv :index.js [23ms]
2025-10-17 00:50:26.668 [info] > git config --get commit.template [7ms]
2025-10-17 00:50:26.712 [info] > git for-each-ref --format=%(refname)%00%(upstream:short)%00%(objectname)%00%(upstream:track)%00%(upstream:remotename)%00%(upstream:remoteref) refs/heads/master refs/remotes/master [4ms]
2025-10-17 00:50:26.772 [info] > git status -z -uall [36ms]
2025-10-17 00:50:26.778 [info] > git for-each-ref --sort -committerdate --format %(refname)%00%(objectname)%00%(*objectname) [8ms]
2025-10-17 00:50:26.895 [info] > git merge-base refs/heads/master refs/remotes/origin/master [28ms]
2025-10-17 00:50:26.930 [info] > git blame --root --incremental 5dacd733d1bfc43dce732cf5f279fe24ab82fdb3 -- index.js [106ms]
2025-10-17 00:50:26.982 [info] > git diff --name-status -z --diff-filter=ADMR d56b07b832fd5bdab7534e468aa23ea760934ff3...refs/remotes/origin/master [52ms]
2025-10-17 00:50:27.870 [info] > git ls-files --stage -- index.js [13ms]
2025-10-17 00:50:27.906 [info] > git cat-file -s 797c868cfaf4c51bfa9db1baf0006a6e35826f9a [12ms]
2025-10-17 00:50:27.965 [info] > git show --textconv :index.js [6ms]
2025-10-17 00:50:39.781 [info] > git config --get commit.template [8ms]
2025-10-17 00:50:39.835 [info] > git for-each-ref --format=%(refname)%00%(upstream:short)%00%(objectname)%00%(upstream:track)%00%(upstream:remotename)%00%(upstream:remoteref) refs/heads/master refs/remotes/master [19ms]
2025-10-17 00:50:39.905 [info] > git status -z -uall [44ms]
2025-10-17 00:50:39.909 [info] > git for-each-ref --sort -committerdate --format %(refname)%00%(objectname)%00%(*objectname) [6ms]
2025-10-17 00:50:39.963 [info] > git merge-base refs/heads/master refs/remotes/origin/master [7ms]
2025-10-17 00:50:39.992 [info] > git diff --name-status -z --diff-filter=ADMR 5dacd733d1bfc43dce732cf5f279fe24ab82fdb3...refs/remotes/origin/master [4ms]
2025-10-17 00:50:40.961 [info] > git ls-files --stage -- index.js [7ms]
2025-10-17 00:50:40.987 [info] > git cat-file -s 797c868cfaf4c51bfa9db1baf0006a6e35826f9a [5ms]
2025-10-17 00:50:41.025 [info] > git show --textconv :index.js [7ms]
2025-10-17 00:51:00.749 [info] > git show --textconv :package.json [69ms]
2025-10-17 00:51:00.755 [info] > git ls-files --stage -- package.json [6ms]
2025-10-17 00:51:00.814 [info] > git cat-file -s 5a976d466b39af5b85587a9bce24cbe45fdf31a5 [13ms]
2025-10-17 00:51:00.909 [info] > git blame --root --incremental 5dacd733d1bfc43dce732cf5f279fe24ab82fdb3 -- package.json [7ms]
