2025-10-17 00:06:35.879 [info] [aebc6443-996d-45c2-90f0-388ff96faa56] Native Broker is only available on Windows
2025-10-17 00:06:37.810 [info] [getSessions] [all] starting
2025-10-17 00:06:37.810 [info] [getSessions] [all] returned 0 session(s)
2025-10-17 00:06:37.811 [info] [getSessions] [all] starting
2025-10-17 00:06:37.811 [info] [getSessions] [all] returned 0 session(s)
2025-10-17 00:06:37.812 [info] [getSessions] [all] starting
2025-10-17 00:06:37.812 [info] [getSessions] [all] returned 0 session(s)
2025-10-17 00:06:37.813 [info] [getSessions] [all] starting
2025-10-17 00:06:37.813 [info] [getSessions] [all] returned 0 session(s)
2025-10-17 00:06:38.011 [info] [getSessions] [499b84ac-1321-427f-aa17-267ca6975798/.default offline_access] starting
2025-10-17 00:06:38.011 [info] [aebc6443-996d-45c2-90f0-388ff96faa56] Native Broker is only available on Windows
2025-10-17 00:06:38.126 [info] [getSessions] [499b84ac-1321-427f-aa17-267ca6975798/.default offline_access] returned 0 session(s)
2025-10-17 00:10:35.921 [info] [aebc6443-996d-45c2-90f0-388ff96faa56] Native Broker is only available on Windows
2025-10-17 00:10:37.071 [info] [getSessions] [all] starting
2025-10-17 00:10:37.071 [info] [getSessions] [all] returned 0 session(s)
2025-10-17 00:10:37.071 [info] [getSessions] [all] starting
2025-10-17 00:10:37.071 [info] [getSessions] [all] returned 0 session(s)
2025-10-17 00:10:37.072 [info] [getSessions] [all] starting
2025-10-17 00:10:37.072 [info] [getSessions] [all] returned 0 session(s)
2025-10-17 00:10:37.072 [info] [getSessions] [all] starting
2025-10-17 00:10:37.072 [info] [getSessions] [all] returned 0 session(s)
2025-10-17 00:10:37.084 [info] [getSessions] [499b84ac-1321-427f-aa17-267ca6975798/.default offline_access] starting
2025-10-17 00:10:37.086 [info] [aebc6443-996d-45c2-90f0-388ff96faa56] Native Broker is only available on Windows
2025-10-17 00:10:37.100 [info] [getSessions] [499b84ac-1321-427f-aa17-267ca6975798/.default offline_access] returned 0 session(s)
2025-10-17 00:11:26.466 [info] [aebc6443-996d-45c2-90f0-388ff96faa56] Native Broker is only available on Windows
2025-10-17 00:11:27.447 [info] [getSessions] [all] starting
2025-10-17 00:11:27.447 [info] [getSessions] [all] returned 0 session(s)
2025-10-17 00:11:27.448 [info] [getSessions] [all] starting
2025-10-17 00:11:27.448 [info] [getSessions] [all] returned 0 session(s)
2025-10-17 00:11:27.448 [info] [getSessions] [all] starting
2025-10-17 00:11:27.448 [info] [getSessions] [all] returned 0 session(s)
2025-10-17 00:11:27.448 [info] [getSessions] [all] starting
2025-10-17 00:11:27.448 [info] [getSessions] [all] returned 0 session(s)
2025-10-17 00:11:28.129 [info] [getSessions] [499b84ac-1321-427f-aa17-267ca6975798/.default offline_access] starting
2025-10-17 00:11:28.129 [info] [aebc6443-996d-45c2-90f0-388ff96faa56] Native Broker is only available on Windows
2025-10-17 00:11:28.338 [info] [getSessions] [499b84ac-1321-427f-aa17-267ca6975798/.default offline_access] returned 0 session(s)
