2025-10-13 22:59:20.868 [info] [aebc6443-996d-45c2-90f0-388ff96faa56] Native Broker is only available on Windows
2025-10-13 22:59:21.484 [info] [getSessions] [all] starting
2025-10-13 22:59:21.484 [info] [getSessions] [all] returned 0 session(s)
2025-10-13 22:59:21.484 [info] [getSessions] [all] starting
2025-10-13 22:59:21.484 [info] [getSessions] [all] returned 0 session(s)
2025-10-13 22:59:21.485 [info] [getSessions] [all] starting
2025-10-13 22:59:21.485 [info] [getSessions] [all] returned 0 session(s)
2025-10-13 22:59:21.487 [info] [getSessions] [all] starting
2025-10-13 22:59:21.487 [info] [getSessions] [all] returned 0 session(s)
2025-10-13 22:59:21.497 [info] [getSessions] [499b84ac-1321-427f-aa17-267ca6975798/.default offline_access] starting
2025-10-13 22:59:21.497 [info] [aebc6443-996d-45c2-90f0-388ff96faa56] Native Broker is only available on Windows
2025-10-13 22:59:21.523 [info] [getSessions] [499b84ac-1321-427f-aa17-267ca6975798/.default offline_access] returned 0 session(s)
2025-10-13 23:00:15.090 [info] [aebc6443-996d-45c2-90f0-388ff96faa56] Native Broker is only available on Windows
2025-10-13 23:00:16.595 [info] [getSessions] [all] starting
2025-10-13 23:00:16.595 [info] [getSessions] [all] returned 0 session(s)
2025-10-13 23:00:16.596 [info] [getSessions] [all] starting
2025-10-13 23:00:16.596 [info] [getSessions] [all] returned 0 session(s)
2025-10-13 23:00:16.598 [info] [getSessions] [all] starting
2025-10-13 23:00:16.598 [info] [getSessions] [all] returned 0 session(s)
2025-10-13 23:00:16.599 [info] [getSessions] [all] starting
2025-10-13 23:00:16.599 [info] [getSessions] [all] returned 0 session(s)
2025-10-13 23:00:16.615 [info] [getSessions] [499b84ac-1321-427f-aa17-267ca6975798/.default offline_access] starting
2025-10-13 23:00:16.615 [info] [aebc6443-996d-45c2-90f0-388ff96faa56] Native Broker is only available on Windows
2025-10-13 23:00:17.725 [info] [getSessions] [499b84ac-1321-427f-aa17-267ca6975798/.default offline_access] returned 0 session(s)
