2025-10-14 22:14:19.480 [info] [main] Log level: Info
2025-10-14 22:14:19.480 [info] [main] Validating found git in: "git"
2025-10-14 22:14:19.480 [info] [main] Using git "2.43.0" from "git"
2025-10-14 22:14:19.480 [info] [Model][doInitialScan] Initial repository scan started
2025-10-14 22:14:19.480 [info] > git rev-parse --show-toplevel [79ms]
2025-10-14 22:14:19.573 [info] > git rev-parse --show-toplevel [31ms]
2025-10-14 22:14:19.666 [info] > git rev-parse --show-toplevel [30ms]
2025-10-14 22:14:19.710 [info] [Model][doInitialScan] Initial repository scan completed - repositories (0), closed repositories (0), parent repositories (1), unsafe repositories (0)
2025-10-14 22:14:42.643 [info] > git rev-parse --show-toplevel [683ms]
2025-10-14 22:14:44.174 [info] > git rev-parse --show-toplevel [798ms]
2025-10-14 22:14:46.174 [info] > git rev-parse --show-toplevel [369ms]
2025-10-14 22:14:46.603 [info] > git rev-parse --show-toplevel [72ms]
2025-10-14 22:14:46.823 [info] > git rev-parse --show-toplevel [13ms]
2025-10-14 22:14:47.242 [info] > git rev-parse --show-toplevel [63ms]
2025-10-14 22:14:47.336 [info] > git rev-parse --show-toplevel [26ms]
2025-10-14 22:48:56.848 [info] > git rev-parse --show-toplevel [44ms]
2025-10-14 23:07:03.985 [info] > git rev-parse --show-toplevel [4ms]
2025-10-14 23:07:04.054 [info] > git rev-parse --git-dir --git-common-dir --show-superproject-working-tree [49ms]
2025-10-14 23:07:04.117 [info] [Model][openRepository] Opened repository (path): /home/aleksandr/school_bot
2025-10-14 23:07:04.117 [info] [Model][openRepository] Opened repository (real path): /home/aleksandr/school_bot
2025-10-14 23:07:04.117 [info] [Model][openRepository] Opened repository (kind): repository
2025-10-14 23:07:04.187 [info] > git config --get commit.template [16ms]
2025-10-14 23:07:04.230 [info] [Git][getRemotes] No remotes found in the git config file
2025-10-14 23:07:04.235 [info] > git for-each-ref --format=%(refname)%00%(upstream:short)%00%(objectname)%00%(upstream:track)%00%(upstream:remotename)%00%(upstream:remoteref) refs/heads/master refs/remotes/master [12ms]
2025-10-14 23:07:04.235 [warning] [Git][getBranch] No such branch: master
2025-10-14 23:07:04.339 [info] > git status -z -uall [71ms]
2025-10-14 23:07:04.385 [info] > git for-each-ref --sort -committerdate --format %(refname)%00%(objectname)%00%(*objectname) [65ms]
2025-10-14 23:07:04.834 [info] > git for-each-ref --format=%(refname)%00%(upstream:short)%00%(objectname)%00%(upstream:track)%00%(upstream:remotename)%00%(upstream:remoteref) refs/heads/master refs/remotes/master [310ms]
2025-10-14 23:07:04.835 [warning] [Git][getBranch] No such branch: master
2025-10-14 23:07:04.837 [error] [GitHistoryProvider][resolveHEADMergeBase] Failed to resolve merge base for master: Error: No such branch: master.
2025-10-14 23:07:04.859 [info] > git config --get commit.template [31ms]
2025-10-14 23:07:04.899 [info] [Git][getRemotes] No remotes found in the git config file
2025-10-14 23:07:04.937 [info] > git for-each-ref --format=%(refname)%00%(upstream:short)%00%(objectname)%00%(upstream:track)%00%(upstream:remotename)%00%(upstream:remoteref) refs/heads/master refs/remotes/master [38ms]
2025-10-14 23:07:04.937 [warning] [Git][getBranch] No such branch: master
2025-10-14 23:07:05.029 [info] > git check-ignore -v -z --stdin [95ms]
2025-10-14 23:07:05.036 [info] > git status -z -uall [64ms]
2025-10-14 23:07:05.036 [info] > git for-each-ref --sort -committerdate --format %(refname)%00%(objectname)%00%(*objectname) [10ms]
2025-10-14 23:07:58.082 [info] > git check-ignore -v -z --stdin [3ms]
2025-10-14 23:08:00.393 [info] > git config --get commit.template [18ms]
2025-10-14 23:08:00.430 [info] [Git][getRemotes] No remotes found in the git config file
2025-10-14 23:08:00.431 [info] > git for-each-ref --format=%(refname)%00%(upstream:short)%00%(objectname)%00%(upstream:track)%00%(upstream:remotename)%00%(upstream:remoteref) refs/heads/master refs/remotes/master [1ms]
2025-10-14 23:08:00.431 [warning] [Git][getBranch] No such branch: master
2025-10-14 23:08:00.478 [info] > git status -z -uall [25ms]
2025-10-14 23:08:00.478 [info] > git for-each-ref --sort -committerdate --format %(refname)%00%(objectname)%00%(*objectname) [3ms]
2025-10-14 23:08:19.017 [info] [Git][getRemotes] No remotes found in the git config file
2025-10-14 23:08:19.021 [info] > git config --get commit.template [53ms]
2025-10-14 23:08:19.028 [info] > git for-each-ref --format=%(refname)%00%(upstream:short)%00%(objectname)%00%(upstream:track)%00%(upstream:remotename)%00%(upstream:remoteref) refs/heads/master refs/remotes/master [11ms]
2025-10-14 23:08:19.028 [warning] [Git][getBranch] No such branch: master
2025-10-14 23:08:19.069 [info] > git status -z -uall [20ms]
2025-10-14 23:08:19.072 [info] > git for-each-ref --sort -committerdate --format %(refname)%00%(objectname)%00%(*objectname) [4ms]
2025-10-14 23:08:55.220 [info] [Git][getRemotes] No remotes found in the git config file
2025-10-14 23:08:55.222 [info] > git config --get commit.template [29ms]
2025-10-14 23:08:55.234 [info] > git for-each-ref --format=%(refname)%00%(upstream:short)%00%(objectname)%00%(upstream:track)%00%(upstream:remotename)%00%(upstream:remoteref) refs/heads/master refs/remotes/master [15ms]
2025-10-14 23:08:55.281 [info] > git status -z -uall [22ms]
2025-10-14 23:08:55.288 [info] > git for-each-ref --sort -committerdate --format %(refname)%00%(objectname)%00%(*objectname) [8ms]
2025-10-14 23:15:27.006 [info] > git log --format=%H%n%aN%n%aE%n%at%n%ct%n%P%n%D%n%B -z --shortstat --diff-merges=first-parent -n50 --skip=0 --topo-order --decorate=full --stdin [10ms]
2025-10-14 23:17:40.385 [info] > git remote add origin https://github.com/AleksBartov/school_bot.git [14ms]
2025-10-14 23:17:40.457 [info] > git config --get commit.template [9ms]
2025-10-14 23:17:40.527 [info] > git for-each-ref --format=%(refname)%00%(upstream:short)%00%(objectname)%00%(upstream:track)%00%(upstream:remotename)%00%(upstream:remoteref) refs/heads/master refs/remotes/master [19ms]
2025-10-14 23:17:40.614 [info] > git status -z -uall [50ms]
2025-10-14 23:17:40.626 [info] > git for-each-ref --sort -committerdate --format %(refname)%00%(objectname)%00%(*objectname) [19ms]
2025-10-14 23:17:43.002 [info] > git push -u origin master [2325ms]
2025-10-14 23:17:43.002 [info] To https://github.com/AleksBartov/school_bot.git
 * [new branch]      master -> master
2025-10-14 23:17:43.068 [info] > git config --get commit.template [44ms]
2025-10-14 23:17:43.070 [info] > git for-each-ref --format=%(refname)%00%(upstream:short)%00%(objectname)%00%(upstream:track)%00%(upstream:remotename)%00%(upstream:remoteref) refs/heads/master refs/remotes/master [13ms]
2025-10-14 23:17:43.139 [info] > git status -z -uall [36ms]
2025-10-14 23:17:43.145 [info] > git for-each-ref --sort -committerdate --format %(refname)%00%(objectname)%00%(*objectname) [10ms]
2025-10-14 23:17:43.205 [info] > git merge-base refs/heads/master refs/remotes/origin/master [11ms]
2025-10-14 23:17:43.298 [info] > git diff --name-status -z --diff-filter=ADMR d56b07b832fd5bdab7534e468aa23ea760934ff3...refs/remotes/origin/master [33ms]
2025-10-14 23:17:43.305 [info] > git log --format=%H%n%aN%n%aE%n%at%n%ct%n%P%n%D%n%B -z --shortstat --diff-merges=first-parent -n50 --skip=0 --topo-order --decorate=full --stdin [11ms]
2025-10-14 23:23:09.482 [info] > git show --textconv :index.js [76ms]
2025-10-14 23:23:09.500 [info] > git ls-files --stage -- index.js [22ms]
2025-10-14 23:23:09.545 [info] > git cat-file -s e8e654832b03a3a600faa74cae154f96eb95b6fe [13ms]
2025-10-14 23:23:09.859 [info] > git blame --root --incremental d56b07b832fd5bdab7534e468aa23ea760934ff3 -- index.js [14ms]
2025-10-14 23:55:55.996 [info] [main] Log level: Info
2025-10-14 23:55:55.996 [info] [main] Validating found git in: "git"
2025-10-14 23:55:55.996 [info] [main] Using git "2.43.0" from "git"
2025-10-14 23:55:55.996 [info] [Model][doInitialScan] Initial repository scan started
2025-10-14 23:55:55.996 [info] [Model][doInitialScan] Initial repository scan completed - repositories (0), closed repositories (0), parent repositories (0), unsafe repositories (0)
2025-10-14 23:56:40.821 [info] [main] Log level: Info
2025-10-14 23:56:40.821 [info] [main] Validating found git in: "git"
2025-10-14 23:56:40.821 [info] [main] Using git "2.43.0" from "git"
2025-10-14 23:56:40.821 [info] [Model][doInitialScan] Initial repository scan started
2025-10-14 23:56:40.821 [info] > git rev-parse --show-toplevel [77ms]
2025-10-14 23:56:40.821 [info] > git rev-parse --git-dir --git-common-dir --show-superproject-working-tree [82ms]
2025-10-14 23:56:40.821 [info] [Model][openRepository] Opened repository (path): /home/aleksandr/kreshenie_bot
2025-10-14 23:56:40.821 [info] [Model][openRepository] Opened repository (real path): /home/aleksandr/kreshenie_bot
2025-10-14 23:56:40.821 [info] [Model][openRepository] Opened repository (kind): repository
2025-10-14 23:56:40.821 [info] [Model][doInitialScan] Initial repository scan completed - repositories (1), closed repositories (0), parent repositories (0), unsafe repositories (0)
2025-10-14 23:56:40.822 [info] > git config --get commit.template [20ms]
2025-10-14 23:56:40.822 [info] > git for-each-ref --format=%(refname)%00%(upstream:short)%00%(objectname)%00%(upstream:track)%00%(upstream:remotename)%00%(upstream:remoteref) refs/heads/master refs/remotes/master [42ms]
2025-10-14 23:56:40.822 [info] > git status -z -uall [1103ms]
2025-10-14 23:56:40.822 [info] > git for-each-ref --sort -committerdate --format %(refname)%00%(objectname)%00%(*objectname) [947ms]
2025-10-14 23:56:40.822 [info] > git for-each-ref --format=%(refname)%00%(upstream:short)%00%(objectname)%00%(upstream:track)%00%(upstream:remotename)%00%(upstream:remoteref) refs/heads/master refs/remotes/master [338ms]
2025-10-14 23:56:40.931 [info] > git config --get --local branch.master.vscode-merge-base [20424ms]
2025-10-14 23:56:40.932 [warning] [Git][config] git config failed: Failed to execute git
2025-10-14 23:56:40.990 [info] > git config --get commit.template [20595ms]
2025-10-14 23:56:41.798 [info] > git reflog master --grep-reflog=branch: Created from *. [818ms]
2025-10-14 23:56:42.647 [info] > git check-ignore -v -z --stdin [787ms]
2025-10-14 23:56:42.663 [info] > git symbolic-ref --short refs/remotes/origin/HEAD [843ms]
2025-10-14 23:56:42.663 [info] fatal: ref refs/remotes/origin/HEAD is not a symbolic ref
2025-10-14 23:56:42.663 [warning] [Repository][getDefaultBranch] Failed to get default branch details: Failed to execute git.
2025-10-14 23:56:42.877 [info] > git merge-base refs/heads/master refs/remotes/origin/master [190ms]
2025-10-14 23:56:42.972 [info] > git for-each-ref --format=%(refname)%00%(upstream:short)%00%(objectname)%00%(upstream:track)%00%(upstream:remotename)%00%(upstream:remoteref) refs/heads/master refs/remotes/master [744ms]
2025-10-14 23:56:44.756 [info] > git show --textconv :.env [1227ms]
2025-10-14 23:56:44.757 [info] > git ls-files --stage -- .env [1187ms]
2025-10-14 23:56:44.844 [info] > git diff --name-status -z --diff-filter=ADMR 4011386b3f2a2fe08123df607de8b4a1bccdfad1...refs/remotes/origin/master [1877ms]
2025-10-14 23:56:45.486 [info] > git hash-object -t tree /dev/null [642ms]
2025-10-14 23:56:45.488 [warning] [GitFileSystemProvider][readFile] File not found - git:/home/aleksandr/kreshenie_bot/.env.git?%7B%22path%22%3A%22%2Fhome%2Faleksandr%2Fkreshenie_bot%2F.env%22%2C%22ref%22%3A%22%22%7D
2025-10-14 23:56:45.507 [info] > git hash-object -t tree /dev/null [703ms]
2025-10-14 23:56:45.507 [warning] [GitFileSystemProvider][stat] File not found - git:/home/aleksandr/kreshenie_bot/.env.git?%7B%22path%22%3A%22%2Fhome%2Faleksandr%2Fkreshenie_bot%2F.env%22%2C%22ref%22%3A%22%22%7D
2025-10-14 23:56:47.739 [info] > git status -z -uall [288ms]
2025-10-14 23:56:47.741 [info] > git for-each-ref --sort -committerdate --format %(refname)%00%(objectname)%00%(*objectname) [243ms]
2025-10-14 23:56:48.813 [info] > git blame --root --incremental 4011386b3f2a2fe08123df607de8b4a1bccdfad1 -- .env [307ms]
2025-10-14 23:56:48.814 [info] fatal: нет такого пути .env в 4011386b3f2a2fe08123df607de8b4a1bccdfad1
2025-10-14 23:56:49.934 [info] > git config --get commit.template [218ms]
2025-10-14 23:56:50.260 [info] > git for-each-ref --format=%(refname)%00%(upstream:short)%00%(objectname)%00%(upstream:track)%00%(upstream:remotename)%00%(upstream:remoteref) refs/heads/master refs/remotes/master [107ms]
2025-10-14 23:56:50.635 [info] > git status -z -uall [59ms]
2025-10-14 23:56:50.635 [info] > git for-each-ref --sort -committerdate --format %(refname)%00%(objectname)%00%(*objectname) [27ms]
2025-10-14 23:57:27.298 [info] > git show --textconv :index.js [68ms]
2025-10-14 23:57:27.309 [info] > git ls-files --stage -- index.js [30ms]
2025-10-14 23:57:27.399 [info] > git cat-file -s 577fc9cb8323c4fe820bbfd1fb2e65d9a9c98d51 [25ms]
2025-10-14 23:57:27.830 [info] > git blame --root --incremental 4011386b3f2a2fe08123df607de8b4a1bccdfad1 -- index.js [40ms]
2025-10-15 00:05:31.742 [info] > git config --get commit.template [22ms]
2025-10-15 00:05:31.743 [info] > git for-each-ref --format=%(refname)%00%(upstream:short)%00%(objectname)%00%(upstream:track)%00%(upstream:remotename)%00%(upstream:remoteref) refs/heads/master refs/remotes/master [3ms]
2025-10-15 00:05:31.790 [info] > git status -z -uall [27ms]
2025-10-15 00:05:31.792 [info] > git for-each-ref --sort -committerdate --format %(refname)%00%(objectname)%00%(*objectname) [5ms]
2025-10-15 00:15:37.304 [info] > git config --get commit.template [11ms]
2025-10-15 00:15:37.369 [info] > git for-each-ref --format=%(refname)%00%(upstream:short)%00%(objectname)%00%(upstream:track)%00%(upstream:remotename)%00%(upstream:remoteref) refs/heads/master refs/remotes/master [9ms]
2025-10-15 00:15:37.471 [info] > git status -z -uall [57ms]
2025-10-15 00:15:37.478 [info] > git for-each-ref --sort -committerdate --format %(refname)%00%(objectname)%00%(*objectname) [12ms]
2025-10-15 00:16:11.632 [info] > git config --get commit.template [48ms]
2025-10-15 00:16:11.639 [info] > git for-each-ref --format=%(refname)%00%(upstream:short)%00%(objectname)%00%(upstream:track)%00%(upstream:remotename)%00%(upstream:remoteref) refs/heads/master refs/remotes/master [8ms]
2025-10-15 00:16:11.756 [info] > git status -z -uall [49ms]
2025-10-15 00:16:11.764 [info] > git for-each-ref --sort -committerdate --format %(refname)%00%(objectname)%00%(*objectname) [8ms]
2025-10-15 00:17:08.206 [info] > git config --get commit.template [33ms]
2025-10-15 00:17:08.210 [info] > git for-each-ref --format=%(refname)%00%(upstream:short)%00%(objectname)%00%(upstream:track)%00%(upstream:remotename)%00%(upstream:remoteref) refs/heads/master refs/remotes/master [9ms]
2025-10-15 00:17:08.308 [info] > git status -z -uall [51ms]
2025-10-15 00:17:08.316 [info] > git for-each-ref --sort -committerdate --format %(refname)%00%(objectname)%00%(*objectname) [8ms]
2025-10-15 00:17:46.465 [info] > git config --get commit.template [3ms]
2025-10-15 00:17:46.490 [info] > git for-each-ref --format=%(refname)%00%(upstream:short)%00%(objectname)%00%(upstream:track)%00%(upstream:remotename)%00%(upstream:remoteref) refs/heads/master refs/remotes/master [3ms]
2025-10-15 00:17:46.539 [info] > git status -z -uall [29ms]
2025-10-15 00:17:46.547 [info] > git for-each-ref --sort -committerdate --format %(refname)%00%(objectname)%00%(*objectname) [12ms]
2025-10-15 00:18:10.701 [info] > git config --get commit.template [23ms]
2025-10-15 00:18:10.704 [info] > git for-each-ref --format=%(refname)%00%(upstream:short)%00%(objectname)%00%(upstream:track)%00%(upstream:remotename)%00%(upstream:remoteref) refs/heads/master refs/remotes/master [5ms]
2025-10-15 00:18:10.751 [info] > git status -z -uall [23ms]
2025-10-15 00:18:10.754 [info] > git for-each-ref --sort -committerdate --format %(refname)%00%(objectname)%00%(*objectname) [4ms]
2025-10-15 00:22:04.569 [info] > git show --textconv :.env [66ms]
2025-10-15 00:22:04.573 [warning] [GitFileSystemProvider][readFile] File not found - git:/home/aleksandr/kreshenie_bot/.env.git?%7B%22path%22%3A%22%2Fhome%2Faleksandr%2Fkreshenie_bot%2F.env%22%2C%22ref%22%3A%22%22%7D
2025-10-15 00:22:04.583 [info] > git ls-files --stage -- .env [19ms]
2025-10-15 00:22:04.590 [warning] [GitFileSystemProvider][stat] File not found - git:/home/aleksandr/kreshenie_bot/.env.git?%7B%22path%22%3A%22%2Fhome%2Faleksandr%2Fkreshenie_bot%2F.env%22%2C%22ref%22%3A%22%22%7D
2025-10-15 00:22:06.910 [info] > git show --textconv :index.js [44ms]
2025-10-15 00:22:06.925 [info] > git ls-files --stage -- index.js [18ms]
2025-10-15 00:22:06.972 [info] > git cat-file -s 577fc9cb8323c4fe820bbfd1fb2e65d9a9c98d51 [6ms]
2025-10-15 00:22:42.623 [info] > git config --get commit.template [34ms]
2025-10-15 00:22:42.626 [info] > git for-each-ref --format=%(refname)%00%(upstream:short)%00%(objectname)%00%(upstream:track)%00%(upstream:remotename)%00%(upstream:remoteref) refs/heads/master refs/remotes/master [5ms]
2025-10-15 00:22:42.702 [info] > git status -z -uall [48ms]
2025-10-15 00:22:42.704 [info] > git for-each-ref --sort -committerdate --format %(refname)%00%(objectname)%00%(*objectname) [7ms]
2025-10-15 00:22:47.780 [info] > git config --get commit.template [8ms]
2025-10-15 00:22:47.813 [info] > git for-each-ref --format=%(refname)%00%(upstream:short)%00%(objectname)%00%(upstream:track)%00%(upstream:remotename)%00%(upstream:remoteref) refs/heads/master refs/remotes/master [6ms]
2025-10-15 00:22:47.888 [info] > git status -z -uall [40ms]
2025-10-15 00:22:47.897 [info] > git for-each-ref --sort -committerdate --format %(refname)%00%(objectname)%00%(*objectname) [14ms]
2025-10-15 00:25:12.675 [info] > git config --get commit.template [28ms]
2025-10-15 00:25:12.682 [info] > git for-each-ref --format=%(refname)%00%(upstream:short)%00%(objectname)%00%(upstream:track)%00%(upstream:remotename)%00%(upstream:remoteref) refs/heads/master refs/remotes/master [15ms]
2025-10-15 00:25:12.721 [info] > git status -z -uall [20ms]
2025-10-15 00:25:12.724 [info] > git for-each-ref --sort -committerdate --format %(refname)%00%(objectname)%00%(*objectname) [4ms]
2025-10-15 00:34:09.502 [info] > git config --get commit.template [21ms]
2025-10-15 00:34:09.504 [info] > git for-each-ref --format=%(refname)%00%(upstream:short)%00%(objectname)%00%(upstream:track)%00%(upstream:remotename)%00%(upstream:remoteref) refs/heads/master refs/remotes/master [3ms]
2025-10-15 00:34:09.545 [info] > git status -z -uall [21ms]
2025-10-15 00:34:09.548 [info] > git for-each-ref --sort -committerdate --format %(refname)%00%(objectname)%00%(*objectname) [3ms]
2025-10-15 00:38:42.109 [info] > git config --get commit.template [20ms]
2025-10-15 00:38:42.111 [info] > git for-each-ref --format=%(refname)%00%(upstream:short)%00%(objectname)%00%(upstream:track)%00%(upstream:remotename)%00%(upstream:remoteref) refs/heads/master refs/remotes/master [3ms]
2025-10-15 00:38:42.157 [info] > git status -z -uall [26ms]
2025-10-15 00:38:42.157 [info] > git for-each-ref --sort -committerdate --format %(refname)%00%(objectname)%00%(*objectname) [5ms]
2025-10-15 00:40:29.440 [info] > git config --get commit.template [8ms]
2025-10-15 00:40:29.493 [info] > git for-each-ref --format=%(refname)%00%(upstream:short)%00%(objectname)%00%(upstream:track)%00%(upstream:remotename)%00%(upstream:remoteref) refs/heads/master refs/remotes/master [5ms]
2025-10-15 00:40:29.589 [info] > git status -z -uall [44ms]
2025-10-15 00:40:29.596 [info] > git for-each-ref --sort -committerdate --format %(refname)%00%(objectname)%00%(*objectname) [10ms]
2025-10-15 00:42:49.737 [info] > git config --get commit.template [23ms]
2025-10-15 00:42:49.742 [info] > git for-each-ref --format=%(refname)%00%(upstream:short)%00%(objectname)%00%(upstream:track)%00%(upstream:remotename)%00%(upstream:remoteref) refs/heads/master refs/remotes/master [6ms]
2025-10-15 00:42:49.803 [info] > git status -z -uall [28ms]
2025-10-15 00:42:49.809 [info] > git for-each-ref --sort -committerdate --format %(refname)%00%(objectname)%00%(*objectname) [7ms]
2025-10-15 00:45:23.996 [info] > git config --get commit.template [2ms]
2025-10-15 00:45:24.019 [info] > git for-each-ref --format=%(refname)%00%(upstream:short)%00%(objectname)%00%(upstream:track)%00%(upstream:remotename)%00%(upstream:remoteref) refs/heads/master refs/remotes/master [4ms]
2025-10-15 00:45:24.073 [info] > git status -z -uall [33ms]
2025-10-15 00:45:24.073 [info] > git for-each-ref --sort -committerdate --format %(refname)%00%(objectname)%00%(*objectname) [4ms]
2025-10-15 00:46:11.993 [info] > git config --get commit.template [28ms]
2025-10-15 00:46:11.996 [info] > git for-each-ref --format=%(refname)%00%(upstream:short)%00%(objectname)%00%(upstream:track)%00%(upstream:remotename)%00%(upstream:remoteref) refs/heads/master refs/remotes/master [6ms]
2025-10-15 00:46:12.040 [info] > git status -z -uall [22ms]
2025-10-15 00:46:12.044 [info] > git for-each-ref --sort -committerdate --format %(refname)%00%(objectname)%00%(*objectname) [5ms]
2025-10-15 00:46:54.730 [info] > git config --get commit.template [21ms]
2025-10-15 00:46:54.733 [info] > git for-each-ref --format=%(refname)%00%(upstream:short)%00%(objectname)%00%(upstream:track)%00%(upstream:remotename)%00%(upstream:remoteref) refs/heads/master refs/remotes/master [4ms]
2025-10-15 00:46:54.781 [info] > git status -z -uall [29ms]
2025-10-15 00:46:54.790 [info] > git for-each-ref --sort -committerdate --format %(refname)%00%(objectname)%00%(*objectname) [11ms]
2025-10-15 00:48:19.010 [info] > git config --get commit.template [32ms]
2025-10-15 00:48:19.012 [info] > git for-each-ref --format=%(refname)%00%(upstream:short)%00%(objectname)%00%(upstream:track)%00%(upstream:remotename)%00%(upstream:remoteref) refs/heads/master refs/remotes/master [4ms]
2025-10-15 00:48:19.055 [info] > git status -z -uall [23ms]
2025-10-15 00:48:19.058 [info] > git for-each-ref --sort -committerdate --format %(refname)%00%(objectname)%00%(*objectname) [4ms]
2025-10-15 00:51:33.528 [info] > git config --get commit.template [6ms]
2025-10-15 00:51:33.602 [info] > git for-each-ref --format=%(refname)%00%(upstream:short)%00%(objectname)%00%(upstream:track)%00%(upstream:remotename)%00%(upstream:remoteref) refs/heads/master refs/remotes/master [10ms]
2025-10-15 00:51:33.690 [info] > git status -z -uall [42ms]
2025-10-15 00:51:33.705 [info] > git for-each-ref --sort -committerdate --format %(refname)%00%(objectname)%00%(*objectname) [20ms]
2025-10-15 00:52:28.647 [info] > git config --get commit.template [27ms]
2025-10-15 00:52:28.649 [info] > git for-each-ref --format=%(refname)%00%(upstream:short)%00%(objectname)%00%(upstream:track)%00%(upstream:remotename)%00%(upstream:remoteref) refs/heads/master refs/remotes/master [3ms]
2025-10-15 00:52:28.708 [info] > git status -z -uall [30ms]
2025-10-15 00:52:28.715 [info] > git for-each-ref --sort -committerdate --format %(refname)%00%(objectname)%00%(*objectname) [9ms]
2025-10-15 00:56:39.944 [info] > git config --get commit.template [37ms]
2025-10-15 00:56:39.947 [info] > git for-each-ref --format=%(refname)%00%(upstream:short)%00%(objectname)%00%(upstream:track)%00%(upstream:remotename)%00%(upstream:remoteref) refs/heads/master refs/remotes/master [9ms]
2025-10-15 00:56:40.027 [info] > git status -z -uall [42ms]
2025-10-15 00:56:40.043 [info] > git for-each-ref --sort -committerdate --format %(refname)%00%(objectname)%00%(*objectname) [21ms]
2025-10-15 00:57:11.144 [info] > git config --get commit.template [24ms]
2025-10-15 00:57:11.148 [info] > git for-each-ref --format=%(refname)%00%(upstream:short)%00%(objectname)%00%(upstream:track)%00%(upstream:remotename)%00%(upstream:remoteref) refs/heads/master refs/remotes/master [5ms]
2025-10-15 00:57:11.194 [info] > git status -z -uall [23ms]
2025-10-15 00:57:11.197 [info] > git for-each-ref --sort -committerdate --format %(refname)%00%(objectname)%00%(*objectname) [5ms]
2025-10-15 00:58:01.312 [info] > git config --get commit.template [6ms]
2025-10-15 00:58:01.336 [info] > git for-each-ref --format=%(refname)%00%(upstream:short)%00%(objectname)%00%(upstream:track)%00%(upstream:remotename)%00%(upstream:remoteref) refs/heads/master refs/remotes/master [3ms]
2025-10-15 00:58:01.378 [info] > git status -z -uall [22ms]
2025-10-15 00:58:01.381 [info] > git for-each-ref --sort -committerdate --format %(refname)%00%(objectname)%00%(*objectname) [5ms]
2025-10-15 00:58:49.611 [info] > git config --get commit.template [23ms]
2025-10-15 00:58:49.612 [info] > git for-each-ref --format=%(refname)%00%(upstream:short)%00%(objectname)%00%(upstream:track)%00%(upstream:remotename)%00%(upstream:remoteref) refs/heads/master refs/remotes/master [3ms]
2025-10-15 00:58:49.657 [info] > git status -z -uall [24ms]
2025-10-15 00:58:49.660 [info] > git for-each-ref --sort -committerdate --format %(refname)%00%(objectname)%00%(*objectname) [4ms]
2025-10-15 00:59:15.734 [info] > git config --get commit.template [5ms]
2025-10-15 00:59:15.786 [info] > git for-each-ref --format=%(refname)%00%(upstream:short)%00%(objectname)%00%(upstream:track)%00%(upstream:remotename)%00%(upstream:remoteref) refs/heads/master refs/remotes/master [5ms]
2025-10-15 00:59:15.853 [info] > git status -z -uall [37ms]
2025-10-15 00:59:15.861 [info] > git for-each-ref --sort -committerdate --format %(refname)%00%(objectname)%00%(*objectname) [10ms]
2025-10-15 01:00:41.821 [info] > git config --get commit.template [26ms]
2025-10-15 01:00:41.824 [info] > git for-each-ref --format=%(refname)%00%(upstream:short)%00%(objectname)%00%(upstream:track)%00%(upstream:remotename)%00%(upstream:remoteref) refs/heads/master refs/remotes/master [6ms]
2025-10-15 01:00:41.874 [info] > git status -z -uall [23ms]
2025-10-15 01:00:41.877 [info] > git for-each-ref --sort -committerdate --format %(refname)%00%(objectname)%00%(*objectname) [4ms]
2025-10-15 01:00:59.869 [info] > git config --get commit.template [21ms]
2025-10-15 01:00:59.875 [info] > git for-each-ref --format=%(refname)%00%(upstream:short)%00%(objectname)%00%(upstream:track)%00%(upstream:remotename)%00%(upstream:remoteref) refs/heads/master refs/remotes/master [7ms]
2025-10-15 01:00:59.927 [info] > git status -z -uall [24ms]
2025-10-15 01:00:59.930 [info] > git for-each-ref --sort -committerdate --format %(refname)%00%(objectname)%00%(*objectname) [4ms]
2025-10-15 01:01:35.124 [info] > git config --get commit.template [30ms]
2025-10-15 01:01:35.130 [info] > git for-each-ref --format=%(refname)%00%(upstream:short)%00%(objectname)%00%(upstream:track)%00%(upstream:remotename)%00%(upstream:remoteref) refs/heads/master refs/remotes/master [7ms]
2025-10-15 01:01:35.205 [info] > git status -z -uall [42ms]
2025-10-15 01:01:35.211 [info] > git for-each-ref --sort -committerdate --format %(refname)%00%(objectname)%00%(*objectname) [7ms]
2025-10-15 01:03:23.887 [info] > git config --get commit.template [37ms]
2025-10-15 01:03:23.891 [info] > git for-each-ref --format=%(refname)%00%(upstream:short)%00%(objectname)%00%(upstream:track)%00%(upstream:remotename)%00%(upstream:remoteref) refs/heads/master refs/remotes/master [5ms]
2025-10-15 01:03:23.957 [info] > git status -z -uall [35ms]
2025-10-15 01:03:23.963 [info] > git for-each-ref --sort -committerdate --format %(refname)%00%(objectname)%00%(*objectname) [8ms]
2025-10-15 01:03:56.116 [info] > git config --get commit.template [21ms]
2025-10-15 01:03:56.119 [info] > git for-each-ref --format=%(refname)%00%(upstream:short)%00%(objectname)%00%(upstream:track)%00%(upstream:remotename)%00%(upstream:remoteref) refs/heads/master refs/remotes/master [4ms]
2025-10-15 01:03:56.170 [info] > git status -z -uall [24ms]
2025-10-15 01:03:56.172 [info] > git for-each-ref --sort -committerdate --format %(refname)%00%(objectname)%00%(*objectname) [4ms]
2025-10-15 01:05:28.738 [info] > git config --get commit.template [4ms]
2025-10-15 01:05:28.763 [info] > git for-each-ref --format=%(refname)%00%(upstream:short)%00%(objectname)%00%(upstream:track)%00%(upstream:remotename)%00%(upstream:remoteref) refs/heads/master refs/remotes/master [4ms]
2025-10-15 01:05:28.809 [info] > git status -z -uall [25ms]
2025-10-15 01:05:28.812 [info] > git for-each-ref --sort -committerdate --format %(refname)%00%(objectname)%00%(*objectname) [7ms]
2025-10-15 01:06:44.401 [info] > git config --get commit.template [3ms]
2025-10-15 01:06:44.426 [info] > git for-each-ref --format=%(refname)%00%(upstream:short)%00%(objectname)%00%(upstream:track)%00%(upstream:remotename)%00%(upstream:remoteref) refs/heads/master refs/remotes/master [4ms]
2025-10-15 01:06:44.467 [info] > git status -z -uall [22ms]
2025-10-15 01:06:44.470 [info] > git for-each-ref --sort -committerdate --format %(refname)%00%(objectname)%00%(*objectname) [4ms]
2025-10-15 01:12:27.173 [info] > git config --get commit.template [22ms]
2025-10-15 01:12:27.175 [info] > git for-each-ref --format=%(refname)%00%(upstream:short)%00%(objectname)%00%(upstream:track)%00%(upstream:remotename)%00%(upstream:remoteref) refs/heads/master refs/remotes/master [3ms]
2025-10-15 01:12:27.218 [info] > git status -z -uall [23ms]
2025-10-15 01:12:27.220 [info] > git for-each-ref --sort -committerdate --format %(refname)%00%(objectname)%00%(*objectname) [4ms]
2025-10-15 01:12:31.278 [info] > git show --textconv :.env [72ms]
2025-10-15 01:12:31.280 [warning] [GitFileSystemProvider][readFile] File not found - git:/home/aleksandr/kreshenie_bot/.env.git?%7B%22path%22%3A%22%2Fhome%2Faleksandr%2Fkreshenie_bot%2F.env%22%2C%22ref%22%3A%22%22%7D
2025-10-15 01:12:31.282 [info] > git ls-files --stage -- .env [16ms]
2025-10-15 01:12:31.283 [warning] [GitFileSystemProvider][stat] File not found - git:/home/aleksandr/kreshenie_bot/.env.git?%7B%22path%22%3A%22%2Fhome%2Faleksandr%2Fkreshenie_bot%2F.env%22%2C%22ref%22%3A%22%22%7D
2025-10-15 01:12:33.631 [info] > git show --textconv :index.js [37ms]
2025-10-15 01:12:33.635 [info] > git ls-files --stage -- index.js [7ms]
2025-10-15 01:12:33.680 [info] > git cat-file -s 577fc9cb8323c4fe820bbfd1fb2e65d9a9c98d51 [10ms]
2025-10-15 01:14:36.014 [info] > git show --textconv :.env [64ms]
2025-10-15 01:14:36.017 [warning] [GitFileSystemProvider][readFile] File not found - git:/home/aleksandr/kreshenie_bot/.env.git?%7B%22path%22%3A%22%2Fhome%2Faleksandr%2Fkreshenie_bot%2F.env%22%2C%22ref%22%3A%22%22%7D
2025-10-15 01:14:36.018 [info] > git ls-files --stage -- .env [5ms]
2025-10-15 01:14:36.027 [warning] [GitFileSystemProvider][stat] File not found - git:/home/aleksandr/kreshenie_bot/.env.git?%7B%22path%22%3A%22%2Fhome%2Faleksandr%2Fkreshenie_bot%2F.env%22%2C%22ref%22%3A%22%22%7D
2025-10-15 01:14:51.101 [info] > git log --format=%H%n%aN%n%aE%n%at%n%ct%n%P%n%D%n%B -z --shortstat --diff-merges=first-parent -n50 --skip=0 --topo-order --decorate=full --stdin [26ms]
2025-10-15 01:15:19.370 [info] > git add -A -- . [37ms]
2025-10-15 01:15:19.512 [info] > git -c user.useConfigOnly=true commit --quiet --allow-empty-message --file - [85ms]
2025-10-15 01:15:19.599 [info] > git config --get commit.template [5ms]
2025-10-15 01:15:19.651 [info] > git config --get commit.template [3ms]
2025-10-15 01:15:19.705 [info] > git for-each-ref --format=%(refname)%00%(upstream:short)%00%(objectname)%00%(upstream:track)%00%(upstream:remotename)%00%(upstream:remoteref) refs/heads/master refs/remotes/master [21ms]
2025-10-15 01:15:19.823 [info] > git status -z -uall [60ms]
2025-10-15 01:15:19.826 [info] > git for-each-ref --sort -committerdate --format %(refname)%00%(objectname)%00%(*objectname) [12ms]
2025-10-15 01:15:19.979 [info] > git merge-base refs/heads/master refs/remotes/origin/master [34ms]
2025-10-15 01:15:20.037 [info] > git blame --root --incremental a1b1a917073a8f55b46cf6a427bc7d5b74f62975 -- .env [135ms]
2025-10-15 01:15:20.043 [info] fatal: нет такого пути .env в a1b1a917073a8f55b46cf6a427bc7d5b74f62975
2025-10-15 01:15:20.056 [info] > git diff --name-status -z --diff-filter=ADMR 4011386b3f2a2fe08123df607de8b4a1bccdfad1...refs/remotes/origin/master [21ms]
2025-10-15 01:15:20.177 [info] > git log --format=%H%n%aN%n%aE%n%at%n%ct%n%P%n%D%n%B -z --shortstat --diff-merges=first-parent -n50 --skip=0 --topo-order --decorate=full --stdin [30ms]
2025-10-15 01:15:20.307 [info] > git config --get commit.template [10ms]
2025-10-15 01:15:20.356 [info] > git for-each-ref --format=%(refname)%00%(upstream:short)%00%(objectname)%00%(upstream:track)%00%(upstream:remotename)%00%(upstream:remoteref) refs/heads/master refs/remotes/master [16ms]
2025-10-15 01:15:20.510 [info] > git status -z -uall [75ms]
2025-10-15 01:15:20.517 [info] > git for-each-ref --sort -committerdate --format %(refname)%00%(objectname)%00%(*objectname) [13ms]
2025-10-15 01:15:36.833 [info] > git push origin master:master [2553ms]
2025-10-15 01:15:36.833 [info] To https://github.com/AleksBartov/kreshenie_bot.git
   4011386..a1b1a91  master -> master
2025-10-15 01:15:36.873 [info] > git config --get commit.template [8ms]
2025-10-15 01:15:36.931 [info] > git for-each-ref --format=%(refname)%00%(upstream:short)%00%(objectname)%00%(upstream:track)%00%(upstream:remotename)%00%(upstream:remoteref) refs/heads/master refs/remotes/master [16ms]
2025-10-15 01:15:37.032 [info] > git status -z -uall [58ms]
2025-10-15 01:15:37.045 [info] > git for-each-ref --sort -committerdate --format %(refname)%00%(objectname)%00%(*objectname) [17ms]
2025-10-15 01:15:37.177 [info] > git merge-base refs/heads/master refs/remotes/origin/master [17ms]
2025-10-15 01:15:37.311 [info] > git diff --name-status -z --diff-filter=ADMR a1b1a917073a8f55b46cf6a427bc7d5b74f62975...refs/remotes/origin/master [75ms]
2025-10-15 01:15:37.341 [info] > git log --format=%H%n%aN%n%aE%n%at%n%ct%n%P%n%D%n%B -z --shortstat --diff-merges=first-parent -n50 --skip=0 --topo-order --decorate=full --stdin [40ms]
