2025-10-17 23:18:16.375 [info] [main] Log level: Info
2025-10-17 23:18:16.375 [info] [main] Validating found git in: "git"
2025-10-17 23:18:16.375 [info] [main] Using git "2.43.0" from "git"
2025-10-17 23:18:16.375 [info] [Model][doInitialScan] Initial repository scan started
2025-10-17 23:18:16.375 [info] > git rev-parse --show-toplevel [98ms]
2025-10-17 23:18:16.375 [info] > git rev-parse --git-dir --git-common-dir --show-superproject-working-tree [149ms]
2025-10-17 23:18:16.375 [info] [Model][openRepository] Opened repository (path): /home/aleksandr/school_bot
2025-10-17 23:18:16.375 [info] [Model][openRepository] Opened repository (real path): /home/aleksandr/school_bot
2025-10-17 23:18:16.375 [info] [Model][openRepository] Opened repository (kind): repository
2025-10-17 23:18:16.375 [info] > git rev-parse --show-toplevel [407ms]
2025-10-17 23:18:16.375 [info] [Model][doInitialScan] Initial repository scan completed - repositories (1), closed repositories (0), parent repositories (0), unsafe repositories (0)
2025-10-17 23:18:16.375 [info] > git config --get commit.template [466ms]
2025-10-17 23:18:25.612 [info] > git for-each-ref --format=%(refname)%00%(upstream:short)%00%(objectname)%00%(upstream:track)%00%(upstream:remotename)%00%(upstream:remoteref) refs/heads/master refs/remotes/master [9241ms]
2025-10-17 23:18:26.367 [info] > git check-ignore -v -z --stdin [733ms]
2025-10-17 23:18:28.028 [info] > git status -z -uall [1215ms]
2025-10-17 23:18:28.029 [info] > git for-each-ref --sort -committerdate --format %(refname)%00%(objectname)%00%(*objectname) [1170ms]
2025-10-17 23:18:29.913 [info] > git for-each-ref --format=%(refname)%00%(upstream:short)%00%(objectname)%00%(upstream:track)%00%(upstream:remotename)%00%(upstream:remoteref) refs/heads/master refs/remotes/master [1665ms]
2025-10-17 23:18:30.261 [info] > git config --get --local branch.master.vscode-merge-base [315ms]
2025-10-17 23:18:30.261 [warning] [Git][config] git config failed: Failed to execute git
2025-10-17 23:18:30.295 [info] > git config --get commit.template [469ms]
2025-10-17 23:18:30.346 [info] > git reflog master --grep-reflog=branch: Created from *. [55ms]
2025-10-17 23:18:30.435 [info] > git symbolic-ref --short refs/remotes/origin/HEAD [61ms]
2025-10-17 23:18:30.435 [info] fatal: ref refs/remotes/origin/HEAD is not a symbolic ref
2025-10-17 23:18:30.436 [warning] [Repository][getDefaultBranch] Failed to get default branch details: Failed to execute git.
2025-10-17 23:18:30.519 [info] > git merge-base refs/heads/master refs/remotes/origin/master [55ms]
2025-10-17 23:18:30.551 [info] > git for-each-ref --format=%(refname)%00%(upstream:short)%00%(objectname)%00%(upstream:track)%00%(upstream:remotename)%00%(upstream:remoteref) refs/heads/master refs/remotes/master [141ms]
2025-10-17 23:18:31.028 [info] > git diff --name-status -z --diff-filter=ADMR 5dacd733d1bfc43dce732cf5f279fe24ab82fdb3...refs/remotes/origin/master [479ms]
2025-10-17 23:18:31.811 [info] > git status -z -uall [62ms]
2025-10-17 23:18:31.856 [info] > git for-each-ref --sort -committerdate --format %(refname)%00%(objectname)%00%(*objectname) [72ms]
2025-10-17 23:18:32.405 [info] > git config --get commit.template [12ms]
2025-10-17 23:18:32.537 [info] > git for-each-ref --format=%(refname)%00%(upstream:short)%00%(objectname)%00%(upstream:track)%00%(upstream:remotename)%00%(upstream:remoteref) refs/heads/master refs/remotes/master [21ms]
2025-10-17 23:18:32.636 [info] > git status -z -uall [59ms]
2025-10-17 23:18:32.649 [info] > git for-each-ref --sort -committerdate --format %(refname)%00%(objectname)%00%(*objectname) [26ms]
2025-10-17 23:18:59.824 [info] > git config --get commit.template [1ms]
2025-10-17 23:18:59.879 [info] > git check-ignore -v -z --stdin [31ms]
2025-10-17 23:18:59.884 [info] > git for-each-ref --format=%(refname)%00%(upstream:short)%00%(objectname)%00%(upstream:track)%00%(upstream:remotename)%00%(upstream:remoteref) refs/heads/master refs/remotes/master [13ms]
2025-10-17 23:18:59.972 [info] > git status -z -uall [63ms]
2025-10-17 23:18:59.984 [info] > git for-each-ref --sort -committerdate --format %(refname)%00%(objectname)%00%(*objectname) [18ms]
2025-10-17 23:19:22.080 [info] > git check-ignore -v -z --stdin [3ms]
2025-10-17 23:19:22.084 [info] > git for-each-ref --format=%(refname)%00%(upstream:short)%00%(objectname)%00%(upstream:track)%00%(upstream:remotename)%00%(upstream:remoteref) refs/heads/master refs/remotes/master [34ms]
2025-10-17 23:19:22.084 [info] > git config --get commit.template [54ms]
2025-10-17 23:19:22.140 [info] > git status -z -uall [29ms]
2025-10-17 23:19:22.142 [info] > git for-each-ref --sort -committerdate --format %(refname)%00%(objectname)%00%(*objectname) [8ms]
2025-10-17 23:19:31.685 [info] > git check-ignore -v -z --stdin [18ms]
2025-10-17 23:19:31.690 [info] > git config --get commit.template [991ms]
2025-10-17 23:19:31.755 [info] > git for-each-ref --format=%(refname)%00%(upstream:short)%00%(objectname)%00%(upstream:track)%00%(upstream:remotename)%00%(upstream:remoteref) refs/heads/master refs/remotes/master [11ms]
2025-10-17 23:19:31.808 [info] > git status -z -uall [30ms]
2025-10-17 23:19:31.812 [info] > git for-each-ref --sort -committerdate --format %(refname)%00%(objectname)%00%(*objectname) [5ms]
2025-10-17 23:19:53.941 [info] > git config --get commit.template [25ms]
2025-10-17 23:19:53.949 [info] > git for-each-ref --format=%(refname)%00%(upstream:short)%00%(objectname)%00%(upstream:track)%00%(upstream:remotename)%00%(upstream:remoteref) refs/heads/master refs/remotes/master [9ms]
2025-10-17 23:19:54.002 [info] > git status -z -uall [27ms]
2025-10-17 23:19:54.006 [info] > git for-each-ref --sort -committerdate --format %(refname)%00%(objectname)%00%(*objectname) [10ms]
2025-10-17 23:21:17.754 [info] > git config --get commit.template [35ms]
2025-10-17 23:21:17.757 [info] > git for-each-ref --format=%(refname)%00%(upstream:short)%00%(objectname)%00%(upstream:track)%00%(upstream:remotename)%00%(upstream:remoteref) refs/heads/master refs/remotes/master [7ms]
2025-10-17 23:21:17.821 [info] > git status -z -uall [30ms]
2025-10-17 23:21:17.824 [info] > git for-each-ref --sort -committerdate --format %(refname)%00%(objectname)%00%(*objectname) [8ms]
2025-10-17 23:21:21.511 [info] > git check-ignore -v -z --stdin [5ms]
2025-10-17 23:21:40.186 [info] > git show --textconv :package.json [77ms]
2025-10-17 23:21:40.200 [info] > git ls-files --stage -- package.json [38ms]
2025-10-17 23:21:40.244 [info] > git cat-file -s 5a976d466b39af5b85587a9bce24cbe45fdf31a5 [21ms]
2025-10-17 23:21:40.907 [info] > git blame --root --incremental 5dacd733d1bfc43dce732cf5f279fe24ab82fdb3 -- package.json [31ms]
2025-10-17 23:22:35.319 [info] > git config --get commit.template [24ms]
2025-10-17 23:22:35.325 [info] > git for-each-ref --format=%(refname)%00%(upstream:short)%00%(objectname)%00%(upstream:track)%00%(upstream:remotename)%00%(upstream:remoteref) refs/heads/master refs/remotes/master [8ms]
2025-10-17 23:22:35.378 [info] > git status -z -uall [32ms]
2025-10-17 23:22:35.379 [info] > git for-each-ref --sort -committerdate --format %(refname)%00%(objectname)%00%(*objectname) [8ms]
2025-10-17 23:22:41.867 [info] > git show --textconv :package.json [53ms]
2025-10-17 23:22:41.868 [info] > git ls-files --stage -- package.json [3ms]
2025-10-17 23:22:41.902 [info] > git cat-file -s 5a976d466b39af5b85587a9bce24cbe45fdf31a5 [7ms]
2025-10-17 23:23:18.860 [info] > git ls-files --stage -- .env [15ms]
2025-10-17 23:23:18.897 [info] > git show --textconv :.env [107ms]
2025-10-17 23:23:18.952 [info] > git hash-object -t tree /dev/null [59ms]
2025-10-17 23:23:18.957 [warning] [GitFileSystemProvider][stat] File not found - git:/home/aleksandr/school_bot/.env.git?%7B%22path%22%3A%22%2Fhome%2Faleksandr%2Fschool_bot%2F.env%22%2C%22ref%22%3A%22%22%7D
2025-10-17 23:23:18.978 [info] > git hash-object -t tree /dev/null [34ms]
2025-10-17 23:23:18.978 [warning] [GitFileSystemProvider][readFile] File not found - git:/home/aleksandr/school_bot/.env.git?%7B%22path%22%3A%22%2Fhome%2Faleksandr%2Fschool_bot%2F.env%22%2C%22ref%22%3A%22%22%7D
2025-10-17 23:23:22.525 [info] > git blame --root --incremental 5dacd733d1bfc43dce732cf5f279fe24ab82fdb3 -- .env [15ms]
2025-10-17 23:23:22.525 [info] fatal: нет такого пути .env в 5dacd733d1bfc43dce732cf5f279fe24ab82fdb3
2025-10-17 23:23:43.046 [info] > git show --textconv :index.js [99ms]
2025-10-17 23:23:43.079 [info] > git ls-files --stage -- index.js [34ms]
2025-10-17 23:23:43.168 [info] > git cat-file -s 797c868cfaf4c51bfa9db1baf0006a6e35826f9a [12ms]
2025-10-17 23:23:43.407 [info] > git blame --root --incremental 5dacd733d1bfc43dce732cf5f279fe24ab82fdb3 -- index.js [31ms]
2025-10-17 23:23:56.096 [info] > git show --textconv :.env [138ms]
2025-10-17 23:23:56.109 [warning] [GitFileSystemProvider][readFile] File not found - git:/home/aleksandr/school_bot/.env.git?%7B%22path%22%3A%22%2Fhome%2Faleksandr%2Fschool_bot%2F.env%22%2C%22ref%22%3A%22%22%7D
2025-10-17 23:23:56.115 [info] > git ls-files --stage -- .env [48ms]
2025-10-17 23:23:56.116 [warning] [GitFileSystemProvider][stat] File not found - git:/home/aleksandr/school_bot/.env.git?%7B%22path%22%3A%22%2Fhome%2Faleksandr%2Fschool_bot%2F.env%22%2C%22ref%22%3A%22%22%7D
2025-10-17 23:24:00.714 [info] > git config --get commit.template [21ms]
2025-10-17 23:24:00.716 [info] > git for-each-ref --format=%(refname)%00%(upstream:short)%00%(objectname)%00%(upstream:track)%00%(upstream:remotename)%00%(upstream:remoteref) refs/heads/master refs/remotes/master [4ms]
2025-10-17 23:24:00.765 [info] > git status -z -uall [25ms]
2025-10-17 23:24:00.770 [info] > git for-each-ref --sort -committerdate --format %(refname)%00%(objectname)%00%(*objectname) [7ms]
2025-10-17 23:24:01.899 [info] > git show --textconv :index.js [67ms]
2025-10-17 23:24:01.917 [info] > git ls-files --stage -- index.js [38ms]
2025-10-17 23:24:02.021 [info] > git cat-file -s 797c868cfaf4c51bfa9db1baf0006a6e35826f9a [22ms]
2025-10-17 23:24:07.003 [info] > git show --textconv :.env [51ms]
2025-10-17 23:24:07.004 [info] > git ls-files --stage -- .env [3ms]
2025-10-17 23:24:07.005 [warning] [GitFileSystemProvider][stat] File not found - git:/home/aleksandr/school_bot/.env.git?%7B%22path%22%3A%22%2Fhome%2Faleksandr%2Fschool_bot%2F.env%22%2C%22ref%22%3A%22%22%7D
2025-10-17 23:24:07.007 [warning] [GitFileSystemProvider][readFile] File not found - git:/home/aleksandr/school_bot/.env.git?%7B%22path%22%3A%22%2Fhome%2Faleksandr%2Fschool_bot%2F.env%22%2C%22ref%22%3A%22%22%7D
2025-10-17 23:24:07.420 [info] > git config --get commit.template [6ms]
2025-10-17 23:24:07.467 [info] > git for-each-ref --format=%(refname)%00%(upstream:short)%00%(objectname)%00%(upstream:track)%00%(upstream:remotename)%00%(upstream:remoteref) refs/heads/master refs/remotes/master [7ms]
2025-10-17 23:24:07.563 [info] > git status -z -uall [43ms]
2025-10-17 23:24:07.566 [info] > git for-each-ref --sort -committerdate --format %(refname)%00%(objectname)%00%(*objectname) [4ms]
2025-10-17 23:24:09.069 [info] > git show --textconv :index.js [44ms]
2025-10-17 23:24:09.075 [info] > git ls-files --stage -- index.js [10ms]
2025-10-17 23:24:09.115 [info] > git cat-file -s 797c868cfaf4c51bfa9db1baf0006a6e35826f9a [4ms]
2025-10-17 23:24:16.007 [info] > git show --textconv :.env [47ms]
2025-10-17 23:24:16.013 [warning] [GitFileSystemProvider][readFile] File not found - git:/home/aleksandr/school_bot/.env.git?%7B%22path%22%3A%22%2Fhome%2Faleksandr%2Fschool_bot%2F.env%22%2C%22ref%22%3A%22%22%7D
2025-10-17 23:24:16.019 [info] > git ls-files --stage -- .env [16ms]
2025-10-17 23:24:16.022 [warning] [GitFileSystemProvider][stat] File not found - git:/home/aleksandr/school_bot/.env.git?%7B%22path%22%3A%22%2Fhome%2Faleksandr%2Fschool_bot%2F.env%22%2C%22ref%22%3A%22%22%7D
2025-10-17 23:24:16.835 [info] > git config --get commit.template [18ms]
2025-10-17 23:24:16.838 [info] > git for-each-ref --format=%(refname)%00%(upstream:short)%00%(objectname)%00%(upstream:track)%00%(upstream:remotename)%00%(upstream:remoteref) refs/heads/master refs/remotes/master [4ms]
2025-10-17 23:24:16.880 [info] > git status -z -uall [25ms]
2025-10-17 23:24:16.880 [info] > git for-each-ref --sort -committerdate --format %(refname)%00%(objectname)%00%(*objectname) [4ms]
2025-10-17 23:27:36.110 [info] > git check-ignore -v -z --stdin [3ms]
2025-10-17 23:27:41.063 [info] > git config --get commit.template [19ms]
2025-10-17 23:27:41.066 [info] > git for-each-ref --format=%(refname)%00%(upstream:short)%00%(objectname)%00%(upstream:track)%00%(upstream:remotename)%00%(upstream:remoteref) refs/heads/master refs/remotes/master [4ms]
2025-10-17 23:27:41.104 [info] > git status -z -uall [21ms]
2025-10-17 23:27:41.107 [info] > git for-each-ref --sort -committerdate --format %(refname)%00%(objectname)%00%(*objectname) [4ms]
2025-10-17 23:28:12.056 [info] > git config --get commit.template [27ms]
2025-10-17 23:28:12.059 [info] > git for-each-ref --format=%(refname)%00%(upstream:short)%00%(objectname)%00%(upstream:track)%00%(upstream:remotename)%00%(upstream:remoteref) refs/heads/master refs/remotes/master [7ms]
2025-10-17 23:28:12.108 [info] > git status -z -uall [30ms]
2025-10-17 23:28:12.112 [info] > git for-each-ref --sort -committerdate --format %(refname)%00%(objectname)%00%(*objectname) [6ms]
2025-10-17 23:28:37.960 [info] > git config --get commit.template [76ms]
2025-10-17 23:28:37.962 [info] > git for-each-ref --format=%(refname)%00%(upstream:short)%00%(objectname)%00%(upstream:track)%00%(upstream:remotename)%00%(upstream:remoteref) refs/heads/master refs/remotes/master [8ms]
2025-10-17 23:28:38.113 [info] > git status -z -uall [82ms]
2025-10-17 23:28:38.120 [info] > git for-each-ref --sort -committerdate --format %(refname)%00%(objectname)%00%(*objectname) [12ms]
2025-10-17 23:29:05.328 [info] > git config --get commit.template [83ms]
2025-10-17 23:29:05.333 [info] > git for-each-ref --format=%(refname)%00%(upstream:short)%00%(objectname)%00%(upstream:track)%00%(upstream:remotename)%00%(upstream:remoteref) refs/heads/master refs/remotes/master [11ms]
2025-10-17 23:29:05.421 [info] > git status -z -uall [53ms]
2025-10-17 23:29:05.424 [info] > git for-each-ref --sort -committerdate --format %(refname)%00%(objectname)%00%(*objectname) [14ms]
2025-10-17 23:34:06.526 [info] > git config --get commit.template [27ms]
2025-10-17 23:34:06.528 [info] > git for-each-ref --format=%(refname)%00%(upstream:short)%00%(objectname)%00%(upstream:track)%00%(upstream:remotename)%00%(upstream:remoteref) refs/heads/master refs/remotes/master [8ms]
2025-10-17 23:34:06.580 [info] > git status -z -uall [32ms]
2025-10-17 23:34:06.585 [info] > git for-each-ref --sort -committerdate --format %(refname)%00%(objectname)%00%(*objectname) [7ms]
2025-10-17 23:45:47.075 [info] > git for-each-ref --format=%(refname)%00%(upstream:short)%00%(objectname)%00%(upstream:track)%00%(upstream:remotename)%00%(upstream:remoteref) refs/heads/master refs/remotes/master [15ms]
2025-10-17 23:45:47.075 [info] > git config --get commit.template [134ms]
2025-10-17 23:45:47.226 [info] > git status -z -uall [70ms]
2025-10-17 23:45:47.235 [info] > git for-each-ref --sort -committerdate --format %(refname)%00%(objectname)%00%(*objectname) [10ms]
2025-10-17 23:46:13.178 [info] > git config --get commit.template [64ms]
2025-10-17 23:46:13.187 [info] > git for-each-ref --format=%(refname)%00%(upstream:short)%00%(objectname)%00%(upstream:track)%00%(upstream:remotename)%00%(upstream:remoteref) refs/heads/master refs/remotes/master [10ms]
2025-10-17 23:46:13.377 [info] > git status -z -uall [115ms]
2025-10-17 23:46:13.392 [info] > git for-each-ref --sort -committerdate --format %(refname)%00%(objectname)%00%(*objectname) [19ms]
2025-10-17 23:51:04.417 [info] > git config --get commit.template [31ms]
2025-10-17 23:51:04.422 [info] > git for-each-ref --format=%(refname)%00%(upstream:short)%00%(objectname)%00%(upstream:track)%00%(upstream:remotename)%00%(upstream:remoteref) refs/heads/master refs/remotes/master [7ms]
2025-10-17 23:51:04.480 [info] > git status -z -uall [29ms]
2025-10-17 23:51:04.488 [info] > git for-each-ref --sort -committerdate --format %(refname)%00%(objectname)%00%(*objectname) [10ms]
2025-10-18 00:02:55.509 [info] > git config --get commit.template [42ms]
2025-10-18 00:02:55.521 [info] > git for-each-ref --format=%(refname)%00%(upstream:short)%00%(objectname)%00%(upstream:track)%00%(upstream:remotename)%00%(upstream:remoteref) refs/heads/master refs/remotes/master [14ms]
2025-10-18 00:02:55.575 [info] > git status -z -uall [33ms]
2025-10-18 00:02:55.578 [info] > git for-each-ref --sort -committerdate --format %(refname)%00%(objectname)%00%(*objectname) [9ms]
2025-10-18 00:04:26.618 [info] > git config --get commit.template [28ms]
2025-10-18 00:04:26.621 [info] > git for-each-ref --format=%(refname)%00%(upstream:short)%00%(objectname)%00%(upstream:track)%00%(upstream:remotename)%00%(upstream:remoteref) refs/heads/master refs/remotes/master [5ms]
2025-10-18 00:04:26.697 [info] > git status -z -uall [43ms]
2025-10-18 00:04:26.711 [info] > git for-each-ref --sort -committerdate --format %(refname)%00%(objectname)%00%(*objectname) [20ms]
2025-10-18 00:13:40.227 [info] > git config --get commit.template [25ms]
2025-10-18 00:13:40.230 [info] > git for-each-ref --format=%(refname)%00%(upstream:short)%00%(objectname)%00%(upstream:track)%00%(upstream:remotename)%00%(upstream:remoteref) refs/heads/master refs/remotes/master [4ms]
2025-10-18 00:13:40.270 [info] > git status -z -uall [21ms]
2025-10-18 00:13:40.273 [info] > git for-each-ref --sort -committerdate --format %(refname)%00%(objectname)%00%(*objectname) [4ms]
2025-10-18 00:14:40.282 [info] > git config --get commit.template [4ms]
2025-10-18 00:14:40.357 [info] > git for-each-ref --format=%(refname)%00%(upstream:short)%00%(objectname)%00%(upstream:track)%00%(upstream:remotename)%00%(upstream:remoteref) refs/heads/master refs/remotes/master [11ms]
2025-10-18 00:14:40.477 [info] > git status -z -uall [68ms]
2025-10-18 00:14:40.486 [info] > git for-each-ref --sort -committerdate --format %(refname)%00%(objectname)%00%(*objectname) [14ms]
2025-10-18 00:23:49.835 [info] > git config --get commit.template [6ms]
2025-10-18 00:23:49.874 [info] > git for-each-ref --format=%(refname)%00%(upstream:short)%00%(objectname)%00%(upstream:track)%00%(upstream:remotename)%00%(upstream:remoteref) refs/heads/master refs/remotes/master [8ms]
2025-10-18 00:23:49.955 [info] > git status -z -uall [46ms]
2025-10-18 00:23:49.955 [info] > git for-each-ref --sort -committerdate --format %(refname)%00%(objectname)%00%(*objectname) [1ms]
2025-10-18 00:27:44.740 [info] > git config --get commit.template [28ms]
2025-10-18 00:27:44.743 [info] > git for-each-ref --format=%(refname)%00%(upstream:short)%00%(objectname)%00%(upstream:track)%00%(upstream:remotename)%00%(upstream:remoteref) refs/heads/master refs/remotes/master [5ms]
2025-10-18 00:27:44.801 [info] > git status -z -uall [35ms]
2025-10-18 00:27:44.805 [info] > git for-each-ref --sort -committerdate --format %(refname)%00%(objectname)%00%(*objectname) [11ms]
2025-10-18 00:29:29.591 [info] > git config --get commit.template [38ms]
2025-10-18 00:29:29.592 [info] > git for-each-ref --format=%(refname)%00%(upstream:short)%00%(objectname)%00%(upstream:track)%00%(upstream:remotename)%00%(upstream:remoteref) refs/heads/master refs/remotes/master [9ms]
2025-10-18 00:29:29.644 [info] > git status -z -uall [25ms]
2025-10-18 00:29:29.649 [info] > git for-each-ref --sort -committerdate --format %(refname)%00%(objectname)%00%(*objectname) [6ms]
2025-10-18 00:29:30.080 [info] > git show --textconv :bot.js [93ms]
2025-10-18 00:29:30.081 [info] > git show --textconv HEAD:bot.js [68ms]
2025-10-18 00:29:30.081 [info] > git ls-files --stage -- bot.js [40ms]
2025-10-18 00:29:30.106 [warning] [GitFileSystemProvider][readFile] File not found - git:/home/aleksandr/school_bot/bot.js.git?%7B%22path%22%3A%22%2Fhome%2Faleksandr%2Fschool_bot%2Fbot.js%22%2C%22ref%22%3A%22HEAD%22%7D
2025-10-18 00:29:30.115 [info] > git cat-file -s 14fa31e58718e96f199739807a3c293abdbe26f8 [10ms]
2025-10-18 00:29:30.121 [info] > git ls-tree -l HEAD -- bot.js [51ms]
2025-10-18 00:29:30.125 [warning] [GitFileSystemProvider][stat] File not found - git:/home/aleksandr/school_bot/bot.js.git?%7B%22path%22%3A%22%2Fhome%2Faleksandr%2Fschool_bot%2Fbot.js%22%2C%22ref%22%3A%22HEAD%22%7D
2025-10-18 00:29:30.642 [info] > git blame --root --incremental 5dacd733d1bfc43dce732cf5f279fe24ab82fdb3 -- bot.js [15ms]
2025-10-18 00:29:30.642 [info] fatal: нет такого пути bot.js в 5dacd733d1bfc43dce732cf5f279fe24ab82fdb3
2025-10-18 00:29:30.849 [info] > git ls-files --stage -- bot.js [21ms]
2025-10-18 00:29:30.953 [info] > git cat-file -s 14fa31e58718e96f199739807a3c293abdbe26f8 [14ms]
2025-10-18 00:29:31.145 [info] > git show --textconv :bot.js [22ms]
2025-10-18 00:29:51.074 [info] > git config --get commit.template [10ms]
2025-10-18 00:29:51.144 [info] > git for-each-ref --format=%(refname)%00%(upstream:short)%00%(objectname)%00%(upstream:track)%00%(upstream:remotename)%00%(upstream:remoteref) refs/heads/master refs/remotes/master [13ms]
2025-10-18 00:29:51.205 [info] > git status -z -uall [38ms]
2025-10-18 00:29:51.217 [info] > git for-each-ref --sort -committerdate --format %(refname)%00%(objectname)%00%(*objectname) [13ms]
2025-10-18 00:29:51.299 [info] > git blame --root --incremental 8e5aaa39087669c33a8462de1c0105592ecdd6ff -- bot.js [45ms]
2025-10-18 00:29:51.309 [info] > git merge-base refs/heads/master refs/remotes/origin/master [16ms]
2025-10-18 00:29:51.348 [info] > git diff --name-status -z --diff-filter=ADMR 5dacd733d1bfc43dce732cf5f279fe24ab82fdb3...refs/remotes/origin/master [14ms]
2025-10-18 00:29:52.205 [info] > git ls-files --stage -- bot.js [5ms]
2025-10-18 00:29:52.234 [info] > git cat-file -s 14fa31e58718e96f199739807a3c293abdbe26f8 [7ms]
2025-10-18 00:29:52.267 [info] > git show --textconv :bot.js [6ms]
2025-10-18 00:29:58.994 [info] > git config --get commit.template [21ms]
2025-10-18 00:29:59.020 [info] > git for-each-ref --format=%(refname)%00%(upstream:short)%00%(objectname)%00%(upstream:track)%00%(upstream:remotename)%00%(upstream:remoteref) refs/heads/master refs/remotes/master [4ms]
2025-10-18 00:29:59.071 [info] > git status -z -uall [30ms]
2025-10-18 00:29:59.074 [info] > git for-each-ref --sort -committerdate --format %(refname)%00%(objectname)%00%(*objectname) [7ms]
2025-10-18 00:29:59.119 [info] > git merge-base refs/heads/master refs/remotes/origin/master [6ms]
2025-10-18 00:29:59.143 [info] > git diff --name-status -z --diff-filter=ADMR 8e5aaa39087669c33a8462de1c0105592ecdd6ff...refs/remotes/origin/master [3ms]
2025-10-18 00:30:00.111 [info] > git ls-files --stage -- bot.js [4ms]
2025-10-18 00:30:00.139 [info] > git cat-file -s 14fa31e58718e96f199739807a3c293abdbe26f8 [5ms]
2025-10-18 00:30:00.169 [info] > git show --textconv :bot.js [7ms]
