2025-10-10 23:26:50.787 [info] [main] Log level: Info
2025-10-10 23:26:50.787 [info] [main] Validating found git in: "git"
2025-10-10 23:26:50.787 [info] [main] Using git "2.43.0" from "git"
2025-10-10 23:26:50.787 [info] [Model][doInitialScan] Initial repository scan started
2025-10-10 23:26:50.787 [info] > git rev-parse --show-toplevel [101ms]
2025-10-10 23:26:50.788 [info] > git rev-parse --git-dir --git-common-dir --show-superproject-working-tree [36ms]
2025-10-10 23:26:50.788 [info] [Model][openRepository] Opened repository (path): /home/aleksandr/kreshenie_bot
2025-10-10 23:26:50.788 [info] [Model][openRepository] Opened repository (real path): /home/aleksandr/kreshenie_bot
2025-10-10 23:26:50.788 [info] [Model][openRepository] Opened repository (kind): repository
2025-10-10 23:26:50.788 [info] [Model][doInitialScan] Initial repository scan completed - repositories (1), closed repositories (0), parent repositories (0), unsafe repositories (0)
2025-10-10 23:26:50.788 [info] > git config --get commit.template [15ms]
2025-10-10 23:26:51.090 [info] > git for-each-ref --format=%(refname)%00%(upstream:short)%00%(objectname)%00%(upstream:track)%00%(upstream:remotename)%00%(upstream:remoteref) refs/heads/master refs/remotes/master [546ms]
2025-10-10 23:26:51.134 [info] > git check-ignore -v -z --stdin [71ms]
2025-10-10 23:26:51.198 [info] > git status -z -uall [46ms]
2025-10-10 23:26:51.199 [info] > git for-each-ref --sort -committerdate --format %(refname)%00%(objectname)%00%(*objectname) [25ms]
2025-10-10 23:27:03.155 [info] > git for-each-ref --format=%(refname)%00%(upstream:short)%00%(objectname)%00%(upstream:track)%00%(upstream:remotename)%00%(upstream:remoteref) refs/heads/master refs/remotes/master [11722ms]
2025-10-10 23:27:03.812 [info] > git check-ignore -v -z --stdin [628ms]
2025-10-10 23:27:03.818 [info] > git config --get --local branch.master.vscode-merge-base [647ms]
2025-10-10 23:27:03.819 [warning] [Git][config] git config failed: Failed to execute git
2025-10-10 23:27:03.835 [info] > git config --get commit.template [682ms]
2025-10-10 23:27:03.967 [info] > git reflog master --grep-reflog=branch: Created from *. [134ms]
2025-10-10 23:27:04.447 [info] > git symbolic-ref --short refs/remotes/origin/HEAD [462ms]
2025-10-10 23:27:04.447 [info] fatal: ref refs/remotes/origin/HEAD is not a symbolic ref
2025-10-10 23:27:04.448 [warning] [Repository][getDefaultBranch] Failed to get default branch details: Failed to execute git.
2025-10-10 23:27:05.289 [info] > git merge-base refs/heads/master refs/remotes/origin/master [802ms]
2025-10-10 23:27:05.311 [info] > git for-each-ref --format=%(refname)%00%(upstream:short)%00%(objectname)%00%(upstream:track)%00%(upstream:remotename)%00%(upstream:remoteref) refs/heads/master refs/remotes/master [1002ms]
2025-10-10 23:27:05.501 [info] > git diff --name-status -z --diff-filter=ADMR d57b01027fc567f387c3ee444b6e5816ac491cda...refs/remotes/origin/master [192ms]
2025-10-10 23:27:08.057 [info] > git status -z -uall [734ms]
2025-10-10 23:27:08.059 [info] > git for-each-ref --sort -committerdate --format %(refname)%00%(objectname)%00%(*objectname) [690ms]
2025-10-10 23:27:10.224 [info] > git config --get commit.template [53ms]
2025-10-10 23:27:10.424 [info] > git for-each-ref --format=%(refname)%00%(upstream:short)%00%(objectname)%00%(upstream:track)%00%(upstream:remotename)%00%(upstream:remoteref) refs/heads/master refs/remotes/master [21ms]
2025-10-10 23:27:10.501 [info] > git status -z -uall [39ms]
2025-10-10 23:27:10.514 [info] > git for-each-ref --sort -committerdate --format %(refname)%00%(objectname)%00%(*objectname) [20ms]
2025-10-10 23:27:49.709 [info] > git config --get commit.template [30ms]
2025-10-10 23:27:49.712 [info] > git for-each-ref --format=%(refname)%00%(upstream:short)%00%(objectname)%00%(upstream:track)%00%(upstream:remotename)%00%(upstream:remoteref) refs/heads/master refs/remotes/master [7ms]
2025-10-10 23:27:49.773 [info] > git status -z -uall [35ms]
2025-10-10 23:27:49.776 [info] > git for-each-ref --sort -committerdate --format %(refname)%00%(objectname)%00%(*objectname) [7ms]
2025-10-10 23:28:28.549 [info] > git show --textconv :index.js [454ms]
2025-10-10 23:28:28.553 [info] > git ls-files --stage -- index.js [303ms]
2025-10-10 23:28:28.748 [info] > git cat-file -s 60091087ced84690c211f1dfaa2dfe4481583d50 [64ms]
2025-10-10 23:28:29.546 [info] > git blame --root --incremental d57b01027fc567f387c3ee444b6e5816ac491cda -- index.js [31ms]
2025-10-10 23:29:31.303 [info] > git config --get commit.template [4ms]
2025-10-10 23:29:31.331 [info] > git for-each-ref --format=%(refname)%00%(upstream:short)%00%(objectname)%00%(upstream:track)%00%(upstream:remotename)%00%(upstream:remoteref) refs/heads/master refs/remotes/master [6ms]
2025-10-10 23:29:31.389 [info] > git status -z -uall [35ms]
2025-10-10 23:29:31.393 [info] > git for-each-ref --sort -committerdate --format %(refname)%00%(objectname)%00%(*objectname) [8ms]
2025-10-10 23:31:55.610 [info] > git config --get commit.template [33ms]
2025-10-10 23:31:55.612 [info] > git for-each-ref --format=%(refname)%00%(upstream:short)%00%(objectname)%00%(upstream:track)%00%(upstream:remotename)%00%(upstream:remoteref) refs/heads/master refs/remotes/master [5ms]
2025-10-10 23:31:55.710 [info] > git status -z -uall [69ms]
2025-10-10 23:31:55.710 [info] > git for-each-ref --sort -committerdate --format %(refname)%00%(objectname)%00%(*objectname) [34ms]
2025-10-10 23:34:22.974 [info] > git config --get commit.template [39ms]
2025-10-10 23:34:22.976 [info] > git for-each-ref --format=%(refname)%00%(upstream:short)%00%(objectname)%00%(upstream:track)%00%(upstream:remotename)%00%(upstream:remoteref) refs/heads/master refs/remotes/master [4ms]
2025-10-10 23:34:23.033 [info] > git status -z -uall [32ms]
2025-10-10 23:34:23.041 [info] > git for-each-ref --sort -committerdate --format %(refname)%00%(objectname)%00%(*objectname) [12ms]
2025-10-10 23:35:08.703 [info] > git config --get commit.template [8ms]
2025-10-10 23:35:08.735 [info] > git for-each-ref --format=%(refname)%00%(upstream:short)%00%(objectname)%00%(upstream:track)%00%(upstream:remotename)%00%(upstream:remoteref) refs/heads/master refs/remotes/master [5ms]
2025-10-10 23:35:08.818 [info] > git status -z -uall [53ms]
2025-10-10 23:35:08.825 [info] > git for-each-ref --sort -committerdate --format %(refname)%00%(objectname)%00%(*objectname) [25ms]
2025-10-10 23:36:07.770 [info] > git config --get commit.template [7ms]
2025-10-10 23:36:07.800 [info] > git for-each-ref --format=%(refname)%00%(upstream:short)%00%(objectname)%00%(upstream:track)%00%(upstream:remotename)%00%(upstream:remoteref) refs/heads/master refs/remotes/master [2ms]
2025-10-10 23:36:07.866 [info] > git status -z -uall [30ms]
2025-10-10 23:36:07.872 [info] > git for-each-ref --sort -committerdate --format %(refname)%00%(objectname)%00%(*objectname) [8ms]
2025-10-10 23:39:05.606 [info] > git config --get commit.template [8ms]
2025-10-10 23:39:05.636 [info] > git for-each-ref --format=%(refname)%00%(upstream:short)%00%(objectname)%00%(upstream:track)%00%(upstream:remotename)%00%(upstream:remoteref) refs/heads/master refs/remotes/master [5ms]
2025-10-10 23:39:05.706 [info] > git status -z -uall [43ms]
2025-10-10 23:39:05.711 [info] > git for-each-ref --sort -committerdate --format %(refname)%00%(objectname)%00%(*objectname) [6ms]
2025-10-10 23:43:56.475 [info] > git config --get commit.template [29ms]
2025-10-10 23:43:56.479 [info] > git for-each-ref --format=%(refname)%00%(upstream:short)%00%(objectname)%00%(upstream:track)%00%(upstream:remotename)%00%(upstream:remoteref) refs/heads/master refs/remotes/master [7ms]
2025-10-10 23:43:56.541 [info] > git status -z -uall [29ms]
2025-10-10 23:43:56.546 [info] > git for-each-ref --sort -committerdate --format %(refname)%00%(objectname)%00%(*objectname) [10ms]
2025-10-10 23:49:59.683 [info] > git config --get commit.template [5ms]
2025-10-10 23:49:59.724 [info] > git for-each-ref --format=%(refname)%00%(upstream:short)%00%(objectname)%00%(upstream:track)%00%(upstream:remotename)%00%(upstream:remoteref) refs/heads/master refs/remotes/master [8ms]
2025-10-10 23:49:59.810 [info] > git status -z -uall [45ms]
2025-10-10 23:49:59.822 [info] > git for-each-ref --sort -committerdate --format %(refname)%00%(objectname)%00%(*objectname) [14ms]
2025-10-10 23:52:03.896 [info] > git config --get commit.template [72ms]
2025-10-10 23:52:03.921 [info] > git for-each-ref --format=%(refname)%00%(upstream:short)%00%(objectname)%00%(upstream:track)%00%(upstream:remotename)%00%(upstream:remoteref) refs/heads/master refs/remotes/master [28ms]
2025-10-10 23:52:04.008 [info] > git status -z -uall [41ms]
2025-10-10 23:52:04.012 [info] > git for-each-ref --sort -committerdate --format %(refname)%00%(objectname)%00%(*objectname) [10ms]
2025-10-10 23:52:35.265 [info] > git config --get commit.template [30ms]
2025-10-10 23:52:35.268 [info] > git for-each-ref --format=%(refname)%00%(upstream:short)%00%(objectname)%00%(upstream:track)%00%(upstream:remotename)%00%(upstream:remoteref) refs/heads/master refs/remotes/master [6ms]
2025-10-10 23:52:35.322 [info] > git status -z -uall [31ms]
2025-10-10 23:52:35.326 [info] > git for-each-ref --sort -committerdate --format %(refname)%00%(objectname)%00%(*objectname) [7ms]
2025-10-10 23:52:57.109 [info] > git config --get commit.template [6ms]
2025-10-10 23:52:57.160 [info] > git for-each-ref --format=%(refname)%00%(upstream:short)%00%(objectname)%00%(upstream:track)%00%(upstream:remotename)%00%(upstream:remoteref) refs/heads/master refs/remotes/master [7ms]
2025-10-10 23:52:57.221 [info] > git status -z -uall [32ms]
2025-10-10 23:52:57.229 [info] > git for-each-ref --sort -committerdate --format %(refname)%00%(objectname)%00%(*objectname) [9ms]
2025-10-10 23:54:19.521 [info] > git config --get commit.template [5ms]
2025-10-10 23:54:19.549 [info] > git for-each-ref --format=%(refname)%00%(upstream:short)%00%(objectname)%00%(upstream:track)%00%(upstream:remotename)%00%(upstream:remoteref) refs/heads/master refs/remotes/master [4ms]
2025-10-10 23:54:19.634 [info] > git status -z -uall [50ms]
2025-10-10 23:54:19.635 [info] > git for-each-ref --sort -committerdate --format %(refname)%00%(objectname)%00%(*objectname) [9ms]
2025-10-10 23:55:00.739 [info] > git config --get commit.template [32ms]
2025-10-10 23:55:00.741 [info] > git for-each-ref --format=%(refname)%00%(upstream:short)%00%(objectname)%00%(upstream:track)%00%(upstream:remotename)%00%(upstream:remoteref) refs/heads/master refs/remotes/master [5ms]
2025-10-10 23:55:00.810 [info] > git status -z -uall [39ms]
2025-10-10 23:55:00.811 [info] > git for-each-ref --sort -committerdate --format %(refname)%00%(objectname)%00%(*objectname) [11ms]
2025-10-11 00:00:13.683 [info] > git config --get commit.template [32ms]
2025-10-11 00:00:13.690 [info] > git for-each-ref --format=%(refname)%00%(upstream:short)%00%(objectname)%00%(upstream:track)%00%(upstream:remotename)%00%(upstream:remoteref) refs/heads/master refs/remotes/master [13ms]
2025-10-11 00:00:13.837 [info] > git status -z -uall [38ms]
2025-10-11 00:00:13.843 [info] > git for-each-ref --sort -committerdate --format %(refname)%00%(objectname)%00%(*objectname) [8ms]
2025-10-11 00:19:18.916 [info] > git config --get commit.template [34ms]
2025-10-11 00:19:18.930 [info] > git for-each-ref --format=%(refname)%00%(upstream:short)%00%(objectname)%00%(upstream:track)%00%(upstream:remotename)%00%(upstream:remoteref) refs/heads/master refs/remotes/master [15ms]
2025-10-11 00:19:19.005 [info] > git status -z -uall [37ms]
2025-10-11 00:19:19.019 [info] > git for-each-ref --sort -committerdate --format %(refname)%00%(objectname)%00%(*objectname) [18ms]
2025-10-11 00:19:53.826 [info] > git log --format=%H%n%aN%n%aE%n%at%n%ct%n%P%n%D%n%B -z --shortstat --diff-merges=first-parent -n50 --skip=0 --topo-order --decorate=full --stdin [16ms]
2025-10-11 00:19:58.245 [info] > git add -A -- index.js package-lock.json package.json [9ms]
2025-10-11 00:19:58.291 [info] > git config --get commit.template [22ms]
2025-10-11 00:19:58.293 [info] > git for-each-ref --format=%(refname)%00%(upstream:short)%00%(objectname)%00%(upstream:track)%00%(upstream:remotename)%00%(upstream:remoteref) refs/heads/master refs/remotes/master [3ms]
2025-10-11 00:19:58.348 [info] > git status -z -uall [35ms]
2025-10-11 00:19:58.349 [info] > git for-each-ref --sort -committerdate --format %(refname)%00%(objectname)%00%(*objectname) [6ms]
2025-10-11 00:19:58.804 [info] > git show --textconv HEAD:index.js [68ms]
2025-10-11 00:19:58.812 [info] > git ls-tree -l HEAD -- index.js [10ms]
2025-10-11 00:19:59.578 [info] > git ls-files --stage -- index.js [76ms]
2025-10-11 00:19:59.635 [info] > git ls-tree -l HEAD -- index.js [64ms]
2025-10-11 00:19:59.682 [info] > git cat-file -s 577fc9cb8323c4fe820bbfd1fb2e65d9a9c98d51 [53ms]
2025-10-11 00:19:59.689 [info] > git show --textconv HEAD:index.js [10ms]
2025-10-11 00:19:59.754 [info] > git show --textconv :index.js [7ms]
2025-10-11 00:20:19.833 [info] > git -c user.useConfigOnly=true commit --quiet --allow-empty-message --file - [56ms]
2025-10-11 00:20:19.866 [info] > git config --get commit.template [4ms]
2025-10-11 00:20:19.923 [info] > git config --get commit.template [19ms]
2025-10-11 00:20:19.988 [info] > git for-each-ref --format=%(refname)%00%(upstream:short)%00%(objectname)%00%(upstream:track)%00%(upstream:remotename)%00%(upstream:remoteref) refs/heads/master refs/remotes/master [23ms]
2025-10-11 00:20:20.154 [info] > git status -z -uall [97ms]
2025-10-11 00:20:20.159 [info] > git for-each-ref --sort -committerdate --format %(refname)%00%(objectname)%00%(*objectname) [20ms]
2025-10-11 00:20:20.313 [info] > git merge-base refs/heads/master refs/remotes/origin/master [31ms]
2025-10-11 00:20:20.349 [info] > git blame --root --incremental 4011386b3f2a2fe08123df607de8b4a1bccdfad1 -- index.js [128ms]
2025-10-11 00:20:20.360 [info] > git diff --name-status -z --diff-filter=ADMR d57b01027fc567f387c3ee444b6e5816ac491cda...refs/remotes/origin/master [12ms]
2025-10-11 00:20:20.428 [info] > git log --format=%H%n%aN%n%aE%n%at%n%ct%n%P%n%D%n%B -z --shortstat --diff-merges=first-parent -n50 --skip=0 --topo-order --decorate=full --stdin [27ms]
2025-10-11 00:20:20.493 [info] > git config --get commit.template [5ms]
2025-10-11 00:20:20.533 [info] > git for-each-ref --format=%(refname)%00%(upstream:short)%00%(objectname)%00%(upstream:track)%00%(upstream:remotename)%00%(upstream:remoteref) refs/heads/master refs/remotes/master [6ms]
2025-10-11 00:20:20.631 [info] > git status -z -uall [67ms]
2025-10-11 00:20:20.636 [info] > git for-each-ref --sort -committerdate --format %(refname)%00%(objectname)%00%(*objectname) [12ms]
2025-10-11 00:20:21.216 [info] > git ls-files --stage -- index.js [15ms]
2025-10-11 00:20:21.329 [info] > git cat-file -s 577fc9cb8323c4fe820bbfd1fb2e65d9a9c98d51 [21ms]
2025-10-11 00:20:21.444 [info] > git show --textconv :index.js [6ms]
2025-10-11 00:20:22.770 [info] > git log --oneline --cherry master...master@{upstream} -- [8ms]
2025-10-11 00:20:24.063 [info] > git ls-files --stage -- index.js [10ms]
2025-10-11 00:20:24.102 [info] > git cat-file -s 577fc9cb8323c4fe820bbfd1fb2e65d9a9c98d51 [4ms]
2025-10-11 00:20:24.168 [info] > git show --textconv :index.js [13ms]
2025-10-11 00:20:24.673 [info] > git pull --tags origin master [1863ms]
2025-10-11 00:20:24.673 [info] ะะท https://github.com/AleksBartov/kreshenie_bot
 * branch            master     -> FETCH_HEAD
2025-10-11 00:20:25.986 [info] > git ls-files --stage -- index.js [14ms]
2025-10-11 00:20:26.028 [info] > git cat-file -s 577fc9cb8323c4fe820bbfd1fb2e65d9a9c98d51 [6ms]
2025-10-11 00:20:26.083 [info] > git show --textconv :index.js [11ms]
2025-10-11 00:20:26.811 [info] > git push origin master:master [2115ms]
2025-10-11 00:20:26.811 [info] To https://github.com/AleksBartov/kreshenie_bot.git
   d57b010..4011386  master -> master
2025-10-11 00:20:26.845 [info] > git config --get commit.template [8ms]
2025-10-11 00:20:26.886 [info] > git for-each-ref --format=%(refname)%00%(upstream:short)%00%(objectname)%00%(upstream:track)%00%(upstream:remotename)%00%(upstream:remoteref) refs/heads/master refs/remotes/master [16ms]
2025-10-11 00:20:26.944 [info] > git status -z -uall [35ms]
2025-10-11 00:20:26.949 [info] > git for-each-ref --sort -committerdate --format %(refname)%00%(objectname)%00%(*objectname) [7ms]
2025-10-11 00:20:26.995 [info] > git merge-base refs/heads/master refs/remotes/origin/master [12ms]
2025-10-11 00:20:27.023 [info] > git diff --name-status -z --diff-filter=ADMR 4011386b3f2a2fe08123df607de8b4a1bccdfad1...refs/remotes/origin/master [6ms]
2025-10-11 00:20:27.142 [info] > git log --format=%H%n%aN%n%aE%n%at%n%ct%n%P%n%D%n%B -z --shortstat --diff-merges=first-parent -n50 --skip=0 --topo-order --decorate=full --stdin [29ms]
2025-10-11 00:20:28.005 [info] > git ls-files --stage -- index.js [3ms]
2025-10-11 00:20:28.026 [info] > git cat-file -s 577fc9cb8323c4fe820bbfd1fb2e65d9a9c98d51 [3ms]
2025-10-11 00:20:28.056 [info] > git show --textconv :index.js [3ms]
