2025-10-16 23:14:46.380 [info] [main] Log level: Info
2025-10-16 23:14:46.380 [info] [main] Validating found git in: "git"
2025-10-16 23:14:46.380 [info] [main] Using git "2.43.0" from "git"
2025-10-16 23:14:46.380 [info] [Model][doInitialScan] Initial repository scan started
2025-10-16 23:14:46.380 [info] > git rev-parse --show-toplevel [349ms]
2025-10-16 23:14:46.380 [info] > git rev-parse --git-dir --git-common-dir --show-superproject-working-tree [157ms]
2025-10-16 23:14:46.380 [info] [Model][openRepository] Opened repository (path): /home/aleksandr/kreshenie_bot
2025-10-16 23:14:46.380 [info] [Model][openRepository] Opened repository (real path): /home/aleksandr/kreshenie_bot
2025-10-16 23:14:46.380 [info] [Model][openRepository] Opened repository (kind): repository
2025-10-16 23:14:46.380 [info] > git rev-parse --show-toplevel [781ms]
2025-10-16 23:14:46.380 [info] > git config --get commit.template [850ms]
2025-10-16 23:14:46.381 [info] > git rev-parse --show-toplevel [175ms]
2025-10-16 23:14:46.466 [info] > git for-each-ref --format=%(refname)%00%(upstream:short)%00%(objectname)%00%(upstream:track)%00%(upstream:remotename)%00%(upstream:remoteref) refs/heads/master refs/remotes/master [91ms]
2025-10-16 23:14:46.490 [info] > git rev-parse --show-toplevel [31ms]
2025-10-16 23:14:46.701 [info] > git status -z -uall [78ms]
2025-10-16 23:14:46.701 [info] > git rev-parse --show-toplevel [139ms]
2025-10-16 23:14:46.767 [info] > git for-each-ref --sort -committerdate --format %(refname)%00%(objectname)%00%(*objectname) [73ms]
2025-10-16 23:14:47.275 [info] > git check-ignore -v -z --stdin [60ms]
2025-10-16 23:14:47.287 [info] > git for-each-ref --format=%(refname)%00%(upstream:short)%00%(objectname)%00%(upstream:track)%00%(upstream:remotename)%00%(upstream:remoteref) refs/heads/master refs/remotes/master [174ms]
2025-10-16 23:14:47.311 [info] > git rev-parse --show-toplevel [556ms]
2025-10-16 23:14:47.321 [info] [Model][doInitialScan] Initial repository scan completed - repositories (1), closed repositories (0), parent repositories (0), unsafe repositories (0)
2025-10-16 23:14:47.894 [info] > git config --get --local branch.master.vscode-merge-base [582ms]
2025-10-16 23:14:47.901 [warning] [Git][config] git config failed: Failed to execute git
2025-10-16 23:14:47.976 [info] > git config --get commit.template [708ms]
2025-10-16 23:14:48.098 [info] > git reflog master --grep-reflog=branch: Created from *. [123ms]
2025-10-16 23:14:48.136 [info] > git for-each-ref --format=%(refname)%00%(upstream:short)%00%(objectname)%00%(upstream:track)%00%(upstream:remotename)%00%(upstream:remoteref) refs/heads/master refs/remotes/master [62ms]
2025-10-16 23:14:48.162 [info] > git symbolic-ref --short refs/remotes/origin/HEAD [31ms]
2025-10-16 23:14:48.162 [info] fatal: ref refs/remotes/origin/HEAD is not a symbolic ref
2025-10-16 23:14:48.165 [warning] [Repository][getDefaultBranch] Failed to get default branch details: Failed to execute git.
2025-10-16 23:15:07.064 [info] > git merge-base refs/heads/master refs/remotes/origin/master [18843ms]
2025-10-16 23:15:07.896 [info] > git status -z -uall [92ms]
2025-10-16 23:15:07.896 [info] > git diff --name-status -z --diff-filter=ADMR ce10a6e7ab4b56f3ab51439a419a9a134503ce06...refs/remotes/origin/master [770ms]
2025-10-16 23:15:08.406 [info] > git for-each-ref --sort -committerdate --format %(refname)%00%(objectname)%00%(*objectname) [580ms]
2025-10-16 23:15:08.678 [info] > git check-ignore -v -z --stdin [760ms]
2025-10-16 23:15:12.428 [info] > git config --get commit.template [518ms]
2025-10-16 23:15:12.648 [info] > git for-each-ref --format=%(refname)%00%(upstream:short)%00%(objectname)%00%(upstream:track)%00%(upstream:remotename)%00%(upstream:remoteref) refs/heads/master refs/remotes/master [50ms]
2025-10-16 23:15:12.927 [info] > git status -z -uall [123ms]
2025-10-16 23:15:12.928 [info] > git for-each-ref --sort -committerdate --format %(refname)%00%(objectname)%00%(*objectname) [94ms]
2025-10-16 23:17:54.272 [info] > git check-ignore -v -z --stdin [4ms]
2025-10-16 23:17:54.840 [info] > git config --get commit.template [19ms]
2025-10-16 23:17:54.842 [info] > git for-each-ref --format=%(refname)%00%(upstream:short)%00%(objectname)%00%(upstream:track)%00%(upstream:remotename)%00%(upstream:remoteref) refs/heads/master refs/remotes/master [4ms]
2025-10-16 23:17:54.879 [info] > git status -z -uall [20ms]
2025-10-16 23:17:54.881 [info] > git for-each-ref --sort -committerdate --format %(refname)%00%(objectname)%00%(*objectname) [3ms]
2025-10-16 23:18:09.029 [info] > git show --textconv :data/users.json [27ms]
2025-10-16 23:18:09.092 [info] > git check-ignore -v -z --stdin [13ms]
2025-10-16 23:18:09.094 [info] > git hash-object -t tree /dev/null [41ms]
2025-10-16 23:18:09.095 [warning] [GitFileSystemProvider][readFile] File not found - git:/home/aleksandr/kreshenie_bot/data/users.json.git?%7B%22path%22%3A%22%2Fhome%2Faleksandr%2Fkreshenie_bot%2Fdata%2Fusers.json%22%2C%22ref%22%3A%22%22%7D
2025-10-16 23:18:09.103 [info] > git ls-files --stage -- data/users.json [75ms]
2025-10-16 23:18:09.104 [warning] [GitFileSystemProvider][stat] File not found - git:/home/aleksandr/kreshenie_bot/data/users.json.git?%7B%22path%22%3A%22%2Fhome%2Faleksandr%2Fkreshenie_bot%2Fdata%2Fusers.json%22%2C%22ref%22%3A%22%22%7D
2025-10-16 23:18:09.920 [info] > git config --get commit.template [103ms]
2025-10-16 23:18:09.923 [info] > git for-each-ref --format=%(refname)%00%(upstream:short)%00%(objectname)%00%(upstream:track)%00%(upstream:remotename)%00%(upstream:remoteref) refs/heads/master refs/remotes/master [17ms]
2025-10-16 23:18:09.998 [info] > git status -z -uall [43ms]
2025-10-16 23:18:10.001 [info] > git for-each-ref --sort -committerdate --format %(refname)%00%(objectname)%00%(*objectname) [12ms]
2025-10-16 23:18:15.726 [info] > git config --get commit.template [19ms]
2025-10-16 23:18:15.728 [info] > git for-each-ref --format=%(refname)%00%(upstream:short)%00%(objectname)%00%(upstream:track)%00%(upstream:remotename)%00%(upstream:remoteref) refs/heads/master refs/remotes/master [3ms]
2025-10-16 23:18:15.766 [info] > git status -z -uall [21ms]
2025-10-16 23:18:15.769 [info] > git for-each-ref --sort -committerdate --format %(refname)%00%(objectname)%00%(*objectname) [5ms]
2025-10-16 23:18:21.126 [info] > git show --textconv :config/index.js [134ms]
2025-10-16 23:18:21.142 [info] > git ls-files --stage -- config/index.js [29ms]
2025-10-16 23:18:21.268 [info] > git cat-file -s d11e33cbbc98e6b50aa975018a918764c5aba9b8 [34ms]
2025-10-16 23:18:21.743 [info] > git blame --root --incremental ce10a6e7ab4b56f3ab51439a419a9a134503ce06 -- config/index.js [32ms]
2025-10-16 23:19:53.740 [info] > git show -s --decorate=full --shortstat --format=%H%n%aN%n%aE%n%at%n%ct%n%P%n%D%n%B -z ce10a6e7ab4b56f3ab51439a419a9a134503ce06 -- [16ms]
2025-10-16 23:21:33.189 [info] > git config --get commit.template [25ms]
2025-10-16 23:21:33.191 [info] > git for-each-ref --format=%(refname)%00%(upstream:short)%00%(objectname)%00%(upstream:track)%00%(upstream:remotename)%00%(upstream:remoteref) refs/heads/master refs/remotes/master [4ms]
2025-10-16 23:21:33.234 [info] > git status -z -uall [23ms]
2025-10-16 23:21:33.237 [info] > git for-each-ref --sort -committerdate --format %(refname)%00%(objectname)%00%(*objectname) [5ms]
2025-10-16 23:21:41.914 [info] > git show --textconv :config/index.js [127ms]
2025-10-16 23:21:41.937 [info] > git ls-files --stage -- config/index.js [53ms]
2025-10-16 23:21:42.026 [info] > git cat-file -s d11e33cbbc98e6b50aa975018a918764c5aba9b8 [32ms]
2025-10-16 23:23:48.828 [info] > git show --textconv :utils/helpers.js [69ms]
2025-10-16 23:23:48.845 [info] > git ls-files --stage -- utils/helpers.js [17ms]
2025-10-16 23:23:48.898 [info] > git cat-file -s c9aa21b47e48172f8855d1c9fe03d94d38191671 [12ms]
2025-10-16 23:23:49.175 [info] > git blame --root --incremental ce10a6e7ab4b56f3ab51439a419a9a134503ce06 -- utils/helpers.js [37ms]
2025-10-16 23:24:28.544 [info] > git config --get commit.template [3ms]
2025-10-16 23:24:28.564 [info] > git for-each-ref --format=%(refname)%00%(upstream:short)%00%(objectname)%00%(upstream:track)%00%(upstream:remotename)%00%(upstream:remoteref) refs/heads/master refs/remotes/master [3ms]
2025-10-16 23:24:28.604 [info] > git status -z -uall [21ms]
2025-10-16 23:24:28.607 [info] > git for-each-ref --sort -committerdate --format %(refname)%00%(objectname)%00%(*objectname) [5ms]
2025-10-16 23:24:53.627 [info] > git show --textconv :utils/formatters.js [63ms]
2025-10-16 23:24:53.649 [info] > git ls-files --stage -- utils/formatters.js [27ms]
2025-10-16 23:24:53.741 [info] > git cat-file -s 43ac72f3ef313c18d83fccae788242ae7cfa948a [23ms]
2025-10-16 23:24:54.054 [info] > git blame --root --incremental ce10a6e7ab4b56f3ab51439a419a9a134503ce06 -- utils/formatters.js [23ms]
2025-10-16 23:25:04.220 [info] > git config --get commit.template [19ms]
2025-10-16 23:25:04.222 [info] > git for-each-ref --format=%(refname)%00%(upstream:short)%00%(objectname)%00%(upstream:track)%00%(upstream:remotename)%00%(upstream:remoteref) refs/heads/master refs/remotes/master [4ms]
2025-10-16 23:25:04.260 [info] > git status -z -uall [20ms]
2025-10-16 23:25:04.264 [info] > git for-each-ref --sort -committerdate --format %(refname)%00%(objectname)%00%(*objectname) [5ms]
2025-10-16 23:25:27.908 [info] > git show --textconv :services/dnevnik-api.js [50ms]
2025-10-16 23:25:27.912 [info] > git ls-files --stage -- services/dnevnik-api.js [8ms]
2025-10-16 23:25:27.963 [info] > git cat-file -s 8e5245f42cd9495546a6465bcd56b12ae99ed15d [18ms]
2025-10-16 23:25:28.101 [info] > git blame --root --incremental ce10a6e7ab4b56f3ab51439a419a9a134503ce06 -- services/dnevnik-api.js [10ms]
2025-10-16 23:25:33.773 [info] > git config --get commit.template [20ms]
2025-10-16 23:25:33.775 [info] > git for-each-ref --format=%(refname)%00%(upstream:short)%00%(objectname)%00%(upstream:track)%00%(upstream:remotename)%00%(upstream:remoteref) refs/heads/master refs/remotes/master [3ms]
2025-10-16 23:25:33.816 [info] > git status -z -uall [23ms]
2025-10-16 23:25:33.819 [info] > git for-each-ref --sort -committerdate --format %(refname)%00%(objectname)%00%(*objectname) [5ms]
2025-10-16 23:26:42.952 [info] > git show --textconv :services/monitoring-service.js [76ms]
2025-10-16 23:26:42.953 [info] > git ls-files --stage -- services/monitoring-service.js [27ms]
2025-10-16 23:26:42.987 [info] > git cat-file -s 31fcdcdd0b9ca48bc06c1d63286d63be4bab997e [11ms]
2025-10-16 23:26:43.172 [info] > git blame --root --incremental ce10a6e7ab4b56f3ab51439a419a9a134503ce06 -- services/monitoring-service.js [13ms]
2025-10-16 23:26:47.726 [info] > git config --get commit.template [5ms]
2025-10-16 23:26:47.758 [info] > git for-each-ref --format=%(refname)%00%(upstream:short)%00%(objectname)%00%(upstream:track)%00%(upstream:remotename)%00%(upstream:remoteref) refs/heads/master refs/remotes/master [9ms]
2025-10-16 23:26:47.803 [info] > git status -z -uall [25ms]
2025-10-16 23:26:47.804 [info] > git for-each-ref --sort -committerdate --format %(refname)%00%(objectname)%00%(*objectname) [4ms]
2025-10-16 23:27:13.654 [info] > git show --textconv :handlers/start-handler.js [62ms]
2025-10-16 23:27:13.657 [info] > git ls-files --stage -- handlers/start-handler.js [6ms]
2025-10-16 23:27:13.745 [info] > git cat-file -s 6b7617795adac4d18045a4810f14109a55550789 [10ms]
2025-10-16 23:27:14.369 [info] > git blame --root --incremental ce10a6e7ab4b56f3ab51439a419a9a134503ce06 -- handlers/start-handler.js [24ms]
2025-10-16 23:27:23.503 [info] > git config --get commit.template [4ms]
2025-10-16 23:27:23.530 [info] > git for-each-ref --format=%(refname)%00%(upstream:short)%00%(objectname)%00%(upstream:track)%00%(upstream:remotename)%00%(upstream:remoteref) refs/heads/master refs/remotes/master [5ms]
2025-10-16 23:27:23.572 [info] > git status -z -uall [22ms]
2025-10-16 23:27:23.575 [info] > git for-each-ref --sort -committerdate --format %(refname)%00%(objectname)%00%(*objectname) [5ms]
2025-10-16 23:27:49.155 [info] > git show --textconv :handlers/grade-handler.js [60ms]
2025-10-16 23:27:49.162 [info] > git ls-files --stage -- handlers/grade-handler.js [12ms]
2025-10-16 23:27:49.208 [info] > git cat-file -s e571dfb40c02d042d799139e045ab687224ca2b2 [5ms]
2025-10-16 23:27:49.289 [info] > git blame --root --incremental ce10a6e7ab4b56f3ab51439a419a9a134503ce06 -- handlers/grade-handler.js [12ms]
2025-10-16 23:27:54.723 [info] > git config --get commit.template [4ms]
2025-10-16 23:27:54.747 [info] > git for-each-ref --format=%(refname)%00%(upstream:short)%00%(objectname)%00%(upstream:track)%00%(upstream:remotename)%00%(upstream:remoteref) refs/heads/master refs/remotes/master [5ms]
2025-10-16 23:27:54.787 [info] > git status -z -uall [21ms]
2025-10-16 23:27:54.790 [info] > git for-each-ref --sort -committerdate --format %(refname)%00%(objectname)%00%(*objectname) [4ms]
2025-10-16 23:28:19.068 [info] > git show --textconv :handlers/admin-handler.js [120ms]
2025-10-16 23:28:19.080 [info] > git ls-files --stage -- handlers/admin-handler.js [18ms]
2025-10-16 23:28:19.159 [info] > git cat-file -s 0cce0fafe3e92d9b18b6a1a1e65258fb3679b732 [14ms]
2025-10-16 23:28:19.275 [info] > git blame --root --incremental ce10a6e7ab4b56f3ab51439a419a9a134503ce06 -- handlers/admin-handler.js [8ms]
2025-10-16 23:28:23.469 [info] > git config --get commit.template [22ms]
2025-10-16 23:28:23.470 [info] > git for-each-ref --format=%(refname)%00%(upstream:short)%00%(objectname)%00%(upstream:track)%00%(upstream:remotename)%00%(upstream:remoteref) refs/heads/master refs/remotes/master [3ms]
2025-10-16 23:28:23.510 [info] > git status -z -uall [22ms]
2025-10-16 23:28:23.514 [info] > git for-each-ref --sort -committerdate --format %(refname)%00%(objectname)%00%(*objectname) [5ms]
2025-10-16 23:28:45.802 [info] > git show --textconv :handlers/common-handler.js [65ms]
2025-10-16 23:28:45.808 [info] > git ls-files --stage -- handlers/common-handler.js [13ms]
2025-10-16 23:28:45.845 [info] > git cat-file -s a93880599ce146884fabeb43013cb418844fe554 [19ms]
2025-10-16 23:28:45.998 [info] > git blame --root --incremental ce10a6e7ab4b56f3ab51439a419a9a134503ce06 -- handlers/common-handler.js [23ms]
2025-10-16 23:28:52.149 [info] > git config --get commit.template [20ms]
2025-10-16 23:28:52.151 [info] > git for-each-ref --format=%(refname)%00%(upstream:short)%00%(objectname)%00%(upstream:track)%00%(upstream:remotename)%00%(upstream:remoteref) refs/heads/master refs/remotes/master [3ms]
2025-10-16 23:28:52.190 [info] > git status -z -uall [22ms]
2025-10-16 23:28:52.192 [info] > git for-each-ref --sort -committerdate --format %(refname)%00%(objectname)%00%(*objectname) [4ms]
2025-10-16 23:29:20.841 [info] > git show --textconv :bot.js [50ms]
2025-10-16 23:29:20.850 [info] > git ls-files --stage -- bot.js [12ms]
2025-10-16 23:29:20.906 [info] > git cat-file -s 0e499b85440ee1f72be09fb00b6e5586cde842e3 [7ms]
2025-10-16 23:29:21.128 [info] > git blame --root --incremental ce10a6e7ab4b56f3ab51439a419a9a134503ce06 -- bot.js [9ms]
2025-10-16 23:29:26.573 [info] > git config --get commit.template [20ms]
2025-10-16 23:29:26.575 [info] > git for-each-ref --format=%(refname)%00%(upstream:short)%00%(objectname)%00%(upstream:track)%00%(upstream:remotename)%00%(upstream:remoteref) refs/heads/master refs/remotes/master [3ms]
2025-10-16 23:29:26.617 [info] > git status -z -uall [23ms]
2025-10-16 23:29:26.621 [info] > git for-each-ref --sort -committerdate --format %(refname)%00%(objectname)%00%(*objectname) [6ms]
2025-10-16 23:29:32.766 [info] > git show --textconv :package.json [60ms]
2025-10-16 23:29:32.789 [info] > git ls-files --stage -- package.json [30ms]
2025-10-16 23:29:32.914 [info] > git cat-file -s 2df7103b4292ecd49b92aaa4550422ee248b3ac8 [25ms]
2025-10-16 23:29:33.584 [info] > git blame --root --incremental ce10a6e7ab4b56f3ab51439a419a9a134503ce06 -- package.json [97ms]
2025-10-16 23:33:00.590 [info] > git config --get commit.template [77ms]
2025-10-16 23:33:00.591 [info] > git for-each-ref --format=%(refname)%00%(upstream:short)%00%(objectname)%00%(upstream:track)%00%(upstream:remotename)%00%(upstream:remoteref) refs/heads/master refs/remotes/master [13ms]
2025-10-16 23:33:00.717 [info] > git status -z -uall [35ms]
2025-10-16 23:33:00.724 [info] > git for-each-ref --sort -committerdate --format %(refname)%00%(objectname)%00%(*objectname) [9ms]
2025-10-16 23:33:05.825 [info] > git config --get commit.template [40ms]
2025-10-16 23:33:05.835 [info] > git for-each-ref --format=%(refname)%00%(upstream:short)%00%(objectname)%00%(upstream:track)%00%(upstream:remotename)%00%(upstream:remoteref) refs/heads/master refs/remotes/master [14ms]
2025-10-16 23:33:05.909 [info] > git status -z -uall [31ms]
2025-10-16 23:33:05.913 [info] > git for-each-ref --sort -committerdate --format %(refname)%00%(objectname)%00%(*objectname) [7ms]
2025-10-16 23:33:10.944 [info] > git config --get commit.template [3ms]
2025-10-16 23:33:10.966 [info] > git for-each-ref --format=%(refname)%00%(upstream:short)%00%(objectname)%00%(upstream:track)%00%(upstream:remotename)%00%(upstream:remoteref) refs/heads/master refs/remotes/master [4ms]
2025-10-16 23:33:11.010 [info] > git status -z -uall [22ms]
2025-10-16 23:33:11.012 [info] > git for-each-ref --sort -committerdate --format %(refname)%00%(objectname)%00%(*objectname) [4ms]
2025-10-16 23:33:16.074 [info] > git config --get commit.template [26ms]
2025-10-16 23:33:16.080 [info] > git for-each-ref --format=%(refname)%00%(upstream:short)%00%(objectname)%00%(upstream:track)%00%(upstream:remotename)%00%(upstream:remoteref) refs/heads/master refs/remotes/master [7ms]
2025-10-16 23:33:16.120 [info] > git status -z -uall [21ms]
2025-10-16 23:33:16.123 [info] > git for-each-ref --sort -committerdate --format %(refname)%00%(objectname)%00%(*objectname) [4ms]
2025-10-16 23:33:21.210 [info] > git config --get commit.template [25ms]
2025-10-16 23:33:21.215 [info] > git for-each-ref --format=%(refname)%00%(upstream:short)%00%(objectname)%00%(upstream:track)%00%(upstream:remotename)%00%(upstream:remoteref) refs/heads/master refs/remotes/master [6ms]
2025-10-16 23:33:21.258 [info] > git status -z -uall [22ms]
2025-10-16 23:33:21.262 [info] > git for-each-ref --sort -committerdate --format %(refname)%00%(objectname)%00%(*objectname) [5ms]
2025-10-16 23:33:26.318 [info] > git config --get commit.template [27ms]
2025-10-16 23:33:26.323 [info] > git for-each-ref --format=%(refname)%00%(upstream:short)%00%(objectname)%00%(upstream:track)%00%(upstream:remotename)%00%(upstream:remoteref) refs/heads/master refs/remotes/master [7ms]
2025-10-16 23:33:26.385 [info] > git status -z -uall [34ms]
2025-10-16 23:33:26.385 [info] > git for-each-ref --sort -committerdate --format %(refname)%00%(objectname)%00%(*objectname) [8ms]
2025-10-16 23:38:44.878 [info] > git config --get commit.template [20ms]
2025-10-16 23:38:44.880 [info] > git for-each-ref --format=%(refname)%00%(upstream:short)%00%(objectname)%00%(upstream:track)%00%(upstream:remotename)%00%(upstream:remoteref) refs/heads/master refs/remotes/master [4ms]
2025-10-16 23:38:44.926 [info] > git status -z -uall [24ms]
2025-10-16 23:38:44.926 [info] > git for-each-ref --sort -committerdate --format %(refname)%00%(objectname)%00%(*objectname) [2ms]
2025-10-16 23:39:18.862 [info] > git config --get commit.template [20ms]
2025-10-16 23:39:18.864 [info] > git for-each-ref --format=%(refname)%00%(upstream:short)%00%(objectname)%00%(upstream:track)%00%(upstream:remotename)%00%(upstream:remoteref) refs/heads/master refs/remotes/master [3ms]
2025-10-16 23:39:18.905 [info] > git status -z -uall [22ms]
2025-10-16 23:39:18.906 [info] > git for-each-ref --sort -committerdate --format %(refname)%00%(objectname)%00%(*objectname) [4ms]
2025-10-16 23:43:44.497 [info] > git show --textconv :handlers/grade-handler.js [76ms]
2025-10-16 23:43:44.503 [info] > git ls-files --stage -- handlers/grade-handler.js [25ms]
2025-10-16 23:43:44.547 [info] > git cat-file -s e571dfb40c02d042d799139e045ab687224ca2b2 [10ms]
2025-10-16 23:43:50.122 [info] > git config --get commit.template [49ms]
2025-10-16 23:43:50.125 [info] > git for-each-ref --format=%(refname)%00%(upstream:short)%00%(objectname)%00%(upstream:track)%00%(upstream:remotename)%00%(upstream:remoteref) refs/heads/master refs/remotes/master [6ms]
2025-10-16 23:43:50.240 [info] > git status -z -uall [60ms]
2025-10-16 23:43:50.253 [info] > git for-each-ref --sort -committerdate --format %(refname)%00%(objectname)%00%(*objectname) [14ms]
2025-10-16 23:48:42.100 [info] > git config --get commit.template [29ms]
2025-10-16 23:48:42.104 [info] > git for-each-ref --format=%(refname)%00%(upstream:short)%00%(objectname)%00%(upstream:track)%00%(upstream:remotename)%00%(upstream:remoteref) refs/heads/master refs/remotes/master [8ms]
2025-10-16 23:48:42.156 [info] > git status -z -uall [25ms]
2025-10-16 23:48:42.158 [info] > git for-each-ref --sort -committerdate --format %(refname)%00%(objectname)%00%(*objectname) [4ms]
2025-10-16 23:48:45.944 [info] > git show --textconv :config/index.js [126ms]
2025-10-16 23:48:45.976 [info] > git ls-files --stage -- config/index.js [47ms]
2025-10-16 23:48:46.102 [info] > git cat-file -s d11e33cbbc98e6b50aa975018a918764c5aba9b8 [26ms]
2025-10-16 23:48:49.879 [info] > git show --textconv :.env [61ms]
2025-10-16 23:48:49.880 [info] > git ls-files --stage -- .env [13ms]
2025-10-16 23:48:49.880 [warning] [GitFileSystemProvider][stat] File not found - git:/home/aleksandr/kreshenie_bot/.env.git?%7B%22path%22%3A%22%2Fhome%2Faleksandr%2Fkreshenie_bot%2F.env%22%2C%22ref%22%3A%22%22%7D
2025-10-16 23:48:49.882 [warning] [GitFileSystemProvider][readFile] File not found - git:/home/aleksandr/kreshenie_bot/.env.git?%7B%22path%22%3A%22%2Fhome%2Faleksandr%2Fkreshenie_bot%2F.env%22%2C%22ref%22%3A%22%22%7D
2025-10-16 23:48:49.950 [info] > git blame --root --incremental ce10a6e7ab4b56f3ab51439a419a9a134503ce06 -- .env [13ms]
2025-10-16 23:48:49.950 [info] fatal: нет такого пути .env в ce10a6e7ab4b56f3ab51439a419a9a134503ce06
2025-10-16 23:49:26.722 [info] > git config --get commit.template [20ms]
2025-10-16 23:49:26.724 [info] > git for-each-ref --format=%(refname)%00%(upstream:short)%00%(objectname)%00%(upstream:track)%00%(upstream:remotename)%00%(upstream:remoteref) refs/heads/master refs/remotes/master [4ms]
2025-10-16 23:49:26.763 [info] > git status -z -uall [21ms]
2025-10-16 23:49:26.767 [info] > git for-each-ref --sort -committerdate --format %(refname)%00%(objectname)%00%(*objectname) [5ms]
2025-10-16 23:50:49.512 [info] > git show --textconv :package.json [59ms]
2025-10-16 23:50:49.519 [info] > git ls-files --stage -- package.json [8ms]
2025-10-16 23:50:49.552 [info] > git cat-file -s 2df7103b4292ecd49b92aaa4550422ee248b3ac8 [6ms]
2025-10-16 23:51:22.806 [info] > git show --textconv :handlers/grade-handler.js [62ms]
2025-10-16 23:51:22.812 [info] > git ls-files --stage -- handlers/grade-handler.js [15ms]
2025-10-16 23:51:22.868 [info] > git cat-file -s e571dfb40c02d042d799139e045ab687224ca2b2 [13ms]
2025-10-16 23:51:27.260 [info] > git log --format=%H%n%aN%n%aE%n%at%n%ct%n%P%n%D%n%B -z --shortstat --diff-merges=first-parent -n50 --skip=0 --topo-order --decorate=full --stdin [48ms]
2025-10-16 23:51:30.880 [info] > git add -A -- bot.js config/index.js handlers/admin-handler.js handlers/common-handler.js handlers/grade-handler.js handlers/start-handler.js services/dnevnik-api.js services/monitoring-service.js utils/formatters.js utils/helpers.js data/users.json [15ms]
2025-10-16 23:51:30.926 [info] > git config --get commit.template [22ms]
2025-10-16 23:51:30.928 [info] > git for-each-ref --format=%(refname)%00%(upstream:short)%00%(objectname)%00%(upstream:track)%00%(upstream:remotename)%00%(upstream:remoteref) refs/heads/master refs/remotes/master [3ms]
2025-10-16 23:51:30.984 [info] > git status -z -uall [35ms]
2025-10-16 23:51:30.994 [info] > git for-each-ref --sort -committerdate --format %(refname)%00%(objectname)%00%(*objectname) [15ms]
2025-10-16 23:51:56.131 [info] > git -c user.useConfigOnly=true commit --quiet --allow-empty-message --file - [35ms]
2025-10-16 23:51:56.162 [info] > git config --get commit.template [4ms]
2025-10-16 23:51:56.215 [info] > git config --get commit.template [9ms]
2025-10-16 23:51:56.292 [info] > git for-each-ref --format=%(refname)%00%(upstream:short)%00%(objectname)%00%(upstream:track)%00%(upstream:remotename)%00%(upstream:remoteref) refs/heads/master refs/remotes/master [23ms]
2025-10-16 23:51:56.401 [info] > git status -z -uall [52ms]
2025-10-16 23:51:56.409 [info] > git for-each-ref --sort -committerdate --format %(refname)%00%(objectname)%00%(*objectname) [10ms]
2025-10-16 23:51:56.516 [info] > git merge-base refs/heads/master refs/remotes/origin/master [24ms]
2025-10-16 23:51:56.578 [info] > git diff --name-status -z --diff-filter=ADMR ce10a6e7ab4b56f3ab51439a419a9a134503ce06...refs/remotes/origin/master [14ms]
2025-10-16 23:51:56.729 [info] > git log --format=%H%n%aN%n%aE%n%at%n%ct%n%P%n%D%n%B -z --shortstat --diff-merges=first-parent -n50 --skip=0 --topo-order --decorate=full --stdin [98ms]
2025-10-16 23:51:56.742 [info] > git config --get commit.template [18ms]
2025-10-16 23:51:56.782 [info] > git for-each-ref --format=%(refname)%00%(upstream:short)%00%(objectname)%00%(upstream:track)%00%(upstream:remotename)%00%(upstream:remoteref) refs/heads/master refs/remotes/master [6ms]
2025-10-16 23:51:56.898 [info] > git status -z -uall [68ms]
2025-10-16 23:51:56.902 [info] > git for-each-ref --sort -committerdate --format %(refname)%00%(objectname)%00%(*objectname) [10ms]
2025-10-16 23:52:03.395 [info] > git push origin master:master [2096ms]
2025-10-16 23:52:03.395 [info] To https://github.com/AleksBartov/kreshenie_bot.git
   ce10a6e..e71f9ba  master -> master
2025-10-16 23:52:03.448 [info] > git config --get commit.template [30ms]
2025-10-16 23:52:03.450 [info] > git for-each-ref --format=%(refname)%00%(upstream:short)%00%(objectname)%00%(upstream:track)%00%(upstream:remotename)%00%(upstream:remoteref) refs/heads/master refs/remotes/master [4ms]
2025-10-16 23:52:03.531 [info] > git status -z -uall [55ms]
2025-10-16 23:52:03.535 [info] > git for-each-ref --sort -committerdate --format %(refname)%00%(objectname)%00%(*objectname) [14ms]
2025-10-16 23:52:03.649 [info] > git merge-base refs/heads/master refs/remotes/origin/master [16ms]
2025-10-16 23:52:03.748 [info] > git diff --name-status -z --diff-filter=ADMR e71f9ba3a23fd8e0affc7ff78be630d22e0a8987...refs/remotes/origin/master [64ms]
2025-10-16 23:52:03.780 [info] > git log --format=%H%n%aN%n%aE%n%at%n%ct%n%P%n%D%n%B -z --shortstat --diff-merges=first-parent -n50 --skip=0 --topo-order --decorate=full --stdin [51ms]
