2025-10-15 23:31:25.441 [info] [main] Log level: Info
2025-10-15 23:31:25.441 [info] [main] Validating found git in: "git"
2025-10-15 23:31:25.441 [info] [main] Using git "2.43.0" from "git"
2025-10-15 23:31:25.441 [info] [Model][doInitialScan] Initial repository scan started
2025-10-15 23:31:25.441 [info] > git rev-parse --show-toplevel [85ms]
2025-10-15 23:31:25.441 [info] > git rev-parse --git-dir --git-common-dir --show-superproject-working-tree [74ms]
2025-10-15 23:31:25.441 [info] [Model][openRepository] Opened repository (path): /home/aleksandr/kreshenie_bot
2025-10-15 23:31:25.441 [info] [Model][openRepository] Opened repository (real path): /home/aleksandr/kreshenie_bot
2025-10-15 23:31:25.441 [info] [Model][openRepository] Opened repository (kind): repository
2025-10-15 23:31:25.441 [info] [Model][doInitialScan] Initial repository scan completed - repositories (1), closed repositories (0), parent repositories (0), unsafe repositories (0)
2025-10-15 23:31:25.441 [info] > git config --get commit.template [16ms]
2025-10-15 23:31:25.488 [info] > git for-each-ref --format=%(refname)%00%(upstream:short)%00%(objectname)%00%(upstream:track)%00%(upstream:remotename)%00%(upstream:remoteref) refs/heads/master refs/remotes/master [51ms]
2025-10-15 23:31:25.538 [info] > git status -z -uall [28ms]
2025-10-15 23:31:25.541 [info] > git for-each-ref --sort -committerdate --format %(refname)%00%(objectname)%00%(*objectname) [11ms]
2025-10-15 23:31:25.685 [info] > git for-each-ref --format=%(refname)%00%(upstream:short)%00%(objectname)%00%(upstream:track)%00%(upstream:remotename)%00%(upstream:remoteref) refs/heads/master refs/remotes/master [34ms]
2025-10-15 23:31:34.734 [info] > git config --get --local branch.master.vscode-merge-base [9033ms]
2025-10-15 23:31:34.735 [warning] [Git][config] git config failed: Failed to execute git
2025-10-15 23:31:34.748 [info] > git config --get commit.template [9066ms]
2025-10-15 23:31:35.312 [info] > git check-ignore -v -z --stdin [549ms]
2025-10-15 23:31:35.317 [info] > git reflog master --grep-reflog=branch: Created from *. [570ms]
2025-10-15 23:31:35.867 [info] > git symbolic-ref --short refs/remotes/origin/HEAD [535ms]
2025-10-15 23:31:35.868 [info] fatal: ref refs/remotes/origin/HEAD is not a symbolic ref
2025-10-15 23:31:35.868 [warning] [Repository][getDefaultBranch] Failed to get default branch details: Failed to execute git.
2025-10-15 23:31:36.097 [info] > git merge-base refs/heads/master refs/remotes/origin/master [212ms]
2025-10-15 23:31:36.120 [info] > git for-each-ref --format=%(refname)%00%(upstream:short)%00%(objectname)%00%(upstream:track)%00%(upstream:remotename)%00%(upstream:remoteref) refs/heads/master refs/remotes/master [275ms]
2025-10-15 23:31:37.162 [info] > git diff --name-status -z --diff-filter=ADMR a1b1a917073a8f55b46cf6a427bc7d5b74f62975...refs/remotes/origin/master [1042ms]
2025-10-15 23:31:39.896 [info] > git status -z -uall [141ms]
2025-10-15 23:31:39.897 [info] > git for-each-ref --sort -committerdate --format %(refname)%00%(objectname)%00%(*objectname) [110ms]
2025-10-15 23:31:43.172 [info] > git config --get commit.template [120ms]
2025-10-15 23:31:43.536 [info] > git for-each-ref --format=%(refname)%00%(upstream:short)%00%(objectname)%00%(upstream:track)%00%(upstream:remotename)%00%(upstream:remoteref) refs/heads/master refs/remotes/master [50ms]
2025-10-15 23:31:43.692 [info] > git status -z -uall [37ms]
2025-10-15 23:31:43.698 [info] > git for-each-ref --sort -committerdate --format %(refname)%00%(objectname)%00%(*objectname) [14ms]
2025-10-15 23:32:58.112 [info] > git log --format=%H%n%aN%n%aE%n%at%n%ct%n%P%n%D%n%B -z --shortstat --diff-merges=first-parent -n50 --skip=0 --topo-order --decorate=full --stdin [33ms]
2025-10-15 23:33:04.984 [info] > git log --oneline --cherry master...master@{upstream} -- [6ms]
2025-10-15 23:33:06.075 [info] > git pull --tags origin master [1050ms]
2025-10-15 23:33:06.075 [info] Из https://github.com/AleksBartov/kreshenie_bot
 * branch            master     -> FETCH_HEAD
   a1b1a91..a9fba35  master     -> origin/master
2025-10-15 23:33:06.129 [info] > git config --get commit.template [31ms]
2025-10-15 23:33:06.143 [info] > git for-each-ref --format=%(refname)%00%(upstream:short)%00%(objectname)%00%(upstream:track)%00%(upstream:remotename)%00%(upstream:remoteref) refs/heads/master refs/remotes/master [15ms]
2025-10-15 23:33:06.198 [info] > git status -z -uall [30ms]
2025-10-15 23:33:06.209 [info] > git for-each-ref --sort -committerdate --format %(refname)%00%(objectname)%00%(*objectname) [12ms]
2025-10-15 23:33:06.279 [info] > git merge-base refs/heads/master refs/remotes/origin/master [21ms]
2025-10-15 23:33:06.332 [info] > git diff --name-status -z --diff-filter=ADMR a9fba352f8803d25aa109b0a15e52974f5c907e9...refs/remotes/origin/master [32ms]
2025-10-15 23:33:06.349 [info] > git log --format=%H%n%aN%n%aE%n%at%n%ct%n%P%n%D%n%B -z --shortstat --diff-merges=first-parent -n50 --skip=0 --topo-order --decorate=full --stdin [21ms]
2025-10-15 23:33:21.736 [info] > git show --textconv :index.js [169ms]
2025-10-15 23:33:21.736 [info] > git ls-files --stage -- index.js [47ms]
2025-10-15 23:33:21.844 [info] > git cat-file -s 1421cc0db5036546a6e5c85eb18801cae3c459f5 [20ms]
2025-10-15 23:33:23.518 [info] > git blame --root --incremental a9fba352f8803d25aa109b0a15e52974f5c907e9 -- index.js [102ms]
2025-10-15 23:38:19.593 [info] > git config --get commit.template [22ms]
2025-10-15 23:38:19.598 [info] > git for-each-ref --format=%(refname)%00%(upstream:short)%00%(objectname)%00%(upstream:track)%00%(upstream:remotename)%00%(upstream:remoteref) refs/heads/master refs/remotes/master [9ms]
2025-10-15 23:38:19.652 [info] > git status -z -uall [34ms]
2025-10-15 23:38:19.656 [info] > git for-each-ref --sort -committerdate --format %(refname)%00%(objectname)%00%(*objectname) [12ms]
2025-10-15 23:43:34.188 [info] > git config --get commit.template [20ms]
2025-10-15 23:43:34.190 [info] > git for-each-ref --format=%(refname)%00%(upstream:short)%00%(objectname)%00%(upstream:track)%00%(upstream:remotename)%00%(upstream:remoteref) refs/heads/master refs/remotes/master [4ms]
2025-10-15 23:43:34.232 [info] > git status -z -uall [20ms]
2025-10-15 23:43:34.235 [info] > git for-each-ref --sort -committerdate --format %(refname)%00%(objectname)%00%(*objectname) [4ms]
2025-10-15 23:44:29.973 [info] > git config --get commit.template [28ms]
2025-10-15 23:44:29.976 [info] > git for-each-ref --format=%(refname)%00%(upstream:short)%00%(objectname)%00%(upstream:track)%00%(upstream:remotename)%00%(upstream:remoteref) refs/heads/master refs/remotes/master [5ms]
2025-10-15 23:44:30.016 [info] > git status -z -uall [21ms]
2025-10-15 23:44:30.019 [info] > git for-each-ref --sort -committerdate --format %(refname)%00%(objectname)%00%(*objectname) [4ms]
2025-10-15 23:45:56.535 [info] > git config --get commit.template [27ms]
2025-10-15 23:45:56.536 [info] > git for-each-ref --format=%(refname)%00%(upstream:short)%00%(objectname)%00%(upstream:track)%00%(upstream:remotename)%00%(upstream:remoteref) refs/heads/master refs/remotes/master [6ms]
2025-10-15 23:45:56.609 [info] > git status -z -uall [38ms]
2025-10-15 23:45:56.612 [info] > git for-each-ref --sort -committerdate --format %(refname)%00%(objectname)%00%(*objectname) [7ms]
2025-10-15 23:45:58.508 [info] > git show --textconv :.env [66ms]
2025-10-15 23:45:58.550 [info] > git ls-files --stage -- .env [45ms]
2025-10-15 23:45:58.584 [info] > git hash-object -t tree /dev/null [40ms]
2025-10-15 23:45:58.584 [warning] [GitFileSystemProvider][readFile] File not found - git:/home/aleksandr/kreshenie_bot/.env.git?%7B%22path%22%3A%22%2Fhome%2Faleksandr%2Fkreshenie_bot%2F.env%22%2C%22ref%22%3A%22%22%7D
2025-10-15 23:45:58.609 [info] > git hash-object -t tree /dev/null [29ms]
2025-10-15 23:45:58.609 [warning] [GitFileSystemProvider][stat] File not found - git:/home/aleksandr/kreshenie_bot/.env.git?%7B%22path%22%3A%22%2Fhome%2Faleksandr%2Fkreshenie_bot%2F.env%22%2C%22ref%22%3A%22%22%7D
2025-10-15 23:45:58.671 [info] > git blame --root --incremental a9fba352f8803d25aa109b0a15e52974f5c907e9 -- .env [11ms]
2025-10-15 23:45:58.671 [info] fatal: нет такого пути .env в a9fba352f8803d25aa109b0a15e52974f5c907e9
2025-10-15 23:46:15.539 [info] > git config --get commit.template [3ms]
2025-10-15 23:46:15.573 [info] > git for-each-ref --format=%(refname)%00%(upstream:short)%00%(objectname)%00%(upstream:track)%00%(upstream:remotename)%00%(upstream:remoteref) refs/heads/master refs/remotes/master [4ms]
2025-10-15 23:46:15.624 [info] > git status -z -uall [23ms]
2025-10-15 23:46:15.626 [info] > git for-each-ref --sort -committerdate --format %(refname)%00%(objectname)%00%(*objectname) [4ms]
2025-10-15 23:46:19.991 [info] > git show --textconv :index.js [144ms]
2025-10-15 23:46:20.004 [info] > git ls-files --stage -- index.js [26ms]
2025-10-15 23:46:20.127 [info] > git cat-file -s 1421cc0db5036546a6e5c85eb18801cae3c459f5 [27ms]
2025-10-15 23:48:14.793 [info] > git log --format=%H%n%aN%n%aE%n%at%n%ct%n%P%n%D%n%B -z --shortstat --diff-merges=first-parent -n50 --skip=0 --topo-order --decorate=full --stdin [23ms]
2025-10-15 23:48:19.426 [info] > git add -A -- index.js [9ms]
2025-10-15 23:48:19.473 [info] > git config --get commit.template [22ms]
2025-10-15 23:48:19.474 [info] > git for-each-ref --format=%(refname)%00%(upstream:short)%00%(objectname)%00%(upstream:track)%00%(upstream:remotename)%00%(upstream:remoteref) refs/heads/master refs/remotes/master [4ms]
2025-10-15 23:48:19.530 [info] > git status -z -uall [38ms]
2025-10-15 23:48:19.533 [info] > git for-each-ref --sort -committerdate --format %(refname)%00%(objectname)%00%(*objectname) [10ms]
2025-10-15 23:48:46.335 [info] > git -c user.useConfigOnly=true commit --quiet --allow-empty-message --file - [19ms]
2025-10-15 23:48:46.370 [info] > git config --get commit.template [7ms]
2025-10-15 23:48:46.436 [info] > git config --get commit.template [34ms]
2025-10-15 23:48:46.439 [info] > git for-each-ref --format=%(refname)%00%(upstream:short)%00%(objectname)%00%(upstream:track)%00%(upstream:remotename)%00%(upstream:remoteref) refs/heads/master refs/remotes/master [12ms]
2025-10-15 23:48:46.516 [info] > git status -z -uall [56ms]
2025-10-15 23:48:46.516 [info] > git for-each-ref --sort -committerdate --format %(refname)%00%(objectname)%00%(*objectname) [25ms]
2025-10-15 23:48:46.585 [info] > git merge-base refs/heads/master refs/remotes/origin/master [22ms]
2025-10-15 23:48:46.662 [info] > git diff --name-status -z --diff-filter=ADMR a9fba352f8803d25aa109b0a15e52974f5c907e9...refs/remotes/origin/master [22ms]
2025-10-15 23:48:46.962 [info] > git config --get commit.template [16ms]
2025-10-15 23:48:46.963 [info] > git log --format=%H%n%aN%n%aE%n%at%n%ct%n%P%n%D%n%B -z --shortstat --diff-merges=first-parent -n50 --skip=0 --topo-order --decorate=full --stdin [95ms]
2025-10-15 23:48:47.003 [info] > git for-each-ref --format=%(refname)%00%(upstream:short)%00%(objectname)%00%(upstream:track)%00%(upstream:remotename)%00%(upstream:remoteref) refs/heads/master refs/remotes/master [7ms]
2025-10-15 23:48:47.106 [info] > git status -z -uall [55ms]
2025-10-15 23:48:47.117 [info] > git for-each-ref --sort -committerdate --format %(refname)%00%(objectname)%00%(*objectname) [13ms]
2025-10-15 23:48:52.902 [info] > git push origin master:master [2175ms]
2025-10-15 23:48:52.903 [info] To https://github.com/AleksBartov/kreshenie_bot.git
   a9fba35..9a55e84  master -> master
2025-10-15 23:48:52.937 [info] > git config --get commit.template [6ms]
2025-10-15 23:48:52.971 [info] > git for-each-ref --format=%(refname)%00%(upstream:short)%00%(objectname)%00%(upstream:track)%00%(upstream:remotename)%00%(upstream:remoteref) refs/heads/master refs/remotes/master [9ms]
2025-10-15 23:48:53.025 [info] > git status -z -uall [31ms]
2025-10-15 23:48:53.030 [info] > git for-each-ref --sort -committerdate --format %(refname)%00%(objectname)%00%(*objectname) [7ms]
2025-10-15 23:48:53.075 [info] > git merge-base refs/heads/master refs/remotes/origin/master [5ms]
2025-10-15 23:48:53.122 [info] > git diff --name-status -z --diff-filter=ADMR 9a55e84cb9dff9bb61fd916bf094a20283ffd437...refs/remotes/origin/master [8ms]
2025-10-15 23:48:53.284 [info] > git log --format=%H%n%aN%n%aE%n%at%n%ct%n%P%n%D%n%B -z --shortstat --diff-merges=first-parent -n50 --skip=0 --topo-order --decorate=full --stdin [47ms]
2025-10-15 23:51:03.538 [info] > git show --textconv :.env [6ms]
2025-10-15 23:51:03.552 [warning] [GitFileSystemProvider][readFile] File not found - git:/home/aleksandr/kreshenie_bot/.env.git?%7B%22path%22%3A%22%2Fhome%2Faleksandr%2Fkreshenie_bot%2F.env%22%2C%22ref%22%3A%22%22%7D
2025-10-15 23:51:03.629 [info] > git ls-files --stage -- .env [13ms]
2025-10-15 23:51:03.632 [warning] [GitFileSystemProvider][stat] File not found - git:/home/aleksandr/kreshenie_bot/.env.git?%7B%22path%22%3A%22%2Fhome%2Faleksandr%2Fkreshenie_bot%2F.env%22%2C%22ref%22%3A%22%22%7D
2025-10-15 23:51:03.702 [info] > git blame --root --incremental 9a55e84cb9dff9bb61fd916bf094a20283ffd437 -- .env [12ms]
2025-10-15 23:51:03.702 [info] fatal: нет такого пути .env в 9a55e84cb9dff9bb61fd916bf094a20283ffd437
2025-10-15 23:55:36.520 [info] > git show --textconv :index.js [76ms]
2025-10-15 23:55:36.533 [info] > git ls-files --stage -- index.js [22ms]
2025-10-15 23:55:36.588 [info] > git cat-file -s bd0e2849fbf705e05fa90fcc61e38baae5f9eeda [17ms]
2025-10-15 23:55:37.813 [info] > git blame --root --incremental 9a55e84cb9dff9bb61fd916bf094a20283ffd437 -- index.js [30ms]
2025-10-15 23:56:50.745 [info] > git config --get commit.template [22ms]
2025-10-15 23:56:50.747 [info] > git for-each-ref --format=%(refname)%00%(upstream:short)%00%(objectname)%00%(upstream:track)%00%(upstream:remotename)%00%(upstream:remoteref) refs/heads/master refs/remotes/master [4ms]
2025-10-15 23:56:50.795 [info] > git status -z -uall [22ms]
2025-10-15 23:56:50.798 [info] > git for-each-ref --sort -committerdate --format %(refname)%00%(objectname)%00%(*objectname) [5ms]
2025-10-15 23:56:53.421 [info] > git log --format=%H%n%aN%n%aE%n%at%n%ct%n%P%n%D%n%B -z --shortstat --diff-merges=first-parent -n50 --skip=0 --topo-order --decorate=full --stdin [24ms]
2025-10-15 23:56:55.967 [info] > git add -A -- index.js [8ms]
2025-10-15 23:56:56.024 [info] > git config --get commit.template [20ms]
2025-10-15 23:56:56.026 [info] > git for-each-ref --format=%(refname)%00%(upstream:short)%00%(objectname)%00%(upstream:track)%00%(upstream:remotename)%00%(upstream:remoteref) refs/heads/master refs/remotes/master [3ms]
2025-10-15 23:56:56.097 [info] > git status -z -uall [48ms]
2025-10-15 23:56:56.097 [info] > git for-each-ref --sort -committerdate --format %(refname)%00%(objectname)%00%(*objectname) [22ms]
2025-10-15 23:56:56.544 [info] > git show --textconv HEAD:index.js [38ms]
2025-10-15 23:56:56.547 [info] > git ls-tree -l HEAD -- index.js [9ms]
2025-10-15 23:56:57.418 [info] > git ls-files --stage -- index.js [61ms]
2025-10-15 23:56:57.466 [info] > git ls-tree -l HEAD -- index.js [47ms]
2025-10-15 23:56:57.474 [info] > git cat-file -s fe3e7d5c8e35870f8e2103a5b919a2b26fcd9716 [12ms]
2025-10-15 23:56:57.563 [info] > git show --textconv HEAD:index.js [43ms]
2025-10-15 23:56:57.573 [info] > git show --textconv :index.js [11ms]
2025-10-15 23:57:07.912 [info] > git -c user.useConfigOnly=true commit --quiet --allow-empty-message --file - [23ms]
2025-10-15 23:57:07.941 [info] > git config --get commit.template [6ms]
2025-10-15 23:57:08.010 [info] > git config --get commit.template [38ms]
2025-10-15 23:57:08.014 [info] > git for-each-ref --format=%(refname)%00%(upstream:short)%00%(objectname)%00%(upstream:track)%00%(upstream:remotename)%00%(upstream:remoteref) refs/heads/master refs/remotes/master [7ms]
2025-10-15 23:57:08.120 [info] > git status -z -uall [69ms]
2025-10-15 23:57:08.120 [info] > git for-each-ref --sort -committerdate --format %(refname)%00%(objectname)%00%(*objectname) [9ms]
2025-10-15 23:57:08.411 [info] > git merge-base refs/heads/master refs/remotes/origin/master [61ms]
2025-10-15 23:57:08.472 [info] > git diff --name-status -z --diff-filter=ADMR 9a55e84cb9dff9bb61fd916bf094a20283ffd437...refs/remotes/origin/master [17ms]
2025-10-15 23:57:08.476 [info] > git blame --root --incremental 2ccc4321ef300562c5c521f2ea3152f17c6fcc17 -- index.js [236ms]
2025-10-15 23:57:08.620 [info] > git log --format=%H%n%aN%n%aE%n%at%n%ct%n%P%n%D%n%B -z --shortstat --diff-merges=first-parent -n50 --skip=0 --topo-order --decorate=full --stdin [60ms]
2025-10-15 23:57:08.627 [info] > git config --get commit.template [9ms]
2025-10-15 23:57:08.687 [info] > git for-each-ref --format=%(refname)%00%(upstream:short)%00%(objectname)%00%(upstream:track)%00%(upstream:remotename)%00%(upstream:remoteref) refs/heads/master refs/remotes/master [13ms]
2025-10-15 23:57:08.772 [info] > git status -z -uall [47ms]
2025-10-15 23:57:08.789 [info] > git for-each-ref --sort -committerdate --format %(refname)%00%(objectname)%00%(*objectname) [19ms]
2025-10-15 23:57:09.714 [info] > git ls-files --stage -- index.js [22ms]
2025-10-15 23:57:09.854 [info] > git cat-file -s fe3e7d5c8e35870f8e2103a5b919a2b26fcd9716 [26ms]
2025-10-15 23:57:10.126 [info] > git show --textconv :index.js [23ms]
2025-10-15 23:57:15.987 [info] > git push origin master:master [2259ms]
2025-10-15 23:57:15.987 [info] To https://github.com/AleksBartov/kreshenie_bot.git
   9a55e84..2ccc432  master -> master
2025-10-15 23:57:16.025 [info] > git config --get commit.template [12ms]
2025-10-15 23:57:16.059 [info] > git for-each-ref --format=%(refname)%00%(upstream:short)%00%(objectname)%00%(upstream:track)%00%(upstream:remotename)%00%(upstream:remoteref) refs/heads/master refs/remotes/master [8ms]
2025-10-15 23:57:16.127 [info] > git status -z -uall [40ms]
2025-10-15 23:57:16.133 [info] > git for-each-ref --sort -committerdate --format %(refname)%00%(objectname)%00%(*objectname) [11ms]
2025-10-15 23:57:16.232 [info] > git merge-base refs/heads/master refs/remotes/origin/master [21ms]
2025-10-15 23:57:16.447 [info] > git diff --name-status -z --diff-filter=ADMR 2ccc4321ef300562c5c521f2ea3152f17c6fcc17...refs/remotes/origin/master [129ms]
2025-10-15 23:57:16.507 [info] > git log --format=%H%n%aN%n%aE%n%at%n%ct%n%P%n%D%n%B -z --shortstat --diff-merges=first-parent -n50 --skip=0 --topo-order --decorate=full --stdin [64ms]
2025-10-15 23:57:17.191 [info] > git ls-files --stage -- index.js [3ms]
2025-10-15 23:57:17.213 [info] > git cat-file -s fe3e7d5c8e35870f8e2103a5b919a2b26fcd9716 [3ms]
2025-10-15 23:57:17.250 [info] > git show --textconv :index.js [4ms]
2025-10-16 00:07:13.668 [info] > git show --textconv :.env [66ms]
2025-10-16 00:07:13.672 [warning] [GitFileSystemProvider][readFile] File not found - git:/home/aleksandr/kreshenie_bot/.env.git?%7B%22path%22%3A%22%2Fhome%2Faleksandr%2Fkreshenie_bot%2F.env%22%2C%22ref%22%3A%22%22%7D
2025-10-16 00:07:13.675 [info] > git ls-files --stage -- .env [20ms]
2025-10-16 00:07:13.676 [warning] [GitFileSystemProvider][stat] File not found - git:/home/aleksandr/kreshenie_bot/.env.git?%7B%22path%22%3A%22%2Fhome%2Faleksandr%2Fkreshenie_bot%2F.env%22%2C%22ref%22%3A%22%22%7D
2025-10-16 00:07:13.822 [info] > git blame --root --incremental 2ccc4321ef300562c5c521f2ea3152f17c6fcc17 -- .env [24ms]
2025-10-16 00:07:13.822 [info] fatal: нет такого пути .env в 2ccc4321ef300562c5c521f2ea3152f17c6fcc17
2025-10-16 00:07:20.837 [info] > git show --textconv :index.js [62ms]
2025-10-16 00:07:20.842 [info] > git ls-files --stage -- index.js [7ms]
2025-10-16 00:07:20.889 [info] > git cat-file -s fe3e7d5c8e35870f8e2103a5b919a2b26fcd9716 [15ms]
2025-10-16 00:16:08.441 [info] > git config --get commit.template [30ms]
2025-10-16 00:16:08.444 [info] > git for-each-ref --format=%(refname)%00%(upstream:short)%00%(objectname)%00%(upstream:track)%00%(upstream:remotename)%00%(upstream:remoteref) refs/heads/master refs/remotes/master [6ms]
2025-10-16 00:16:08.484 [info] > git status -z -uall [22ms]
2025-10-16 00:16:08.488 [info] > git for-each-ref --sort -committerdate --format %(refname)%00%(objectname)%00%(*objectname) [5ms]
2025-10-16 00:16:48.040 [info] > git for-each-ref --format=%(refname)%00%(upstream:short)%00%(objectname)%00%(upstream:track)%00%(upstream:remotename)%00%(upstream:remoteref) refs/heads/master refs/remotes/master [9ms]
2025-10-16 00:16:48.043 [info] > git config --get commit.template [59ms]
2025-10-16 00:16:48.139 [info] > git status -z -uall [66ms]
2025-10-16 00:16:48.139 [info] > git for-each-ref --sort -committerdate --format %(refname)%00%(objectname)%00%(*objectname) [3ms]
2025-10-16 00:16:49.139 [info] > git show --textconv :.env [5ms]
2025-10-16 00:16:49.170 [warning] [GitFileSystemProvider][readFile] File not found - git:/home/aleksandr/kreshenie_bot/.env.git?%7B%22path%22%3A%22%2Fhome%2Faleksandr%2Fkreshenie_bot%2F.env%22%2C%22ref%22%3A%22%22%7D
2025-10-16 00:16:49.368 [info] > git ls-files --stage -- .env [31ms]
2025-10-16 00:16:49.377 [warning] [GitFileSystemProvider][stat] File not found - git:/home/aleksandr/kreshenie_bot/.env.git?%7B%22path%22%3A%22%2Fhome%2Faleksandr%2Fkreshenie_bot%2F.env%22%2C%22ref%22%3A%22%22%7D
2025-10-16 00:24:43.942 [info] > git show --textconv :index.js [61ms]
2025-10-16 00:24:43.961 [info] > git ls-files --stage -- index.js [25ms]
2025-10-16 00:24:44.018 [info] > git cat-file -s fe3e7d5c8e35870f8e2103a5b919a2b26fcd9716 [6ms]
2025-10-16 00:24:47.749 [info] > git log --format=%H%n%aN%n%aE%n%at%n%ct%n%P%n%D%n%B -z --shortstat --diff-merges=first-parent -n50 --skip=0 --topo-order --decorate=full --stdin [34ms]
2025-10-16 00:24:50.282 [info] > git add -A -- index.js [12ms]
2025-10-16 00:24:50.311 [info] > git config --get commit.template [4ms]
2025-10-16 00:24:50.333 [info] > git for-each-ref --format=%(refname)%00%(upstream:short)%00%(objectname)%00%(upstream:track)%00%(upstream:remotename)%00%(upstream:remoteref) refs/heads/master refs/remotes/master [3ms]
2025-10-16 00:24:50.384 [info] > git status -z -uall [32ms]
2025-10-16 00:24:50.387 [info] > git for-each-ref --sort -committerdate --format %(refname)%00%(objectname)%00%(*objectname) [11ms]
2025-10-16 00:25:02.420 [info] > git config --get commit.template [5ms]
2025-10-16 00:25:02.451 [info] > git for-each-ref --format=%(refname)%00%(upstream:short)%00%(objectname)%00%(upstream:track)%00%(upstream:remotename)%00%(upstream:remoteref) refs/heads/master refs/remotes/master [3ms]
2025-10-16 00:25:02.517 [info] > git status -z -uall [46ms]
2025-10-16 00:25:02.521 [info] > git for-each-ref --sort -committerdate --format %(refname)%00%(objectname)%00%(*objectname) [7ms]
2025-10-16 00:25:07.569 [info] > git -c user.useConfigOnly=true commit --quiet --allow-empty-message --file - [33ms]
2025-10-16 00:25:07.622 [info] > git config --get commit.template [13ms]
2025-10-16 00:25:07.724 [info] > git config --get commit.template [36ms]
2025-10-16 00:25:07.776 [info] > git for-each-ref --format=%(refname)%00%(upstream:short)%00%(objectname)%00%(upstream:track)%00%(upstream:remotename)%00%(upstream:remoteref) refs/heads/master refs/remotes/master [9ms]
2025-10-16 00:25:07.913 [info] > git status -z -uall [87ms]
2025-10-16 00:25:07.920 [info] > git for-each-ref --sort -committerdate --format %(refname)%00%(objectname)%00%(*objectname) [10ms]
2025-10-16 00:25:08.025 [info] > git merge-base refs/heads/master refs/remotes/origin/master [29ms]
2025-10-16 00:25:08.143 [info] > git diff --name-status -z --diff-filter=ADMR 2ccc4321ef300562c5c521f2ea3152f17c6fcc17...refs/remotes/origin/master [24ms]
2025-10-16 00:25:08.279 [info] > git log --format=%H%n%aN%n%aE%n%at%n%ct%n%P%n%D%n%B -z --shortstat --diff-merges=first-parent -n50 --skip=0 --topo-order --decorate=full --stdin [90ms]
2025-10-16 00:25:08.287 [info] > git config --get commit.template [12ms]
2025-10-16 00:25:08.350 [info] > git for-each-ref --format=%(refname)%00%(upstream:short)%00%(objectname)%00%(upstream:track)%00%(upstream:remotename)%00%(upstream:remoteref) refs/heads/master refs/remotes/master [8ms]
2025-10-16 00:25:08.440 [info] > git status -z -uall [46ms]
2025-10-16 00:25:08.463 [info] > git for-each-ref --sort -committerdate --format %(refname)%00%(objectname)%00%(*objectname) [25ms]
2025-10-16 00:25:15.068 [info] > git push origin master:master [2426ms]
2025-10-16 00:25:15.068 [info] To https://github.com/AleksBartov/kreshenie_bot.git
   2ccc432..43581b5  master -> master
2025-10-16 00:25:15.098 [info] > git config --get commit.template [8ms]
2025-10-16 00:25:15.138 [info] > git for-each-ref --format=%(refname)%00%(upstream:short)%00%(objectname)%00%(upstream:track)%00%(upstream:remotename)%00%(upstream:remoteref) refs/heads/master refs/remotes/master [5ms]
2025-10-16 00:25:15.281 [info] > git status -z -uall [76ms]
2025-10-16 00:25:15.290 [info] > git for-each-ref --sort -committerdate --format %(refname)%00%(objectname)%00%(*objectname) [17ms]
2025-10-16 00:25:15.386 [info] > git merge-base refs/heads/master refs/remotes/origin/master [19ms]
2025-10-16 00:25:15.545 [info] > git diff --name-status -z --diff-filter=ADMR 43581b58ae6e1ca410f22b4a83f25b148ebe6b72...refs/remotes/origin/master [68ms]
2025-10-16 00:25:15.579 [info] > git log --format=%H%n%aN%n%aE%n%at%n%ct%n%P%n%D%n%B -z --shortstat --diff-merges=first-parent -n50 --skip=0 --topo-order --decorate=full --stdin [44ms]
