2025-10-10 23:26:47.724 [info] Reading sessions from keychain...
2025-10-10 23:26:47.724 [info] Getting sessions for all scopes...
2025-10-10 23:26:49.321 [info] Got stored sessions!
2025-10-10 23:26:49.322 [info] Got 2 verified sessions.
2025-10-10 23:26:49.322 [info] Got 2 sessions for ...
2025-10-10 23:26:49.324 [info] Getting sessions for all scopes...
2025-10-10 23:26:49.324 [info] Got 2 sessions for ...
2025-10-10 23:26:49.324 [info] Getting sessions for all scopes...
2025-10-10 23:26:49.324 [info] Got 2 sessions for ...
2025-10-10 23:26:49.324 [info] Getting sessions for all scopes...
2025-10-10 23:26:49.324 [info] Got 2 sessions for ...
2025-10-10 23:26:49.325 [info] Getting sessions for all scopes...
2025-10-10 23:26:49.325 [info] Got 2 sessions for ...
2025-10-10 23:26:49.325 [info] Getting sessions for all scopes...
2025-10-10 23:26:49.325 [info] Got 2 sessions for ...
2025-10-10 23:26:49.325 [info] Getting sessions for all scopes...
2025-10-10 23:26:49.325 [info] Got 2 sessions for ...
2025-10-10 23:26:49.636 [info] Getting sessions for all scopes...
2025-10-10 23:26:49.637 [info] Got 2 sessions for ...
2025-10-10 23:26:49.713 [info] Getting sessions for all scopes...
2025-10-10 23:26:49.715 [info] Got 2 sessions for ...
2025-10-10 23:26:49.717 [info] Getting sessions for all scopes...
2025-10-10 23:26:49.717 [info] Got 2 sessions for ...
2025-10-10 23:26:49.718 [info] Getting sessions for all scopes...
2025-10-10 23:26:49.718 [info] Got 2 sessions for ...
2025-10-10 23:26:49.719 [info] Getting sessions for all scopes...
2025-10-10 23:26:49.719 [info] Got 2 sessions for ...
2025-10-10 23:26:49.722 [info] Getting sessions for all scopes...
2025-10-10 23:26:49.722 [info] Got 2 sessions for ...
2025-10-10 23:26:49.722 [info] Getting sessions for all scopes...
2025-10-10 23:26:49.722 [info] Got 2 sessions for ...
2025-10-10 23:27:03.272 [info] fetching: Electron fetch failed with status: 429 
2025-10-10 23:27:03.480 [info] Getting sessions for all scopes...
2025-10-10 23:27:03.480 [info] Got 2 sessions for ...
2025-10-10 23:27:03.566 [info] Getting sessions for all scopes...
2025-10-10 23:27:03.566 [info] Got 2 sessions for ...
2025-10-10 23:27:03.567 [info] Getting sessions for all scopes...
2025-10-10 23:27:03.567 [info] Got 2 sessions for ...
2025-10-10 23:27:03.568 [info] Getting sessions for all scopes...
2025-10-10 23:27:03.568 [info] Got 2 sessions for ...
2025-10-10 23:27:03.993 [info] Getting sessions for all scopes...
2025-10-10 23:27:03.993 [info] Got 2 sessions for ...
2025-10-10 23:27:03.995 [info] Getting sessions for all scopes...
2025-10-10 23:27:03.995 [info] Got 2 sessions for ...
2025-10-10 23:27:05.503 [info] Getting sessions for read:user,repo,user:email,workflow...
2025-10-10 23:27:05.504 [info] Got 1 sessions for read:user,repo,user:email,workflow...
2025-10-10 23:27:07.259 [info] Getting sessions for all scopes...
2025-10-10 23:27:07.259 [info] Got 2 sessions for ...
2025-10-10 23:27:07.988 [info] fetching: Node fetch failed with status: 429 Too Many Requests
2025-10-10 23:27:08.103 [info] Getting sessions for all scopes...
2025-10-10 23:27:08.103 [info] Got 2 sessions for ...
2025-10-10 23:27:08.104 [info] Getting sessions for read:user,repo,user:email,workflow...
2025-10-10 23:27:08.104 [info] Got 1 sessions for read:user,repo,user:email,workflow...
2025-10-10 23:27:08.297 [info] Getting sessions for read:user,repo,user:email,workflow...
2025-10-10 23:27:08.306 [info] Got 1 sessions for read:user,repo,user:email,workflow...
2025-10-10 23:27:08.746 [info] Getting sessions for all scopes...
2025-10-10 23:27:08.746 [info] Got 2 sessions for ...
2025-10-10 23:27:09.407 [info] Getting sessions for all scopes...
2025-10-10 23:27:09.407 [info] Got 2 sessions for ...
2025-10-10 23:27:09.421 [info] fetching: Node http/s failed with status: 429 Too Many Requests
2025-10-10 23:27:09.616 [info] Getting sessions for read:user,repo,user:email,workflow...
2025-10-10 23:27:09.616 [info] Got 1 sessions for read:user,repo,user:email,workflow...
2025-10-10 23:27:09.751 [info] Getting sessions for all scopes...
2025-10-10 23:27:09.751 [info] Got 2 sessions for ...
2025-10-10 23:27:09.956 [info] Getting sessions for read:user,repo,user:email,workflow...
2025-10-10 23:27:09.956 [info] Got 1 sessions for read:user,repo,user:email,workflow...
2025-10-10 23:27:10.555 [info] Getting sessions for all scopes...
2025-10-10 23:27:10.555 [info] Got 2 sessions for ...
2025-10-10 23:27:10.574 [info] Getting sessions for all scopes...
2025-10-10 23:27:10.575 [info] Got 2 sessions for ...
2025-10-10 23:27:10.582 [info] Getting sessions for read:user,repo,user:email,workflow...
2025-10-10 23:27:10.582 [info] Got 1 sessions for read:user,repo,user:email,workflow...
2025-10-10 23:29:24.424 [info] Getting sessions for read:user,repo,user:email,workflow...
2025-10-10 23:29:24.424 [info] Got 1 sessions for read:user,repo,user:email,workflow...
2025-10-10 23:29:26.998 [info] Getting sessions for read:user,repo,user:email,workflow...
2025-10-10 23:29:26.998 [info] Got 1 sessions for read:user,repo,user:email,workflow...
2025-10-10 23:29:27.815 [info] Getting sessions for read:user,repo,user:email,workflow...
2025-10-10 23:29:27.815 [info] Got 1 sessions for read:user,repo,user:email,workflow...
2025-10-10 23:29:28.281 [info] Getting sessions for read:user,repo,user:email,workflow...
2025-10-10 23:29:28.281 [info] Got 1 sessions for read:user,repo,user:email,workflow...
2025-10-10 23:31:07.219 [info] Getting sessions for read:user,repo,user:email,workflow...
2025-10-10 23:31:07.219 [info] Got 1 sessions for read:user,repo,user:email,workflow...
2025-10-10 23:31:09.344 [info] Getting sessions for read:user,repo,user:email,workflow...
2025-10-10 23:31:09.344 [info] Got 1 sessions for read:user,repo,user:email,workflow...
2025-10-10 23:31:09.941 [info] Getting sessions for read:user,repo,user:email,workflow...
2025-10-10 23:31:09.941 [info] Got 1 sessions for read:user,repo,user:email,workflow...
2025-10-10 23:31:10.602 [info] Getting sessions for read:user,repo,user:email,workflow...
2025-10-10 23:31:10.602 [info] Got 1 sessions for read:user,repo,user:email,workflow...
2025-10-10 23:31:11.438 [info] Getting sessions for read:user,repo,user:email,workflow...
2025-10-10 23:31:11.438 [info] Got 1 sessions for read:user,repo,user:email,workflow...
2025-10-10 23:31:11.926 [info] Getting sessions for read:user,repo,user:email,workflow...
2025-10-10 23:31:11.926 [info] Got 1 sessions for read:user,repo,user:email,workflow...
2025-10-10 23:31:16.264 [info] Getting sessions for read:user,repo,user:email,workflow...
2025-10-10 23:31:16.264 [info] Got 1 sessions for read:user,repo,user:email,workflow...
2025-10-10 23:31:19.321 [info] Getting sessions for read:user,repo,user:email,workflow...
2025-10-10 23:31:19.321 [info] Got 1 sessions for read:user,repo,user:email,workflow...
2025-10-10 23:31:24.728 [info] Getting sessions for read:user,repo,user:email,workflow...
2025-10-10 23:31:24.728 [info] Got 1 sessions for read:user,repo,user:email,workflow...
2025-10-10 23:31:28.105 [info] Getting sessions for read:user,repo,user:email,workflow...
2025-10-10 23:31:28.105 [info] Got 1 sessions for read:user,repo,user:email,workflow...
2025-10-10 23:31:29.925 [info] Getting sessions for read:user,repo,user:email,workflow...
2025-10-10 23:31:29.925 [info] Got 1 sessions for read:user,repo,user:email,workflow...
2025-10-10 23:31:47.317 [info] Getting sessions for read:user,repo,user:email,workflow...
2025-10-10 23:31:47.317 [info] Got 1 sessions for read:user,repo,user:email,workflow...
2025-10-10 23:31:47.609 [info] Getting sessions for read:user,repo,user:email,workflow...
2025-10-10 23:31:47.609 [info] Got 1 sessions for read:user,repo,user:email,workflow...
2025-10-10 23:31:48.164 [info] Getting sessions for read:user,repo,user:email,workflow...
2025-10-10 23:31:48.164 [info] Got 1 sessions for read:user,repo,user:email,workflow...
2025-10-10 23:31:48.541 [info] Getting sessions for read:user,repo,user:email,workflow...
2025-10-10 23:31:48.542 [info] Got 1 sessions for read:user,repo,user:email,workflow...
2025-10-10 23:31:48.926 [info] Getting sessions for read:user,repo,user:email,workflow...
2025-10-10 23:31:48.926 [info] Got 1 sessions for read:user,repo,user:email,workflow...
2025-10-10 23:31:50.005 [info] Getting sessions for read:user,repo,user:email,workflow...
2025-10-10 23:31:50.005 [info] Got 1 sessions for read:user,repo,user:email,workflow...
2025-10-10 23:31:59.006 [info] Getting sessions for read:user,repo,user:email,workflow...
2025-10-10 23:31:59.006 [info] Got 1 sessions for read:user,repo,user:email,workflow...
2025-10-10 23:32:03.574 [info] Getting sessions for read:user,repo,user:email,workflow...
2025-10-10 23:32:03.574 [info] Got 1 sessions for read:user,repo,user:email,workflow...
2025-10-10 23:32:10.657 [info] Getting sessions for read:user,repo,user:email,workflow...
2025-10-10 23:32:10.657 [info] Got 1 sessions for read:user,repo,user:email,workflow...
2025-10-10 23:32:11.202 [info] Getting sessions for read:user,repo,user:email,workflow...
2025-10-10 23:32:11.202 [info] Got 1 sessions for read:user,repo,user:email,workflow...
2025-10-10 23:32:11.656 [info] Getting sessions for read:user,repo,user:email,workflow...
2025-10-10 23:32:11.656 [info] Got 1 sessions for read:user,repo,user:email,workflow...
2025-10-10 23:32:16.793 [info] Getting sessions for read:user,repo,user:email,workflow...
2025-10-10 23:32:16.793 [info] Got 1 sessions for read:user,repo,user:email,workflow...
2025-10-10 23:32:18.411 [info] Getting sessions for read:user,repo,user:email,workflow...
2025-10-10 23:32:18.411 [info] Got 1 sessions for read:user,repo,user:email,workflow...
2025-10-10 23:32:31.265 [info] Getting sessions for read:user,repo,user:email,workflow...
2025-10-10 23:32:31.271 [info] Got 1 sessions for read:user,repo,user:email,workflow...
2025-10-10 23:32:31.932 [info] Getting sessions for read:user,repo,user:email,workflow...
2025-10-10 23:32:31.932 [info] Got 1 sessions for read:user,repo,user:email,workflow...
2025-10-10 23:32:34.241 [info] Getting sessions for read:user,repo,user:email,workflow...
2025-10-10 23:32:34.242 [info] Got 1 sessions for read:user,repo,user:email,workflow...
2025-10-10 23:32:34.890 [info] Getting sessions for read:user,repo,user:email,workflow...
2025-10-10 23:32:34.891 [info] Got 1 sessions for read:user,repo,user:email,workflow...
2025-10-10 23:32:35.465 [info] Getting sessions for read:user,repo,user:email,workflow...
2025-10-10 23:32:35.465 [info] Got 1 sessions for read:user,repo,user:email,workflow...
2025-10-10 23:33:16.500 [info] Getting sessions for read:user,repo,user:email,workflow...
2025-10-10 23:33:16.500 [info] Got 1 sessions for read:user,repo,user:email,workflow...
2025-10-10 23:33:18.445 [info] Getting sessions for read:user,repo,user:email,workflow...
2025-10-10 23:33:18.445 [info] Got 1 sessions for read:user,repo,user:email,workflow...
2025-10-10 23:33:18.868 [info] Getting sessions for read:user,repo,user:email,workflow...
2025-10-10 23:33:18.869 [info] Got 1 sessions for read:user,repo,user:email,workflow...
2025-10-10 23:33:20.012 [info] Getting sessions for read:user,repo,user:email,workflow...
2025-10-10 23:33:20.012 [info] Got 1 sessions for read:user,repo,user:email,workflow...
2025-10-10 23:33:21.280 [info] Getting sessions for read:user,repo,user:email,workflow...
2025-10-10 23:33:21.280 [info] Got 1 sessions for read:user,repo,user:email,workflow...
2025-10-10 23:33:21.885 [info] Getting sessions for read:user,repo,user:email,workflow...
2025-10-10 23:33:21.886 [info] Got 1 sessions for read:user,repo,user:email,workflow...
2025-10-10 23:33:22.629 [info] Getting sessions for read:user,repo,user:email,workflow...
2025-10-10 23:33:22.629 [info] Got 1 sessions for read:user,repo,user:email,workflow...
2025-10-10 23:33:24.746 [info] Getting sessions for read:user,repo,user:email,workflow...
2025-10-10 23:33:24.746 [info] Got 1 sessions for read:user,repo,user:email,workflow...
2025-10-10 23:33:25.479 [info] Getting sessions for read:user,repo,user:email,workflow...
2025-10-10 23:33:25.479 [info] Got 1 sessions for read:user,repo,user:email,workflow...
2025-10-10 23:33:26.391 [info] Getting sessions for read:user,repo,user:email,workflow...
2025-10-10 23:33:26.391 [info] Got 1 sessions for read:user,repo,user:email,workflow...
2025-10-10 23:33:29.422 [info] Getting sessions for read:user,repo,user:email,workflow...
2025-10-10 23:33:29.422 [info] Got 1 sessions for read:user,repo,user:email,workflow...
2025-10-10 23:33:30.516 [info] Getting sessions for read:user,repo,user:email,workflow...
2025-10-10 23:33:30.516 [info] Got 1 sessions for read:user,repo,user:email,workflow...
2025-10-10 23:33:32.409 [info] Getting sessions for read:user,repo,user:email,workflow...
2025-10-10 23:33:32.409 [info] Got 1 sessions for read:user,repo,user:email,workflow...
2025-10-10 23:33:32.909 [info] Getting sessions for read:user,repo,user:email,workflow...
2025-10-10 23:33:32.909 [info] Got 1 sessions for read:user,repo,user:email,workflow...
2025-10-10 23:33:36.669 [info] Getting sessions for read:user,repo,user:email,workflow...
2025-10-10 23:33:36.670 [info] Got 1 sessions for read:user,repo,user:email,workflow...
2025-10-10 23:33:37.620 [info] Getting sessions for read:user,repo,user:email,workflow...
2025-10-10 23:33:37.620 [info] Got 1 sessions for read:user,repo,user:email,workflow...
2025-10-10 23:33:38.225 [info] Getting sessions for read:user,repo,user:email,workflow...
2025-10-10 23:33:38.225 [info] Got 1 sessions for read:user,repo,user:email,workflow...
2025-10-10 23:33:38.908 [info] Getting sessions for read:user,repo,user:email,workflow...
2025-10-10 23:33:38.908 [info] Got 1 sessions for read:user,repo,user:email,workflow...
2025-10-10 23:33:39.532 [info] Getting sessions for read:user,repo,user:email,workflow...
2025-10-10 23:33:39.532 [info] Got 1 sessions for read:user,repo,user:email,workflow...
2025-10-10 23:33:43.721 [info] Getting sessions for read:user,repo,user:email,workflow...
2025-10-10 23:33:43.721 [info] Got 1 sessions for read:user,repo,user:email,workflow...
2025-10-10 23:33:44.210 [info] Getting sessions for read:user,repo,user:email,workflow...
2025-10-10 23:33:44.210 [info] Got 1 sessions for read:user,repo,user:email,workflow...
2025-10-10 23:33:47.349 [info] Getting sessions for read:user,repo,user:email,workflow...
2025-10-10 23:33:47.349 [info] Got 1 sessions for read:user,repo,user:email,workflow...
2025-10-10 23:33:49.423 [info] Getting sessions for read:user,repo,user:email,workflow...
2025-10-10 23:33:49.423 [info] Got 1 sessions for read:user,repo,user:email,workflow...
2025-10-10 23:33:51.262 [info] Getting sessions for read:user,repo,user:email,workflow...
2025-10-10 23:33:51.262 [info] Got 1 sessions for read:user,repo,user:email,workflow...
2025-10-10 23:33:59.909 [info] Getting sessions for read:user,repo,user:email,workflow...
2025-10-10 23:33:59.909 [info] Got 1 sessions for read:user,repo,user:email,workflow...
2025-10-10 23:34:02.873 [info] Getting sessions for read:user,repo,user:email,workflow...
2025-10-10 23:34:02.873 [info] Got 1 sessions for read:user,repo,user:email,workflow...
2025-10-10 23:34:08.632 [info] Getting sessions for read:user,repo,user:email,workflow...
2025-10-10 23:34:08.632 [info] Got 1 sessions for read:user,repo,user:email,workflow...
2025-10-10 23:34:18.037 [info] Getting sessions for read:user,repo,user:email,workflow...
2025-10-10 23:34:18.037 [info] Got 1 sessions for read:user,repo,user:email,workflow...
2025-10-10 23:34:19.667 [info] Getting sessions for read:user,repo,user:email,workflow...
2025-10-10 23:34:19.667 [info] Got 1 sessions for read:user,repo,user:email,workflow...
2025-10-10 23:34:20.310 [info] Getting sessions for read:user,repo,user:email,workflow...
2025-10-10 23:34:20.310 [info] Got 1 sessions for read:user,repo,user:email,workflow...
2025-10-10 23:34:58.147 [info] Getting sessions for read:user,repo,user:email,workflow...
2025-10-10 23:34:58.152 [info] Got 1 sessions for read:user,repo,user:email,workflow...
2025-10-10 23:35:03.099 [info] Getting sessions for read:user,repo,user:email,workflow...
2025-10-10 23:35:03.099 [info] Got 1 sessions for read:user,repo,user:email,workflow...
2025-10-10 23:35:04.961 [info] Getting sessions for read:user,repo,user:email,workflow...
2025-10-10 23:35:04.961 [info] Got 1 sessions for read:user,repo,user:email,workflow...
2025-10-10 23:35:16.582 [info] Getting sessions for read:user,repo,user:email,workflow...
2025-10-10 23:35:16.583 [info] Got 1 sessions for read:user,repo,user:email,workflow...
2025-10-10 23:35:18.020 [info] Getting sessions for read:user,repo,user:email,workflow...
2025-10-10 23:35:18.020 [info] Got 1 sessions for read:user,repo,user:email,workflow...
2025-10-10 23:35:18.642 [info] Getting sessions for read:user,repo,user:email,workflow...
2025-10-10 23:35:18.642 [info] Got 1 sessions for read:user,repo,user:email,workflow...
2025-10-10 23:35:19.951 [info] Getting sessions for read:user,repo,user:email,workflow...
2025-10-10 23:35:19.951 [info] Got 1 sessions for read:user,repo,user:email,workflow...
2025-10-10 23:35:21.858 [info] Getting sessions for read:user,repo,user:email,workflow...
2025-10-10 23:35:21.858 [info] Got 1 sessions for read:user,repo,user:email,workflow...
2025-10-10 23:35:22.648 [info] Getting sessions for read:user,repo,user:email,workflow...
2025-10-10 23:35:22.648 [info] Got 1 sessions for read:user,repo,user:email,workflow...
2025-10-10 23:35:29.394 [info] Getting sessions for read:user,repo,user:email,workflow...
2025-10-10 23:35:29.394 [info] Got 1 sessions for read:user,repo,user:email,workflow...
2025-10-10 23:35:29.931 [info] Getting sessions for read:user,repo,user:email,workflow...
2025-10-10 23:35:29.931 [info] Got 1 sessions for read:user,repo,user:email,workflow...
2025-10-10 23:35:39.800 [info] Getting sessions for read:user,repo,user:email,workflow...
2025-10-10 23:35:39.800 [info] Got 1 sessions for read:user,repo,user:email,workflow...
2025-10-10 23:35:41.417 [info] Getting sessions for read:user,repo,user:email,workflow...
2025-10-10 23:35:41.417 [info] Got 1 sessions for read:user,repo,user:email,workflow...
2025-10-10 23:35:42.098 [info] Getting sessions for read:user,repo,user:email,workflow...
2025-10-10 23:35:42.098 [info] Got 1 sessions for read:user,repo,user:email,workflow...
2025-10-10 23:35:43.888 [info] Getting sessions for read:user,repo,user:email,workflow...
2025-10-10 23:35:43.888 [info] Got 1 sessions for read:user,repo,user:email,workflow...
2025-10-10 23:35:54.681 [info] Getting sessions for read:user,repo,user:email,workflow...
2025-10-10 23:35:54.681 [info] Got 1 sessions for read:user,repo,user:email,workflow...
2025-10-10 23:36:02.711 [info] Getting sessions for read:user,repo,user:email,workflow...
2025-10-10 23:36:02.711 [info] Got 1 sessions for read:user,repo,user:email,workflow...
2025-10-10 23:36:24.990 [info] Getting sessions for read:user,repo,user:email,workflow...
2025-10-10 23:36:24.990 [info] Got 1 sessions for read:user,repo,user:email,workflow...
2025-10-10 23:36:26.570 [info] Getting sessions for read:user,repo,user:email,workflow...
2025-10-10 23:36:26.571 [info] Got 1 sessions for read:user,repo,user:email,workflow...
2025-10-10 23:36:27.977 [info] Getting sessions for read:user,repo,user:email,workflow...
2025-10-10 23:36:27.977 [info] Got 1 sessions for read:user,repo,user:email,workflow...
2025-10-10 23:36:29.820 [info] Getting sessions for read:user,repo,user:email,workflow...
2025-10-10 23:36:29.820 [info] Got 1 sessions for read:user,repo,user:email,workflow...
2025-10-10 23:36:35.106 [info] Getting sessions for read:user,repo,user:email,workflow...
2025-10-10 23:36:35.106 [info] Got 1 sessions for read:user,repo,user:email,workflow...
2025-10-10 23:36:35.481 [info] Getting sessions for read:user,repo,user:email,workflow...
2025-10-10 23:36:35.481 [info] Got 1 sessions for read:user,repo,user:email,workflow...
2025-10-10 23:36:36.757 [info] Getting sessions for read:user,repo,user:email,workflow...
2025-10-10 23:36:36.757 [info] Got 1 sessions for read:user,repo,user:email,workflow...
2025-10-10 23:36:38.937 [info] Getting sessions for read:user,repo,user:email,workflow...
2025-10-10 23:36:38.937 [info] Got 1 sessions for read:user,repo,user:email,workflow...
2025-10-10 23:36:54.548 [info] Getting sessions for read:user,repo,user:email,workflow...
2025-10-10 23:36:54.548 [info] Got 1 sessions for read:user,repo,user:email,workflow...
2025-10-10 23:36:56.645 [info] Getting sessions for read:user,repo,user:email,workflow...
2025-10-10 23:36:56.645 [info] Got 1 sessions for read:user,repo,user:email,workflow...
2025-10-10 23:37:19.318 [info] Getting sessions for read:user,repo,user:email,workflow...
2025-10-10 23:37:19.318 [info] Got 1 sessions for read:user,repo,user:email,workflow...
2025-10-10 23:37:19.687 [info] Getting sessions for read:user,repo,user:email,workflow...
2025-10-10 23:37:19.687 [info] Got 1 sessions for read:user,repo,user:email,workflow...
2025-10-10 23:37:21.045 [info] Getting sessions for read:user,repo,user:email,workflow...
2025-10-10 23:37:21.045 [info] Got 1 sessions for read:user,repo,user:email,workflow...
2025-10-10 23:37:43.207 [info] Getting sessions for read:user,repo,user:email,workflow...
2025-10-10 23:37:43.207 [info] Got 1 sessions for read:user,repo,user:email,workflow...
2025-10-10 23:37:46.272 [info] Getting sessions for read:user,repo,user:email,workflow...
2025-10-10 23:37:46.272 [info] Got 1 sessions for read:user,repo,user:email,workflow...
2025-10-10 23:38:09.385 [info] Getting sessions for read:user,repo,user:email,workflow...
2025-10-10 23:38:09.385 [info] Got 1 sessions for read:user,repo,user:email,workflow...
2025-10-10 23:38:30.623 [info] Getting sessions for read:user,repo,user:email,workflow...
2025-10-10 23:38:30.624 [info] Got 1 sessions for read:user,repo,user:email,workflow...
2025-10-10 23:38:32.080 [info] Getting sessions for read:user,repo,user:email,workflow...
2025-10-10 23:38:32.080 [info] Got 1 sessions for read:user,repo,user:email,workflow...
2025-10-10 23:38:34.342 [info] Getting sessions for read:user,repo,user:email,workflow...
2025-10-10 23:38:34.342 [info] Got 1 sessions for read:user,repo,user:email,workflow...
2025-10-10 23:38:35.525 [info] Getting sessions for read:user,repo,user:email,workflow...
2025-10-10 23:38:35.525 [info] Got 1 sessions for read:user,repo,user:email,workflow...
2025-10-10 23:38:37.061 [info] Getting sessions for read:user,repo,user:email,workflow...
2025-10-10 23:38:37.061 [info] Got 1 sessions for read:user,repo,user:email,workflow...
2025-10-10 23:38:37.454 [info] Getting sessions for read:user,repo,user:email,workflow...
2025-10-10 23:38:37.454 [info] Got 1 sessions for read:user,repo,user:email,workflow...
2025-10-10 23:38:38.039 [info] Getting sessions for read:user,repo,user:email,workflow...
2025-10-10 23:38:38.039 [info] Got 1 sessions for read:user,repo,user:email,workflow...
2025-10-10 23:38:39.639 [info] Getting sessions for read:user,repo,user:email,workflow...
2025-10-10 23:38:39.639 [info] Got 1 sessions for read:user,repo,user:email,workflow...
2025-10-10 23:38:40.981 [info] Getting sessions for read:user,repo,user:email,workflow...
2025-10-10 23:38:40.981 [info] Got 1 sessions for read:user,repo,user:email,workflow...
2025-10-10 23:38:42.078 [info] Getting sessions for read:user,repo,user:email,workflow...
2025-10-10 23:38:42.078 [info] Got 1 sessions for read:user,repo,user:email,workflow...
2025-10-10 23:38:43.808 [info] Getting sessions for read:user,repo,user:email,workflow...
2025-10-10 23:38:43.808 [info] Got 1 sessions for read:user,repo,user:email,workflow...
2025-10-10 23:39:02.503 [info] Getting sessions for read:user,repo,user:email,workflow...
2025-10-10 23:39:02.503 [info] Got 1 sessions for read:user,repo,user:email,workflow...
2025-10-10 23:43:17.878 [info] Getting sessions for read:user,repo,user:email,workflow...
2025-10-10 23:43:17.879 [info] Got 1 sessions for read:user,repo,user:email,workflow...
2025-10-10 23:43:29.223 [info] Getting sessions for read:user,repo,user:email,workflow...
2025-10-10 23:43:29.223 [info] Got 1 sessions for read:user,repo,user:email,workflow...
2025-10-10 23:43:30.025 [info] Getting sessions for read:user,repo,user:email,workflow...
2025-10-10 23:43:30.025 [info] Got 1 sessions for read:user,repo,user:email,workflow...
2025-10-10 23:43:30.723 [info] Getting sessions for read:user,repo,user:email,workflow...
2025-10-10 23:43:30.723 [info] Got 1 sessions for read:user,repo,user:email,workflow...
2025-10-10 23:43:31.636 [info] Getting sessions for read:user,repo,user:email,workflow...
2025-10-10 23:43:31.637 [info] Got 1 sessions for read:user,repo,user:email,workflow...
2025-10-10 23:43:32.167 [info] Getting sessions for read:user,repo,user:email,workflow...
2025-10-10 23:43:32.168 [info] Got 1 sessions for read:user,repo,user:email,workflow...
2025-10-10 23:43:35.059 [info] Getting sessions for read:user,repo,user:email,workflow...
2025-10-10 23:43:35.060 [info] Got 1 sessions for read:user,repo,user:email,workflow...
2025-10-10 23:43:36.908 [info] Getting sessions for read:user,repo,user:email,workflow...
2025-10-10 23:43:36.908 [info] Got 1 sessions for read:user,repo,user:email,workflow...
2025-10-10 23:46:56.455 [info] Getting sessions for read:user,repo,user:email,workflow...
2025-10-10 23:46:56.462 [info] Got 1 sessions for read:user,repo,user:email,workflow...
2025-10-10 23:46:57.579 [info] Getting sessions for read:user,repo,user:email,workflow...
2025-10-10 23:46:57.580 [info] Got 1 sessions for read:user,repo,user:email,workflow...
2025-10-10 23:46:58.782 [info] Getting sessions for read:user,repo,user:email,workflow...
2025-10-10 23:46:58.782 [info] Got 1 sessions for read:user,repo,user:email,workflow...
2025-10-10 23:46:59.389 [info] Getting sessions for read:user,repo,user:email,workflow...
2025-10-10 23:46:59.390 [info] Got 1 sessions for read:user,repo,user:email,workflow...
2025-10-10 23:47:02.721 [info] Getting sessions for read:user,repo,user:email,workflow...
2025-10-10 23:47:02.721 [info] Got 1 sessions for read:user,repo,user:email,workflow...
2025-10-10 23:47:03.372 [info] Getting sessions for read:user,repo,user:email,workflow...
2025-10-10 23:47:03.372 [info] Got 1 sessions for read:user,repo,user:email,workflow...
2025-10-10 23:47:04.004 [info] Getting sessions for read:user,repo,user:email,workflow...
2025-10-10 23:47:04.004 [info] Got 1 sessions for read:user,repo,user:email,workflow...
2025-10-10 23:47:07.773 [info] Getting sessions for read:user,repo,user:email,workflow...
2025-10-10 23:47:07.773 [info] Got 1 sessions for read:user,repo,user:email,workflow...
2025-10-10 23:47:08.158 [info] Getting sessions for read:user,repo,user:email,workflow...
2025-10-10 23:47:08.158 [info] Got 1 sessions for read:user,repo,user:email,workflow...
2025-10-10 23:47:08.742 [info] Getting sessions for read:user,repo,user:email,workflow...
2025-10-10 23:47:08.743 [info] Got 1 sessions for read:user,repo,user:email,workflow...
2025-10-10 23:47:13.443 [info] Getting sessions for read:user,repo,user:email,workflow...
2025-10-10 23:47:13.443 [info] Got 1 sessions for read:user,repo,user:email,workflow...
2025-10-10 23:47:20.457 [info] Getting sessions for read:user,repo,user:email,workflow...
2025-10-10 23:47:20.457 [info] Got 1 sessions for read:user,repo,user:email,workflow...
2025-10-10 23:47:21.278 [info] Getting sessions for read:user,repo,user:email,workflow...
2025-10-10 23:47:21.278 [info] Got 1 sessions for read:user,repo,user:email,workflow...
2025-10-10 23:47:24.668 [info] Getting sessions for read:user,repo,user:email,workflow...
2025-10-10 23:47:24.668 [info] Got 1 sessions for read:user,repo,user:email,workflow...
2025-10-10 23:47:27.127 [info] Getting sessions for read:user,repo,user:email,workflow...
2025-10-10 23:47:27.127 [info] Got 1 sessions for read:user,repo,user:email,workflow...
2025-10-10 23:48:35.538 [info] Getting sessions for read:user,repo,user:email,workflow...
2025-10-10 23:48:35.545 [info] Got 1 sessions for read:user,repo,user:email,workflow...
2025-10-10 23:48:36.173 [info] Getting sessions for read:user,repo,user:email,workflow...
2025-10-10 23:48:36.173 [info] Got 1 sessions for read:user,repo,user:email,workflow...
2025-10-10 23:48:38.129 [info] Getting sessions for read:user,repo,user:email,workflow...
2025-10-10 23:48:38.129 [info] Got 1 sessions for read:user,repo,user:email,workflow...
2025-10-10 23:48:42.544 [info] Getting sessions for read:user,repo,user:email,workflow...
2025-10-10 23:48:42.544 [info] Got 1 sessions for read:user,repo,user:email,workflow...
2025-10-10 23:48:43.333 [info] Getting sessions for read:user,repo,user:email,workflow...
2025-10-10 23:48:43.333 [info] Got 1 sessions for read:user,repo,user:email,workflow...
2025-10-10 23:48:44.540 [info] Getting sessions for read:user,repo,user:email,workflow...
2025-10-10 23:48:44.540 [info] Got 1 sessions for read:user,repo,user:email,workflow...
2025-10-10 23:48:46.035 [info] Getting sessions for read:user,repo,user:email,workflow...
2025-10-10 23:48:46.039 [info] Got 1 sessions for read:user,repo,user:email,workflow...
2025-10-10 23:48:47.155 [info] Getting sessions for read:user,repo,user:email,workflow...
2025-10-10 23:48:47.155 [info] Got 1 sessions for read:user,repo,user:email,workflow...
2025-10-10 23:48:47.760 [info] Getting sessions for read:user,repo,user:email,workflow...
2025-10-10 23:48:47.761 [info] Got 1 sessions for read:user,repo,user:email,workflow...
2025-10-10 23:48:49.249 [info] Getting sessions for read:user,repo,user:email,workflow...
2025-10-10 23:48:49.250 [info] Got 1 sessions for read:user,repo,user:email,workflow...
2025-10-10 23:48:49.736 [info] Getting sessions for read:user,repo,user:email,workflow...
2025-10-10 23:48:49.736 [info] Got 1 sessions for read:user,repo,user:email,workflow...
2025-10-10 23:48:50.335 [info] Getting sessions for read:user,repo,user:email,workflow...
2025-10-10 23:48:50.336 [info] Got 1 sessions for read:user,repo,user:email,workflow...
2025-10-10 23:48:51.213 [info] Getting sessions for read:user,repo,user:email,workflow...
2025-10-10 23:48:51.213 [info] Got 1 sessions for read:user,repo,user:email,workflow...
2025-10-10 23:48:52.086 [info] Getting sessions for read:user,repo,user:email,workflow...
2025-10-10 23:48:52.086 [info] Got 1 sessions for read:user,repo,user:email,workflow...
2025-10-10 23:48:52.876 [info] Getting sessions for read:user,repo,user:email,workflow...
2025-10-10 23:48:52.876 [info] Got 1 sessions for read:user,repo,user:email,workflow...
2025-10-10 23:48:56.246 [info] Getting sessions for read:user,repo,user:email,workflow...
2025-10-10 23:48:56.246 [info] Got 1 sessions for read:user,repo,user:email,workflow...
2025-10-10 23:49:19.264 [info] Getting sessions for read:user,repo,user:email,workflow...
2025-10-10 23:49:19.264 [info] Got 1 sessions for read:user,repo,user:email,workflow...
2025-10-10 23:49:20.156 [info] Getting sessions for read:user,repo,user:email,workflow...
2025-10-10 23:49:20.157 [info] Got 1 sessions for read:user,repo,user:email,workflow...
2025-10-10 23:49:22.704 [info] Getting sessions for read:user,repo,user:email,workflow...
2025-10-10 23:49:22.704 [info] Got 1 sessions for read:user,repo,user:email,workflow...
2025-10-10 23:49:23.169 [info] Getting sessions for read:user,repo,user:email,workflow...
2025-10-10 23:49:23.169 [info] Got 1 sessions for read:user,repo,user:email,workflow...
2025-10-10 23:49:24.364 [info] Getting sessions for read:user,repo,user:email,workflow...
2025-10-10 23:49:24.364 [info] Got 1 sessions for read:user,repo,user:email,workflow...
2025-10-10 23:49:25.957 [info] Getting sessions for read:user,repo,user:email,workflow...
2025-10-10 23:49:25.957 [info] Got 1 sessions for read:user,repo,user:email,workflow...
2025-10-10 23:49:28.006 [info] Getting sessions for read:user,repo,user:email,workflow...
2025-10-10 23:49:28.006 [info] Got 1 sessions for read:user,repo,user:email,workflow...
2025-10-10 23:49:29.725 [info] Getting sessions for read:user,repo,user:email,workflow...
2025-10-10 23:49:29.725 [info] Got 1 sessions for read:user,repo,user:email,workflow...
2025-10-10 23:49:31.425 [info] Getting sessions for read:user,repo,user:email,workflow...
2025-10-10 23:49:31.425 [info] Got 1 sessions for read:user,repo,user:email,workflow...
2025-10-10 23:49:32.097 [info] Getting sessions for read:user,repo,user:email,workflow...
2025-10-10 23:49:32.097 [info] Got 1 sessions for read:user,repo,user:email,workflow...
2025-10-10 23:49:33.637 [info] Getting sessions for read:user,repo,user:email,workflow...
2025-10-10 23:49:33.637 [info] Got 1 sessions for read:user,repo,user:email,workflow...
2025-10-10 23:49:35.699 [info] Getting sessions for read:user,repo,user:email,workflow...
2025-10-10 23:49:35.699 [info] Got 1 sessions for read:user,repo,user:email,workflow...
2025-10-10 23:49:38.064 [info] Getting sessions for read:user,repo,user:email,workflow...
2025-10-10 23:49:38.064 [info] Got 1 sessions for read:user,repo,user:email,workflow...
2025-10-10 23:49:39.818 [info] Getting sessions for read:user,repo,user:email,workflow...
2025-10-10 23:49:39.818 [info] Got 1 sessions for read:user,repo,user:email,workflow...
2025-10-10 23:49:41.446 [info] Getting sessions for read:user,repo,user:email,workflow...
2025-10-10 23:49:41.446 [info] Got 1 sessions for read:user,repo,user:email,workflow...
2025-10-10 23:49:42.142 [info] Getting sessions for read:user,repo,user:email,workflow...
2025-10-10 23:49:42.142 [info] Got 1 sessions for read:user,repo,user:email,workflow...
2025-10-10 23:49:52.061 [info] Getting sessions for read:user,repo,user:email,workflow...
2025-10-10 23:49:52.061 [info] Got 1 sessions for read:user,repo,user:email,workflow...
2025-10-10 23:51:48.724 [info] Getting sessions for read:user,repo,user:email,workflow...
2025-10-10 23:51:48.725 [info] Got 1 sessions for read:user,repo,user:email,workflow...
2025-10-10 23:51:49.271 [info] Getting sessions for read:user,repo,user:email,workflow...
2025-10-10 23:51:49.271 [info] Got 1 sessions for read:user,repo,user:email,workflow...
2025-10-10 23:51:49.594 [info] Getting sessions for read:user,repo,user:email,workflow...
2025-10-10 23:51:49.594 [info] Got 1 sessions for read:user,repo,user:email,workflow...
2025-10-10 23:51:50.122 [info] Getting sessions for read:user,repo,user:email,workflow...
2025-10-10 23:51:50.122 [info] Got 1 sessions for read:user,repo,user:email,workflow...
2025-10-10 23:51:51.093 [info] Getting sessions for read:user,repo,user:email,workflow...
2025-10-10 23:51:51.093 [info] Got 1 sessions for read:user,repo,user:email,workflow...
2025-10-10 23:51:51.701 [info] Getting sessions for read:user,repo,user:email,workflow...
2025-10-10 23:51:51.701 [info] Got 1 sessions for read:user,repo,user:email,workflow...
2025-10-10 23:51:54.006 [info] Getting sessions for read:user,repo,user:email,workflow...
2025-10-10 23:51:54.006 [info] Got 1 sessions for read:user,repo,user:email,workflow...
2025-10-10 23:52:29.240 [info] Getting sessions for read:user,repo,user:email,workflow...
2025-10-10 23:52:29.240 [info] Got 1 sessions for read:user,repo,user:email,workflow...
2025-10-10 23:52:30.551 [info] Getting sessions for read:user,repo,user:email,workflow...
2025-10-10 23:52:30.551 [info] Got 1 sessions for read:user,repo,user:email,workflow...
2025-10-10 23:52:48.816 [info] Getting sessions for read:user,repo,user:email,workflow...
2025-10-10 23:52:48.816 [info] Got 1 sessions for read:user,repo,user:email,workflow...
2025-10-10 23:54:04.281 [info] Getting sessions for read:user,repo,user:email,workflow...
2025-10-10 23:54:04.281 [info] Got 1 sessions for read:user,repo,user:email,workflow...
2025-10-10 23:54:06.120 [info] Getting sessions for read:user,repo,user:email,workflow...
2025-10-10 23:54:06.120 [info] Got 1 sessions for read:user,repo,user:email,workflow...
2025-10-10 23:54:08.886 [info] Getting sessions for read:user,repo,user:email,workflow...
2025-10-10 23:54:08.886 [info] Got 1 sessions for read:user,repo,user:email,workflow...
2025-10-10 23:54:09.595 [info] Getting sessions for read:user,repo,user:email,workflow...
2025-10-10 23:54:09.595 [info] Got 1 sessions for read:user,repo,user:email,workflow...
2025-10-10 23:54:10.076 [info] Getting sessions for read:user,repo,user:email,workflow...
2025-10-10 23:54:10.076 [info] Got 1 sessions for read:user,repo,user:email,workflow...
2025-10-10 23:54:10.453 [info] Getting sessions for read:user,repo,user:email,workflow...
2025-10-10 23:54:10.453 [info] Got 1 sessions for read:user,repo,user:email,workflow...
2025-10-10 23:54:11.260 [info] Getting sessions for read:user,repo,user:email,workflow...
2025-10-10 23:54:11.260 [info] Got 1 sessions for read:user,repo,user:email,workflow...
2025-10-10 23:54:12.071 [info] Getting sessions for read:user,repo,user:email,workflow...
2025-10-10 23:54:12.071 [info] Got 1 sessions for read:user,repo,user:email,workflow...
2025-10-10 23:54:12.740 [info] Getting sessions for read:user,repo,user:email,workflow...
2025-10-10 23:54:12.741 [info] Got 1 sessions for read:user,repo,user:email,workflow...
2025-10-10 23:54:34.838 [info] Getting sessions for read:user,repo,user:email,workflow...
2025-10-10 23:54:34.838 [info] Got 1 sessions for read:user,repo,user:email,workflow...
2025-10-10 23:54:35.186 [info] Getting sessions for read:user,repo,user:email,workflow...
2025-10-10 23:54:35.186 [info] Got 1 sessions for read:user,repo,user:email,workflow...
2025-10-10 23:54:36.192 [info] Getting sessions for read:user,repo,user:email,workflow...
2025-10-10 23:54:36.192 [info] Got 1 sessions for read:user,repo,user:email,workflow...
2025-10-10 23:54:38.798 [info] Getting sessions for read:user,repo,user:email,workflow...
2025-10-10 23:54:38.799 [info] Got 1 sessions for read:user,repo,user:email,workflow...
2025-10-10 23:54:40.456 [info] Getting sessions for read:user,repo,user:email,workflow...
2025-10-10 23:54:40.457 [info] Got 1 sessions for read:user,repo,user:email,workflow...
2025-10-10 23:54:41.772 [info] Getting sessions for read:user,repo,user:email,workflow...
2025-10-10 23:54:41.772 [info] Got 1 sessions for read:user,repo,user:email,workflow...
2025-10-10 23:54:44.418 [info] Getting sessions for read:user,repo,user:email,workflow...
2025-10-10 23:54:44.418 [info] Got 1 sessions for read:user,repo,user:email,workflow...
2025-10-10 23:54:46.346 [info] Getting sessions for read:user,repo,user:email,workflow...
2025-10-10 23:54:46.346 [info] Got 1 sessions for read:user,repo,user:email,workflow...
2025-10-10 23:54:48.132 [info] Getting sessions for read:user,repo,user:email,workflow...
2025-10-10 23:54:48.132 [info] Got 1 sessions for read:user,repo,user:email,workflow...
2025-10-10 23:54:48.869 [info] Getting sessions for read:user,repo,user:email,workflow...
2025-10-10 23:54:48.869 [info] Got 1 sessions for read:user,repo,user:email,workflow...
2025-10-10 23:54:49.502 [info] Getting sessions for read:user,repo,user:email,workflow...
2025-10-10 23:54:49.502 [info] Got 1 sessions for read:user,repo,user:email,workflow...
2025-10-10 23:54:50.359 [info] Getting sessions for read:user,repo,user:email,workflow...
2025-10-10 23:54:50.359 [info] Got 1 sessions for read:user,repo,user:email,workflow...
2025-10-10 23:54:51.940 [info] Getting sessions for read:user,repo,user:email,workflow...
2025-10-10 23:54:51.940 [info] Got 1 sessions for read:user,repo,user:email,workflow...
2025-10-10 23:54:53.206 [info] Getting sessions for read:user,repo,user:email,workflow...
2025-10-10 23:54:53.206 [info] Got 1 sessions for read:user,repo,user:email,workflow...
2025-10-10 23:54:55.793 [info] Getting sessions for read:user,repo,user:email,workflow...
2025-10-10 23:54:55.794 [info] Got 1 sessions for read:user,repo,user:email,workflow...
2025-10-10 23:54:57.052 [info] Getting sessions for read:user,repo,user:email,workflow...
2025-10-10 23:54:57.054 [info] Got 1 sessions for read:user,repo,user:email,workflow...
2025-10-11 00:20:02.858 [info] Getting sessions for read:user,repo,user:email,workflow...
2025-10-11 00:20:02.858 [info] Got 1 sessions for read:user,repo,user:email,workflow...
2025-10-11 00:20:03.518 [info] Getting sessions for read:user,repo,user:email,workflow...
2025-10-11 00:20:03.518 [info] Got 1 sessions for read:user,repo,user:email,workflow...
2025-10-11 00:20:04.278 [info] Getting sessions for read:user,repo,user:email,workflow...
2025-10-11 00:20:04.278 [info] Got 1 sessions for read:user,repo,user:email,workflow...
2025-10-11 00:20:04.928 [info] Getting sessions for read:user,repo,user:email,workflow...
2025-10-11 00:20:04.928 [info] Got 1 sessions for read:user,repo,user:email,workflow...
2025-10-11 00:20:07.114 [info] Getting sessions for read:user,repo,user:email,workflow...
2025-10-11 00:20:07.114 [info] Got 1 sessions for read:user,repo,user:email,workflow...
2025-10-11 00:20:07.468 [info] Getting sessions for read:user,repo,user:email,workflow...
2025-10-11 00:20:07.468 [info] Got 1 sessions for read:user,repo,user:email,workflow...
2025-10-11 00:20:08.007 [info] Getting sessions for read:user,repo,user:email,workflow...
2025-10-11 00:20:08.008 [info] Got 1 sessions for read:user,repo,user:email,workflow...
2025-10-11 00:20:10.150 [info] Getting sessions for read:user,repo,user:email,workflow...
2025-10-11 00:20:10.150 [info] Got 1 sessions for read:user,repo,user:email,workflow...
2025-10-11 00:20:10.699 [info] Getting sessions for read:user,repo,user:email,workflow...
2025-10-11 00:20:10.700 [info] Got 1 sessions for read:user,repo,user:email,workflow...
2025-10-11 00:20:11.004 [info] Getting sessions for read:user,repo,user:email,workflow...
2025-10-11 00:20:11.004 [info] Got 1 sessions for read:user,repo,user:email,workflow...
2025-10-11 00:20:12.434 [info] Getting sessions for read:user,repo,user:email,workflow...
2025-10-11 00:20:12.434 [info] Got 1 sessions for read:user,repo,user:email,workflow...
2025-10-11 00:20:13.048 [info] Getting sessions for read:user,repo,user:email,workflow...
2025-10-11 00:20:13.048 [info] Got 1 sessions for read:user,repo,user:email,workflow...
2025-10-11 00:20:13.778 [info] Getting sessions for read:user,repo,user:email,workflow...
2025-10-11 00:20:13.778 [info] Got 1 sessions for read:user,repo,user:email,workflow...
2025-10-11 00:20:14.046 [info] Getting sessions for read:user,repo,user:email,workflow...
2025-10-11 00:20:14.047 [info] Got 1 sessions for read:user,repo,user:email,workflow...
2025-10-11 00:20:14.556 [info] Getting sessions for read:user,repo,user:email,workflow...
2025-10-11 00:20:14.556 [info] Got 1 sessions for read:user,repo,user:email,workflow...
2025-10-11 00:20:14.995 [info] Getting sessions for read:user,repo,user:email,workflow...
2025-10-11 00:20:14.995 [info] Got 1 sessions for read:user,repo,user:email,workflow...
2025-10-11 00:20:15.464 [info] Getting sessions for read:user,repo,user:email,workflow...
2025-10-11 00:20:15.464 [info] Got 1 sessions for read:user,repo,user:email,workflow...
2025-10-11 00:20:15.965 [info] Getting sessions for read:user,repo,user:email,workflow...
2025-10-11 00:20:15.965 [info] Got 1 sessions for read:user,repo,user:email,workflow...
2025-10-11 00:20:16.697 [info] Getting sessions for read:user,repo,user:email,workflow...
2025-10-11 00:20:16.697 [info] Got 1 sessions for read:user,repo,user:email,workflow...
2025-10-11 00:20:17.907 [info] Getting sessions for read:user,repo,user:email,workflow...
2025-10-11 00:20:17.907 [info] Got 1 sessions for read:user,repo,user:email,workflow...
2025-10-11 00:20:25.600 [info] Getting sessions for read:user,repo,user:email,workflow...
2025-10-11 00:20:25.601 [info] Got 1 sessions for read:user,repo,user:email,workflow...
