2025-10-17 23:18:14.584 [info] Reading sessions from keychain...
2025-10-17 23:18:14.584 [info] Getting sessions for all scopes...
2025-10-17 23:18:14.584 [info] Got stored sessions!
2025-10-17 23:18:14.584 [info] Got 2 verified sessions.
2025-10-17 23:18:14.584 [info] Got 2 sessions for ...
2025-10-17 23:18:14.584 [info] Getting sessions for all scopes...
2025-10-17 23:18:14.584 [info] Got 2 sessions for ...
2025-10-17 23:18:14.584 [info] Getting sessions for all scopes...
2025-10-17 23:18:14.585 [info] Got 2 sessions for ...
2025-10-17 23:18:14.585 [info] Getting sessions for all scopes...
2025-10-17 23:18:14.585 [info] Got 2 sessions for ...
2025-10-17 23:18:14.585 [info] Getting sessions for all scopes...
2025-10-17 23:18:14.585 [info] Got 2 sessions for ...
2025-10-17 23:18:14.585 [info] Getting sessions for all scopes...
2025-10-17 23:18:14.585 [info] Got 2 sessions for ...
2025-10-17 23:18:14.585 [info] Getting sessions for all scopes...
2025-10-17 23:18:14.585 [info] Got 2 sessions for ...
2025-10-17 23:18:14.585 [info] Getting sessions for all scopes...
2025-10-17 23:18:14.585 [info] Got 2 sessions for ...
2025-10-17 23:18:14.846 [info] Getting sessions for all scopes...
2025-10-17 23:18:14.846 [info] Got 2 sessions for ...
2025-10-17 23:18:14.850 [info] Getting sessions for all scopes...
2025-10-17 23:18:14.850 [info] Got 2 sessions for ...
2025-10-17 23:18:14.851 [info] Getting sessions for all scopes...
2025-10-17 23:18:14.851 [info] Got 2 sessions for ...
2025-10-17 23:18:14.851 [info] Getting sessions for all scopes...
2025-10-17 23:18:14.851 [info] Got 2 sessions for ...
2025-10-17 23:18:14.852 [info] Getting sessions for all scopes...
2025-10-17 23:18:14.852 [info] Got 2 sessions for ...
2025-10-17 23:18:14.855 [info] Getting sessions for all scopes...
2025-10-17 23:18:14.855 [info] Got 2 sessions for ...
2025-10-17 23:18:15.120 [info] Getting sessions for all scopes...
2025-10-17 23:18:15.120 [info] Got 2 sessions for ...
2025-10-17 23:18:25.731 [info] fetching: Electron fetch failed with status: 429 
2025-10-17 23:18:25.945 [info] Getting sessions for all scopes...
2025-10-17 23:18:25.945 [info] Got 2 sessions for ...
2025-10-17 23:18:25.947 [info] Getting sessions for all scopes...
2025-10-17 23:18:25.947 [info] Got 2 sessions for ...
2025-10-17 23:18:25.951 [info] Getting sessions for all scopes...
2025-10-17 23:18:25.951 [info] Got 2 sessions for ...
2025-10-17 23:18:26.388 [info] Getting sessions for all scopes...
2025-10-17 23:18:26.388 [info] Got 2 sessions for ...
2025-10-17 23:18:26.389 [info] Getting sessions for all scopes...
2025-10-17 23:18:26.389 [info] Got 2 sessions for ...
2025-10-17 23:18:28.556 [info] Getting sessions for read:user,repo,user:email,workflow...
2025-10-17 23:18:28.556 [info] Got 1 sessions for read:user,repo,user:email,workflow...
2025-10-17 23:18:30.247 [info] Getting sessions for all scopes...
2025-10-17 23:18:30.248 [info] Got 2 sessions for ...
2025-10-17 23:18:30.329 [info] Getting sessions for all scopes...
2025-10-17 23:18:30.329 [info] Got 2 sessions for ...
2025-10-17 23:18:30.331 [info] Getting sessions for read:user,repo,user:email,workflow...
2025-10-17 23:18:30.331 [info] Got 1 sessions for read:user,repo,user:email,workflow...
2025-10-17 23:18:30.594 [info] Getting sessions for all scopes...
2025-10-17 23:18:30.594 [info] Got 2 sessions for ...
2025-10-17 23:18:31.129 [info] fetching: Node fetch failed with status: 429 Too Many Requests
2025-10-17 23:18:31.725 [info] Getting sessions for all scopes...
2025-10-17 23:18:31.725 [info] Got 2 sessions for ...
2025-10-17 23:18:31.929 [info] Getting sessions for read:user,repo,user:email,workflow...
2025-10-17 23:18:31.929 [info] Got 1 sessions for read:user,repo,user:email,workflow...
2025-10-17 23:18:31.932 [info] Getting sessions for read:user,repo,user:email,workflow...
2025-10-17 23:18:31.932 [info] Got 1 sessions for read:user,repo,user:email,workflow...
2025-10-17 23:18:31.978 [info] Getting sessions for all scopes...
2025-10-17 23:18:31.978 [info] Got 2 sessions for ...
2025-10-17 23:18:32.116 [info] Getting sessions for read:user,repo,user:email,workflow...
2025-10-17 23:18:32.116 [info] Got 1 sessions for read:user,repo,user:email,workflow...
2025-10-17 23:18:32.200 [info] fetching: Node http/s failed with status: 429 Too Many Requests
2025-10-17 23:18:32.643 [info] Getting sessions for all scopes...
2025-10-17 23:18:32.643 [info] Got 2 sessions for ...
2025-10-17 23:18:32.715 [info] Getting sessions for read:user,repo,user:email,workflow...
2025-10-17 23:18:32.716 [info] Got 1 sessions for read:user,repo,user:email,workflow...
2025-10-17 23:18:32.719 [info] Getting sessions for all scopes...
2025-10-17 23:18:32.719 [info] Got 2 sessions for ...
2025-10-17 23:18:32.724 [info] Getting sessions for read:user,repo,user:email,workflow...
2025-10-17 23:18:32.724 [info] Got 1 sessions for read:user,repo,user:email,workflow...
2025-10-17 23:23:22.328 [info] Getting sessions for read:user,repo,user:email,workflow...
2025-10-17 23:23:22.328 [info] Got 1 sessions for read:user,repo,user:email,workflow...
2025-10-17 23:23:23.309 [info] Getting sessions for read:user,repo,user:email,workflow...
2025-10-17 23:23:23.309 [info] Got 1 sessions for read:user,repo,user:email,workflow...
2025-10-17 23:23:25.879 [info] Getting sessions for read:user,repo,user:email,workflow...
2025-10-17 23:23:25.879 [info] Got 1 sessions for read:user,repo,user:email,workflow...
2025-10-17 23:23:26.836 [info] Getting sessions for read:user,repo,user:email,workflow...
2025-10-17 23:23:26.836 [info] Got 1 sessions for read:user,repo,user:email,workflow...
2025-10-17 23:23:27.267 [info] Getting sessions for read:user,repo,user:email,workflow...
2025-10-17 23:23:27.267 [info] Got 1 sessions for read:user,repo,user:email,workflow...
2025-10-17 23:23:31.240 [info] Getting sessions for read:user,repo,user:email,workflow...
2025-10-17 23:23:31.241 [info] Got 1 sessions for read:user,repo,user:email,workflow...
2025-10-17 23:23:58.154 [info] Getting sessions for read:user,repo,user:email,workflow...
2025-10-17 23:23:58.155 [info] Got 1 sessions for read:user,repo,user:email,workflow...
2025-10-17 23:27:39.181 [info] Getting sessions for read:user,repo,user:email,workflow...
2025-10-17 23:27:39.181 [info] Got 1 sessions for read:user,repo,user:email,workflow...
2025-10-17 23:28:10.342 [info] Getting sessions for read:user,repo,user:email,workflow...
2025-10-17 23:28:10.342 [info] Got 1 sessions for read:user,repo,user:email,workflow...
2025-10-17 23:28:36.780 [info] Getting sessions for read:user,repo,user:email,workflow...
2025-10-17 23:28:36.781 [info] Got 1 sessions for read:user,repo,user:email,workflow...
2025-10-17 23:29:03.639 [info] Getting sessions for read:user,repo,user:email,workflow...
2025-10-17 23:29:03.639 [info] Got 1 sessions for read:user,repo,user:email,workflow...
2025-10-17 23:32:53.938 [info] Getting sessions for read:user,repo,user:email,workflow...
2025-10-17 23:32:53.939 [info] Got 1 sessions for read:user,repo,user:email,workflow...
2025-10-17 23:32:56.683 [info] Getting sessions for read:user,repo,user:email,workflow...
2025-10-17 23:32:56.683 [info] Got 1 sessions for read:user,repo,user:email,workflow...
2025-10-17 23:33:23.198 [info] Getting sessions for read:user,repo,user:email,workflow...
2025-10-17 23:33:23.198 [info] Got 1 sessions for read:user,repo,user:email,workflow...
2025-10-17 23:33:24.963 [info] Getting sessions for read:user,repo,user:email,workflow...
2025-10-17 23:33:24.963 [info] Got 1 sessions for read:user,repo,user:email,workflow...
2025-10-17 23:45:43.409 [info] Getting sessions for read:user,repo,user:email,workflow...
2025-10-17 23:45:43.409 [info] Got 1 sessions for read:user,repo,user:email,workflow...
2025-10-17 23:45:44.406 [info] Getting sessions for read:user,repo,user:email,workflow...
2025-10-17 23:45:44.406 [info] Got 1 sessions for read:user,repo,user:email,workflow...
2025-10-17 23:45:50.816 [info] Getting sessions for read:user,repo,user:email,workflow...
2025-10-17 23:45:50.816 [info] Got 1 sessions for read:user,repo,user:email,workflow...
2025-10-17 23:46:11.005 [info] Getting sessions for read:user,repo,user:email,workflow...
2025-10-17 23:46:11.006 [info] Got 1 sessions for read:user,repo,user:email,workflow...
2025-10-17 23:50:57.093 [info] Getting sessions for read:user,repo,user:email,workflow...
2025-10-17 23:50:57.093 [info] Got 1 sessions for read:user,repo,user:email,workflow...
2025-10-17 23:50:58.365 [info] Getting sessions for read:user,repo,user:email,workflow...
2025-10-17 23:50:58.365 [info] Got 1 sessions for read:user,repo,user:email,workflow...
2025-10-17 23:55:50.737 [info] Getting sessions for read:user,repo,user:email,workflow...
2025-10-17 23:55:50.737 [info] Got 1 sessions for read:user,repo,user:email,workflow...
2025-10-17 23:55:52.173 [info] Getting sessions for read:user,repo,user:email,workflow...
2025-10-17 23:55:52.173 [info] Got 1 sessions for read:user,repo,user:email,workflow...
2025-10-17 23:55:53.882 [info] Getting sessions for read:user,repo,user:email,workflow...
2025-10-17 23:55:53.882 [info] Got 1 sessions for read:user,repo,user:email,workflow...
2025-10-17 23:55:55.702 [info] Getting sessions for read:user,repo,user:email,workflow...
2025-10-17 23:55:55.702 [info] Got 1 sessions for read:user,repo,user:email,workflow...
2025-10-17 23:55:56.465 [info] Getting sessions for read:user,repo,user:email,workflow...
2025-10-17 23:55:56.465 [info] Got 1 sessions for read:user,repo,user:email,workflow...
2025-10-17 23:55:58.067 [info] Getting sessions for read:user,repo,user:email,workflow...
2025-10-17 23:55:58.067 [info] Got 1 sessions for read:user,repo,user:email,workflow...
2025-10-17 23:55:59.485 [info] Getting sessions for read:user,repo,user:email,workflow...
2025-10-17 23:55:59.486 [info] Got 1 sessions for read:user,repo,user:email,workflow...
2025-10-17 23:56:00.244 [info] Getting sessions for read:user,repo,user:email,workflow...
2025-10-17 23:56:00.244 [info] Got 1 sessions for read:user,repo,user:email,workflow...
2025-10-17 23:56:05.592 [info] Getting sessions for read:user,repo,user:email,workflow...
2025-10-17 23:56:05.593 [info] Got 1 sessions for read:user,repo,user:email,workflow...
2025-10-17 23:56:07.324 [info] Getting sessions for read:user,repo,user:email,workflow...
2025-10-17 23:56:07.324 [info] Got 1 sessions for read:user,repo,user:email,workflow...
2025-10-17 23:56:08.073 [info] Getting sessions for read:user,repo,user:email,workflow...
2025-10-17 23:56:08.074 [info] Got 1 sessions for read:user,repo,user:email,workflow...
2025-10-17 23:56:08.648 [info] Getting sessions for read:user,repo,user:email,workflow...
2025-10-17 23:56:08.648 [info] Got 1 sessions for read:user,repo,user:email,workflow...
2025-10-17 23:56:17.660 [info] Getting sessions for read:user,repo,user:email,workflow...
2025-10-17 23:56:17.660 [info] Got 1 sessions for read:user,repo,user:email,workflow...
2025-10-17 23:56:19.361 [info] Getting sessions for read:user,repo,user:email,workflow...
2025-10-17 23:56:19.364 [info] Got 1 sessions for read:user,repo,user:email,workflow...
2025-10-17 23:56:20.052 [info] Getting sessions for read:user,repo,user:email,workflow...
2025-10-17 23:56:20.053 [info] Got 1 sessions for read:user,repo,user:email,workflow...
2025-10-17 23:56:20.838 [info] Getting sessions for read:user,repo,user:email,workflow...
2025-10-17 23:56:20.840 [info] Got 1 sessions for read:user,repo,user:email,workflow...
2025-10-17 23:56:25.351 [info] Getting sessions for read:user,repo,user:email,workflow...
2025-10-17 23:56:25.351 [info] Got 1 sessions for read:user,repo,user:email,workflow...
2025-10-17 23:56:27.141 [info] Getting sessions for read:user,repo,user:email,workflow...
2025-10-17 23:56:27.142 [info] Got 1 sessions for read:user,repo,user:email,workflow...
2025-10-17 23:56:27.702 [info] Getting sessions for read:user,repo,user:email,workflow...
2025-10-17 23:56:27.702 [info] Got 1 sessions for read:user,repo,user:email,workflow...
2025-10-17 23:56:28.710 [info] Getting sessions for read:user,repo,user:email,workflow...
2025-10-17 23:56:28.710 [info] Got 1 sessions for read:user,repo,user:email,workflow...
2025-10-17 23:56:31.918 [info] Getting sessions for read:user,repo,user:email,workflow...
2025-10-17 23:56:31.919 [info] Got 1 sessions for read:user,repo,user:email,workflow...
2025-10-17 23:56:34.129 [info] Getting sessions for read:user,repo,user:email,workflow...
2025-10-17 23:56:34.130 [info] Got 1 sessions for read:user,repo,user:email,workflow...
2025-10-17 23:56:36.520 [info] Getting sessions for read:user,repo,user:email,workflow...
2025-10-17 23:56:36.521 [info] Got 1 sessions for read:user,repo,user:email,workflow...
2025-10-17 23:56:51.570 [info] Getting sessions for read:user,repo,user:email,workflow...
2025-10-17 23:56:51.570 [info] Got 1 sessions for read:user,repo,user:email,workflow...
2025-10-17 23:56:52.614 [info] Getting sessions for read:user,repo,user:email,workflow...
2025-10-17 23:56:52.614 [info] Got 1 sessions for read:user,repo,user:email,workflow...
2025-10-17 23:56:53.299 [info] Getting sessions for read:user,repo,user:email,workflow...
2025-10-17 23:56:53.300 [info] Got 1 sessions for read:user,repo,user:email,workflow...
2025-10-17 23:56:54.427 [info] Getting sessions for read:user,repo,user:email,workflow...
2025-10-17 23:56:54.428 [info] Got 1 sessions for read:user,repo,user:email,workflow...
2025-10-17 23:56:56.845 [info] Getting sessions for read:user,repo,user:email,workflow...
2025-10-17 23:56:56.845 [info] Got 1 sessions for read:user,repo,user:email,workflow...
2025-10-17 23:57:02.265 [info] Getting sessions for read:user,repo,user:email,workflow...
2025-10-17 23:57:02.265 [info] Got 1 sessions for read:user,repo,user:email,workflow...
2025-10-17 23:57:02.880 [info] Getting sessions for read:user,repo,user:email,workflow...
2025-10-17 23:57:02.880 [info] Got 1 sessions for read:user,repo,user:email,workflow...
2025-10-17 23:57:04.123 [info] Getting sessions for read:user,repo,user:email,workflow...
2025-10-17 23:57:04.123 [info] Got 1 sessions for read:user,repo,user:email,workflow...
2025-10-17 23:57:04.798 [info] Getting sessions for read:user,repo,user:email,workflow...
2025-10-17 23:57:04.798 [info] Got 1 sessions for read:user,repo,user:email,workflow...
2025-10-17 23:57:09.363 [info] Getting sessions for read:user,repo,user:email,workflow...
2025-10-17 23:57:09.363 [info] Got 1 sessions for read:user,repo,user:email,workflow...
2025-10-17 23:57:09.992 [info] Getting sessions for read:user,repo,user:email,workflow...
2025-10-17 23:57:09.992 [info] Got 1 sessions for read:user,repo,user:email,workflow...
2025-10-17 23:57:10.819 [info] Getting sessions for read:user,repo,user:email,workflow...
2025-10-17 23:57:10.819 [info] Got 1 sessions for read:user,repo,user:email,workflow...
2025-10-17 23:57:12.263 [info] Getting sessions for read:user,repo,user:email,workflow...
2025-10-17 23:57:12.263 [info] Got 1 sessions for read:user,repo,user:email,workflow...
2025-10-17 23:57:13.712 [info] Getting sessions for read:user,repo,user:email,workflow...
2025-10-17 23:57:13.712 [info] Got 1 sessions for read:user,repo,user:email,workflow...
2025-10-17 23:57:15.152 [info] Getting sessions for read:user,repo,user:email,workflow...
2025-10-17 23:57:15.152 [info] Got 1 sessions for read:user,repo,user:email,workflow...
2025-10-18 00:00:52.627 [info] Getting sessions for read:user,repo,user:email,workflow...
2025-10-18 00:00:52.635 [info] Got 1 sessions for read:user,repo,user:email,workflow...
2025-10-18 00:00:54.587 [info] Getting sessions for read:user,repo,user:email,workflow...
2025-10-18 00:00:54.588 [info] Got 1 sessions for read:user,repo,user:email,workflow...
2025-10-18 00:01:01.620 [info] Getting sessions for read:user,repo,user:email,workflow...
2025-10-18 00:01:01.620 [info] Got 1 sessions for read:user,repo,user:email,workflow...
2025-10-18 00:01:09.501 [info] Getting sessions for read:user,repo,user:email,workflow...
2025-10-18 00:01:09.501 [info] Got 1 sessions for read:user,repo,user:email,workflow...
2025-10-18 00:02:26.654 [info] Getting sessions for read:user,repo,user:email,workflow...
2025-10-18 00:02:26.654 [info] Got 1 sessions for read:user,repo,user:email,workflow...
2025-10-18 00:02:27.276 [info] Getting sessions for read:user,repo,user:email,workflow...
2025-10-18 00:02:27.276 [info] Got 1 sessions for read:user,repo,user:email,workflow...
2025-10-18 00:02:28.583 [info] Getting sessions for read:user,repo,user:email,workflow...
2025-10-18 00:02:28.583 [info] Got 1 sessions for read:user,repo,user:email,workflow...
2025-10-18 00:02:29.190 [info] Getting sessions for read:user,repo,user:email,workflow...
2025-10-18 00:02:29.191 [info] Got 1 sessions for read:user,repo,user:email,workflow...
2025-10-18 00:02:33.883 [info] Getting sessions for read:user,repo,user:email,workflow...
2025-10-18 00:02:33.883 [info] Got 1 sessions for read:user,repo,user:email,workflow...
2025-10-18 00:02:39.973 [info] Getting sessions for read:user,repo,user:email,workflow...
2025-10-18 00:02:39.974 [info] Got 1 sessions for read:user,repo,user:email,workflow...
2025-10-18 00:02:41.548 [info] Getting sessions for read:user,repo,user:email,workflow...
2025-10-18 00:02:41.548 [info] Got 1 sessions for read:user,repo,user:email,workflow...
2025-10-18 00:02:50.364 [info] Getting sessions for read:user,repo,user:email,workflow...
2025-10-18 00:02:50.364 [info] Got 1 sessions for read:user,repo,user:email,workflow...
2025-10-18 00:02:51.203 [info] Getting sessions for read:user,repo,user:email,workflow...
2025-10-18 00:02:51.203 [info] Got 1 sessions for read:user,repo,user:email,workflow...
2025-10-18 00:04:22.826 [info] Getting sessions for read:user,repo,user:email,workflow...
2025-10-18 00:04:22.826 [info] Got 1 sessions for read:user,repo,user:email,workflow...
2025-10-18 00:13:13.979 [info] Getting sessions for read:user,repo,user:email,workflow...
2025-10-18 00:13:13.979 [info] Got 1 sessions for read:user,repo,user:email,workflow...
2025-10-18 00:13:25.757 [info] Getting sessions for read:user,repo,user:email,workflow...
2025-10-18 00:13:25.757 [info] Got 1 sessions for read:user,repo,user:email,workflow...
2025-10-18 00:13:32.732 [info] Getting sessions for read:user,repo,user:email,workflow...
2025-10-18 00:13:32.732 [info] Got 1 sessions for read:user,repo,user:email,workflow...
2025-10-18 00:13:35.182 [info] Getting sessions for read:user,repo,user:email,workflow...
2025-10-18 00:13:35.182 [info] Got 1 sessions for read:user,repo,user:email,workflow...
2025-10-18 00:19:22.986 [info] Getting sessions for read:user,repo,user:email,workflow...
2025-10-18 00:19:22.987 [info] Got 1 sessions for read:user,repo,user:email,workflow...
2025-10-18 00:21:33.185 [info] Getting sessions for read:user,repo,user:email,workflow...
2025-10-18 00:21:33.192 [info] Got 1 sessions for read:user,repo,user:email,workflow...
2025-10-18 00:23:46.414 [info] Getting sessions for read:user,repo,user:email,workflow...
2025-10-18 00:23:46.414 [info] Got 1 sessions for read:user,repo,user:email,workflow...
2025-10-18 00:27:39.149 [info] Getting sessions for read:user,repo,user:email,workflow...
2025-10-18 00:27:39.149 [info] Got 1 sessions for read:user,repo,user:email,workflow...
2025-10-18 00:27:40.678 [info] Getting sessions for read:user,repo,user:email,workflow...
2025-10-18 00:27:40.678 [info] Got 1 sessions for read:user,repo,user:email,workflow...
2025-10-18 00:29:57.858 [info] Getting sessions for read:user,repo,user:email,workflow...
2025-10-18 00:29:57.858 [info] Got 1 sessions for read:user,repo,user:email,workflow...
