2025-10-16 00:30:40.147 [info] [main] Log level: Info
2025-10-16 00:30:40.148 [info] [main] Validating found git in: "git"
2025-10-16 00:30:40.148 [info] [main] Using git "2.43.0" from "git"
2025-10-16 00:30:40.148 [info] [Model][doInitialScan] Initial repository scan started
2025-10-16 00:30:40.148 [info] > git rev-parse --show-toplevel [260ms]
2025-10-16 00:30:40.148 [info] > git rev-parse --git-dir --git-common-dir --show-superproject-working-tree [46ms]
2025-10-16 00:30:40.148 [info] [Model][openRepository] Opened repository (path): /home/aleksandr/kreshenie_bot
2025-10-16 00:30:40.148 [info] [Model][openRepository] Opened repository (real path): /home/aleksandr/kreshenie_bot
2025-10-16 00:30:40.148 [info] [Model][openRepository] Opened repository (kind): repository
2025-10-16 00:30:40.148 [info] [Model][doInitialScan] Initial repository scan completed - repositories (1), closed repositories (0), parent repositories (0), unsafe repositories (0)
2025-10-16 00:30:40.148 [info] > git config --get commit.template [412ms]
2025-10-16 00:30:40.156 [info] > git for-each-ref --format=%(refname)%00%(upstream:short)%00%(objectname)%00%(upstream:track)%00%(upstream:remotename)%00%(upstream:remoteref) refs/heads/master refs/remotes/master [14ms]
2025-10-16 00:30:50.807 [info] > git check-ignore -v -z --stdin [1028ms]
2025-10-16 00:30:51.790 [info] > git status -z -uall [752ms]
2025-10-16 00:30:51.792 [info] > git for-each-ref --sort -committerdate --format %(refname)%00%(objectname)%00%(*objectname) [727ms]
2025-10-16 00:30:52.235 [info] > git for-each-ref --format=%(refname)%00%(upstream:short)%00%(objectname)%00%(upstream:track)%00%(upstream:remotename)%00%(upstream:remoteref) refs/heads/master refs/remotes/master [240ms]
2025-10-16 00:30:53.794 [info] > git config --get --local branch.master.vscode-merge-base [1510ms]
2025-10-16 00:30:53.794 [warning] [Git][config] git config failed: Failed to execute git
2025-10-16 00:30:53.817 [info] > git config --get commit.template [1744ms]
2025-10-16 00:30:54.232 [info] > git reflog master --grep-reflog=branch: Created from *. [416ms]
2025-10-16 00:30:54.342 [info] > git symbolic-ref --short refs/remotes/origin/HEAD [76ms]
2025-10-16 00:30:54.342 [info] fatal: ref refs/remotes/origin/HEAD is not a symbolic ref
2025-10-16 00:30:54.342 [warning] [Repository][getDefaultBranch] Failed to get default branch details: Failed to execute git.
2025-10-16 00:30:54.438 [info] > git merge-base refs/heads/master refs/remotes/origin/master [61ms]
2025-10-16 00:30:54.467 [info] > git for-each-ref --format=%(refname)%00%(upstream:short)%00%(objectname)%00%(upstream:track)%00%(upstream:remotename)%00%(upstream:remoteref) refs/heads/master refs/remotes/master [132ms]
2025-10-16 00:30:54.473 [info] > git diff --name-status -z --diff-filter=ADMR 43581b58ae6e1ca410f22b4a83f25b148ebe6b72...refs/remotes/origin/master [6ms]
2025-10-16 00:30:54.812 [info] > git status -z -uall [114ms]
2025-10-16 00:30:54.813 [info] > git for-each-ref --sort -committerdate --format %(refname)%00%(objectname)%00%(*objectname) [73ms]
2025-10-16 00:30:55.860 [info] > git config --get commit.template [78ms]
2025-10-16 00:30:55.944 [info] > git for-each-ref --format=%(refname)%00%(upstream:short)%00%(objectname)%00%(upstream:track)%00%(upstream:remotename)%00%(upstream:remoteref) refs/heads/master refs/remotes/master [32ms]
2025-10-16 00:30:56.159 [info] > git status -z -uall [164ms]
2025-10-16 00:30:56.162 [info] > git for-each-ref --sort -committerdate --format %(refname)%00%(objectname)%00%(*objectname) [135ms]
2025-10-16 00:35:14.011 [info] > git check-ignore -v -z --stdin [7ms]
2025-10-16 00:35:14.017 [info] > git config --get commit.template [38ms]
2025-10-16 00:35:14.060 [info] > git for-each-ref --format=%(refname)%00%(upstream:short)%00%(objectname)%00%(upstream:track)%00%(upstream:remotename)%00%(upstream:remoteref) refs/heads/master refs/remotes/master [5ms]
2025-10-16 00:35:14.120 [info] > git status -z -uall [34ms]
2025-10-16 00:35:14.124 [info] > git for-each-ref --sort -committerdate --format %(refname)%00%(objectname)%00%(*objectname) [6ms]
2025-10-16 00:35:41.564 [info] > git show --textconv :package.json [125ms]
2025-10-16 00:35:41.575 [info] > git ls-files --stage -- package.json [38ms]
2025-10-16 00:35:41.688 [info] > git cat-file -s 21ad4ae41184c13d8eb96629fa1701eac50b3fca [31ms]
2025-10-16 00:36:12.314 [info] > git blame --root --incremental 43581b58ae6e1ca410f22b4a83f25b148ebe6b72 -- package.json [13ms]
2025-10-16 00:37:17.148 [info] > git config --get commit.template [21ms]
2025-10-16 00:37:17.150 [info] > git for-each-ref --format=%(refname)%00%(upstream:short)%00%(objectname)%00%(upstream:track)%00%(upstream:remotename)%00%(upstream:remoteref) refs/heads/master refs/remotes/master [4ms]
2025-10-16 00:37:17.195 [info] > git status -z -uall [25ms]
2025-10-16 00:37:17.199 [info] > git for-each-ref --sort -committerdate --format %(refname)%00%(objectname)%00%(*objectname) [6ms]
2025-10-16 00:38:13.441 [info] > git for-each-ref --format=%(refname)%00%(upstream:short)%00%(objectname)%00%(upstream:track)%00%(upstream:remotename)%00%(upstream:remoteref) refs/heads/master refs/remotes/master [31ms]
2025-10-16 00:38:13.443 [info] > git config --get commit.template [55ms]
2025-10-16 00:38:13.445 [info] > git check-ignore -v -z --stdin [7ms]
2025-10-16 00:38:13.504 [info] > git status -z -uall [30ms]
2025-10-16 00:38:13.508 [info] > git for-each-ref --sort -committerdate --format %(refname)%00%(objectname)%00%(*objectname) [5ms]
2025-10-16 00:39:29.603 [info] > git config --get commit.template [26ms]
2025-10-16 00:39:29.637 [info] > git for-each-ref --format=%(refname)%00%(upstream:short)%00%(objectname)%00%(upstream:track)%00%(upstream:remotename)%00%(upstream:remoteref) refs/heads/master refs/remotes/master [35ms]
2025-10-16 00:39:29.639 [info] > git check-ignore -v -z --stdin [7ms]
2025-10-16 00:39:29.697 [info] > git status -z -uall [32ms]
2025-10-16 00:39:29.704 [info] > git for-each-ref --sort -committerdate --format %(refname)%00%(objectname)%00%(*objectname) [10ms]
2025-10-16 00:40:04.806 [info] > git config --get commit.template [18ms]
2025-10-16 00:40:04.835 [info] > git for-each-ref --format=%(refname)%00%(upstream:short)%00%(objectname)%00%(upstream:track)%00%(upstream:remotename)%00%(upstream:remoteref) refs/heads/master refs/remotes/master [3ms]
2025-10-16 00:40:04.892 [info] > git status -z -uall [35ms]
2025-10-16 00:40:04.896 [info] > git for-each-ref --sort -committerdate --format %(refname)%00%(objectname)%00%(*objectname) [6ms]
2025-10-16 00:40:50.585 [info] > git config --get commit.template [28ms]
2025-10-16 00:40:50.587 [info] > git for-each-ref --format=%(refname)%00%(upstream:short)%00%(objectname)%00%(upstream:track)%00%(upstream:remotename)%00%(upstream:remoteref) refs/heads/master refs/remotes/master [4ms]
2025-10-16 00:40:50.652 [info] > git status -z -uall [39ms]
2025-10-16 00:40:50.653 [info] > git for-each-ref --sort -committerdate --format %(refname)%00%(objectname)%00%(*objectname) [7ms]
2025-10-16 00:41:20.184 [info] > git config --get commit.template [4ms]
2025-10-16 00:41:20.218 [info] > git for-each-ref --format=%(refname)%00%(upstream:short)%00%(objectname)%00%(upstream:track)%00%(upstream:remotename)%00%(upstream:remoteref) refs/heads/master refs/remotes/master [12ms]
2025-10-16 00:41:20.283 [info] > git status -z -uall [39ms]
2025-10-16 00:41:20.291 [info] > git for-each-ref --sort -committerdate --format %(refname)%00%(objectname)%00%(*objectname) [12ms]
2025-10-16 00:41:32.793 [info] > git show --textconv :index.js [174ms]
2025-10-16 00:41:32.794 [info] > git ls-files --stage -- index.js [31ms]
2025-10-16 00:41:32.937 [info] > git cat-file -s 7bdf197c727d8892504510908ce93b177c825e24 [19ms]
2025-10-16 00:41:34.762 [info] > git blame --root --incremental 43581b58ae6e1ca410f22b4a83f25b148ebe6b72 -- index.js [62ms]
2025-10-16 00:41:40.585 [info] > git config --get commit.template [100ms]
2025-10-16 00:41:40.592 [info] > git for-each-ref --format=%(refname)%00%(upstream:short)%00%(objectname)%00%(upstream:track)%00%(upstream:remotename)%00%(upstream:remoteref) refs/heads/master refs/remotes/master [13ms]
2025-10-16 00:41:40.756 [info] > git status -z -uall [74ms]
2025-10-16 00:41:40.765 [info] > git for-each-ref --sort -committerdate --format %(refname)%00%(objectname)%00%(*objectname) [11ms]
2025-10-16 00:42:46.750 [info] > git config --get commit.template [13ms]
2025-10-16 00:42:46.779 [info] > git for-each-ref --format=%(refname)%00%(upstream:short)%00%(objectname)%00%(upstream:track)%00%(upstream:remotename)%00%(upstream:remoteref) refs/heads/master refs/remotes/master [7ms]
2025-10-16 00:42:46.831 [info] > git status -z -uall [29ms]
2025-10-16 00:42:46.835 [info] > git for-each-ref --sort -committerdate --format %(refname)%00%(objectname)%00%(*objectname) [8ms]
2025-10-16 00:42:50.556 [info] > git check-ignore -v -z --stdin [4ms]
2025-10-16 00:43:14.465 [info] > git check-ignore -v -z --stdin [3ms]
2025-10-16 00:43:14.466 [info] > git config --get commit.template [32ms]
2025-10-16 00:43:14.500 [info] > git for-each-ref --format=%(refname)%00%(upstream:short)%00%(objectname)%00%(upstream:track)%00%(upstream:remotename)%00%(upstream:remoteref) refs/heads/master refs/remotes/master [6ms]
2025-10-16 00:43:14.549 [info] > git status -z -uall [26ms]
2025-10-16 00:43:14.552 [info] > git for-each-ref --sort -committerdate --format %(refname)%00%(objectname)%00%(*objectname) [5ms]
2025-10-16 00:43:47.321 [info] > git config --get commit.template [1ms]
2025-10-16 00:43:47.351 [info] > git for-each-ref --format=%(refname)%00%(upstream:short)%00%(objectname)%00%(upstream:track)%00%(upstream:remotename)%00%(upstream:remoteref) refs/heads/master refs/remotes/master [7ms]
2025-10-16 00:43:47.404 [info] > git status -z -uall [29ms]
2025-10-16 00:43:47.409 [info] > git for-each-ref --sort -committerdate --format %(refname)%00%(objectname)%00%(*objectname) [8ms]
2025-10-16 00:43:50.352 [info] > git check-ignore -v -z --stdin [4ms]
2025-10-16 00:44:15.364 [info] > git for-each-ref --format=%(refname)%00%(upstream:short)%00%(objectname)%00%(upstream:track)%00%(upstream:remotename)%00%(upstream:remoteref) refs/heads/master refs/remotes/master [39ms]
2025-10-16 00:44:15.365 [info] > git config --get commit.template [75ms]
2025-10-16 00:44:15.368 [info] > git check-ignore -v -z --stdin [8ms]
2025-10-16 00:44:15.428 [info] > git status -z -uall [34ms]
2025-10-16 00:44:15.431 [info] > git for-each-ref --sort -committerdate --format %(refname)%00%(objectname)%00%(*objectname) [10ms]
2025-10-16 00:45:31.817 [info] > git config --get commit.template [32ms]
2025-10-16 00:45:31.818 [info] > git for-each-ref --format=%(refname)%00%(upstream:short)%00%(objectname)%00%(upstream:track)%00%(upstream:remotename)%00%(upstream:remoteref) refs/heads/master refs/remotes/master [5ms]
2025-10-16 00:45:31.880 [info] > git status -z -uall [27ms]
2025-10-16 00:45:31.885 [info] > git for-each-ref --sort -committerdate --format %(refname)%00%(objectname)%00%(*objectname) [6ms]
2025-10-16 00:48:01.806 [info] > git check-ignore -v -z --stdin [11ms]
2025-10-16 00:48:12.065 [info] > git config --get commit.template [21ms]
2025-10-16 00:48:12.067 [info] > git for-each-ref --format=%(refname)%00%(upstream:short)%00%(objectname)%00%(upstream:track)%00%(upstream:remotename)%00%(upstream:remoteref) refs/heads/master refs/remotes/master [3ms]
2025-10-16 00:48:12.119 [info] > git status -z -uall [31ms]
2025-10-16 00:48:12.124 [info] > git for-each-ref --sort -committerdate --format %(refname)%00%(objectname)%00%(*objectname) [8ms]
2025-10-16 00:49:26.418 [info] > git config --get commit.template [41ms]
2025-10-16 00:49:26.421 [info] > git for-each-ref --format=%(refname)%00%(upstream:short)%00%(objectname)%00%(upstream:track)%00%(upstream:remotename)%00%(upstream:remoteref) refs/heads/master refs/remotes/master [6ms]
2025-10-16 00:49:26.479 [info] > git status -z -uall [33ms]
2025-10-16 00:49:26.487 [info] > git for-each-ref --sort -committerdate --format %(refname)%00%(objectname)%00%(*objectname) [12ms]
2025-10-16 00:50:21.642 [info] > git config --get commit.template [22ms]
2025-10-16 00:50:21.645 [info] > git for-each-ref --format=%(refname)%00%(upstream:short)%00%(objectname)%00%(upstream:track)%00%(upstream:remotename)%00%(upstream:remoteref) refs/heads/master refs/remotes/master [5ms]
2025-10-16 00:50:21.686 [info] > git status -z -uall [22ms]
2025-10-16 00:50:21.691 [info] > git for-each-ref --sort -committerdate --format %(refname)%00%(objectname)%00%(*objectname) [6ms]
2025-10-16 00:51:15.168 [info] > git config --get commit.template [60ms]
2025-10-16 00:51:15.175 [info] > git for-each-ref --format=%(refname)%00%(upstream:short)%00%(objectname)%00%(upstream:track)%00%(upstream:remotename)%00%(upstream:remoteref) refs/heads/master refs/remotes/master [10ms]
2025-10-16 00:51:15.250 [info] > git status -z -uall [36ms]
2025-10-16 00:51:15.253 [info] > git for-each-ref --sort -committerdate --format %(refname)%00%(objectname)%00%(*objectname) [5ms]
2025-10-16 00:52:09.544 [info] > git config --get commit.template [8ms]
2025-10-16 00:52:09.579 [info] > git for-each-ref --format=%(refname)%00%(upstream:short)%00%(objectname)%00%(upstream:track)%00%(upstream:remotename)%00%(upstream:remoteref) refs/heads/master refs/remotes/master [6ms]
2025-10-16 00:52:09.653 [info] > git status -z -uall [31ms]
2025-10-16 00:52:09.657 [info] > git for-each-ref --sort -committerdate --format %(refname)%00%(objectname)%00%(*objectname) [9ms]
2025-10-16 00:53:03.122 [info] > git check-ignore -v -z --stdin [4ms]
2025-10-16 00:54:03.742 [info] > git config --get commit.template [9ms]
2025-10-16 00:54:03.839 [info] > git for-each-ref --format=%(refname)%00%(upstream:short)%00%(objectname)%00%(upstream:track)%00%(upstream:remotename)%00%(upstream:remoteref) refs/heads/master refs/remotes/master [24ms]
2025-10-16 00:54:03.962 [info] > git status -z -uall [70ms]
2025-10-16 00:54:03.982 [info] > git for-each-ref --sort -committerdate --format %(refname)%00%(objectname)%00%(*objectname) [28ms]
2025-10-16 00:54:12.374 [info] > git config --get commit.template [24ms]
2025-10-16 00:54:12.376 [info] > git for-each-ref --format=%(refname)%00%(upstream:short)%00%(objectname)%00%(upstream:track)%00%(upstream:remotename)%00%(upstream:remoteref) refs/heads/master refs/remotes/master [5ms]
2025-10-16 00:54:12.424 [info] > git status -z -uall [22ms]
2025-10-16 00:54:12.426 [info] > git for-each-ref --sort -committerdate --format %(refname)%00%(objectname)%00%(*objectname) [4ms]
2025-10-16 00:54:57.943 [info] > git config --get commit.template [24ms]
2025-10-16 00:54:57.945 [info] > git for-each-ref --format=%(refname)%00%(upstream:short)%00%(objectname)%00%(upstream:track)%00%(upstream:remotename)%00%(upstream:remoteref) refs/heads/master refs/remotes/master [3ms]
2025-10-16 00:54:57.987 [info] > git status -z -uall [23ms]
2025-10-16 00:54:57.990 [info] > git for-each-ref --sort -committerdate --format %(refname)%00%(objectname)%00%(*objectname) [4ms]
2025-10-16 00:55:33.840 [info] > git config --get commit.template [24ms]
2025-10-16 00:55:33.843 [info] > git for-each-ref --format=%(refname)%00%(upstream:short)%00%(objectname)%00%(upstream:track)%00%(upstream:remotename)%00%(upstream:remoteref) refs/heads/master refs/remotes/master [4ms]
2025-10-16 00:55:33.901 [info] > git status -z -uall [36ms]
2025-10-16 00:55:33.901 [info] > git for-each-ref --sort -committerdate --format %(refname)%00%(objectname)%00%(*objectname) [8ms]
2025-10-16 00:56:18.046 [info] > git config --get commit.template [24ms]
2025-10-16 00:56:18.047 [info] > git for-each-ref --format=%(refname)%00%(upstream:short)%00%(objectname)%00%(upstream:track)%00%(upstream:remotename)%00%(upstream:remoteref) refs/heads/master refs/remotes/master [3ms]
2025-10-16 00:56:18.089 [info] > git status -z -uall [22ms]
2025-10-16 00:56:18.091 [info] > git for-each-ref --sort -committerdate --format %(refname)%00%(objectname)%00%(*objectname) [4ms]
2025-10-16 00:57:15.856 [info] > git config --get commit.template [22ms]
2025-10-16 00:57:15.858 [info] > git for-each-ref --format=%(refname)%00%(upstream:short)%00%(objectname)%00%(upstream:track)%00%(upstream:remotename)%00%(upstream:remoteref) refs/heads/master refs/remotes/master [4ms]
2025-10-16 00:57:15.907 [info] > git status -z -uall [28ms]
2025-10-16 00:57:15.909 [info] > git for-each-ref --sort -committerdate --format %(refname)%00%(objectname)%00%(*objectname) [4ms]
2025-10-16 00:58:42.751 [info] > git config --get commit.template [98ms]
2025-10-16 00:58:42.756 [info] > git for-each-ref --format=%(refname)%00%(upstream:short)%00%(objectname)%00%(upstream:track)%00%(upstream:remotename)%00%(upstream:remoteref) refs/heads/master refs/remotes/master [13ms]
2025-10-16 00:58:42.950 [info] > git status -z -uall [111ms]
2025-10-16 00:58:42.969 [info] > git for-each-ref --sort -committerdate --format %(refname)%00%(objectname)%00%(*objectname) [32ms]
2025-10-16 00:59:24.192 [info] > git config --get commit.template [32ms]
2025-10-16 00:59:24.193 [info] > git for-each-ref --format=%(refname)%00%(upstream:short)%00%(objectname)%00%(upstream:track)%00%(upstream:remotename)%00%(upstream:remoteref) refs/heads/master refs/remotes/master [6ms]
2025-10-16 00:59:24.256 [info] > git status -z -uall [35ms]
2025-10-16 00:59:24.265 [info] > git for-each-ref --sort -committerdate --format %(refname)%00%(objectname)%00%(*objectname) [10ms]
2025-10-16 01:00:32.628 [info] > git config --get commit.template [22ms]
2025-10-16 01:00:32.630 [info] > git for-each-ref --format=%(refname)%00%(upstream:short)%00%(objectname)%00%(upstream:track)%00%(upstream:remotename)%00%(upstream:remoteref) refs/heads/master refs/remotes/master [4ms]
2025-10-16 01:00:32.678 [info] > git status -z -uall [28ms]
2025-10-16 01:00:32.680 [info] > git for-each-ref --sort -committerdate --format %(refname)%00%(objectname)%00%(*objectname) [6ms]
2025-10-16 01:02:32.585 [info] > git config --get commit.template [80ms]
2025-10-16 01:02:32.596 [info] > git for-each-ref --format=%(refname)%00%(upstream:short)%00%(objectname)%00%(upstream:track)%00%(upstream:remotename)%00%(upstream:remoteref) refs/heads/master refs/remotes/master [19ms]
2025-10-16 01:02:32.682 [info] > git status -z -uall [37ms]
2025-10-16 01:02:32.699 [info] > git for-each-ref --sort -committerdate --format %(refname)%00%(objectname)%00%(*objectname) [18ms]
2025-10-16 01:02:52.501 [info] > git log --format=%H%n%aN%n%aE%n%at%n%ct%n%P%n%D%n%B -z --shortstat --diff-merges=first-parent -n50 --skip=0 --topo-order --decorate=full --stdin [36ms]
2025-10-16 01:02:56.233 [info] > git add -A -- index.js package.json bot.js config/index.js handlers/admin-handler.js handlers/common-handler.js handlers/grade-handler.js handlers/start-handler.js services/dnevnik-api.js services/monitoring-service.js utils/formatters.js utils/helpers.js [15ms]
2025-10-16 01:02:56.259 [info] > git config --get commit.template [3ms]
2025-10-16 01:02:56.281 [info] > git for-each-ref --format=%(refname)%00%(upstream:short)%00%(objectname)%00%(upstream:track)%00%(upstream:remotename)%00%(upstream:remoteref) refs/heads/master refs/remotes/master [3ms]
2025-10-16 01:02:56.348 [info] > git status -z -uall [45ms]
2025-10-16 01:02:56.349 [info] > git for-each-ref --sort -committerdate --format %(refname)%00%(objectname)%00%(*objectname) [13ms]
2025-10-16 01:02:57.044 [info] > git show --textconv :bot.js [210ms]
2025-10-16 01:02:57.044 [info] > git show --textconv HEAD:bot.js [144ms]
2025-10-16 01:02:57.044 [info] > git ls-files --stage -- bot.js [77ms]
2025-10-16 01:02:57.235 [info] > git hash-object -t tree /dev/null [13ms]
2025-10-16 01:02:57.236 [warning] [GitFileSystemProvider][readFile] File not found - git:/home/aleksandr/kreshenie_bot/bot.js.git?%7B%22path%22%3A%22%2Fhome%2Faleksandr%2Fkreshenie_bot%2Fbot.js%22%2C%22ref%22%3A%22HEAD%22%7D
2025-10-16 01:02:57.251 [info] > git cat-file -s 0e499b85440ee1f72be09fb00b6e5586cde842e3 [99ms]
2025-10-16 01:02:57.253 [info] > git ls-tree -l HEAD -- bot.js [225ms]
2025-10-16 01:02:57.254 [warning] [GitFileSystemProvider][stat] File not found - git:/home/aleksandr/kreshenie_bot/bot.js.git?%7B%22path%22%3A%22%2Fhome%2Faleksandr%2Fkreshenie_bot%2Fbot.js%22%2C%22ref%22%3A%22HEAD%22%7D
2025-10-16 01:02:57.407 [info] > git blame --root --incremental 43581b58ae6e1ca410f22b4a83f25b148ebe6b72 -- bot.js [18ms]
2025-10-16 01:02:57.407 [info] fatal: нет такого пути bot.js в 43581b58ae6e1ca410f22b4a83f25b148ebe6b72
2025-10-16 01:02:57.541 [info] > git ls-files --stage -- bot.js [9ms]
2025-10-16 01:02:57.583 [info] > git cat-file -s 0e499b85440ee1f72be09fb00b6e5586cde842e3 [10ms]
2025-10-16 01:02:57.708 [info] > git show --textconv :bot.js [19ms]
2025-10-16 01:03:16.487 [info] > git -c user.useConfigOnly=true commit --quiet --allow-empty-message --file - [35ms]
2025-10-16 01:03:16.525 [info] > git config --get commit.template [7ms]
2025-10-16 01:03:16.608 [info] > git config --get commit.template [16ms]
2025-10-16 01:03:16.655 [info] > git for-each-ref --format=%(refname)%00%(upstream:short)%00%(objectname)%00%(upstream:track)%00%(upstream:remotename)%00%(upstream:remoteref) refs/heads/master refs/remotes/master [7ms]
2025-10-16 01:03:16.750 [info] > git status -z -uall [46ms]
2025-10-16 01:03:16.755 [info] > git for-each-ref --sort -committerdate --format %(refname)%00%(objectname)%00%(*objectname) [7ms]
2025-10-16 01:03:16.910 [info] > git merge-base refs/heads/master refs/remotes/origin/master [22ms]
2025-10-16 01:03:16.998 [info] > git blame --root --incremental ce10a6e7ab4b56f3ab51439a419a9a134503ce06 -- bot.js [182ms]
2025-10-16 01:03:17.013 [info] > git diff --name-status -z --diff-filter=ADMR 43581b58ae6e1ca410f22b4a83f25b148ebe6b72...refs/remotes/origin/master [15ms]
2025-10-16 01:03:17.264 [info] > git log --format=%H%n%aN%n%aE%n%at%n%ct%n%P%n%D%n%B -z --shortstat --diff-merges=first-parent -n50 --skip=0 --topo-order --decorate=full --stdin [76ms]
2025-10-16 01:03:17.441 [info] > git config --get commit.template [10ms]
2025-10-16 01:03:17.570 [info] > git for-each-ref --format=%(refname)%00%(upstream:short)%00%(objectname)%00%(upstream:track)%00%(upstream:remotename)%00%(upstream:remoteref) refs/heads/master refs/remotes/master [19ms]
2025-10-16 01:03:17.782 [info] > git status -z -uall [116ms]
2025-10-16 01:03:17.811 [info] > git for-each-ref --sort -committerdate --format %(refname)%00%(objectname)%00%(*objectname) [42ms]
2025-10-16 01:03:18.192 [info] > git ls-files --stage -- bot.js [28ms]
2025-10-16 01:03:18.292 [info] > git cat-file -s 0e499b85440ee1f72be09fb00b6e5586cde842e3 [21ms]
2025-10-16 01:03:18.373 [info] > git show --textconv :bot.js [7ms]
2025-10-16 01:03:33.845 [info] > git push origin master:master [2157ms]
2025-10-16 01:03:33.845 [info] To https://github.com/AleksBartov/kreshenie_bot.git
   43581b5..ce10a6e  master -> master
2025-10-16 01:03:33.888 [info] > git config --get commit.template [14ms]
2025-10-16 01:03:33.923 [info] > git for-each-ref --format=%(refname)%00%(upstream:short)%00%(objectname)%00%(upstream:track)%00%(upstream:remotename)%00%(upstream:remoteref) refs/heads/master refs/remotes/master [7ms]
2025-10-16 01:03:34.004 [info] > git status -z -uall [48ms]
2025-10-16 01:03:34.011 [info] > git for-each-ref --sort -committerdate --format %(refname)%00%(objectname)%00%(*objectname) [11ms]
2025-10-16 01:03:34.131 [info] > git merge-base refs/heads/master refs/remotes/origin/master [28ms]
2025-10-16 01:03:34.194 [info] > git diff --name-status -z --diff-filter=ADMR ce10a6e7ab4b56f3ab51439a419a9a134503ce06...refs/remotes/origin/master [14ms]
2025-10-16 01:03:34.372 [info] > git log --format=%H%n%aN%n%aE%n%at%n%ct%n%P%n%D%n%B -z --shortstat --diff-merges=first-parent -n50 --skip=0 --topo-order --decorate=full --stdin [86ms]
2025-10-16 01:03:35.063 [info] > git ls-files --stage -- bot.js [4ms]
2025-10-16 01:03:35.095 [info] > git cat-file -s 0e499b85440ee1f72be09fb00b6e5586cde842e3 [4ms]
2025-10-16 01:03:35.137 [info] > git show --textconv :bot.js [5ms]
2025-10-16 01:04:25.760 [info] > git show --textconv :handlers/start-handler.js [83ms]
2025-10-16 01:04:25.767 [info] > git ls-files --stage -- handlers/start-handler.js [12ms]
2025-10-16 01:04:25.839 [info] > git cat-file -s 6b7617795adac4d18045a4810f14109a55550789 [11ms]
