2025-10-16 23:14:37.485 [info] Reading sessions from keychain...
2025-10-16 23:14:37.485 [info] Getting sessions for all scopes...
2025-10-16 23:14:37.763 [info] Got stored sessions!
2025-10-16 23:14:37.768 [info] Got 2 verified sessions.
2025-10-16 23:14:37.768 [info] Got 2 sessions for ...
2025-10-16 23:14:37.774 [info] Getting sessions for all scopes...
2025-10-16 23:14:37.775 [info] Got 2 sessions for ...
2025-10-16 23:14:37.775 [info] Getting sessions for all scopes...
2025-10-16 23:14:37.775 [info] Got 2 sessions for ...
2025-10-16 23:14:37.775 [info] Getting sessions for all scopes...
2025-10-16 23:14:37.775 [info] Got 2 sessions for ...
2025-10-16 23:14:37.775 [info] Getting sessions for all scopes...
2025-10-16 23:14:37.775 [info] Got 2 sessions for ...
2025-10-16 23:14:37.776 [info] Getting sessions for all scopes...
2025-10-16 23:14:37.776 [info] Got 2 sessions for ...
2025-10-16 23:14:37.776 [info] Getting sessions for all scopes...
2025-10-16 23:14:37.776 [info] Got 2 sessions for ...
2025-10-16 23:14:40.290 [info] Getting sessions for all scopes...
2025-10-16 23:14:40.291 [info] Got 2 sessions for ...
2025-10-16 23:14:40.294 [info] Getting sessions for all scopes...
2025-10-16 23:14:40.296 [info] Got 2 sessions for ...
2025-10-16 23:14:40.301 [info] Getting sessions for all scopes...
2025-10-16 23:14:40.301 [info] Got 2 sessions for ...
2025-10-16 23:14:40.308 [info] Getting sessions for all scopes...
2025-10-16 23:14:40.308 [info] Got 2 sessions for ...
2025-10-16 23:14:40.309 [info] Getting sessions for all scopes...
2025-10-16 23:14:40.309 [info] Got 2 sessions for ...
2025-10-16 23:14:40.318 [info] Getting sessions for all scopes...
2025-10-16 23:14:40.318 [info] Got 2 sessions for ...
2025-10-16 23:14:43.919 [info] fetching: Electron fetch failed with status: 429 
2025-10-16 23:15:07.512 [info] Getting sessions for all scopes...
2025-10-16 23:15:07.512 [info] Got 2 sessions for ...
2025-10-16 23:15:07.551 [info] Getting sessions for all scopes...
2025-10-16 23:15:07.551 [info] Got 2 sessions for ...
2025-10-16 23:15:07.625 [info] Getting sessions for all scopes...
2025-10-16 23:15:07.625 [info] Got 2 sessions for ...
2025-10-16 23:15:07.626 [info] Getting sessions for all scopes...
2025-10-16 23:15:07.627 [info] Got 2 sessions for ...
2025-10-16 23:15:07.628 [info] Getting sessions for all scopes...
2025-10-16 23:15:07.628 [info] Got 2 sessions for ...
2025-10-16 23:15:08.489 [info] Getting sessions for all scopes...
2025-10-16 23:15:08.489 [info] Got 2 sessions for ...
2025-10-16 23:15:08.491 [info] Getting sessions for all scopes...
2025-10-16 23:15:08.491 [info] Got 2 sessions for ...
2025-10-16 23:15:09.486 [info] fetching: Node fetch failed with status: 429 Too Many Requests
2025-10-16 23:15:09.551 [info] Getting sessions for read:user,repo,user:email,workflow...
2025-10-16 23:15:09.551 [info] Got 1 sessions for read:user,repo,user:email,workflow...
2025-10-16 23:15:09.667 [info] Getting sessions for read:user,repo,user:email,workflow...
2025-10-16 23:15:09.667 [info] Got 1 sessions for read:user,repo,user:email,workflow...
2025-10-16 23:15:11.235 [info] Getting sessions for all scopes...
2025-10-16 23:15:11.235 [info] Got 2 sessions for ...
2025-10-16 23:15:11.333 [info] Getting sessions for all scopes...
2025-10-16 23:15:11.333 [info] Got 2 sessions for ...
2025-10-16 23:15:11.416 [info] Getting sessions for read:user,repo,user:email,workflow...
2025-10-16 23:15:11.416 [info] Got 1 sessions for read:user,repo,user:email,workflow...
2025-10-16 23:15:11.447 [info] Getting sessions for all scopes...
2025-10-16 23:15:11.447 [info] Got 2 sessions for ...
2025-10-16 23:15:11.667 [info] fetching: Node http/s failed with status: 429 Too Many Requests
2025-10-16 23:15:11.948 [info] Getting sessions for read:user,repo,user:email,workflow...
2025-10-16 23:15:11.949 [info] Got 1 sessions for read:user,repo,user:email,workflow...
2025-10-16 23:15:12.430 [info] Getting sessions for all scopes...
2025-10-16 23:15:12.430 [info] Got 2 sessions for ...
2025-10-16 23:15:12.735 [info] Getting sessions for all scopes...
2025-10-16 23:15:12.735 [info] Got 2 sessions for ...
2025-10-16 23:15:12.982 [info] Getting sessions for read:user,repo,user:email,workflow...
2025-10-16 23:15:12.982 [info] Got 1 sessions for read:user,repo,user:email,workflow...
2025-10-16 23:15:12.985 [info] Getting sessions for all scopes...
2025-10-16 23:15:12.985 [info] Got 2 sessions for ...
2025-10-16 23:15:13.054 [info] Getting sessions for read:user,repo,user:email,workflow...
2025-10-16 23:15:13.055 [info] Got 1 sessions for read:user,repo,user:email,workflow...
2025-10-16 23:18:12.609 [info] Getting sessions for read:user,repo,user:email,workflow...
2025-10-16 23:18:12.609 [info] Got 1 sessions for read:user,repo,user:email,workflow...
2025-10-16 23:20:12.439 [info] Getting sessions for read:user,repo,user:email,workflow...
2025-10-16 23:20:12.439 [info] Got 1 sessions for read:user,repo,user:email,workflow...
2025-10-16 23:21:23.847 [info] Getting sessions for read:user,repo,user:email,workflow...
2025-10-16 23:21:23.847 [info] Got 1 sessions for read:user,repo,user:email,workflow...
2025-10-16 23:23:55.706 [info] Getting sessions for read:user,repo,user:email,workflow...
2025-10-16 23:23:55.706 [info] Got 1 sessions for read:user,repo,user:email,workflow...
2025-10-16 23:23:56.945 [info] Getting sessions for read:user,repo,user:email,workflow...
2025-10-16 23:23:56.945 [info] Got 1 sessions for read:user,repo,user:email,workflow...
2025-10-16 23:24:55.928 [info] Getting sessions for read:user,repo,user:email,workflow...
2025-10-16 23:24:55.928 [info] Got 1 sessions for read:user,repo,user:email,workflow...
2025-10-16 23:24:57.319 [info] Getting sessions for read:user,repo,user:email,workflow...
2025-10-16 23:24:57.319 [info] Got 1 sessions for read:user,repo,user:email,workflow...
2025-10-16 23:25:30.050 [info] Getting sessions for read:user,repo,user:email,workflow...
2025-10-16 23:25:30.050 [info] Got 1 sessions for read:user,repo,user:email,workflow...
2025-10-16 23:25:31.149 [info] Getting sessions for read:user,repo,user:email,workflow...
2025-10-16 23:25:31.149 [info] Got 1 sessions for read:user,repo,user:email,workflow...
2025-10-16 23:26:44.747 [info] Getting sessions for read:user,repo,user:email,workflow...
2025-10-16 23:26:44.747 [info] Got 1 sessions for read:user,repo,user:email,workflow...
2025-10-16 23:26:45.877 [info] Getting sessions for read:user,repo,user:email,workflow...
2025-10-16 23:26:45.877 [info] Got 1 sessions for read:user,repo,user:email,workflow...
2025-10-16 23:27:18.418 [info] Getting sessions for read:user,repo,user:email,workflow...
2025-10-16 23:27:18.418 [info] Got 1 sessions for read:user,repo,user:email,workflow...
2025-10-16 23:27:20.737 [info] Getting sessions for read:user,repo,user:email,workflow...
2025-10-16 23:27:20.737 [info] Got 1 sessions for read:user,repo,user:email,workflow...
2025-10-16 23:27:51.791 [info] Getting sessions for read:user,repo,user:email,workflow...
2025-10-16 23:27:51.791 [info] Got 1 sessions for read:user,repo,user:email,workflow...
2025-10-16 23:27:52.627 [info] Getting sessions for read:user,repo,user:email,workflow...
2025-10-16 23:27:52.627 [info] Got 1 sessions for read:user,repo,user:email,workflow...
2025-10-16 23:28:20.382 [info] Getting sessions for read:user,repo,user:email,workflow...
2025-10-16 23:28:20.387 [info] Got 1 sessions for read:user,repo,user:email,workflow...
2025-10-16 23:28:21.326 [info] Getting sessions for read:user,repo,user:email,workflow...
2025-10-16 23:28:21.326 [info] Got 1 sessions for read:user,repo,user:email,workflow...
2025-10-16 23:28:48.906 [info] Getting sessions for read:user,repo,user:email,workflow...
2025-10-16 23:28:48.906 [info] Got 1 sessions for read:user,repo,user:email,workflow...
2025-10-16 23:28:49.675 [info] Getting sessions for read:user,repo,user:email,workflow...
2025-10-16 23:28:49.675 [info] Got 1 sessions for read:user,repo,user:email,workflow...
2025-10-16 23:29:23.474 [info] Getting sessions for read:user,repo,user:email,workflow...
2025-10-16 23:29:23.474 [info] Got 1 sessions for read:user,repo,user:email,workflow...
2025-10-16 23:29:24.681 [info] Getting sessions for read:user,repo,user:email,workflow...
2025-10-16 23:29:24.681 [info] Got 1 sessions for read:user,repo,user:email,workflow...
2025-10-16 23:43:46.542 [info] Getting sessions for read:user,repo,user:email,workflow...
2025-10-16 23:43:46.546 [info] Got 1 sessions for read:user,repo,user:email,workflow...
2025-10-16 23:43:47.454 [info] Getting sessions for read:user,repo,user:email,workflow...
2025-10-16 23:43:47.454 [info] Got 1 sessions for read:user,repo,user:email,workflow...
2025-10-16 23:48:36.324 [info] Getting sessions for read:user,repo,user:email,workflow...
2025-10-16 23:48:36.324 [info] Got 1 sessions for read:user,repo,user:email,workflow...
2025-10-16 23:48:38.820 [info] Getting sessions for read:user,repo,user:email,workflow...
2025-10-16 23:48:38.820 [info] Got 1 sessions for read:user,repo,user:email,workflow...
2025-10-16 23:51:43.082 [info] Getting sessions for read:user,repo,user:email,workflow...
2025-10-16 23:51:43.082 [info] Got 1 sessions for read:user,repo,user:email,workflow...
2025-10-16 23:51:43.754 [info] Getting sessions for read:user,repo,user:email,workflow...
2025-10-16 23:51:43.754 [info] Got 1 sessions for read:user,repo,user:email,workflow...
2025-10-16 23:51:45.640 [info] Getting sessions for read:user,repo,user:email,workflow...
2025-10-16 23:51:45.640 [info] Got 1 sessions for read:user,repo,user:email,workflow...
2025-10-16 23:51:46.572 [info] Getting sessions for read:user,repo,user:email,workflow...
2025-10-16 23:51:46.572 [info] Got 1 sessions for read:user,repo,user:email,workflow...
2025-10-16 23:51:47.093 [info] Getting sessions for read:user,repo,user:email,workflow...
2025-10-16 23:51:47.093 [info] Got 1 sessions for read:user,repo,user:email,workflow...
2025-10-16 23:51:47.522 [info] Getting sessions for read:user,repo,user:email,workflow...
2025-10-16 23:51:47.522 [info] Got 1 sessions for read:user,repo,user:email,workflow...
2025-10-16 23:51:48.891 [info] Getting sessions for read:user,repo,user:email,workflow...
2025-10-16 23:51:48.891 [info] Got 1 sessions for read:user,repo,user:email,workflow...
2025-10-16 23:51:49.978 [info] Getting sessions for read:user,repo,user:email,workflow...
2025-10-16 23:51:49.978 [info] Got 1 sessions for read:user,repo,user:email,workflow...
2025-10-16 23:51:50.623 [info] Getting sessions for read:user,repo,user:email,workflow...
2025-10-16 23:51:50.624 [info] Got 1 sessions for read:user,repo,user:email,workflow...
2025-10-16 23:51:51.339 [info] Getting sessions for read:user,repo,user:email,workflow...
2025-10-16 23:51:51.339 [info] Got 1 sessions for read:user,repo,user:email,workflow...
2025-10-16 23:51:52.146 [info] Getting sessions for read:user,repo,user:email,workflow...
2025-10-16 23:51:52.146 [info] Got 1 sessions for read:user,repo,user:email,workflow...
2025-10-16 23:51:52.846 [info] Getting sessions for read:user,repo,user:email,workflow...
2025-10-16 23:51:52.846 [info] Got 1 sessions for read:user,repo,user:email,workflow...
2025-10-16 23:51:53.332 [info] Getting sessions for read:user,repo,user:email,workflow...
2025-10-16 23:51:53.332 [info] Got 1 sessions for read:user,repo,user:email,workflow...
2025-10-16 23:51:53.803 [info] Getting sessions for read:user,repo,user:email,workflow...
2025-10-16 23:51:53.803 [info] Got 1 sessions for read:user,repo,user:email,workflow...
2025-10-16 23:52:02.263 [info] Getting sessions for read:user,repo,user:email,workflow...
2025-10-16 23:52:02.263 [info] Got 1 sessions for read:user,repo,user:email,workflow...
