2025-10-17 00:06:03.273 [info] Reading sessions from keychain...
2025-10-17 00:06:03.273 [info] Getting sessions for all scopes...
2025-10-17 00:06:03.273 [info] Got stored sessions!
2025-10-17 00:06:03.273 [info] Got 2 verified sessions.
2025-10-17 00:06:03.273 [info] Got 2 sessions for ...
2025-10-17 00:06:03.273 [info] Getting sessions for all scopes...
2025-10-17 00:06:03.273 [info] Got 2 sessions for ...
2025-10-17 00:06:03.273 [info] Getting sessions for all scopes...
2025-10-17 00:06:03.274 [info] Got 2 sessions for ...
2025-10-17 00:06:03.274 [info] Getting sessions for all scopes...
2025-10-17 00:06:03.274 [info] Got 2 sessions for ...
2025-10-17 00:06:03.274 [info] Getting sessions for all scopes...
2025-10-17 00:06:03.274 [info] Got 2 sessions for ...
2025-10-17 00:06:03.274 [info] Getting sessions for all scopes...
2025-10-17 00:06:03.274 [info] Got 2 sessions for ...
2025-10-17 00:06:03.274 [info] Getting sessions for all scopes...
2025-10-17 00:06:03.274 [info] Got 2 sessions for ...
2025-10-17 00:06:03.274 [info] Getting sessions for all scopes...
2025-10-17 00:06:03.274 [info] Got 2 sessions for ...
2025-10-17 00:06:03.274 [info] Getting sessions for all scopes...
2025-10-17 00:06:03.274 [info] Got 2 sessions for ...
2025-10-17 00:06:03.274 [info] Getting sessions for all scopes...
2025-10-17 00:06:03.274 [info] Got 2 sessions for ...
2025-10-17 00:06:03.274 [info] Getting sessions for all scopes...
2025-10-17 00:06:03.274 [info] Got 2 sessions for ...
2025-10-17 00:06:03.274 [info] Getting sessions for all scopes...
2025-10-17 00:06:03.274 [info] Got 2 sessions for ...
2025-10-17 00:06:03.274 [info] Getting sessions for all scopes...
2025-10-17 00:06:03.274 [info] Got 2 sessions for ...
2025-10-17 00:06:03.274 [info] Getting sessions for all scopes...
2025-10-17 00:06:03.274 [info] Got 2 sessions for ...
2025-10-17 00:06:03.274 [info] Getting sessions for all scopes...
2025-10-17 00:06:03.274 [info] Got 2 sessions for ...
2025-10-17 00:06:17.046 [info] fetching: Electron fetch failed with status: 429 
2025-10-17 00:06:17.113 [info] Getting sessions for all scopes...
2025-10-17 00:06:17.113 [info] Got 2 sessions for ...
2025-10-17 00:06:17.363 [info] Getting sessions for all scopes...
2025-10-17 00:06:17.363 [info] Got 2 sessions for ...
2025-10-17 00:06:17.365 [info] Getting sessions for all scopes...
2025-10-17 00:06:17.365 [info] Got 2 sessions for ...
2025-10-17 00:06:17.369 [info] Getting sessions for all scopes...
2025-10-17 00:06:17.369 [info] Got 2 sessions for ...
2025-10-17 00:06:19.103 [info] Getting sessions for all scopes...
2025-10-17 00:06:19.103 [info] Got 2 sessions for ...
2025-10-17 00:06:19.105 [info] Getting sessions for all scopes...
2025-10-17 00:06:19.105 [info] Got 2 sessions for ...
2025-10-17 00:06:23.991 [info] Getting sessions for read:user,repo,user:email,workflow...
2025-10-17 00:06:23.991 [info] Got 1 sessions for read:user,repo,user:email,workflow...
2025-10-17 00:06:33.557 [info] Getting sessions for all scopes...
2025-10-17 00:06:33.557 [info] Got 2 sessions for ...
2025-10-17 00:06:34.917 [info] fetching: Node fetch failed with status: 429 Too Many Requests
2025-10-17 00:06:35.219 [info] Getting sessions for all scopes...
2025-10-17 00:06:35.219 [info] Got 2 sessions for ...
2025-10-17 00:06:35.222 [info] Getting sessions for read:user,repo,user:email,workflow...
2025-10-17 00:06:35.222 [info] Got 1 sessions for read:user,repo,user:email,workflow...
2025-10-17 00:06:36.662 [info] Getting sessions for all scopes...
2025-10-17 00:06:36.669 [info] Got 2 sessions for ...
2025-10-17 00:06:37.765 [info] fetching: Node http/s failed with status: 429 Too Many Requests
2025-10-17 00:06:37.808 [info] Getting sessions for all scopes...
2025-10-17 00:06:37.808 [info] Got 2 sessions for ...
2025-10-17 00:06:38.057 [info] Getting sessions for read:user,repo,user:email,workflow...
2025-10-17 00:06:38.064 [info] Got 1 sessions for read:user,repo,user:email,workflow...
2025-10-17 00:06:38.101 [info] Getting sessions for read:user,repo,user:email,workflow...
2025-10-17 00:06:38.101 [info] Got 1 sessions for read:user,repo,user:email,workflow...
2025-10-17 00:06:38.186 [info] Getting sessions for all scopes...
2025-10-17 00:06:38.186 [info] Got 2 sessions for ...
2025-10-17 00:06:38.197 [info] Getting sessions for all scopes...
2025-10-17 00:06:38.197 [info] Got 2 sessions for ...
2025-10-17 00:06:38.239 [info] Getting sessions for read:user,repo,user:email,workflow...
2025-10-17 00:06:38.239 [info] Got 1 sessions for read:user,repo,user:email,workflow...
2025-10-17 00:06:39.087 [info] Getting sessions for all scopes...
2025-10-17 00:06:39.087 [info] Got 2 sessions for ...
2025-10-17 00:06:39.147 [info] Getting sessions for all scopes...
2025-10-17 00:06:39.147 [info] Got 2 sessions for ...
2025-10-17 00:06:39.170 [info] Getting sessions for read:user,repo,user:email,workflow...
2025-10-17 00:06:39.170 [info] Got 1 sessions for read:user,repo,user:email,workflow...
2025-10-17 00:10:21.827 [info] Reading sessions from keychain...
2025-10-17 00:10:21.827 [info] Getting sessions for all scopes...
2025-10-17 00:10:22.371 [info] Got stored sessions!
2025-10-17 00:10:22.371 [info] Got 2 verified sessions.
2025-10-17 00:10:22.372 [info] Got 2 sessions for ...
2025-10-17 00:10:22.372 [info] Getting sessions for all scopes...
2025-10-17 00:10:22.372 [info] Got 2 sessions for ...
2025-10-17 00:10:22.372 [info] Getting sessions for all scopes...
2025-10-17 00:10:22.372 [info] Got 2 sessions for ...
2025-10-17 00:10:22.379 [info] Getting sessions for all scopes...
2025-10-17 00:10:22.380 [info] Got 2 sessions for ...
2025-10-17 00:10:22.381 [info] Getting sessions for all scopes...
2025-10-17 00:10:22.382 [info] Got 2 sessions for ...
2025-10-17 00:10:22.382 [info] Getting sessions for all scopes...
2025-10-17 00:10:22.382 [info] Got 2 sessions for ...
2025-10-17 00:10:22.383 [info] Getting sessions for all scopes...
2025-10-17 00:10:22.383 [info] Got 2 sessions for ...
2025-10-17 00:10:22.384 [info] Getting sessions for all scopes...
2025-10-17 00:10:22.384 [info] Got 2 sessions for ...
2025-10-17 00:10:22.398 [info] Getting sessions for all scopes...
2025-10-17 00:10:22.398 [info] Got 2 sessions for ...
2025-10-17 00:10:22.400 [info] Getting sessions for all scopes...
2025-10-17 00:10:22.400 [info] Got 2 sessions for ...
2025-10-17 00:10:22.401 [info] Getting sessions for all scopes...
2025-10-17 00:10:22.401 [info] Got 2 sessions for ...
2025-10-17 00:10:22.402 [info] Getting sessions for all scopes...
2025-10-17 00:10:22.402 [info] Got 2 sessions for ...
2025-10-17 00:10:22.403 [info] Getting sessions for all scopes...
2025-10-17 00:10:22.404 [info] Got 2 sessions for ...
2025-10-17 00:10:22.404 [info] Getting sessions for all scopes...
2025-10-17 00:10:22.404 [info] Got 2 sessions for ...
2025-10-17 00:10:32.843 [info] Getting sessions for all scopes...
2025-10-17 00:10:32.843 [info] Got 2 sessions for ...
2025-10-17 00:10:32.884 [info] Getting sessions for all scopes...
2025-10-17 00:10:32.884 [info] Got 2 sessions for ...
2025-10-17 00:10:32.885 [info] Getting sessions for all scopes...
2025-10-17 00:10:32.885 [info] Got 2 sessions for ...
2025-10-17 00:10:32.887 [info] Getting sessions for all scopes...
2025-10-17 00:10:32.887 [info] Got 2 sessions for ...
2025-10-17 00:10:33.196 [info] Getting sessions for all scopes...
2025-10-17 00:10:33.196 [info] Got 2 sessions for ...
2025-10-17 00:10:33.197 [info] Getting sessions for all scopes...
2025-10-17 00:10:33.197 [info] Got 2 sessions for ...
2025-10-17 00:10:34.313 [info] fetching: Electron fetch failed with status: 429 
2025-10-17 00:10:35.631 [info] Getting sessions for read:user,repo,user:email,workflow...
2025-10-17 00:10:35.632 [info] Got 1 sessions for read:user,repo,user:email,workflow...
2025-10-17 00:10:35.768 [info] Getting sessions for all scopes...
2025-10-17 00:10:35.768 [info] Got 2 sessions for ...
2025-10-17 00:10:35.799 [info] Getting sessions for all scopes...
2025-10-17 00:10:35.799 [info] Got 2 sessions for ...
2025-10-17 00:10:35.800 [info] Getting sessions for read:user,repo,user:email,workflow...
2025-10-17 00:10:35.800 [info] Got 1 sessions for read:user,repo,user:email,workflow...
2025-10-17 00:10:36.699 [info] Getting sessions for all scopes...
2025-10-17 00:10:36.700 [info] Got 2 sessions for ...
2025-10-17 00:10:37.033 [info] fetching: Node fetch failed with status: 429 Too Many Requests
2025-10-17 00:10:37.088 [info] Getting sessions for all scopes...
2025-10-17 00:10:37.088 [info] Got 2 sessions for ...
2025-10-17 00:10:37.103 [info] Getting sessions for read:user,repo,user:email,workflow...
2025-10-17 00:10:37.103 [info] Got 1 sessions for read:user,repo,user:email,workflow...
2025-10-17 00:10:37.119 [info] Getting sessions for all scopes...
2025-10-17 00:10:37.119 [info] Got 2 sessions for ...
2025-10-17 00:10:37.126 [info] Getting sessions for read:user,repo,user:email,workflow...
2025-10-17 00:10:37.126 [info] Got 1 sessions for read:user,repo,user:email,workflow...
2025-10-17 00:10:37.453 [info] Getting sessions for all scopes...
2025-10-17 00:10:37.453 [info] Got 2 sessions for ...
2025-10-17 00:10:37.458 [info] Getting sessions for read:user,repo,user:email,workflow...
2025-10-17 00:10:37.459 [info] Got 1 sessions for read:user,repo,user:email,workflow...
2025-10-17 00:10:37.475 [info] fetching: Node http/s failed with status: 429 Too Many Requests
2025-10-17 00:10:55.491 [info] Reading sessions from keychain...
2025-10-17 00:10:55.491 [info] Getting sessions for all scopes...
2025-10-17 00:10:55.491 [info] Got stored sessions!
2025-10-17 00:10:55.491 [info] Got 2 verified sessions.
2025-10-17 00:10:55.491 [info] Got 2 sessions for ...
2025-10-17 00:10:55.491 [info] Getting sessions for all scopes...
2025-10-17 00:10:55.491 [info] Got 2 sessions for ...
2025-10-17 00:10:55.491 [info] Getting sessions for all scopes...
2025-10-17 00:10:55.491 [info] Got 2 sessions for ...
2025-10-17 00:10:55.491 [info] Getting sessions for all scopes...
2025-10-17 00:10:55.491 [info] Got 2 sessions for ...
2025-10-17 00:10:55.491 [info] Getting sessions for all scopes...
2025-10-17 00:10:55.491 [info] Got 2 sessions for ...
2025-10-17 00:10:55.491 [info] Getting sessions for all scopes...
2025-10-17 00:10:55.491 [info] Got 2 sessions for ...
2025-10-17 00:10:55.491 [info] Getting sessions for all scopes...
2025-10-17 00:10:55.491 [info] Got 2 sessions for ...
2025-10-17 00:10:56.387 [info] Getting sessions for all scopes...
2025-10-17 00:10:56.390 [info] Got 2 sessions for ...
2025-10-17 00:10:56.403 [info] Getting sessions for all scopes...
2025-10-17 00:10:56.403 [info] Got 2 sessions for ...
2025-10-17 00:10:56.414 [info] Getting sessions for all scopes...
2025-10-17 00:10:56.414 [info] Got 2 sessions for ...
2025-10-17 00:10:56.415 [info] Getting sessions for all scopes...
2025-10-17 00:10:56.415 [info] Got 2 sessions for ...
2025-10-17 00:10:56.415 [info] Getting sessions for all scopes...
2025-10-17 00:10:56.415 [info] Got 2 sessions for ...
2025-10-17 00:10:56.418 [info] Getting sessions for all scopes...
2025-10-17 00:10:56.418 [info] Got 2 sessions for ...
2025-10-17 00:10:59.490 [info] fetching: Electron fetch failed with status: 429 
2025-10-17 00:11:21.041 [info] Getting sessions for all scopes...
2025-10-17 00:11:21.046 [info] Got 2 sessions for ...
2025-10-17 00:11:21.128 [info] Getting sessions for all scopes...
2025-10-17 00:11:21.128 [info] Got 2 sessions for ...
2025-10-17 00:11:21.235 [info] Getting sessions for all scopes...
2025-10-17 00:11:21.235 [info] Got 2 sessions for ...
2025-10-17 00:11:21.236 [info] Getting sessions for all scopes...
2025-10-17 00:11:21.236 [info] Got 2 sessions for ...
2025-10-17 00:11:21.237 [info] Getting sessions for all scopes...
2025-10-17 00:11:21.237 [info] Got 2 sessions for ...
2025-10-17 00:11:21.582 [info] fetching: Node fetch failed with status: 429 Too Many Requests
2025-10-17 00:11:22.117 [info] Getting sessions for all scopes...
2025-10-17 00:11:22.117 [info] Got 2 sessions for ...
2025-10-17 00:11:22.117 [info] Getting sessions for all scopes...
2025-10-17 00:11:22.117 [info] Got 2 sessions for ...
2025-10-17 00:11:25.816 [info] fetching: Node http/s failed with status: 429 Too Many Requests
2025-10-17 00:11:25.960 [info] Getting sessions for read:user,repo,user:email,workflow...
2025-10-17 00:11:25.961 [info] Got 1 sessions for read:user,repo,user:email,workflow...
2025-10-17 00:11:26.000 [info] Getting sessions for all scopes...
2025-10-17 00:11:26.000 [info] Got 2 sessions for ...
2025-10-17 00:11:26.452 [info] Getting sessions for all scopes...
2025-10-17 00:11:26.452 [info] Got 2 sessions for ...
2025-10-17 00:11:26.452 [info] Getting sessions for read:user,repo,user:email,workflow...
2025-10-17 00:11:26.452 [info] Got 1 sessions for read:user,repo,user:email,workflow...
2025-10-17 00:11:26.705 [info] Getting sessions for all scopes...
2025-10-17 00:11:26.705 [info] Got 2 sessions for ...
2025-10-17 00:11:26.902 [info] Getting sessions for read:user,repo,user:email,workflow...
2025-10-17 00:11:26.902 [info] Got 1 sessions for read:user,repo,user:email,workflow...
2025-10-17 00:11:27.443 [info] Getting sessions for all scopes...
2025-10-17 00:11:27.443 [info] Got 2 sessions for ...
2025-10-17 00:11:27.656 [info] Getting sessions for read:user,repo,user:email,workflow...
2025-10-17 00:11:27.656 [info] Got 1 sessions for read:user,repo,user:email,workflow...
2025-10-17 00:11:28.252 [info] Getting sessions for all scopes...
2025-10-17 00:11:28.252 [info] Got 2 sessions for ...
2025-10-17 00:11:28.701 [info] Getting sessions for read:user,repo,user:email,workflow...
2025-10-17 00:11:28.701 [info] Got 1 sessions for read:user,repo,user:email,workflow...
2025-10-17 00:11:29.049 [info] Getting sessions for all scopes...
2025-10-17 00:11:29.068 [info] Got 2 sessions for ...
2025-10-17 00:11:29.118 [info] Getting sessions for read:user,repo,user:email,workflow...
2025-10-17 00:11:29.118 [info] Got 1 sessions for read:user,repo,user:email,workflow...
2025-10-17 00:11:34.924 [info] Getting sessions for read:user,repo,user:email,workflow...
2025-10-17 00:11:34.924 [info] Got 1 sessions for read:user,repo,user:email,workflow...
2025-10-17 00:12:25.616 [info] Getting sessions for read:user,repo,user:email,workflow...
2025-10-17 00:12:25.616 [info] Got 1 sessions for read:user,repo,user:email,workflow...
2025-10-17 00:12:49.585 [info] Getting sessions for read:user,repo,user:email,workflow...
2025-10-17 00:12:49.586 [info] Got 1 sessions for read:user,repo,user:email,workflow...
2025-10-17 00:12:50.686 [info] Getting sessions for read:user,repo,user:email,workflow...
2025-10-17 00:12:50.686 [info] Got 1 sessions for read:user,repo,user:email,workflow...
2025-10-17 00:12:51.730 [info] Getting sessions for read:user,repo,user:email,workflow...
2025-10-17 00:12:51.730 [info] Got 1 sessions for read:user,repo,user:email,workflow...
2025-10-17 00:12:52.242 [info] Getting sessions for read:user,repo,user:email,workflow...
2025-10-17 00:12:52.244 [info] Got 1 sessions for read:user,repo,user:email,workflow...
2025-10-17 00:12:53.117 [info] Getting sessions for read:user,repo,user:email,workflow...
2025-10-17 00:12:53.117 [info] Got 1 sessions for read:user,repo,user:email,workflow...
2025-10-17 00:12:54.140 [info] Getting sessions for read:user,repo,user:email,workflow...
2025-10-17 00:12:54.140 [info] Got 1 sessions for read:user,repo,user:email,workflow...
2025-10-17 00:12:55.351 [info] Getting sessions for read:user,repo,user:email,workflow...
2025-10-17 00:12:55.351 [info] Got 1 sessions for read:user,repo,user:email,workflow...
2025-10-17 00:12:55.968 [info] Getting sessions for read:user,repo,user:email,workflow...
2025-10-17 00:12:55.969 [info] Got 1 sessions for read:user,repo,user:email,workflow...
2025-10-17 00:12:57.778 [info] Getting sessions for read:user,repo,user:email,workflow...
2025-10-17 00:12:57.778 [info] Got 1 sessions for read:user,repo,user:email,workflow...
2025-10-17 00:13:00.395 [info] Getting sessions for read:user,repo,user:email,workflow...
2025-10-17 00:13:00.395 [info] Got 1 sessions for read:user,repo,user:email,workflow...
2025-10-17 00:13:01.050 [info] Getting sessions for read:user,repo,user:email,workflow...
2025-10-17 00:13:01.050 [info] Got 1 sessions for read:user,repo,user:email,workflow...
2025-10-17 00:13:13.015 [info] Getting sessions for read:user,repo,user:email,workflow...
2025-10-17 00:13:13.016 [info] Got 1 sessions for read:user,repo,user:email,workflow...
2025-10-17 00:13:19.815 [info] Getting sessions for read:user,repo,user:email,workflow...
2025-10-17 00:13:19.815 [info] Got 1 sessions for read:user,repo,user:email,workflow...
2025-10-17 00:13:28.850 [info] Getting sessions for read:user,repo,user:email,workflow...
2025-10-17 00:13:28.850 [info] Got 1 sessions for read:user,repo,user:email,workflow...
2025-10-17 00:13:29.594 [info] Getting sessions for read:user,repo,user:email,workflow...
2025-10-17 00:13:29.594 [info] Got 1 sessions for read:user,repo,user:email,workflow...
2025-10-17 00:14:15.806 [info] Getting sessions for read:user,repo,user:email,workflow...
2025-10-17 00:14:15.806 [info] Got 1 sessions for read:user,repo,user:email,workflow...
2025-10-17 00:15:47.289 [info] Getting sessions for read:user,repo,user:email,workflow...
2025-10-17 00:15:47.289 [info] Got 1 sessions for read:user,repo,user:email,workflow...
2025-10-17 00:15:48.871 [info] Getting sessions for read:user,repo,user:email,workflow...
2025-10-17 00:15:48.871 [info] Got 1 sessions for read:user,repo,user:email,workflow...
2025-10-17 00:15:50.409 [info] Getting sessions for read:user,repo,user:email,workflow...
2025-10-17 00:15:50.409 [info] Got 1 sessions for read:user,repo,user:email,workflow...
2025-10-17 00:15:50.996 [info] Getting sessions for read:user,repo,user:email,workflow...
2025-10-17 00:15:50.996 [info] Got 1 sessions for read:user,repo,user:email,workflow...
2025-10-17 00:15:51.693 [info] Getting sessions for read:user,repo,user:email,workflow...
2025-10-17 00:15:51.693 [info] Got 1 sessions for read:user,repo,user:email,workflow...
2025-10-17 00:15:52.355 [info] Getting sessions for read:user,repo,user:email,workflow...
2025-10-17 00:15:52.355 [info] Got 1 sessions for read:user,repo,user:email,workflow...
2025-10-17 00:15:53.277 [info] Getting sessions for read:user,repo,user:email,workflow...
2025-10-17 00:15:53.277 [info] Got 1 sessions for read:user,repo,user:email,workflow...
2025-10-17 00:15:54.475 [info] Getting sessions for read:user,repo,user:email,workflow...
2025-10-17 00:15:54.476 [info] Got 1 sessions for read:user,repo,user:email,workflow...
2025-10-17 00:15:55.496 [info] Getting sessions for read:user,repo,user:email,workflow...
2025-10-17 00:15:55.496 [info] Got 1 sessions for read:user,repo,user:email,workflow...
2025-10-17 00:15:56.192 [info] Getting sessions for read:user,repo,user:email,workflow...
2025-10-17 00:15:56.192 [info] Got 1 sessions for read:user,repo,user:email,workflow...
2025-10-17 00:15:56.895 [info] Getting sessions for read:user,repo,user:email,workflow...
2025-10-17 00:15:56.897 [info] Got 1 sessions for read:user,repo,user:email,workflow...
2025-10-17 00:16:00.184 [info] Getting sessions for read:user,repo,user:email,workflow...
2025-10-17 00:16:00.184 [info] Got 1 sessions for read:user,repo,user:email,workflow...
2025-10-17 00:16:00.730 [info] Getting sessions for read:user,repo,user:email,workflow...
2025-10-17 00:16:00.730 [info] Got 1 sessions for read:user,repo,user:email,workflow...
2025-10-17 00:16:02.705 [info] Getting sessions for read:user,repo,user:email,workflow...
2025-10-17 00:16:02.710 [info] Got 1 sessions for read:user,repo,user:email,workflow...
2025-10-17 00:16:03.625 [info] Getting sessions for read:user,repo,user:email,workflow...
2025-10-17 00:16:03.625 [info] Got 1 sessions for read:user,repo,user:email,workflow...
2025-10-17 00:16:04.718 [info] Getting sessions for read:user,repo,user:email,workflow...
2025-10-17 00:16:04.718 [info] Got 1 sessions for read:user,repo,user:email,workflow...
2025-10-17 00:16:05.754 [info] Getting sessions for read:user,repo,user:email,workflow...
2025-10-17 00:16:05.754 [info] Got 1 sessions for read:user,repo,user:email,workflow...
2025-10-17 00:16:10.250 [info] Getting sessions for read:user,repo,user:email,workflow...
2025-10-17 00:16:10.250 [info] Got 1 sessions for read:user,repo,user:email,workflow...
2025-10-17 00:16:10.994 [info] Getting sessions for read:user,repo,user:email,workflow...
2025-10-17 00:16:10.994 [info] Got 1 sessions for read:user,repo,user:email,workflow...
2025-10-17 00:16:15.247 [info] Getting sessions for read:user,repo,user:email,workflow...
2025-10-17 00:16:15.247 [info] Got 1 sessions for read:user,repo,user:email,workflow...
2025-10-17 00:16:16.200 [info] Getting sessions for read:user,repo,user:email,workflow...
2025-10-17 00:16:16.200 [info] Got 1 sessions for read:user,repo,user:email,workflow...
2025-10-17 00:16:17.497 [info] Getting sessions for read:user,repo,user:email,workflow...
2025-10-17 00:16:17.497 [info] Got 1 sessions for read:user,repo,user:email,workflow...
2025-10-17 00:16:20.335 [info] Getting sessions for read:user,repo,user:email,workflow...
2025-10-17 00:16:20.335 [info] Got 1 sessions for read:user,repo,user:email,workflow...
2025-10-17 00:16:21.205 [info] Getting sessions for read:user,repo,user:email,workflow...
2025-10-17 00:16:21.205 [info] Got 1 sessions for read:user,repo,user:email,workflow...
2025-10-17 00:16:21.829 [info] Getting sessions for read:user,repo,user:email,workflow...
2025-10-17 00:16:21.829 [info] Got 1 sessions for read:user,repo,user:email,workflow...
2025-10-17 00:16:22.332 [info] Getting sessions for read:user,repo,user:email,workflow...
2025-10-17 00:16:22.332 [info] Got 1 sessions for read:user,repo,user:email,workflow...
2025-10-17 00:16:23.184 [info] Getting sessions for read:user,repo,user:email,workflow...
2025-10-17 00:16:23.184 [info] Got 1 sessions for read:user,repo,user:email,workflow...
2025-10-17 00:16:25.123 [info] Getting sessions for read:user,repo,user:email,workflow...
2025-10-17 00:16:25.123 [info] Got 1 sessions for read:user,repo,user:email,workflow...
2025-10-17 00:16:26.843 [info] Getting sessions for read:user,repo,user:email,workflow...
2025-10-17 00:16:26.844 [info] Got 1 sessions for read:user,repo,user:email,workflow...
2025-10-17 00:16:28.422 [info] Getting sessions for read:user,repo,user:email,workflow...
2025-10-17 00:16:28.422 [info] Got 1 sessions for read:user,repo,user:email,workflow...
2025-10-17 00:16:30.633 [info] Getting sessions for read:user,repo,user:email,workflow...
2025-10-17 00:16:30.633 [info] Got 1 sessions for read:user,repo,user:email,workflow...
2025-10-17 00:16:31.265 [info] Getting sessions for read:user,repo,user:email,workflow...
2025-10-17 00:16:31.265 [info] Got 1 sessions for read:user,repo,user:email,workflow...
2025-10-17 00:16:32.128 [info] Getting sessions for read:user,repo,user:email,workflow...
2025-10-17 00:16:32.128 [info] Got 1 sessions for read:user,repo,user:email,workflow...
2025-10-17 00:16:32.649 [info] Getting sessions for read:user,repo,user:email,workflow...
2025-10-17 00:16:32.650 [info] Got 1 sessions for read:user,repo,user:email,workflow...
2025-10-17 00:16:33.070 [info] Getting sessions for read:user,repo,user:email,workflow...
2025-10-17 00:16:33.070 [info] Got 1 sessions for read:user,repo,user:email,workflow...
2025-10-17 00:16:33.973 [info] Getting sessions for read:user,repo,user:email,workflow...
2025-10-17 00:16:33.973 [info] Got 1 sessions for read:user,repo,user:email,workflow...
2025-10-17 00:16:35.448 [info] Getting sessions for read:user,repo,user:email,workflow...
2025-10-17 00:16:35.448 [info] Got 1 sessions for read:user,repo,user:email,workflow...
2025-10-17 00:16:36.808 [info] Getting sessions for read:user,repo,user:email,workflow...
2025-10-17 00:16:36.809 [info] Got 1 sessions for read:user,repo,user:email,workflow...
2025-10-17 00:16:38.188 [info] Getting sessions for read:user,repo,user:email,workflow...
2025-10-17 00:16:38.189 [info] Got 1 sessions for read:user,repo,user:email,workflow...
2025-10-17 00:16:40.198 [info] Getting sessions for read:user,repo,user:email,workflow...
2025-10-17 00:16:40.199 [info] Got 1 sessions for read:user,repo,user:email,workflow...
2025-10-17 00:16:40.894 [info] Getting sessions for read:user,repo,user:email,workflow...
2025-10-17 00:16:40.894 [info] Got 1 sessions for read:user,repo,user:email,workflow...
2025-10-17 00:16:41.407 [info] Getting sessions for read:user,repo,user:email,workflow...
2025-10-17 00:16:41.407 [info] Got 1 sessions for read:user,repo,user:email,workflow...
2025-10-17 00:16:42.362 [info] Getting sessions for read:user,repo,user:email,workflow...
2025-10-17 00:16:42.363 [info] Got 1 sessions for read:user,repo,user:email,workflow...
2025-10-17 00:16:45.384 [info] Getting sessions for read:user,repo,user:email,workflow...
2025-10-17 00:16:45.384 [info] Got 1 sessions for read:user,repo,user:email,workflow...
2025-10-17 00:16:46.499 [info] Getting sessions for read:user,repo,user:email,workflow...
2025-10-17 00:16:46.500 [info] Got 1 sessions for read:user,repo,user:email,workflow...
2025-10-17 00:16:47.611 [info] Getting sessions for read:user,repo,user:email,workflow...
2025-10-17 00:16:47.612 [info] Got 1 sessions for read:user,repo,user:email,workflow...
2025-10-17 00:16:48.184 [info] Getting sessions for read:user,repo,user:email,workflow...
2025-10-17 00:16:48.184 [info] Got 1 sessions for read:user,repo,user:email,workflow...
2025-10-17 00:16:48.858 [info] Getting sessions for read:user,repo,user:email,workflow...
2025-10-17 00:16:48.858 [info] Got 1 sessions for read:user,repo,user:email,workflow...
2025-10-17 00:16:49.893 [info] Getting sessions for read:user,repo,user:email,workflow...
2025-10-17 00:16:49.894 [info] Got 1 sessions for read:user,repo,user:email,workflow...
2025-10-17 00:16:50.412 [info] Getting sessions for read:user,repo,user:email,workflow...
2025-10-17 00:16:50.412 [info] Got 1 sessions for read:user,repo,user:email,workflow...
2025-10-17 00:16:52.546 [info] Getting sessions for read:user,repo,user:email,workflow...
2025-10-17 00:16:52.546 [info] Got 1 sessions for read:user,repo,user:email,workflow...
2025-10-17 00:16:53.178 [info] Getting sessions for read:user,repo,user:email,workflow...
2025-10-17 00:16:53.178 [info] Got 1 sessions for read:user,repo,user:email,workflow...
2025-10-17 00:16:53.620 [info] Getting sessions for read:user,repo,user:email,workflow...
2025-10-17 00:16:53.620 [info] Got 1 sessions for read:user,repo,user:email,workflow...
2025-10-17 00:16:55.086 [info] Getting sessions for read:user,repo,user:email,workflow...
2025-10-17 00:16:55.086 [info] Got 1 sessions for read:user,repo,user:email,workflow...
2025-10-17 00:16:55.890 [info] Getting sessions for read:user,repo,user:email,workflow...
2025-10-17 00:16:55.890 [info] Got 1 sessions for read:user,repo,user:email,workflow...
2025-10-17 00:16:58.231 [info] Getting sessions for read:user,repo,user:email,workflow...
2025-10-17 00:16:58.231 [info] Got 1 sessions for read:user,repo,user:email,workflow...
2025-10-17 00:16:59.097 [info] Getting sessions for read:user,repo,user:email,workflow...
2025-10-17 00:16:59.097 [info] Got 1 sessions for read:user,repo,user:email,workflow...
2025-10-17 00:17:00.799 [info] Getting sessions for read:user,repo,user:email,workflow...
2025-10-17 00:17:00.801 [info] Got 1 sessions for read:user,repo,user:email,workflow...
2025-10-17 00:17:02.603 [info] Getting sessions for read:user,repo,user:email,workflow...
2025-10-17 00:17:02.603 [info] Got 1 sessions for read:user,repo,user:email,workflow...
2025-10-17 00:17:07.170 [info] Getting sessions for read:user,repo,user:email,workflow...
2025-10-17 00:17:07.170 [info] Got 1 sessions for read:user,repo,user:email,workflow...
2025-10-17 00:17:10.897 [info] Getting sessions for read:user,repo,user:email,workflow...
2025-10-17 00:17:10.897 [info] Got 1 sessions for read:user,repo,user:email,workflow...
2025-10-17 00:17:11.742 [info] Getting sessions for read:user,repo,user:email,workflow...
2025-10-17 00:17:11.742 [info] Got 1 sessions for read:user,repo,user:email,workflow...
2025-10-17 00:17:30.979 [info] Getting sessions for read:user,repo,user:email,workflow...
2025-10-17 00:17:30.980 [info] Got 1 sessions for read:user,repo,user:email,workflow...
2025-10-17 00:17:31.768 [info] Getting sessions for read:user,repo,user:email,workflow...
2025-10-17 00:17:31.768 [info] Got 1 sessions for read:user,repo,user:email,workflow...
2025-10-17 00:17:32.476 [info] Getting sessions for read:user,repo,user:email,workflow...
2025-10-17 00:17:32.477 [info] Got 1 sessions for read:user,repo,user:email,workflow...
2025-10-17 00:17:32.869 [info] Getting sessions for read:user,repo,user:email,workflow...
2025-10-17 00:17:32.869 [info] Got 1 sessions for read:user,repo,user:email,workflow...
2025-10-17 00:17:34.757 [info] Getting sessions for read:user,repo,user:email,workflow...
2025-10-17 00:17:34.757 [info] Got 1 sessions for read:user,repo,user:email,workflow...
2025-10-17 00:17:39.925 [info] Getting sessions for read:user,repo,user:email,workflow...
2025-10-17 00:17:39.925 [info] Got 1 sessions for read:user,repo,user:email,workflow...
2025-10-17 00:17:40.790 [info] Getting sessions for read:user,repo,user:email,workflow...
2025-10-17 00:17:40.790 [info] Got 1 sessions for read:user,repo,user:email,workflow...
2025-10-17 00:17:42.837 [info] Getting sessions for read:user,repo,user:email,workflow...
2025-10-17 00:17:42.838 [info] Got 1 sessions for read:user,repo,user:email,workflow...
2025-10-17 00:17:43.532 [info] Getting sessions for read:user,repo,user:email,workflow...
2025-10-17 00:17:43.533 [info] Got 1 sessions for read:user,repo,user:email,workflow...
2025-10-17 00:17:45.064 [info] Getting sessions for read:user,repo,user:email,workflow...
2025-10-17 00:17:45.064 [info] Got 1 sessions for read:user,repo,user:email,workflow...
2025-10-17 00:17:46.145 [info] Getting sessions for read:user,repo,user:email,workflow...
2025-10-17 00:17:46.145 [info] Got 1 sessions for read:user,repo,user:email,workflow...
2025-10-17 00:17:48.366 [info] Getting sessions for read:user,repo,user:email,workflow...
2025-10-17 00:17:48.366 [info] Got 1 sessions for read:user,repo,user:email,workflow...
2025-10-17 00:17:48.867 [info] Getting sessions for read:user,repo,user:email,workflow...
2025-10-17 00:17:48.867 [info] Got 1 sessions for read:user,repo,user:email,workflow...
2025-10-17 00:17:50.096 [info] Getting sessions for read:user,repo,user:email,workflow...
2025-10-17 00:17:50.097 [info] Got 1 sessions for read:user,repo,user:email,workflow...
2025-10-17 00:17:50.445 [info] Getting sessions for read:user,repo,user:email,workflow...
2025-10-17 00:17:50.445 [info] Got 1 sessions for read:user,repo,user:email,workflow...
2025-10-17 00:17:51.225 [info] Getting sessions for read:user,repo,user:email,workflow...
2025-10-17 00:17:51.225 [info] Got 1 sessions for read:user,repo,user:email,workflow...
2025-10-17 00:17:52.970 [info] Getting sessions for read:user,repo,user:email,workflow...
2025-10-17 00:17:52.971 [info] Got 1 sessions for read:user,repo,user:email,workflow...
2025-10-17 00:17:56.795 [info] Getting sessions for read:user,repo,user:email,workflow...
2025-10-17 00:17:56.795 [info] Got 1 sessions for read:user,repo,user:email,workflow...
2025-10-17 00:17:58.545 [info] Getting sessions for read:user,repo,user:email,workflow...
2025-10-17 00:17:58.545 [info] Got 1 sessions for read:user,repo,user:email,workflow...
2025-10-17 00:18:03.126 [info] Getting sessions for read:user,repo,user:email,workflow...
2025-10-17 00:18:03.126 [info] Got 1 sessions for read:user,repo,user:email,workflow...
2025-10-17 00:18:04.768 [info] Getting sessions for read:user,repo,user:email,workflow...
2025-10-17 00:18:04.768 [info] Got 1 sessions for read:user,repo,user:email,workflow...
2025-10-17 00:18:05.371 [info] Getting sessions for read:user,repo,user:email,workflow...
2025-10-17 00:18:05.371 [info] Got 1 sessions for read:user,repo,user:email,workflow...
2025-10-17 00:18:08.157 [info] Getting sessions for read:user,repo,user:email,workflow...
2025-10-17 00:18:08.158 [info] Got 1 sessions for read:user,repo,user:email,workflow...
2025-10-17 00:18:09.128 [info] Getting sessions for read:user,repo,user:email,workflow...
2025-10-17 00:18:09.128 [info] Got 1 sessions for read:user,repo,user:email,workflow...
2025-10-17 00:18:25.877 [info] Getting sessions for read:user,repo,user:email,workflow...
2025-10-17 00:18:25.877 [info] Got 1 sessions for read:user,repo,user:email,workflow...
2025-10-17 00:18:30.281 [info] Getting sessions for read:user,repo,user:email,workflow...
2025-10-17 00:18:30.281 [info] Got 1 sessions for read:user,repo,user:email,workflow...
2025-10-17 00:18:31.784 [info] Getting sessions for read:user,repo,user:email,workflow...
2025-10-17 00:18:31.784 [info] Got 1 sessions for read:user,repo,user:email,workflow...
2025-10-17 00:18:32.582 [info] Getting sessions for read:user,repo,user:email,workflow...
2025-10-17 00:18:32.604 [info] Got 1 sessions for read:user,repo,user:email,workflow...
2025-10-17 00:18:33.520 [info] Getting sessions for read:user,repo,user:email,workflow...
2025-10-17 00:18:33.520 [info] Got 1 sessions for read:user,repo,user:email,workflow...
2025-10-17 00:18:35.375 [info] Getting sessions for read:user,repo,user:email,workflow...
2025-10-17 00:18:35.376 [info] Got 1 sessions for read:user,repo,user:email,workflow...
2025-10-17 00:18:36.088 [info] Getting sessions for read:user,repo,user:email,workflow...
2025-10-17 00:18:36.088 [info] Got 1 sessions for read:user,repo,user:email,workflow...
2025-10-17 00:18:38.286 [info] Getting sessions for read:user,repo,user:email,workflow...
2025-10-17 00:18:38.286 [info] Got 1 sessions for read:user,repo,user:email,workflow...
2025-10-17 00:21:53.099 [info] Getting sessions for read:user,repo,user:email,workflow...
2025-10-17 00:21:53.100 [info] Got 1 sessions for read:user,repo,user:email,workflow...
2025-10-17 00:21:53.719 [info] Getting sessions for read:user,repo,user:email,workflow...
2025-10-17 00:21:53.719 [info] Got 1 sessions for read:user,repo,user:email,workflow...
2025-10-17 00:21:54.545 [info] Getting sessions for read:user,repo,user:email,workflow...
2025-10-17 00:21:54.545 [info] Got 1 sessions for read:user,repo,user:email,workflow...
2025-10-17 00:21:56.277 [info] Getting sessions for read:user,repo,user:email,workflow...
2025-10-17 00:21:56.277 [info] Got 1 sessions for read:user,repo,user:email,workflow...
2025-10-17 00:21:58.142 [info] Getting sessions for read:user,repo,user:email,workflow...
2025-10-17 00:21:58.142 [info] Got 1 sessions for read:user,repo,user:email,workflow...
2025-10-17 00:21:59.578 [info] Getting sessions for read:user,repo,user:email,workflow...
2025-10-17 00:21:59.578 [info] Got 1 sessions for read:user,repo,user:email,workflow...
2025-10-17 00:22:06.596 [info] Getting sessions for read:user,repo,user:email,workflow...
2025-10-17 00:22:06.597 [info] Got 1 sessions for read:user,repo,user:email,workflow...
2025-10-17 00:22:07.946 [info] Getting sessions for read:user,repo,user:email,workflow...
2025-10-17 00:22:07.948 [info] Got 1 sessions for read:user,repo,user:email,workflow...
2025-10-17 00:22:12.479 [info] Getting sessions for read:user,repo,user:email,workflow...
2025-10-17 00:22:12.479 [info] Got 1 sessions for read:user,repo,user:email,workflow...
2025-10-17 00:22:13.136 [info] Getting sessions for read:user,repo,user:email,workflow...
2025-10-17 00:22:13.136 [info] Got 1 sessions for read:user,repo,user:email,workflow...
2025-10-17 00:22:13.935 [info] Getting sessions for read:user,repo,user:email,workflow...
2025-10-17 00:22:13.936 [info] Got 1 sessions for read:user,repo,user:email,workflow...
2025-10-17 00:22:15.705 [info] Getting sessions for read:user,repo,user:email,workflow...
2025-10-17 00:22:15.705 [info] Got 1 sessions for read:user,repo,user:email,workflow...
2025-10-17 00:22:17.027 [info] Getting sessions for read:user,repo,user:email,workflow...
2025-10-17 00:22:17.027 [info] Got 1 sessions for read:user,repo,user:email,workflow...
2025-10-17 00:22:17.677 [info] Getting sessions for read:user,repo,user:email,workflow...
2025-10-17 00:22:17.677 [info] Got 1 sessions for read:user,repo,user:email,workflow...
2025-10-17 00:22:18.898 [info] Getting sessions for read:user,repo,user:email,workflow...
2025-10-17 00:22:18.898 [info] Got 1 sessions for read:user,repo,user:email,workflow...
2025-10-17 00:22:19.627 [info] Getting sessions for read:user,repo,user:email,workflow...
2025-10-17 00:22:19.627 [info] Got 1 sessions for read:user,repo,user:email,workflow...
2025-10-17 00:22:20.521 [info] Getting sessions for read:user,repo,user:email,workflow...
2025-10-17 00:22:20.521 [info] Got 1 sessions for read:user,repo,user:email,workflow...
2025-10-17 00:22:21.820 [info] Getting sessions for read:user,repo,user:email,workflow...
2025-10-17 00:22:21.820 [info] Got 1 sessions for read:user,repo,user:email,workflow...
2025-10-17 00:22:24.686 [info] Getting sessions for read:user,repo,user:email,workflow...
2025-10-17 00:22:24.686 [info] Got 1 sessions for read:user,repo,user:email,workflow...
2025-10-17 00:22:40.921 [info] Getting sessions for read:user,repo,user:email,workflow...
2025-10-17 00:22:40.921 [info] Got 1 sessions for read:user,repo,user:email,workflow...
2025-10-17 00:22:47.522 [info] Getting sessions for read:user,repo,user:email,workflow...
2025-10-17 00:22:47.522 [info] Got 1 sessions for read:user,repo,user:email,workflow...
2025-10-17 00:22:50.541 [info] Getting sessions for read:user,repo,user:email,workflow...
2025-10-17 00:22:50.541 [info] Got 1 sessions for read:user,repo,user:email,workflow...
2025-10-17 00:22:51.762 [info] Getting sessions for read:user,repo,user:email,workflow...
2025-10-17 00:22:51.762 [info] Got 1 sessions for read:user,repo,user:email,workflow...
2025-10-17 00:22:53.219 [info] Getting sessions for read:user,repo,user:email,workflow...
2025-10-17 00:22:53.219 [info] Got 1 sessions for read:user,repo,user:email,workflow...
2025-10-17 00:22:54.054 [info] Getting sessions for read:user,repo,user:email,workflow...
2025-10-17 00:22:54.054 [info] Got 1 sessions for read:user,repo,user:email,workflow...
2025-10-17 00:23:11.309 [info] Getting sessions for read:user,repo,user:email,workflow...
2025-10-17 00:23:11.309 [info] Got 1 sessions for read:user,repo,user:email,workflow...
2025-10-17 00:23:11.997 [info] Getting sessions for read:user,repo,user:email,workflow...
2025-10-17 00:23:11.997 [info] Got 1 sessions for read:user,repo,user:email,workflow...
2025-10-17 00:23:13.535 [info] Getting sessions for read:user,repo,user:email,workflow...
2025-10-17 00:23:13.535 [info] Got 1 sessions for read:user,repo,user:email,workflow...
2025-10-17 00:23:14.549 [info] Getting sessions for read:user,repo,user:email,workflow...
2025-10-17 00:23:14.549 [info] Got 1 sessions for read:user,repo,user:email,workflow...
2025-10-17 00:23:15.398 [info] Getting sessions for read:user,repo,user:email,workflow...
2025-10-17 00:23:15.398 [info] Got 1 sessions for read:user,repo,user:email,workflow...
2025-10-17 00:23:16.441 [info] Getting sessions for read:user,repo,user:email,workflow...
2025-10-17 00:23:16.442 [info] Got 1 sessions for read:user,repo,user:email,workflow...
2025-10-17 00:23:21.037 [info] Getting sessions for read:user,repo,user:email,workflow...
2025-10-17 00:23:21.037 [info] Got 1 sessions for read:user,repo,user:email,workflow...
2025-10-17 00:23:21.425 [info] Getting sessions for read:user,repo,user:email,workflow...
2025-10-17 00:23:21.425 [info] Got 1 sessions for read:user,repo,user:email,workflow...
2025-10-17 00:23:21.808 [info] Getting sessions for read:user,repo,user:email,workflow...
2025-10-17 00:23:21.808 [info] Got 1 sessions for read:user,repo,user:email,workflow...
2025-10-17 00:23:22.557 [info] Getting sessions for read:user,repo,user:email,workflow...
2025-10-17 00:23:22.557 [info] Got 1 sessions for read:user,repo,user:email,workflow...
2025-10-17 00:23:23.769 [info] Getting sessions for read:user,repo,user:email,workflow...
2025-10-17 00:23:23.770 [info] Got 1 sessions for read:user,repo,user:email,workflow...
2025-10-17 00:23:25.169 [info] Getting sessions for read:user,repo,user:email,workflow...
2025-10-17 00:23:25.169 [info] Got 1 sessions for read:user,repo,user:email,workflow...
2025-10-17 00:23:28.832 [info] Getting sessions for read:user,repo,user:email,workflow...
2025-10-17 00:23:28.832 [info] Got 1 sessions for read:user,repo,user:email,workflow...
2025-10-17 00:23:30.433 [info] Getting sessions for read:user,repo,user:email,workflow...
2025-10-17 00:23:30.436 [info] Got 1 sessions for read:user,repo,user:email,workflow...
2025-10-17 00:23:30.866 [info] Getting sessions for read:user,repo,user:email,workflow...
2025-10-17 00:23:30.866 [info] Got 1 sessions for read:user,repo,user:email,workflow...
2025-10-17 00:23:34.813 [info] Getting sessions for read:user,repo,user:email,workflow...
2025-10-17 00:23:34.814 [info] Got 1 sessions for read:user,repo,user:email,workflow...
2025-10-17 00:23:35.337 [info] Getting sessions for read:user,repo,user:email,workflow...
2025-10-17 00:23:35.337 [info] Got 1 sessions for read:user,repo,user:email,workflow...
2025-10-17 00:23:36.818 [info] Getting sessions for read:user,repo,user:email,workflow...
2025-10-17 00:23:36.818 [info] Got 1 sessions for read:user,repo,user:email,workflow...
2025-10-17 00:23:38.884 [info] Getting sessions for read:user,repo,user:email,workflow...
2025-10-17 00:23:38.884 [info] Got 1 sessions for read:user,repo,user:email,workflow...
2025-10-17 00:23:43.313 [info] Getting sessions for read:user,repo,user:email,workflow...
2025-10-17 00:23:43.313 [info] Got 1 sessions for read:user,repo,user:email,workflow...
2025-10-17 00:23:44.375 [info] Getting sessions for read:user,repo,user:email,workflow...
2025-10-17 00:23:44.378 [info] Got 1 sessions for read:user,repo,user:email,workflow...
2025-10-17 00:23:54.519 [info] Getting sessions for read:user,repo,user:email,workflow...
2025-10-17 00:23:54.519 [info] Got 1 sessions for read:user,repo,user:email,workflow...
2025-10-17 00:23:55.288 [info] Getting sessions for read:user,repo,user:email,workflow...
2025-10-17 00:23:55.288 [info] Got 1 sessions for read:user,repo,user:email,workflow...
2025-10-17 00:23:56.146 [info] Getting sessions for read:user,repo,user:email,workflow...
2025-10-17 00:23:56.146 [info] Got 1 sessions for read:user,repo,user:email,workflow...
2025-10-17 00:23:57.748 [info] Getting sessions for read:user,repo,user:email,workflow...
2025-10-17 00:23:57.748 [info] Got 1 sessions for read:user,repo,user:email,workflow...
2025-10-17 00:23:58.458 [info] Getting sessions for read:user,repo,user:email,workflow...
2025-10-17 00:23:58.458 [info] Got 1 sessions for read:user,repo,user:email,workflow...
2025-10-17 00:23:58.988 [info] Getting sessions for read:user,repo,user:email,workflow...
2025-10-17 00:23:58.988 [info] Got 1 sessions for read:user,repo,user:email,workflow...
2025-10-17 00:24:00.300 [info] Getting sessions for read:user,repo,user:email,workflow...
2025-10-17 00:24:00.300 [info] Got 1 sessions for read:user,repo,user:email,workflow...
2025-10-17 00:24:00.977 [info] Getting sessions for read:user,repo,user:email,workflow...
2025-10-17 00:24:00.977 [info] Got 1 sessions for read:user,repo,user:email,workflow...
2025-10-17 00:24:02.221 [info] Getting sessions for read:user,repo,user:email,workflow...
2025-10-17 00:24:02.221 [info] Got 1 sessions for read:user,repo,user:email,workflow...
2025-10-17 00:24:03.700 [info] Getting sessions for read:user,repo,user:email,workflow...
2025-10-17 00:24:03.705 [info] Got 1 sessions for read:user,repo,user:email,workflow...
2025-10-17 00:24:04.895 [info] Getting sessions for read:user,repo,user:email,workflow...
2025-10-17 00:24:04.895 [info] Got 1 sessions for read:user,repo,user:email,workflow...
2025-10-17 00:24:07.133 [info] Getting sessions for read:user,repo,user:email,workflow...
2025-10-17 00:24:07.133 [info] Got 1 sessions for read:user,repo,user:email,workflow...
2025-10-17 00:24:09.176 [info] Getting sessions for read:user,repo,user:email,workflow...
2025-10-17 00:24:09.176 [info] Got 1 sessions for read:user,repo,user:email,workflow...
2025-10-17 00:24:16.005 [info] Getting sessions for read:user,repo,user:email,workflow...
2025-10-17 00:24:16.005 [info] Got 1 sessions for read:user,repo,user:email,workflow...
2025-10-17 00:24:17.158 [info] Getting sessions for read:user,repo,user:email,workflow...
2025-10-17 00:24:17.158 [info] Got 1 sessions for read:user,repo,user:email,workflow...
2025-10-17 00:24:17.972 [info] Getting sessions for read:user,repo,user:email,workflow...
2025-10-17 00:24:17.972 [info] Got 1 sessions for read:user,repo,user:email,workflow...
2025-10-17 00:24:21.700 [info] Getting sessions for read:user,repo,user:email,workflow...
2025-10-17 00:24:21.701 [info] Got 1 sessions for read:user,repo,user:email,workflow...
2025-10-17 00:24:28.127 [info] Getting sessions for read:user,repo,user:email,workflow...
2025-10-17 00:24:28.145 [info] Got 1 sessions for read:user,repo,user:email,workflow...
2025-10-17 00:24:29.191 [info] Getting sessions for read:user,repo,user:email,workflow...
2025-10-17 00:24:29.191 [info] Got 1 sessions for read:user,repo,user:email,workflow...
2025-10-17 00:24:30.888 [info] Getting sessions for read:user,repo,user:email,workflow...
2025-10-17 00:24:30.888 [info] Got 1 sessions for read:user,repo,user:email,workflow...
2025-10-17 00:24:31.372 [info] Getting sessions for read:user,repo,user:email,workflow...
2025-10-17 00:24:31.372 [info] Got 1 sessions for read:user,repo,user:email,workflow...
2025-10-17 00:24:31.902 [info] Getting sessions for read:user,repo,user:email,workflow...
2025-10-17 00:24:31.902 [info] Got 1 sessions for read:user,repo,user:email,workflow...
2025-10-17 00:24:32.408 [info] Getting sessions for read:user,repo,user:email,workflow...
2025-10-17 00:24:32.408 [info] Got 1 sessions for read:user,repo,user:email,workflow...
2025-10-17 00:24:33.424 [info] Getting sessions for read:user,repo,user:email,workflow...
2025-10-17 00:24:33.424 [info] Got 1 sessions for read:user,repo,user:email,workflow...
2025-10-17 00:24:44.907 [info] Getting sessions for read:user,repo,user:email,workflow...
2025-10-17 00:24:44.908 [info] Got 1 sessions for read:user,repo,user:email,workflow...
2025-10-17 00:24:46.053 [info] Getting sessions for read:user,repo,user:email,workflow...
2025-10-17 00:24:46.053 [info] Got 1 sessions for read:user,repo,user:email,workflow...
2025-10-17 00:24:47.136 [info] Getting sessions for read:user,repo,user:email,workflow...
2025-10-17 00:24:47.136 [info] Got 1 sessions for read:user,repo,user:email,workflow...
2025-10-17 00:24:49.548 [info] Getting sessions for read:user,repo,user:email,workflow...
2025-10-17 00:24:49.548 [info] Got 1 sessions for read:user,repo,user:email,workflow...
2025-10-17 00:24:50.972 [info] Getting sessions for read:user,repo,user:email,workflow...
2025-10-17 00:24:50.972 [info] Got 1 sessions for read:user,repo,user:email,workflow...
2025-10-17 00:24:52.646 [info] Getting sessions for read:user,repo,user:email,workflow...
2025-10-17 00:24:52.646 [info] Got 1 sessions for read:user,repo,user:email,workflow...
2025-10-17 00:24:53.419 [info] Getting sessions for read:user,repo,user:email,workflow...
2025-10-17 00:24:53.419 [info] Got 1 sessions for read:user,repo,user:email,workflow...
2025-10-17 00:24:54.229 [info] Getting sessions for read:user,repo,user:email,workflow...
2025-10-17 00:24:54.229 [info] Got 1 sessions for read:user,repo,user:email,workflow...
2025-10-17 00:24:54.999 [info] Getting sessions for read:user,repo,user:email,workflow...
2025-10-17 00:24:54.999 [info] Got 1 sessions for read:user,repo,user:email,workflow...
2025-10-17 00:24:59.045 [info] Getting sessions for read:user,repo,user:email,workflow...
2025-10-17 00:24:59.045 [info] Got 1 sessions for read:user,repo,user:email,workflow...
2025-10-17 00:24:59.957 [info] Getting sessions for read:user,repo,user:email,workflow...
2025-10-17 00:24:59.957 [info] Got 1 sessions for read:user,repo,user:email,workflow...
2025-10-17 00:25:01.731 [info] Getting sessions for read:user,repo,user:email,workflow...
2025-10-17 00:25:01.731 [info] Got 1 sessions for read:user,repo,user:email,workflow...
2025-10-17 00:25:03.419 [info] Getting sessions for read:user,repo,user:email,workflow...
2025-10-17 00:25:03.419 [info] Got 1 sessions for read:user,repo,user:email,workflow...
2025-10-17 00:25:08.921 [info] Getting sessions for read:user,repo,user:email,workflow...
2025-10-17 00:25:08.923 [info] Got 1 sessions for read:user,repo,user:email,workflow...
2025-10-17 00:25:09.859 [info] Getting sessions for read:user,repo,user:email,workflow...
2025-10-17 00:25:09.859 [info] Got 1 sessions for read:user,repo,user:email,workflow...
2025-10-17 00:25:11.536 [info] Getting sessions for read:user,repo,user:email,workflow...
2025-10-17 00:25:11.537 [info] Got 1 sessions for read:user,repo,user:email,workflow...
2025-10-17 00:25:12.597 [info] Getting sessions for read:user,repo,user:email,workflow...
2025-10-17 00:25:12.597 [info] Got 1 sessions for read:user,repo,user:email,workflow...
2025-10-17 00:25:14.045 [info] Getting sessions for read:user,repo,user:email,workflow...
2025-10-17 00:25:14.045 [info] Got 1 sessions for read:user,repo,user:email,workflow...
2025-10-17 00:25:14.790 [info] Getting sessions for read:user,repo,user:email,workflow...
2025-10-17 00:25:14.790 [info] Got 1 sessions for read:user,repo,user:email,workflow...
2025-10-17 00:25:16.409 [info] Getting sessions for read:user,repo,user:email,workflow...
2025-10-17 00:25:16.410 [info] Got 1 sessions for read:user,repo,user:email,workflow...
2025-10-17 00:25:17.142 [info] Getting sessions for read:user,repo,user:email,workflow...
2025-10-17 00:25:17.142 [info] Got 1 sessions for read:user,repo,user:email,workflow...
2025-10-17 00:25:41.123 [info] Getting sessions for read:user,repo,user:email,workflow...
2025-10-17 00:25:41.123 [info] Got 1 sessions for read:user,repo,user:email,workflow...
2025-10-17 00:25:42.926 [info] Getting sessions for read:user,repo,user:email,workflow...
2025-10-17 00:25:42.926 [info] Got 1 sessions for read:user,repo,user:email,workflow...
2025-10-17 00:25:43.655 [info] Getting sessions for read:user,repo,user:email,workflow...
2025-10-17 00:25:43.655 [info] Got 1 sessions for read:user,repo,user:email,workflow...
2025-10-17 00:25:44.624 [info] Getting sessions for read:user,repo,user:email,workflow...
2025-10-17 00:25:44.624 [info] Got 1 sessions for read:user,repo,user:email,workflow...
2025-10-17 00:25:45.436 [info] Getting sessions for read:user,repo,user:email,workflow...
2025-10-17 00:25:45.436 [info] Got 1 sessions for read:user,repo,user:email,workflow...
2025-10-17 00:25:47.288 [info] Getting sessions for read:user,repo,user:email,workflow...
2025-10-17 00:25:47.288 [info] Got 1 sessions for read:user,repo,user:email,workflow...
2025-10-17 00:25:48.055 [info] Getting sessions for read:user,repo,user:email,workflow...
2025-10-17 00:25:48.055 [info] Got 1 sessions for read:user,repo,user:email,workflow...
2025-10-17 00:25:48.740 [info] Getting sessions for read:user,repo,user:email,workflow...
2025-10-17 00:25:48.740 [info] Got 1 sessions for read:user,repo,user:email,workflow...
2025-10-17 00:25:50.307 [info] Getting sessions for read:user,repo,user:email,workflow...
2025-10-17 00:25:50.307 [info] Got 1 sessions for read:user,repo,user:email,workflow...
2025-10-17 00:25:50.858 [info] Getting sessions for read:user,repo,user:email,workflow...
2025-10-17 00:25:50.858 [info] Got 1 sessions for read:user,repo,user:email,workflow...
2025-10-17 00:25:51.672 [info] Getting sessions for read:user,repo,user:email,workflow...
2025-10-17 00:25:51.672 [info] Got 1 sessions for read:user,repo,user:email,workflow...
2025-10-17 00:25:52.786 [info] Getting sessions for read:user,repo,user:email,workflow...
2025-10-17 00:25:52.786 [info] Got 1 sessions for read:user,repo,user:email,workflow...
2025-10-17 00:25:53.469 [info] Getting sessions for read:user,repo,user:email,workflow...
2025-10-17 00:25:53.469 [info] Got 1 sessions for read:user,repo,user:email,workflow...
2025-10-17 00:25:54.618 [info] Getting sessions for read:user,repo,user:email,workflow...
2025-10-17 00:25:54.619 [info] Got 1 sessions for read:user,repo,user:email,workflow...
2025-10-17 00:25:55.306 [info] Getting sessions for read:user,repo,user:email,workflow...
2025-10-17 00:25:55.306 [info] Got 1 sessions for read:user,repo,user:email,workflow...
2025-10-17 00:25:56.884 [info] Getting sessions for read:user,repo,user:email,workflow...
2025-10-17 00:25:56.885 [info] Got 1 sessions for read:user,repo,user:email,workflow...
2025-10-17 00:25:57.838 [info] Getting sessions for read:user,repo,user:email,workflow...
2025-10-17 00:25:57.839 [info] Got 1 sessions for read:user,repo,user:email,workflow...
2025-10-17 00:25:58.880 [info] Getting sessions for read:user,repo,user:email,workflow...
2025-10-17 00:25:58.880 [info] Got 1 sessions for read:user,repo,user:email,workflow...
2025-10-17 00:26:00.321 [info] Getting sessions for read:user,repo,user:email,workflow...
2025-10-17 00:26:00.321 [info] Got 1 sessions for read:user,repo,user:email,workflow...
2025-10-17 00:26:01.379 [info] Getting sessions for read:user,repo,user:email,workflow...
2025-10-17 00:26:01.379 [info] Got 1 sessions for read:user,repo,user:email,workflow...
2025-10-17 00:26:02.763 [info] Getting sessions for read:user,repo,user:email,workflow...
2025-10-17 00:26:02.763 [info] Got 1 sessions for read:user,repo,user:email,workflow...
2025-10-17 00:26:03.636 [info] Getting sessions for read:user,repo,user:email,workflow...
2025-10-17 00:26:03.636 [info] Got 1 sessions for read:user,repo,user:email,workflow...
2025-10-17 00:26:05.402 [info] Getting sessions for read:user,repo,user:email,workflow...
2025-10-17 00:26:05.403 [info] Got 1 sessions for read:user,repo,user:email,workflow...
2025-10-17 00:26:05.871 [info] Getting sessions for read:user,repo,user:email,workflow...
2025-10-17 00:26:05.871 [info] Got 1 sessions for read:user,repo,user:email,workflow...
2025-10-17 00:26:07.399 [info] Getting sessions for read:user,repo,user:email,workflow...
2025-10-17 00:26:07.399 [info] Got 1 sessions for read:user,repo,user:email,workflow...
2025-10-17 00:26:08.356 [info] Getting sessions for read:user,repo,user:email,workflow...
2025-10-17 00:26:08.356 [info] Got 1 sessions for read:user,repo,user:email,workflow...
2025-10-17 00:26:09.591 [info] Getting sessions for read:user,repo,user:email,workflow...
2025-10-17 00:26:09.591 [info] Got 1 sessions for read:user,repo,user:email,workflow...
2025-10-17 00:26:10.709 [info] Getting sessions for read:user,repo,user:email,workflow...
2025-10-17 00:26:10.709 [info] Got 1 sessions for read:user,repo,user:email,workflow...
2025-10-17 00:26:58.267 [info] Getting sessions for read:user,repo,user:email,workflow...
2025-10-17 00:26:58.267 [info] Got 1 sessions for read:user,repo,user:email,workflow...
2025-10-17 00:26:59.767 [info] Getting sessions for read:user,repo,user:email,workflow...
2025-10-17 00:26:59.767 [info] Got 1 sessions for read:user,repo,user:email,workflow...
2025-10-17 00:27:00.431 [info] Getting sessions for read:user,repo,user:email,workflow...
2025-10-17 00:27:00.431 [info] Got 1 sessions for read:user,repo,user:email,workflow...
2025-10-17 00:27:01.260 [info] Getting sessions for read:user,repo,user:email,workflow...
2025-10-17 00:27:01.261 [info] Got 1 sessions for read:user,repo,user:email,workflow...
2025-10-17 00:27:03.422 [info] Getting sessions for read:user,repo,user:email,workflow...
2025-10-17 00:27:03.422 [info] Got 1 sessions for read:user,repo,user:email,workflow...
2025-10-17 00:27:03.780 [info] Getting sessions for read:user,repo,user:email,workflow...
2025-10-17 00:27:03.780 [info] Got 1 sessions for read:user,repo,user:email,workflow...
2025-10-17 00:29:22.695 [info] Getting sessions for read:user,repo,user:email,workflow...
2025-10-17 00:29:22.695 [info] Got 1 sessions for read:user,repo,user:email,workflow...
2025-10-17 00:30:35.246 [info] Getting sessions for read:user,repo,user:email,workflow...
2025-10-17 00:30:35.246 [info] Got 1 sessions for read:user,repo,user:email,workflow...
2025-10-17 00:30:36.197 [info] Getting sessions for read:user,repo,user:email,workflow...
2025-10-17 00:30:36.197 [info] Got 1 sessions for read:user,repo,user:email,workflow...
2025-10-17 00:30:49.103 [info] Getting sessions for read:user,repo,user:email,workflow...
2025-10-17 00:30:49.103 [info] Got 1 sessions for read:user,repo,user:email,workflow...
2025-10-17 00:31:00.088 [info] Getting sessions for read:user,repo,user:email,workflow...
2025-10-17 00:31:00.088 [info] Got 1 sessions for read:user,repo,user:email,workflow...
2025-10-17 00:31:03.667 [info] Getting sessions for read:user,repo,user:email,workflow...
2025-10-17 00:31:03.667 [info] Got 1 sessions for read:user,repo,user:email,workflow...
2025-10-17 00:31:05.278 [info] Getting sessions for read:user,repo,user:email,workflow...
2025-10-17 00:31:05.279 [info] Got 1 sessions for read:user,repo,user:email,workflow...
2025-10-17 00:31:05.747 [info] Getting sessions for read:user,repo,user:email,workflow...
2025-10-17 00:31:05.747 [info] Got 1 sessions for read:user,repo,user:email,workflow...
2025-10-17 00:31:06.719 [info] Getting sessions for read:user,repo,user:email,workflow...
2025-10-17 00:31:06.719 [info] Got 1 sessions for read:user,repo,user:email,workflow...
2025-10-17 00:31:07.818 [info] Getting sessions for read:user,repo,user:email,workflow...
2025-10-17 00:31:07.819 [info] Got 1 sessions for read:user,repo,user:email,workflow...
2025-10-17 00:31:09.016 [info] Getting sessions for read:user,repo,user:email,workflow...
2025-10-17 00:31:09.016 [info] Got 1 sessions for read:user,repo,user:email,workflow...
2025-10-17 00:31:10.421 [info] Getting sessions for read:user,repo,user:email,workflow...
2025-10-17 00:31:10.421 [info] Got 1 sessions for read:user,repo,user:email,workflow...
2025-10-17 00:31:11.099 [info] Getting sessions for read:user,repo,user:email,workflow...
2025-10-17 00:31:11.099 [info] Got 1 sessions for read:user,repo,user:email,workflow...
2025-10-17 00:31:11.591 [info] Getting sessions for read:user,repo,user:email,workflow...
2025-10-17 00:31:11.591 [info] Got 1 sessions for read:user,repo,user:email,workflow...
2025-10-17 00:31:12.814 [info] Getting sessions for read:user,repo,user:email,workflow...
2025-10-17 00:31:12.814 [info] Got 1 sessions for read:user,repo,user:email,workflow...
2025-10-17 00:31:14.655 [info] Getting sessions for read:user,repo,user:email,workflow...
2025-10-17 00:31:14.655 [info] Got 1 sessions for read:user,repo,user:email,workflow...
2025-10-17 00:31:18.065 [info] Getting sessions for read:user,repo,user:email,workflow...
2025-10-17 00:31:18.065 [info] Got 1 sessions for read:user,repo,user:email,workflow...
2025-10-17 00:31:19.393 [info] Getting sessions for read:user,repo,user:email,workflow...
2025-10-17 00:31:19.393 [info] Got 1 sessions for read:user,repo,user:email,workflow...
2025-10-17 00:31:20.890 [info] Getting sessions for read:user,repo,user:email,workflow...
2025-10-17 00:31:20.890 [info] Got 1 sessions for read:user,repo,user:email,workflow...
2025-10-17 00:31:24.388 [info] Getting sessions for read:user,repo,user:email,workflow...
2025-10-17 00:31:24.388 [info] Got 1 sessions for read:user,repo,user:email,workflow...
2025-10-17 00:31:25.693 [info] Getting sessions for read:user,repo,user:email,workflow...
2025-10-17 00:31:25.693 [info] Got 1 sessions for read:user,repo,user:email,workflow...
2025-10-17 00:31:33.968 [info] Getting sessions for read:user,repo,user:email,workflow...
2025-10-17 00:31:33.968 [info] Got 1 sessions for read:user,repo,user:email,workflow...
2025-10-17 00:31:37.009 [info] Getting sessions for read:user,repo,user:email,workflow...
2025-10-17 00:31:37.009 [info] Got 1 sessions for read:user,repo,user:email,workflow...
2025-10-17 00:31:38.967 [info] Getting sessions for read:user,repo,user:email,workflow...
2025-10-17 00:31:38.967 [info] Got 1 sessions for read:user,repo,user:email,workflow...
2025-10-17 00:31:40.168 [info] Getting sessions for read:user,repo,user:email,workflow...
2025-10-17 00:31:40.168 [info] Got 1 sessions for read:user,repo,user:email,workflow...
2025-10-17 00:31:41.067 [info] Getting sessions for read:user,repo,user:email,workflow...
2025-10-17 00:31:41.067 [info] Got 1 sessions for read:user,repo,user:email,workflow...
2025-10-17 00:31:42.400 [info] Getting sessions for read:user,repo,user:email,workflow...
2025-10-17 00:31:42.400 [info] Got 1 sessions for read:user,repo,user:email,workflow...
2025-10-17 00:31:44.242 [info] Getting sessions for read:user,repo,user:email,workflow...
2025-10-17 00:31:44.242 [info] Got 1 sessions for read:user,repo,user:email,workflow...
2025-10-17 00:31:45.186 [info] Getting sessions for read:user,repo,user:email,workflow...
2025-10-17 00:31:45.186 [info] Got 1 sessions for read:user,repo,user:email,workflow...
2025-10-17 00:31:45.956 [info] Getting sessions for read:user,repo,user:email,workflow...
2025-10-17 00:31:45.956 [info] Got 1 sessions for read:user,repo,user:email,workflow...
2025-10-17 00:31:48.604 [info] Getting sessions for read:user,repo,user:email,workflow...
2025-10-17 00:31:48.604 [info] Got 1 sessions for read:user,repo,user:email,workflow...
2025-10-17 00:31:51.956 [info] Getting sessions for read:user,repo,user:email,workflow...
2025-10-17 00:31:51.956 [info] Got 1 sessions for read:user,repo,user:email,workflow...
2025-10-17 00:31:53.117 [info] Getting sessions for read:user,repo,user:email,workflow...
2025-10-17 00:31:53.117 [info] Got 1 sessions for read:user,repo,user:email,workflow...
2025-10-17 00:31:54.441 [info] Getting sessions for read:user,repo,user:email,workflow...
2025-10-17 00:31:54.444 [info] Got 1 sessions for read:user,repo,user:email,workflow...
2025-10-17 00:32:42.220 [info] Getting sessions for read:user,repo,user:email,workflow...
2025-10-17 00:32:42.220 [info] Got 1 sessions for read:user,repo,user:email,workflow...
2025-10-17 00:32:45.371 [info] Getting sessions for read:user,repo,user:email,workflow...
2025-10-17 00:32:45.371 [info] Got 1 sessions for read:user,repo,user:email,workflow...
2025-10-17 00:32:47.021 [info] Getting sessions for read:user,repo,user:email,workflow...
2025-10-17 00:32:47.021 [info] Got 1 sessions for read:user,repo,user:email,workflow...
2025-10-17 00:32:47.899 [info] Getting sessions for read:user,repo,user:email,workflow...
2025-10-17 00:32:47.899 [info] Got 1 sessions for read:user,repo,user:email,workflow...
2025-10-17 00:32:49.694 [info] Getting sessions for read:user,repo,user:email,workflow...
2025-10-17 00:32:49.694 [info] Got 1 sessions for read:user,repo,user:email,workflow...
2025-10-17 00:32:50.295 [info] Getting sessions for read:user,repo,user:email,workflow...
2025-10-17 00:32:50.295 [info] Got 1 sessions for read:user,repo,user:email,workflow...
2025-10-17 00:32:52.036 [info] Getting sessions for read:user,repo,user:email,workflow...
2025-10-17 00:32:52.036 [info] Got 1 sessions for read:user,repo,user:email,workflow...
2025-10-17 00:32:54.768 [info] Getting sessions for read:user,repo,user:email,workflow...
2025-10-17 00:32:54.768 [info] Got 1 sessions for read:user,repo,user:email,workflow...
2025-10-17 00:32:57.749 [info] Getting sessions for read:user,repo,user:email,workflow...
2025-10-17 00:32:57.749 [info] Got 1 sessions for read:user,repo,user:email,workflow...
2025-10-17 00:32:59.270 [info] Getting sessions for read:user,repo,user:email,workflow...
2025-10-17 00:32:59.270 [info] Got 1 sessions for read:user,repo,user:email,workflow...
2025-10-17 00:32:59.846 [info] Getting sessions for read:user,repo,user:email,workflow...
2025-10-17 00:32:59.846 [info] Got 1 sessions for read:user,repo,user:email,workflow...
2025-10-17 00:33:02.987 [info] Getting sessions for read:user,repo,user:email,workflow...
2025-10-17 00:33:02.987 [info] Got 1 sessions for read:user,repo,user:email,workflow...
2025-10-17 00:33:03.671 [info] Getting sessions for read:user,repo,user:email,workflow...
2025-10-17 00:33:03.671 [info] Got 1 sessions for read:user,repo,user:email,workflow...
2025-10-17 00:33:05.450 [info] Getting sessions for read:user,repo,user:email,workflow...
2025-10-17 00:33:05.450 [info] Got 1 sessions for read:user,repo,user:email,workflow...
2025-10-17 00:33:07.139 [info] Getting sessions for read:user,repo,user:email,workflow...
2025-10-17 00:33:07.140 [info] Got 1 sessions for read:user,repo,user:email,workflow...
2025-10-17 00:33:07.726 [info] Getting sessions for read:user,repo,user:email,workflow...
2025-10-17 00:33:07.726 [info] Got 1 sessions for read:user,repo,user:email,workflow...
2025-10-17 00:33:08.482 [info] Getting sessions for read:user,repo,user:email,workflow...
2025-10-17 00:33:08.482 [info] Got 1 sessions for read:user,repo,user:email,workflow...
2025-10-17 00:33:09.113 [info] Getting sessions for read:user,repo,user:email,workflow...
2025-10-17 00:33:09.113 [info] Got 1 sessions for read:user,repo,user:email,workflow...
2025-10-17 00:33:10.389 [info] Getting sessions for read:user,repo,user:email,workflow...
2025-10-17 00:33:10.390 [info] Got 1 sessions for read:user,repo,user:email,workflow...
2025-10-17 00:33:11.606 [info] Getting sessions for read:user,repo,user:email,workflow...
2025-10-17 00:33:11.606 [info] Got 1 sessions for read:user,repo,user:email,workflow...
2025-10-17 00:33:13.510 [info] Getting sessions for read:user,repo,user:email,workflow...
2025-10-17 00:33:13.510 [info] Got 1 sessions for read:user,repo,user:email,workflow...
2025-10-17 00:33:14.266 [info] Getting sessions for read:user,repo,user:email,workflow...
2025-10-17 00:33:14.266 [info] Got 1 sessions for read:user,repo,user:email,workflow...
2025-10-17 00:33:15.112 [info] Getting sessions for read:user,repo,user:email,workflow...
2025-10-17 00:33:15.112 [info] Got 1 sessions for read:user,repo,user:email,workflow...
2025-10-17 00:33:16.695 [info] Getting sessions for read:user,repo,user:email,workflow...
2025-10-17 00:33:16.695 [info] Got 1 sessions for read:user,repo,user:email,workflow...
2025-10-17 00:33:18.465 [info] Getting sessions for read:user,repo,user:email,workflow...
2025-10-17 00:33:18.465 [info] Got 1 sessions for read:user,repo,user:email,workflow...
2025-10-17 00:33:20.046 [info] Getting sessions for read:user,repo,user:email,workflow...
2025-10-17 00:33:20.046 [info] Got 1 sessions for read:user,repo,user:email,workflow...
2025-10-17 00:33:21.607 [info] Getting sessions for read:user,repo,user:email,workflow...
2025-10-17 00:33:21.608 [info] Got 1 sessions for read:user,repo,user:email,workflow...
2025-10-17 00:33:23.992 [info] Getting sessions for read:user,repo,user:email,workflow...
2025-10-17 00:33:23.992 [info] Got 1 sessions for read:user,repo,user:email,workflow...
2025-10-17 00:33:25.541 [info] Getting sessions for read:user,repo,user:email,workflow...
2025-10-17 00:33:25.542 [info] Got 1 sessions for read:user,repo,user:email,workflow...
2025-10-17 00:33:28.923 [info] Getting sessions for read:user,repo,user:email,workflow...
2025-10-17 00:33:28.924 [info] Got 1 sessions for read:user,repo,user:email,workflow...
2025-10-17 00:33:29.681 [info] Getting sessions for read:user,repo,user:email,workflow...
2025-10-17 00:33:29.681 [info] Got 1 sessions for read:user,repo,user:email,workflow...
2025-10-17 00:33:30.749 [info] Getting sessions for read:user,repo,user:email,workflow...
2025-10-17 00:33:30.749 [info] Got 1 sessions for read:user,repo,user:email,workflow...
2025-10-17 00:33:32.588 [info] Getting sessions for read:user,repo,user:email,workflow...
2025-10-17 00:33:32.588 [info] Got 1 sessions for read:user,repo,user:email,workflow...
2025-10-17 00:33:33.057 [info] Getting sessions for read:user,repo,user:email,workflow...
2025-10-17 00:33:33.058 [info] Got 1 sessions for read:user,repo,user:email,workflow...
2025-10-17 00:33:36.058 [info] Getting sessions for read:user,repo,user:email,workflow...
2025-10-17 00:33:36.058 [info] Got 1 sessions for read:user,repo,user:email,workflow...
2025-10-17 00:33:37.131 [info] Getting sessions for read:user,repo,user:email,workflow...
2025-10-17 00:33:37.131 [info] Got 1 sessions for read:user,repo,user:email,workflow...
2025-10-17 00:33:37.669 [info] Getting sessions for read:user,repo,user:email,workflow...
2025-10-17 00:33:37.669 [info] Got 1 sessions for read:user,repo,user:email,workflow...
2025-10-17 00:33:38.742 [info] Getting sessions for read:user,repo,user:email,workflow...
2025-10-17 00:33:38.742 [info] Got 1 sessions for read:user,repo,user:email,workflow...
2025-10-17 00:33:40.016 [info] Getting sessions for read:user,repo,user:email,workflow...
2025-10-17 00:33:40.017 [info] Got 1 sessions for read:user,repo,user:email,workflow...
2025-10-17 00:34:12.172 [info] Getting sessions for read:user,repo,user:email,workflow...
2025-10-17 00:34:12.172 [info] Got 1 sessions for read:user,repo,user:email,workflow...
2025-10-17 00:34:14.880 [info] Getting sessions for read:user,repo,user:email,workflow...
2025-10-17 00:34:14.880 [info] Got 1 sessions for read:user,repo,user:email,workflow...
2025-10-17 00:34:15.665 [info] Getting sessions for read:user,repo,user:email,workflow...
2025-10-17 00:34:15.665 [info] Got 1 sessions for read:user,repo,user:email,workflow...
2025-10-17 00:34:16.963 [info] Getting sessions for read:user,repo,user:email,workflow...
2025-10-17 00:34:16.963 [info] Got 1 sessions for read:user,repo,user:email,workflow...
2025-10-17 00:34:17.603 [info] Getting sessions for read:user,repo,user:email,workflow...
2025-10-17 00:34:17.603 [info] Got 1 sessions for read:user,repo,user:email,workflow...
2025-10-17 00:34:18.170 [info] Getting sessions for read:user,repo,user:email,workflow...
2025-10-17 00:34:18.170 [info] Got 1 sessions for read:user,repo,user:email,workflow...
2025-10-17 00:34:18.693 [info] Getting sessions for read:user,repo,user:email,workflow...
2025-10-17 00:34:18.693 [info] Got 1 sessions for read:user,repo,user:email,workflow...
2025-10-17 00:34:19.738 [info] Getting sessions for read:user,repo,user:email,workflow...
2025-10-17 00:34:19.738 [info] Got 1 sessions for read:user,repo,user:email,workflow...
2025-10-17 00:34:24.653 [info] Getting sessions for read:user,repo,user:email,workflow...
2025-10-17 00:34:24.653 [info] Got 1 sessions for read:user,repo,user:email,workflow...
2025-10-17 00:34:25.923 [info] Getting sessions for read:user,repo,user:email,workflow...
2025-10-17 00:34:25.923 [info] Got 1 sessions for read:user,repo,user:email,workflow...
2025-10-17 00:34:27.231 [info] Getting sessions for read:user,repo,user:email,workflow...
2025-10-17 00:34:27.231 [info] Got 1 sessions for read:user,repo,user:email,workflow...
2025-10-17 00:34:28.730 [info] Getting sessions for read:user,repo,user:email,workflow...
2025-10-17 00:34:28.730 [info] Got 1 sessions for read:user,repo,user:email,workflow...
2025-10-17 00:34:30.098 [info] Getting sessions for read:user,repo,user:email,workflow...
2025-10-17 00:34:30.098 [info] Got 1 sessions for read:user,repo,user:email,workflow...
2025-10-17 00:34:35.517 [info] Getting sessions for read:user,repo,user:email,workflow...
2025-10-17 00:34:35.517 [info] Got 1 sessions for read:user,repo,user:email,workflow...
2025-10-17 00:34:36.085 [info] Getting sessions for read:user,repo,user:email,workflow...
2025-10-17 00:34:36.085 [info] Got 1 sessions for read:user,repo,user:email,workflow...
2025-10-17 00:34:36.705 [info] Getting sessions for read:user,repo,user:email,workflow...
2025-10-17 00:34:36.706 [info] Got 1 sessions for read:user,repo,user:email,workflow...
2025-10-17 00:34:37.367 [info] Getting sessions for read:user,repo,user:email,workflow...
2025-10-17 00:34:37.367 [info] Got 1 sessions for read:user,repo,user:email,workflow...
2025-10-17 00:34:38.933 [info] Getting sessions for read:user,repo,user:email,workflow...
2025-10-17 00:34:38.933 [info] Got 1 sessions for read:user,repo,user:email,workflow...
2025-10-17 00:34:39.515 [info] Getting sessions for read:user,repo,user:email,workflow...
2025-10-17 00:34:39.521 [info] Got 1 sessions for read:user,repo,user:email,workflow...
2025-10-17 00:35:01.620 [info] Getting sessions for read:user,repo,user:email,workflow...
2025-10-17 00:35:01.620 [info] Got 1 sessions for read:user,repo,user:email,workflow...
2025-10-17 00:35:03.236 [info] Getting sessions for read:user,repo,user:email,workflow...
2025-10-17 00:35:03.236 [info] Got 1 sessions for read:user,repo,user:email,workflow...
2025-10-17 00:36:32.370 [info] Getting sessions for read:user,repo,user:email,workflow...
2025-10-17 00:36:32.371 [info] Got 1 sessions for read:user,repo,user:email,workflow...
2025-10-17 00:36:33.678 [info] Getting sessions for read:user,repo,user:email,workflow...
2025-10-17 00:36:33.678 [info] Got 1 sessions for read:user,repo,user:email,workflow...
2025-10-17 00:36:34.206 [info] Getting sessions for read:user,repo,user:email,workflow...
2025-10-17 00:36:34.206 [info] Got 1 sessions for read:user,repo,user:email,workflow...
2025-10-17 00:36:34.807 [info] Getting sessions for read:user,repo,user:email,workflow...
2025-10-17 00:36:34.807 [info] Got 1 sessions for read:user,repo,user:email,workflow...
2025-10-17 00:36:38.264 [info] Getting sessions for read:user,repo,user:email,workflow...
2025-10-17 00:36:38.264 [info] Got 1 sessions for read:user,repo,user:email,workflow...
2025-10-17 00:36:38.757 [info] Getting sessions for read:user,repo,user:email,workflow...
2025-10-17 00:36:38.757 [info] Got 1 sessions for read:user,repo,user:email,workflow...
2025-10-17 00:36:39.745 [info] Getting sessions for read:user,repo,user:email,workflow...
2025-10-17 00:36:39.745 [info] Got 1 sessions for read:user,repo,user:email,workflow...
2025-10-17 00:36:42.432 [info] Getting sessions for read:user,repo,user:email,workflow...
2025-10-17 00:36:42.432 [info] Got 1 sessions for read:user,repo,user:email,workflow...
2025-10-17 00:43:36.178 [info] Getting sessions for read:user,repo,user:email,workflow...
2025-10-17 00:43:36.182 [info] Got 1 sessions for read:user,repo,user:email,workflow...
2025-10-17 00:43:39.368 [info] Getting sessions for read:user,repo,user:email,workflow...
2025-10-17 00:43:39.368 [info] Got 1 sessions for read:user,repo,user:email,workflow...
2025-10-17 00:43:40.549 [info] Getting sessions for read:user,repo,user:email,workflow...
2025-10-17 00:43:40.549 [info] Got 1 sessions for read:user,repo,user:email,workflow...
2025-10-17 00:43:43.107 [info] Getting sessions for read:user,repo,user:email,workflow...
2025-10-17 00:43:43.108 [info] Got 1 sessions for read:user,repo,user:email,workflow...
2025-10-17 00:43:43.882 [info] Getting sessions for read:user,repo,user:email,workflow...
2025-10-17 00:43:43.882 [info] Got 1 sessions for read:user,repo,user:email,workflow...
2025-10-17 00:43:44.388 [info] Getting sessions for read:user,repo,user:email,workflow...
2025-10-17 00:43:44.388 [info] Got 1 sessions for read:user,repo,user:email,workflow...
2025-10-17 00:43:45.064 [info] Getting sessions for read:user,repo,user:email,workflow...
2025-10-17 00:43:45.064 [info] Got 1 sessions for read:user,repo,user:email,workflow...
2025-10-17 00:43:45.628 [info] Getting sessions for read:user,repo,user:email,workflow...
2025-10-17 00:43:45.629 [info] Got 1 sessions for read:user,repo,user:email,workflow...
2025-10-17 00:43:47.470 [info] Getting sessions for read:user,repo,user:email,workflow...
2025-10-17 00:43:47.470 [info] Got 1 sessions for read:user,repo,user:email,workflow...
2025-10-17 00:43:49.637 [info] Getting sessions for read:user,repo,user:email,workflow...
2025-10-17 00:43:49.637 [info] Got 1 sessions for read:user,repo,user:email,workflow...
2025-10-17 00:43:51.244 [info] Getting sessions for read:user,repo,user:email,workflow...
2025-10-17 00:43:51.244 [info] Got 1 sessions for read:user,repo,user:email,workflow...
2025-10-17 00:43:51.814 [info] Getting sessions for read:user,repo,user:email,workflow...
2025-10-17 00:43:51.814 [info] Got 1 sessions for read:user,repo,user:email,workflow...
2025-10-17 00:43:52.670 [info] Getting sessions for read:user,repo,user:email,workflow...
2025-10-17 00:43:52.670 [info] Got 1 sessions for read:user,repo,user:email,workflow...
2025-10-17 00:43:54.342 [info] Getting sessions for read:user,repo,user:email,workflow...
2025-10-17 00:43:54.344 [info] Got 1 sessions for read:user,repo,user:email,workflow...
2025-10-17 00:43:55.989 [info] Getting sessions for read:user,repo,user:email,workflow...
2025-10-17 00:43:55.989 [info] Got 1 sessions for read:user,repo,user:email,workflow...
2025-10-17 00:43:58.889 [info] Getting sessions for read:user,repo,user:email,workflow...
2025-10-17 00:43:58.889 [info] Got 1 sessions for read:user,repo,user:email,workflow...
2025-10-17 00:44:00.169 [info] Getting sessions for read:user,repo,user:email,workflow...
2025-10-17 00:44:00.171 [info] Got 1 sessions for read:user,repo,user:email,workflow...
2025-10-17 00:44:01.063 [info] Getting sessions for read:user,repo,user:email,workflow...
2025-10-17 00:44:01.063 [info] Got 1 sessions for read:user,repo,user:email,workflow...
2025-10-17 00:44:01.823 [info] Getting sessions for read:user,repo,user:email,workflow...
2025-10-17 00:44:01.823 [info] Got 1 sessions for read:user,repo,user:email,workflow...
2025-10-17 00:44:02.424 [info] Getting sessions for read:user,repo,user:email,workflow...
2025-10-17 00:44:02.424 [info] Got 1 sessions for read:user,repo,user:email,workflow...
2025-10-17 00:44:02.920 [info] Getting sessions for read:user,repo,user:email,workflow...
2025-10-17 00:44:02.920 [info] Got 1 sessions for read:user,repo,user:email,workflow...
2025-10-17 00:44:06.920 [info] Getting sessions for read:user,repo,user:email,workflow...
2025-10-17 00:44:06.920 [info] Got 1 sessions for read:user,repo,user:email,workflow...
2025-10-17 00:44:08.160 [info] Getting sessions for read:user,repo,user:email,workflow...
2025-10-17 00:44:08.160 [info] Got 1 sessions for read:user,repo,user:email,workflow...
2025-10-17 00:44:09.373 [info] Getting sessions for read:user,repo,user:email,workflow...
2025-10-17 00:44:09.373 [info] Got 1 sessions for read:user,repo,user:email,workflow...
2025-10-17 00:44:10.671 [info] Getting sessions for read:user,repo,user:email,workflow...
2025-10-17 00:44:10.671 [info] Got 1 sessions for read:user,repo,user:email,workflow...
2025-10-17 00:44:11.649 [info] Getting sessions for read:user,repo,user:email,workflow...
2025-10-17 00:44:11.651 [info] Got 1 sessions for read:user,repo,user:email,workflow...
2025-10-17 00:44:12.728 [info] Getting sessions for read:user,repo,user:email,workflow...
2025-10-17 00:44:12.728 [info] Got 1 sessions for read:user,repo,user:email,workflow...
2025-10-17 00:44:17.119 [info] Getting sessions for read:user,repo,user:email,workflow...
2025-10-17 00:44:17.119 [info] Got 1 sessions for read:user,repo,user:email,workflow...
2025-10-17 00:44:19.044 [info] Getting sessions for read:user,repo,user:email,workflow...
2025-10-17 00:44:19.044 [info] Got 1 sessions for read:user,repo,user:email,workflow...
2025-10-17 00:44:20.690 [info] Getting sessions for read:user,repo,user:email,workflow...
2025-10-17 00:44:20.691 [info] Got 1 sessions for read:user,repo,user:email,workflow...
2025-10-17 00:44:22.768 [info] Getting sessions for read:user,repo,user:email,workflow...
2025-10-17 00:44:22.768 [info] Got 1 sessions for read:user,repo,user:email,workflow...
2025-10-17 00:44:23.200 [info] Getting sessions for read:user,repo,user:email,workflow...
2025-10-17 00:44:23.200 [info] Got 1 sessions for read:user,repo,user:email,workflow...
2025-10-17 00:44:24.895 [info] Getting sessions for read:user,repo,user:email,workflow...
2025-10-17 00:44:24.895 [info] Got 1 sessions for read:user,repo,user:email,workflow...
2025-10-17 00:44:25.308 [info] Getting sessions for read:user,repo,user:email,workflow...
2025-10-17 00:44:25.308 [info] Got 1 sessions for read:user,repo,user:email,workflow...
2025-10-17 00:44:26.300 [info] Getting sessions for read:user,repo,user:email,workflow...
2025-10-17 00:44:26.300 [info] Got 1 sessions for read:user,repo,user:email,workflow...
2025-10-17 00:44:27.622 [info] Getting sessions for read:user,repo,user:email,workflow...
2025-10-17 00:44:27.623 [info] Got 1 sessions for read:user,repo,user:email,workflow...
2025-10-17 00:44:28.443 [info] Getting sessions for read:user,repo,user:email,workflow...
2025-10-17 00:44:28.443 [info] Got 1 sessions for read:user,repo,user:email,workflow...
2025-10-17 00:44:30.079 [info] Getting sessions for read:user,repo,user:email,workflow...
2025-10-17 00:44:30.079 [info] Got 1 sessions for read:user,repo,user:email,workflow...
2025-10-17 00:44:43.253 [info] Getting sessions for read:user,repo,user:email,workflow...
2025-10-17 00:44:43.253 [info] Got 1 sessions for read:user,repo,user:email,workflow...
2025-10-17 00:44:44.994 [info] Getting sessions for read:user,repo,user:email,workflow...
2025-10-17 00:44:44.994 [info] Got 1 sessions for read:user,repo,user:email,workflow...
2025-10-17 00:45:05.331 [info] Getting sessions for read:user,repo,user:email,workflow...
2025-10-17 00:45:05.331 [info] Got 1 sessions for read:user,repo,user:email,workflow...
2025-10-17 00:45:08.704 [info] Getting sessions for read:user,repo,user:email,workflow...
2025-10-17 00:45:08.705 [info] Got 1 sessions for read:user,repo,user:email,workflow...
2025-10-17 00:45:11.102 [info] Getting sessions for read:user,repo,user:email,workflow...
2025-10-17 00:45:11.102 [info] Got 1 sessions for read:user,repo,user:email,workflow...
2025-10-17 00:45:11.758 [info] Getting sessions for read:user,repo,user:email,workflow...
2025-10-17 00:45:11.758 [info] Got 1 sessions for read:user,repo,user:email,workflow...
2025-10-17 00:45:13.042 [info] Getting sessions for read:user,repo,user:email,workflow...
2025-10-17 00:45:13.042 [info] Got 1 sessions for read:user,repo,user:email,workflow...
2025-10-17 00:45:14.088 [info] Getting sessions for read:user,repo,user:email,workflow...
2025-10-17 00:45:14.088 [info] Got 1 sessions for read:user,repo,user:email,workflow...
2025-10-17 00:45:14.933 [info] Getting sessions for read:user,repo,user:email,workflow...
2025-10-17 00:45:14.933 [info] Got 1 sessions for read:user,repo,user:email,workflow...
2025-10-17 00:45:15.746 [info] Getting sessions for read:user,repo,user:email,workflow...
2025-10-17 00:45:15.746 [info] Got 1 sessions for read:user,repo,user:email,workflow...
2025-10-17 00:45:16.268 [info] Getting sessions for read:user,repo,user:email,workflow...
2025-10-17 00:45:16.269 [info] Got 1 sessions for read:user,repo,user:email,workflow...
2025-10-17 00:45:17.096 [info] Getting sessions for read:user,repo,user:email,workflow...
2025-10-17 00:45:17.096 [info] Got 1 sessions for read:user,repo,user:email,workflow...
2025-10-17 00:45:17.894 [info] Getting sessions for read:user,repo,user:email,workflow...
2025-10-17 00:45:17.894 [info] Got 1 sessions for read:user,repo,user:email,workflow...
2025-10-17 00:45:18.650 [info] Getting sessions for read:user,repo,user:email,workflow...
2025-10-17 00:45:18.650 [info] Got 1 sessions for read:user,repo,user:email,workflow...
2025-10-17 00:45:19.131 [info] Getting sessions for read:user,repo,user:email,workflow...
2025-10-17 00:45:19.131 [info] Got 1 sessions for read:user,repo,user:email,workflow...
2025-10-17 00:45:19.681 [info] Getting sessions for read:user,repo,user:email,workflow...
2025-10-17 00:45:19.681 [info] Got 1 sessions for read:user,repo,user:email,workflow...
2025-10-17 00:45:25.696 [info] Getting sessions for read:user,repo,user:email,workflow...
2025-10-17 00:45:25.696 [info] Got 1 sessions for read:user,repo,user:email,workflow...
2025-10-17 00:45:27.000 [info] Getting sessions for read:user,repo,user:email,workflow...
2025-10-17 00:45:27.000 [info] Got 1 sessions for read:user,repo,user:email,workflow...
2025-10-17 00:45:28.246 [info] Getting sessions for read:user,repo,user:email,workflow...
2025-10-17 00:45:28.246 [info] Got 1 sessions for read:user,repo,user:email,workflow...
2025-10-17 00:45:41.923 [info] Getting sessions for read:user,repo,user:email,workflow...
2025-10-17 00:45:41.924 [info] Got 1 sessions for read:user,repo,user:email,workflow...
2025-10-17 00:45:43.743 [info] Getting sessions for read:user,repo,user:email,workflow...
2025-10-17 00:45:43.743 [info] Got 1 sessions for read:user,repo,user:email,workflow...
2025-10-17 00:45:50.702 [info] Getting sessions for read:user,repo,user:email,workflow...
2025-10-17 00:45:50.702 [info] Got 1 sessions for read:user,repo,user:email,workflow...
2025-10-17 00:45:51.995 [info] Getting sessions for read:user,repo,user:email,workflow...
2025-10-17 00:45:51.995 [info] Got 1 sessions for read:user,repo,user:email,workflow...
2025-10-17 00:46:02.600 [info] Getting sessions for read:user,repo,user:email,workflow...
2025-10-17 00:46:02.600 [info] Got 1 sessions for read:user,repo,user:email,workflow...
2025-10-17 00:46:03.156 [info] Getting sessions for read:user,repo,user:email,workflow...
2025-10-17 00:46:03.157 [info] Got 1 sessions for read:user,repo,user:email,workflow...
2025-10-17 00:46:03.801 [info] Getting sessions for read:user,repo,user:email,workflow...
2025-10-17 00:46:03.801 [info] Got 1 sessions for read:user,repo,user:email,workflow...
2025-10-17 00:46:04.462 [info] Getting sessions for read:user,repo,user:email,workflow...
2025-10-17 00:46:04.462 [info] Got 1 sessions for read:user,repo,user:email,workflow...
2025-10-17 00:46:04.990 [info] Getting sessions for read:user,repo,user:email,workflow...
2025-10-17 00:46:04.990 [info] Got 1 sessions for read:user,repo,user:email,workflow...
2025-10-17 00:46:06.696 [info] Getting sessions for read:user,repo,user:email,workflow...
2025-10-17 00:46:06.696 [info] Got 1 sessions for read:user,repo,user:email,workflow...
2025-10-17 00:46:07.129 [info] Getting sessions for read:user,repo,user:email,workflow...
2025-10-17 00:46:07.129 [info] Got 1 sessions for read:user,repo,user:email,workflow...
2025-10-17 00:46:07.831 [info] Getting sessions for read:user,repo,user:email,workflow...
2025-10-17 00:46:07.831 [info] Got 1 sessions for read:user,repo,user:email,workflow...
2025-10-17 00:46:08.563 [info] Getting sessions for read:user,repo,user:email,workflow...
2025-10-17 00:46:08.563 [info] Got 1 sessions for read:user,repo,user:email,workflow...
2025-10-17 00:46:08.959 [info] Getting sessions for read:user,repo,user:email,workflow...
2025-10-17 00:46:08.959 [info] Got 1 sessions for read:user,repo,user:email,workflow...
2025-10-17 00:46:10.296 [info] Getting sessions for read:user,repo,user:email,workflow...
2025-10-17 00:46:10.296 [info] Got 1 sessions for read:user,repo,user:email,workflow...
2025-10-17 00:46:14.047 [info] Getting sessions for read:user,repo,user:email,workflow...
2025-10-17 00:46:14.047 [info] Got 1 sessions for read:user,repo,user:email,workflow...
2025-10-17 00:46:18.599 [info] Getting sessions for read:user,repo,user:email,workflow...
2025-10-17 00:46:18.599 [info] Got 1 sessions for read:user,repo,user:email,workflow...
2025-10-17 00:46:19.232 [info] Getting sessions for read:user,repo,user:email,workflow...
2025-10-17 00:46:19.232 [info] Got 1 sessions for read:user,repo,user:email,workflow...
2025-10-17 00:46:20.406 [info] Getting sessions for read:user,repo,user:email,workflow...
2025-10-17 00:46:20.407 [info] Got 1 sessions for read:user,repo,user:email,workflow...
2025-10-17 00:46:21.471 [info] Getting sessions for read:user,repo,user:email,workflow...
2025-10-17 00:46:21.471 [info] Got 1 sessions for read:user,repo,user:email,workflow...
2025-10-17 00:46:23.276 [info] Getting sessions for read:user,repo,user:email,workflow...
2025-10-17 00:46:23.276 [info] Got 1 sessions for read:user,repo,user:email,workflow...
2025-10-17 00:46:25.266 [info] Getting sessions for read:user,repo,user:email,workflow...
2025-10-17 00:46:25.266 [info] Got 1 sessions for read:user,repo,user:email,workflow...
2025-10-17 00:46:26.698 [info] Getting sessions for read:user,repo,user:email,workflow...
2025-10-17 00:46:26.698 [info] Got 1 sessions for read:user,repo,user:email,workflow...
2025-10-17 00:46:27.569 [info] Getting sessions for read:user,repo,user:email,workflow...
2025-10-17 00:46:27.569 [info] Got 1 sessions for read:user,repo,user:email,workflow...
2025-10-17 00:46:28.419 [info] Getting sessions for read:user,repo,user:email,workflow...
2025-10-17 00:46:28.423 [info] Got 1 sessions for read:user,repo,user:email,workflow...
2025-10-17 00:46:29.553 [info] Getting sessions for read:user,repo,user:email,workflow...
2025-10-17 00:46:29.553 [info] Got 1 sessions for read:user,repo,user:email,workflow...
2025-10-17 00:46:30.454 [info] Getting sessions for read:user,repo,user:email,workflow...
2025-10-17 00:46:30.454 [info] Got 1 sessions for read:user,repo,user:email,workflow...
2025-10-17 00:46:39.637 [info] Getting sessions for read:user,repo,user:email,workflow...
2025-10-17 00:46:39.637 [info] Got 1 sessions for read:user,repo,user:email,workflow...
2025-10-17 00:46:40.185 [info] Getting sessions for read:user,repo,user:email,workflow...
2025-10-17 00:46:40.185 [info] Got 1 sessions for read:user,repo,user:email,workflow...
2025-10-17 00:46:42.599 [info] Getting sessions for read:user,repo,user:email,workflow...
2025-10-17 00:46:42.599 [info] Got 1 sessions for read:user,repo,user:email,workflow...
2025-10-17 00:46:43.556 [info] Getting sessions for read:user,repo,user:email,workflow...
2025-10-17 00:46:43.556 [info] Got 1 sessions for read:user,repo,user:email,workflow...
2025-10-17 00:46:56.832 [info] Getting sessions for read:user,repo,user:email,workflow...
2025-10-17 00:46:56.832 [info] Got 1 sessions for read:user,repo,user:email,workflow...
2025-10-17 00:47:00.570 [info] Getting sessions for read:user,repo,user:email,workflow...
2025-10-17 00:47:00.571 [info] Got 1 sessions for read:user,repo,user:email,workflow...
2025-10-17 00:47:01.001 [info] Getting sessions for read:user,repo,user:email,workflow...
2025-10-17 00:47:01.002 [info] Got 1 sessions for read:user,repo,user:email,workflow...
2025-10-17 00:47:01.924 [info] Getting sessions for read:user,repo,user:email,workflow...
2025-10-17 00:47:01.924 [info] Got 1 sessions for read:user,repo,user:email,workflow...
2025-10-17 00:47:07.125 [info] Getting sessions for read:user,repo,user:email,workflow...
2025-10-17 00:47:07.126 [info] Got 1 sessions for read:user,repo,user:email,workflow...
2025-10-17 00:47:10.706 [info] Getting sessions for read:user,repo,user:email,workflow...
2025-10-17 00:47:10.706 [info] Got 1 sessions for read:user,repo,user:email,workflow...
2025-10-17 00:47:13.614 [info] Getting sessions for read:user,repo,user:email,workflow...
2025-10-17 00:47:13.614 [info] Got 1 sessions for read:user,repo,user:email,workflow...
2025-10-17 00:47:16.532 [info] Getting sessions for read:user,repo,user:email,workflow...
2025-10-17 00:47:16.532 [info] Got 1 sessions for read:user,repo,user:email,workflow...
2025-10-17 00:47:41.731 [info] Getting sessions for read:user,repo,user:email,workflow...
2025-10-17 00:47:41.731 [info] Got 1 sessions for read:user,repo,user:email,workflow...
2025-10-17 00:47:42.502 [info] Getting sessions for read:user,repo,user:email,workflow...
2025-10-17 00:47:42.502 [info] Got 1 sessions for read:user,repo,user:email,workflow...
2025-10-17 00:47:43.299 [info] Getting sessions for read:user,repo,user:email,workflow...
2025-10-17 00:47:43.299 [info] Got 1 sessions for read:user,repo,user:email,workflow...
2025-10-17 00:47:43.867 [info] Getting sessions for read:user,repo,user:email,workflow...
2025-10-17 00:47:43.867 [info] Got 1 sessions for read:user,repo,user:email,workflow...
2025-10-17 00:47:57.320 [info] Getting sessions for read:user,repo,user:email,workflow...
2025-10-17 00:47:57.320 [info] Got 1 sessions for read:user,repo,user:email,workflow...
2025-10-17 00:47:58.093 [info] Getting sessions for read:user,repo,user:email,workflow...
2025-10-17 00:47:58.093 [info] Got 1 sessions for read:user,repo,user:email,workflow...
2025-10-17 00:47:58.625 [info] Getting sessions for read:user,repo,user:email,workflow...
2025-10-17 00:47:58.625 [info] Got 1 sessions for read:user,repo,user:email,workflow...
2025-10-17 00:48:00.626 [info] Getting sessions for read:user,repo,user:email,workflow...
2025-10-17 00:48:00.626 [info] Got 1 sessions for read:user,repo,user:email,workflow...
2025-10-17 00:48:01.078 [info] Getting sessions for read:user,repo,user:email,workflow...
2025-10-17 00:48:01.078 [info] Got 1 sessions for read:user,repo,user:email,workflow...
2025-10-17 00:50:38.737 [info] Getting sessions for read:user,repo,user:email,workflow...
2025-10-17 00:50:38.737 [info] Got 1 sessions for read:user,repo,user:email,workflow...
