2025-10-15 23:31:24.438 [info] Reading sessions from keychain...
2025-10-15 23:31:24.438 [info] Getting sessions for all scopes...
2025-10-15 23:31:24.438 [info] Got stored sessions!
2025-10-15 23:31:24.438 [info] Got 2 verified sessions.
2025-10-15 23:31:24.438 [info] Got 2 sessions for ...
2025-10-15 23:31:24.438 [info] Getting sessions for all scopes...
2025-10-15 23:31:24.438 [info] Got 2 sessions for ...
2025-10-15 23:31:24.438 [info] Getting sessions for all scopes...
2025-10-15 23:31:24.438 [info] Got 2 sessions for ...
2025-10-15 23:31:24.438 [info] Getting sessions for all scopes...
2025-10-15 23:31:24.438 [info] Got 2 sessions for ...
2025-10-15 23:31:24.438 [info] Getting sessions for all scopes...
2025-10-15 23:31:24.438 [info] Got 2 sessions for ...
2025-10-15 23:31:24.438 [info] Getting sessions for all scopes...
2025-10-15 23:31:24.438 [info] Got 2 sessions for ...
2025-10-15 23:31:24.438 [info] Getting sessions for all scopes...
2025-10-15 23:31:24.438 [info] Got 2 sessions for ...
2025-10-15 23:31:24.438 [info] Getting sessions for all scopes...
2025-10-15 23:31:24.438 [info] Got 2 sessions for ...
2025-10-15 23:31:24.438 [info] Getting sessions for all scopes...
2025-10-15 23:31:24.438 [info] Got 2 sessions for ...
2025-10-15 23:31:24.438 [info] Getting sessions for all scopes...
2025-10-15 23:31:24.438 [info] Got 2 sessions for ...
2025-10-15 23:31:24.438 [info] Getting sessions for all scopes...
2025-10-15 23:31:24.438 [info] Got 2 sessions for ...
2025-10-15 23:31:24.438 [info] Getting sessions for all scopes...
2025-10-15 23:31:24.438 [info] Got 2 sessions for ...
2025-10-15 23:31:24.438 [info] Getting sessions for all scopes...
2025-10-15 23:31:24.438 [info] Got 2 sessions for ...
2025-10-15 23:31:25.485 [info] fetching: Electron fetch failed with status: 429 
2025-10-15 23:31:34.979 [info] Getting sessions for all scopes...
2025-10-15 23:31:34.980 [info] Got 2 sessions for ...
2025-10-15 23:31:35.057 [info] Getting sessions for all scopes...
2025-10-15 23:31:35.058 [info] Got 2 sessions for ...
2025-10-15 23:31:35.114 [info] Getting sessions for all scopes...
2025-10-15 23:31:35.114 [info] Got 2 sessions for ...
2025-10-15 23:31:35.119 [info] Getting sessions for all scopes...
2025-10-15 23:31:35.119 [info] Got 2 sessions for ...
2025-10-15 23:31:35.121 [info] Getting sessions for all scopes...
2025-10-15 23:31:35.121 [info] Got 2 sessions for ...
2025-10-15 23:31:35.907 [info] Getting sessions for all scopes...
2025-10-15 23:31:35.907 [info] Got 2 sessions for ...
2025-10-15 23:31:35.908 [info] Getting sessions for all scopes...
2025-10-15 23:31:35.908 [info] Got 2 sessions for ...
2025-10-15 23:31:38.982 [info] fetching: Node fetch failed with status: 429 Too Many Requests
2025-10-15 23:31:39.085 [info] Getting sessions for read:user,repo,user:email,workflow...
2025-10-15 23:31:39.085 [info] Got 1 sessions for read:user,repo,user:email,workflow...
2025-10-15 23:31:39.842 [info] Getting sessions for all scopes...
2025-10-15 23:31:39.842 [info] Got 2 sessions for ...
2025-10-15 23:31:39.923 [info] Getting sessions for all scopes...
2025-10-15 23:31:39.923 [info] Got 2 sessions for ...
2025-10-15 23:31:39.923 [info] Getting sessions for read:user,repo,user:email,workflow...
2025-10-15 23:31:39.923 [info] Got 1 sessions for read:user,repo,user:email,workflow...
2025-10-15 23:31:40.262 [info] Getting sessions for read:user,repo,user:email,workflow...
2025-10-15 23:31:40.264 [info] Got 1 sessions for read:user,repo,user:email,workflow...
2025-10-15 23:31:40.920 [info] fetching: Node http/s failed with status: 429 Too Many Requests
2025-10-15 23:31:40.970 [info] Getting sessions for all scopes...
2025-10-15 23:31:40.970 [info] Got 2 sessions for ...
2025-10-15 23:31:40.988 [info] Getting sessions for all scopes...
2025-10-15 23:31:40.988 [info] Got 2 sessions for ...
2025-10-15 23:31:42.409 [info] Getting sessions for read:user,repo,user:email,workflow...
2025-10-15 23:31:42.409 [info] Got 1 sessions for read:user,repo,user:email,workflow...
2025-10-15 23:31:42.463 [info] Getting sessions for all scopes...
2025-10-15 23:31:42.463 [info] Got 2 sessions for ...
2025-10-15 23:31:42.480 [info] Getting sessions for all scopes...
2025-10-15 23:31:42.480 [info] Got 2 sessions for ...
2025-10-15 23:31:42.496 [info] Getting sessions for read:user,repo,user:email,workflow...
2025-10-15 23:31:42.497 [info] Got 1 sessions for read:user,repo,user:email,workflow...
2025-10-15 23:31:43.686 [info] Getting sessions for all scopes...
2025-10-15 23:31:43.686 [info] Got 2 sessions for ...
2025-10-15 23:31:43.766 [info] Getting sessions for all scopes...
2025-10-15 23:31:43.766 [info] Got 2 sessions for ...
2025-10-15 23:31:43.767 [info] Getting sessions for read:user,repo,user:email,workflow...
2025-10-15 23:31:43.767 [info] Got 1 sessions for read:user,repo,user:email,workflow...
2025-10-15 23:36:56.040 [info] Getting sessions for read:user,repo,user:email,workflow...
2025-10-15 23:36:56.040 [info] Got 1 sessions for read:user,repo,user:email,workflow...
2025-10-15 23:36:59.198 [info] Getting sessions for read:user,repo,user:email,workflow...
2025-10-15 23:36:59.198 [info] Got 1 sessions for read:user,repo,user:email,workflow...
2025-10-15 23:37:01.017 [info] Getting sessions for read:user,repo,user:email,workflow...
2025-10-15 23:37:01.019 [info] Got 1 sessions for read:user,repo,user:email,workflow...
2025-10-15 23:37:32.370 [info] Getting sessions for read:user,repo,user:email,workflow...
2025-10-15 23:37:32.373 [info] Got 1 sessions for read:user,repo,user:email,workflow...
2025-10-15 23:37:33.858 [info] Getting sessions for read:user,repo,user:email,workflow...
2025-10-15 23:37:33.858 [info] Got 1 sessions for read:user,repo,user:email,workflow...
2025-10-15 23:37:52.795 [info] Getting sessions for read:user,repo,user:email,workflow...
2025-10-15 23:37:52.795 [info] Got 1 sessions for read:user,repo,user:email,workflow...
2025-10-15 23:37:54.801 [info] Getting sessions for read:user,repo,user:email,workflow...
2025-10-15 23:37:54.801 [info] Got 1 sessions for read:user,repo,user:email,workflow...
2025-10-15 23:38:11.222 [info] Getting sessions for read:user,repo,user:email,workflow...
2025-10-15 23:38:11.223 [info] Got 1 sessions for read:user,repo,user:email,workflow...
2025-10-15 23:39:33.251 [info] Getting sessions for read:user,repo,user:email,workflow...
2025-10-15 23:39:33.252 [info] Got 1 sessions for read:user,repo,user:email,workflow...
2025-10-15 23:39:40.393 [info] Getting sessions for read:user,repo,user:email,workflow...
2025-10-15 23:39:40.394 [info] Got 1 sessions for read:user,repo,user:email,workflow...
2025-10-15 23:40:09.971 [info] Getting sessions for read:user,repo,user:email,workflow...
2025-10-15 23:40:09.971 [info] Got 1 sessions for read:user,repo,user:email,workflow...
2025-10-15 23:40:17.529 [info] Getting sessions for read:user,repo,user:email,workflow...
2025-10-15 23:40:17.529 [info] Got 1 sessions for read:user,repo,user:email,workflow...
2025-10-15 23:40:32.835 [info] Getting sessions for read:user,repo,user:email,workflow...
2025-10-15 23:40:32.835 [info] Got 1 sessions for read:user,repo,user:email,workflow...
2025-10-15 23:40:38.847 [info] Getting sessions for read:user,repo,user:email,workflow...
2025-10-15 23:40:38.847 [info] Got 1 sessions for read:user,repo,user:email,workflow...
2025-10-15 23:40:45.272 [info] Getting sessions for read:user,repo,user:email,workflow...
2025-10-15 23:40:45.272 [info] Got 1 sessions for read:user,repo,user:email,workflow...
2025-10-15 23:40:56.367 [info] Getting sessions for read:user,repo,user:email,workflow...
2025-10-15 23:40:56.379 [info] Got 1 sessions for read:user,repo,user:email,workflow...
2025-10-15 23:41:23.318 [info] Getting sessions for read:user,repo,user:email,workflow...
2025-10-15 23:41:23.318 [info] Got 1 sessions for read:user,repo,user:email,workflow...
2025-10-15 23:41:28.902 [info] Getting sessions for read:user,repo,user:email,workflow...
2025-10-15 23:41:28.902 [info] Got 1 sessions for read:user,repo,user:email,workflow...
2025-10-15 23:41:37.989 [info] Getting sessions for read:user,repo,user:email,workflow...
2025-10-15 23:41:37.990 [info] Got 1 sessions for read:user,repo,user:email,workflow...
2025-10-15 23:41:43.989 [info] Getting sessions for read:user,repo,user:email,workflow...
2025-10-15 23:41:43.990 [info] Got 1 sessions for read:user,repo,user:email,workflow...
2025-10-15 23:41:53.975 [info] Getting sessions for read:user,repo,user:email,workflow...
2025-10-15 23:41:53.975 [info] Got 1 sessions for read:user,repo,user:email,workflow...
2025-10-15 23:41:57.823 [info] Getting sessions for read:user,repo,user:email,workflow...
2025-10-15 23:41:57.823 [info] Got 1 sessions for read:user,repo,user:email,workflow...
2025-10-15 23:42:10.518 [info] Getting sessions for read:user,repo,user:email,workflow...
2025-10-15 23:42:10.518 [info] Got 1 sessions for read:user,repo,user:email,workflow...
2025-10-15 23:42:15.599 [info] Getting sessions for read:user,repo,user:email,workflow...
2025-10-15 23:42:15.600 [info] Got 1 sessions for read:user,repo,user:email,workflow...
2025-10-15 23:42:20.347 [info] Getting sessions for read:user,repo,user:email,workflow...
2025-10-15 23:42:20.348 [info] Got 1 sessions for read:user,repo,user:email,workflow...
2025-10-15 23:42:23.936 [info] Getting sessions for read:user,repo,user:email,workflow...
2025-10-15 23:42:23.936 [info] Got 1 sessions for read:user,repo,user:email,workflow...
2025-10-15 23:42:26.444 [info] Getting sessions for read:user,repo,user:email,workflow...
2025-10-15 23:42:26.444 [info] Got 1 sessions for read:user,repo,user:email,workflow...
2025-10-15 23:42:29.326 [info] Getting sessions for read:user,repo,user:email,workflow...
2025-10-15 23:42:29.327 [info] Got 1 sessions for read:user,repo,user:email,workflow...
2025-10-15 23:42:43.671 [info] Getting sessions for read:user,repo,user:email,workflow...
2025-10-15 23:42:43.672 [info] Got 1 sessions for read:user,repo,user:email,workflow...
2025-10-15 23:43:03.548 [info] Getting sessions for read:user,repo,user:email,workflow...
2025-10-15 23:43:03.548 [info] Got 1 sessions for read:user,repo,user:email,workflow...
2025-10-15 23:43:21.094 [info] Getting sessions for read:user,repo,user:email,workflow...
2025-10-15 23:43:21.094 [info] Got 1 sessions for read:user,repo,user:email,workflow...
2025-10-15 23:43:24.199 [info] Getting sessions for read:user,repo,user:email,workflow...
2025-10-15 23:43:24.199 [info] Got 1 sessions for read:user,repo,user:email,workflow...
2025-10-15 23:44:19.767 [info] Getting sessions for read:user,repo,user:email,workflow...
2025-10-15 23:44:19.767 [info] Got 1 sessions for read:user,repo,user:email,workflow...
2025-10-15 23:44:26.433 [info] Getting sessions for read:user,repo,user:email,workflow...
2025-10-15 23:44:26.433 [info] Got 1 sessions for read:user,repo,user:email,workflow...
2025-10-15 23:45:20.881 [info] Getting sessions for read:user,repo,user:email,workflow...
2025-10-15 23:45:20.881 [info] Got 1 sessions for read:user,repo,user:email,workflow...
2025-10-15 23:45:22.631 [info] Getting sessions for read:user,repo,user:email,workflow...
2025-10-15 23:45:22.633 [info] Got 1 sessions for read:user,repo,user:email,workflow...
2025-10-15 23:45:29.415 [info] Getting sessions for read:user,repo,user:email,workflow...
2025-10-15 23:45:29.415 [info] Got 1 sessions for read:user,repo,user:email,workflow...
2025-10-15 23:45:30.025 [info] Getting sessions for read:user,repo,user:email,workflow...
2025-10-15 23:45:30.025 [info] Got 1 sessions for read:user,repo,user:email,workflow...
2025-10-15 23:45:30.478 [info] Getting sessions for read:user,repo,user:email,workflow...
2025-10-15 23:45:30.478 [info] Got 1 sessions for read:user,repo,user:email,workflow...
2025-10-15 23:45:30.941 [info] Getting sessions for read:user,repo,user:email,workflow...
2025-10-15 23:45:30.941 [info] Got 1 sessions for read:user,repo,user:email,workflow...
2025-10-15 23:45:33.301 [info] Getting sessions for read:user,repo,user:email,workflow...
2025-10-15 23:45:33.301 [info] Got 1 sessions for read:user,repo,user:email,workflow...
2025-10-15 23:46:03.510 [info] Getting sessions for read:user,repo,user:email,workflow...
2025-10-15 23:46:03.510 [info] Got 1 sessions for read:user,repo,user:email,workflow...
2025-10-15 23:46:05.480 [info] Getting sessions for read:user,repo,user:email,workflow...
2025-10-15 23:46:05.480 [info] Got 1 sessions for read:user,repo,user:email,workflow...
2025-10-15 23:46:09.708 [info] Getting sessions for read:user,repo,user:email,workflow...
2025-10-15 23:46:09.708 [info] Got 1 sessions for read:user,repo,user:email,workflow...
2025-10-15 23:46:10.192 [info] Getting sessions for read:user,repo,user:email,workflow...
2025-10-15 23:46:10.193 [info] Got 1 sessions for read:user,repo,user:email,workflow...
2025-10-15 23:46:10.911 [info] Getting sessions for read:user,repo,user:email,workflow...
2025-10-15 23:46:10.912 [info] Got 1 sessions for read:user,repo,user:email,workflow...
2025-10-15 23:46:12.292 [info] Getting sessions for read:user,repo,user:email,workflow...
2025-10-15 23:46:12.294 [info] Got 1 sessions for read:user,repo,user:email,workflow...
2025-10-15 23:48:28.174 [info] Getting sessions for read:user,repo,user:email,workflow...
2025-10-15 23:48:28.174 [info] Got 1 sessions for read:user,repo,user:email,workflow...
2025-10-15 23:48:28.688 [info] Getting sessions for read:user,repo,user:email,workflow...
2025-10-15 23:48:28.688 [info] Got 1 sessions for read:user,repo,user:email,workflow...
2025-10-15 23:48:29.235 [info] Getting sessions for read:user,repo,user:email,workflow...
2025-10-15 23:48:29.235 [info] Got 1 sessions for read:user,repo,user:email,workflow...
2025-10-15 23:48:36.294 [info] Getting sessions for read:user,repo,user:email,workflow...
2025-10-15 23:48:36.294 [info] Got 1 sessions for read:user,repo,user:email,workflow...
2025-10-15 23:48:36.622 [info] Getting sessions for read:user,repo,user:email,workflow...
2025-10-15 23:48:36.623 [info] Got 1 sessions for read:user,repo,user:email,workflow...
2025-10-15 23:48:37.533 [info] Getting sessions for read:user,repo,user:email,workflow...
2025-10-15 23:48:37.533 [info] Got 1 sessions for read:user,repo,user:email,workflow...
2025-10-15 23:48:38.080 [info] Getting sessions for read:user,repo,user:email,workflow...
2025-10-15 23:48:38.080 [info] Got 1 sessions for read:user,repo,user:email,workflow...
2025-10-15 23:48:40.106 [info] Getting sessions for read:user,repo,user:email,workflow...
2025-10-15 23:48:40.106 [info] Got 1 sessions for read:user,repo,user:email,workflow...
2025-10-15 23:48:40.564 [info] Getting sessions for read:user,repo,user:email,workflow...
2025-10-15 23:48:40.564 [info] Got 1 sessions for read:user,repo,user:email,workflow...
2025-10-15 23:48:41.996 [info] Getting sessions for read:user,repo,user:email,workflow...
2025-10-15 23:48:41.996 [info] Got 1 sessions for read:user,repo,user:email,workflow...
2025-10-15 23:48:42.458 [info] Getting sessions for read:user,repo,user:email,workflow...
2025-10-15 23:48:42.458 [info] Got 1 sessions for read:user,repo,user:email,workflow...
2025-10-15 23:48:43.146 [info] Getting sessions for read:user,repo,user:email,workflow...
2025-10-15 23:48:43.146 [info] Got 1 sessions for read:user,repo,user:email,workflow...
2025-10-15 23:48:43.533 [info] Getting sessions for read:user,repo,user:email,workflow...
2025-10-15 23:48:43.533 [info] Got 1 sessions for read:user,repo,user:email,workflow...
2025-10-15 23:48:43.890 [info] Getting sessions for read:user,repo,user:email,workflow...
2025-10-15 23:48:43.890 [info] Got 1 sessions for read:user,repo,user:email,workflow...
2025-10-15 23:48:51.704 [info] Getting sessions for read:user,repo,user:email,workflow...
2025-10-15 23:48:51.704 [info] Got 1 sessions for read:user,repo,user:email,workflow...
2025-10-15 23:56:43.556 [info] Getting sessions for read:user,repo,user:email,workflow...
2025-10-15 23:56:43.558 [info] Got 1 sessions for read:user,repo,user:email,workflow...
2025-10-15 23:56:45.267 [info] Getting sessions for read:user,repo,user:email,workflow...
2025-10-15 23:56:45.267 [info] Got 1 sessions for read:user,repo,user:email,workflow...
2025-10-15 23:56:59.154 [info] Getting sessions for read:user,repo,user:email,workflow...
2025-10-15 23:56:59.154 [info] Got 1 sessions for read:user,repo,user:email,workflow...
2025-10-15 23:56:59.612 [info] Getting sessions for read:user,repo,user:email,workflow...
2025-10-15 23:56:59.612 [info] Got 1 sessions for read:user,repo,user:email,workflow...
2025-10-15 23:57:00.047 [info] Getting sessions for read:user,repo,user:email,workflow...
2025-10-15 23:57:00.047 [info] Got 1 sessions for read:user,repo,user:email,workflow...
2025-10-15 23:57:01.191 [info] Getting sessions for read:user,repo,user:email,workflow...
2025-10-15 23:57:01.191 [info] Got 1 sessions for read:user,repo,user:email,workflow...
2025-10-15 23:57:02.418 [info] Getting sessions for read:user,repo,user:email,workflow...
2025-10-15 23:57:02.418 [info] Got 1 sessions for read:user,repo,user:email,workflow...
2025-10-15 23:57:03.086 [info] Getting sessions for read:user,repo,user:email,workflow...
2025-10-15 23:57:03.087 [info] Got 1 sessions for read:user,repo,user:email,workflow...
2025-10-15 23:57:14.870 [info] Getting sessions for read:user,repo,user:email,workflow...
2025-10-15 23:57:14.870 [info] Got 1 sessions for read:user,repo,user:email,workflow...
2025-10-16 00:15:52.585 [info] Getting sessions for read:user,repo,user:email,workflow...
2025-10-16 00:15:52.586 [info] Got 1 sessions for read:user,repo,user:email,workflow...
2025-10-16 00:15:58.373 [info] Getting sessions for read:user,repo,user:email,workflow...
2025-10-16 00:15:58.373 [info] Got 1 sessions for read:user,repo,user:email,workflow...
2025-10-16 00:16:01.022 [info] Getting sessions for read:user,repo,user:email,workflow...
2025-10-16 00:16:01.022 [info] Got 1 sessions for read:user,repo,user:email,workflow...
2025-10-16 00:16:45.024 [info] Getting sessions for read:user,repo,user:email,workflow...
2025-10-16 00:16:45.026 [info] Got 1 sessions for read:user,repo,user:email,workflow...
2025-10-16 00:24:56.190 [info] Getting sessions for read:user,repo,user:email,workflow...
2025-10-16 00:24:56.190 [info] Got 1 sessions for read:user,repo,user:email,workflow...
2025-10-16 00:24:57.384 [info] Getting sessions for read:user,repo,user:email,workflow...
2025-10-16 00:24:57.384 [info] Got 1 sessions for read:user,repo,user:email,workflow...
2025-10-16 00:24:57.787 [info] Getting sessions for read:user,repo,user:email,workflow...
2025-10-16 00:24:57.787 [info] Got 1 sessions for read:user,repo,user:email,workflow...
2025-10-16 00:24:58.251 [info] Getting sessions for read:user,repo,user:email,workflow...
2025-10-16 00:24:58.251 [info] Got 1 sessions for read:user,repo,user:email,workflow...
2025-10-16 00:24:58.579 [info] Getting sessions for read:user,repo,user:email,workflow...
2025-10-16 00:24:58.579 [info] Got 1 sessions for read:user,repo,user:email,workflow...
2025-10-16 00:24:59.443 [info] Getting sessions for read:user,repo,user:email,workflow...
2025-10-16 00:24:59.443 [info] Got 1 sessions for read:user,repo,user:email,workflow...
2025-10-16 00:25:13.938 [info] Getting sessions for read:user,repo,user:email,workflow...
2025-10-16 00:25:13.938 [info] Got 1 sessions for read:user,repo,user:email,workflow...
