2025-10-18 23:30:47.486 [info] Reading sessions from keychain...
2025-10-18 23:30:47.486 [info] Getting sessions for all scopes...
2025-10-18 23:30:48.146 [info] Got stored sessions!
2025-10-18 23:30:48.146 [info] Got 2 verified sessions.
2025-10-18 23:30:48.147 [info] Got 2 sessions for ...
2025-10-18 23:30:48.147 [info] Getting sessions for all scopes...
2025-10-18 23:30:48.147 [info] Got 2 sessions for ...
2025-10-18 23:30:48.147 [info] Getting sessions for all scopes...
2025-10-18 23:30:48.147 [info] Got 2 sessions for ...
2025-10-18 23:30:48.147 [info] Getting sessions for all scopes...
2025-10-18 23:30:48.148 [info] Got 2 sessions for ...
2025-10-18 23:30:48.148 [info] Getting sessions for all scopes...
2025-10-18 23:30:48.148 [info] Got 2 sessions for ...
2025-10-18 23:30:48.148 [info] Getting sessions for all scopes...
2025-10-18 23:30:48.148 [info] Got 2 sessions for ...
2025-10-18 23:30:48.149 [info] Getting sessions for all scopes...
2025-10-18 23:30:48.149 [info] Got 2 sessions for ...
2025-10-18 23:30:48.149 [info] Getting sessions for all scopes...
2025-10-18 23:30:48.149 [info] Got 2 sessions for ...
2025-10-18 23:30:48.658 [info] Getting sessions for all scopes...
2025-10-18 23:30:48.659 [info] Got 2 sessions for ...
2025-10-18 23:30:48.662 [info] Getting sessions for all scopes...
2025-10-18 23:30:48.662 [info] Got 2 sessions for ...
2025-10-18 23:30:48.662 [info] Getting sessions for all scopes...
2025-10-18 23:30:48.662 [info] Got 2 sessions for ...
2025-10-18 23:30:48.663 [info] Getting sessions for all scopes...
2025-10-18 23:30:48.663 [info] Got 2 sessions for ...
2025-10-18 23:30:48.663 [info] Getting sessions for all scopes...
2025-10-18 23:30:48.663 [info] Got 2 sessions for ...
2025-10-18 23:30:48.669 [info] Getting sessions for all scopes...
2025-10-18 23:30:48.669 [info] Got 2 sessions for ...
2025-10-18 23:30:55.192 [info] Reading sessions from keychain...
2025-10-18 23:30:55.192 [info] Getting sessions for all scopes...
2025-10-18 23:30:55.862 [info] Got stored sessions!
2025-10-18 23:30:55.862 [info] Got 2 verified sessions.
2025-10-18 23:30:55.862 [info] Got 2 sessions for ...
2025-10-18 23:30:55.864 [info] Getting sessions for all scopes...
2025-10-18 23:30:55.864 [info] Got 2 sessions for ...
2025-10-18 23:30:55.864 [info] Getting sessions for all scopes...
2025-10-18 23:30:55.864 [info] Got 2 sessions for ...
2025-10-18 23:30:55.864 [info] Getting sessions for all scopes...
2025-10-18 23:30:55.864 [info] Got 2 sessions for ...
2025-10-18 23:30:55.865 [info] Getting sessions for all scopes...
2025-10-18 23:30:55.865 [info] Got 2 sessions for ...
2025-10-18 23:30:55.865 [info] Getting sessions for all scopes...
2025-10-18 23:30:55.865 [info] Got 2 sessions for ...
2025-10-18 23:30:55.865 [info] Getting sessions for all scopes...
2025-10-18 23:30:55.865 [info] Got 2 sessions for ...
2025-10-18 23:30:55.868 [info] Getting sessions for all scopes...
2025-10-18 23:30:55.869 [info] Got 2 sessions for ...
2025-10-18 23:30:55.939 [info] Getting sessions for all scopes...
2025-10-18 23:30:55.939 [info] Got 2 sessions for ...
2025-10-18 23:30:55.945 [info] Getting sessions for all scopes...
2025-10-18 23:30:55.946 [info] Got 2 sessions for ...
2025-10-18 23:30:55.952 [info] Getting sessions for all scopes...
2025-10-18 23:30:55.953 [info] Got 2 sessions for ...
2025-10-18 23:30:55.957 [info] Getting sessions for all scopes...
2025-10-18 23:30:55.957 [info] Got 2 sessions for ...
2025-10-18 23:30:55.958 [info] Getting sessions for all scopes...
2025-10-18 23:30:55.958 [info] Got 2 sessions for ...
2025-10-18 23:30:55.972 [info] Getting sessions for all scopes...
2025-10-18 23:30:55.972 [info] Got 2 sessions for ...
2025-10-18 23:30:55.973 [info] Getting sessions for all scopes...
2025-10-18 23:30:55.973 [info] Got 2 sessions for ...
2025-10-18 23:31:07.504 [info] Getting sessions for all scopes...
2025-10-18 23:31:07.504 [info] Got 2 sessions for ...
2025-10-18 23:31:07.504 [info] Getting sessions for all scopes...
2025-10-18 23:31:07.504 [info] Got 2 sessions for ...
2025-10-18 23:31:07.506 [info] Getting sessions for all scopes...
2025-10-18 23:31:07.506 [info] Got 2 sessions for ...
2025-10-18 23:31:07.928 [info] Getting sessions for all scopes...
2025-10-18 23:31:07.928 [info] Got 2 sessions for ...
2025-10-18 23:31:07.936 [info] Getting sessions for all scopes...
2025-10-18 23:31:07.936 [info] Got 2 sessions for ...
2025-10-18 23:31:09.303 [info] fetching: Electron fetch failed with status: 429 
2025-10-18 23:31:11.143 [info] Getting sessions for read:user,repo,user:email,workflow...
2025-10-18 23:31:11.144 [info] Got 1 sessions for read:user,repo,user:email,workflow...
2025-10-18 23:31:17.479 [info] Reading sessions from keychain...
2025-10-18 23:31:17.479 [info] Getting sessions for all scopes...
2025-10-18 23:31:17.479 [info] Got stored sessions!
2025-10-18 23:31:17.479 [info] Got 2 verified sessions.
2025-10-18 23:31:17.479 [info] Got 2 sessions for ...
2025-10-18 23:31:17.479 [info] Getting sessions for all scopes...
2025-10-18 23:31:17.479 [info] Got 2 sessions for ...
2025-10-18 23:31:17.479 [info] Getting sessions for all scopes...
2025-10-18 23:31:17.479 [info] Got 2 sessions for ...
2025-10-18 23:31:17.479 [info] Getting sessions for all scopes...
2025-10-18 23:31:17.479 [info] Got 2 sessions for ...
2025-10-18 23:31:17.479 [info] Getting sessions for all scopes...
2025-10-18 23:31:17.479 [info] Got 2 sessions for ...
2025-10-18 23:31:17.479 [info] Getting sessions for all scopes...
2025-10-18 23:31:17.479 [info] Got 2 sessions for ...
2025-10-18 23:31:17.479 [info] Getting sessions for all scopes...
2025-10-18 23:31:17.479 [info] Got 2 sessions for ...
2025-10-18 23:31:17.479 [info] Getting sessions for all scopes...
2025-10-18 23:31:17.479 [info] Got 2 sessions for ...
2025-10-18 23:31:17.481 [info] Getting sessions for all scopes...
2025-10-18 23:31:17.481 [info] Got 2 sessions for ...
2025-10-18 23:31:17.485 [info] Getting sessions for all scopes...
2025-10-18 23:31:17.486 [info] Got 2 sessions for ...
2025-10-18 23:31:17.486 [info] Getting sessions for all scopes...
2025-10-18 23:31:17.486 [info] Got 2 sessions for ...
2025-10-18 23:31:17.491 [info] Getting sessions for all scopes...
2025-10-18 23:31:17.491 [info] Got 2 sessions for ...
2025-10-18 23:31:17.492 [info] Getting sessions for all scopes...
2025-10-18 23:31:17.492 [info] Got 2 sessions for ...
2025-10-18 23:31:17.495 [info] Getting sessions for all scopes...
2025-10-18 23:31:17.495 [info] Got 2 sessions for ...
2025-10-18 23:31:18.226 [info] Getting sessions for all scopes...
2025-10-18 23:31:18.226 [info] Got 2 sessions for ...
2025-10-18 23:31:18.809 [info] fetching: Electron fetch failed with status: 429 
2025-10-18 23:31:28.216 [info] Getting sessions for all scopes...
2025-10-18 23:31:28.217 [info] Got 2 sessions for ...
2025-10-18 23:31:28.218 [info] Getting sessions for all scopes...
2025-10-18 23:31:28.218 [info] Got 2 sessions for ...
2025-10-18 23:31:28.219 [info] Getting sessions for all scopes...
2025-10-18 23:31:28.219 [info] Got 2 sessions for ...
2025-10-18 23:31:29.391 [info] Getting sessions for all scopes...
2025-10-18 23:31:29.391 [info] Got 2 sessions for ...
2025-10-18 23:31:29.392 [info] Getting sessions for all scopes...
2025-10-18 23:31:29.392 [info] Got 2 sessions for ...
2025-10-18 23:31:31.912 [info] Getting sessions for read:user,repo,user:email,workflow...
2025-10-18 23:31:31.912 [info] Got 1 sessions for read:user,repo,user:email,workflow...
2025-10-18 23:31:31.947 [info] fetching: Node fetch failed with status: 429 Too Many Requests
2025-10-18 23:31:32.032 [info] Getting sessions for all scopes...
2025-10-18 23:31:32.032 [info] Got 2 sessions for ...
2025-10-18 23:31:32.098 [info] Getting sessions for all scopes...
2025-10-18 23:31:32.098 [info] Got 2 sessions for ...
2025-10-18 23:31:32.098 [info] Getting sessions for read:user,repo,user:email,workflow...
2025-10-18 23:31:32.098 [info] Got 1 sessions for read:user,repo,user:email,workflow...
2025-10-18 23:31:32.492 [info] Getting sessions for all scopes...
2025-10-18 23:31:32.492 [info] Got 2 sessions for ...
2025-10-18 23:31:32.752 [info] Getting sessions for all scopes...
2025-10-18 23:31:32.752 [info] Got 2 sessions for ...
2025-10-18 23:31:32.783 [info] Getting sessions for read:user,repo,user:email,workflow...
2025-10-18 23:31:32.783 [info] Got 1 sessions for read:user,repo,user:email,workflow...
2025-10-18 23:31:32.811 [info] Getting sessions for all scopes...
2025-10-18 23:31:32.811 [info] Got 2 sessions for ...
2025-10-18 23:31:32.814 [info] Getting sessions for all scopes...
2025-10-18 23:31:32.814 [info] Got 2 sessions for ...
2025-10-18 23:31:32.822 [info] Getting sessions for read:user,repo,user:email,workflow...
2025-10-18 23:31:32.823 [info] Got 1 sessions for read:user,repo,user:email,workflow...
2025-10-18 23:31:32.926 [info] fetching: Node http/s failed with status: 429 Too Many Requests
2025-10-18 23:31:33.575 [info] Getting sessions for all scopes...
2025-10-18 23:31:33.575 [info] Got 2 sessions for ...
2025-10-18 23:31:33.581 [info] Getting sessions for read:user,repo,user:email,workflow...
2025-10-18 23:31:33.581 [info] Got 1 sessions for read:user,repo,user:email,workflow...
2025-10-18 23:33:39.278 [info] Getting sessions for read:user,repo,user:email,workflow...
2025-10-18 23:33:39.281 [info] Got 1 sessions for read:user,repo,user:email,workflow...
2025-10-18 23:34:48.363 [info] Getting sessions for read:user,repo,user:email,workflow...
2025-10-18 23:34:48.363 [info] Got 1 sessions for read:user,repo,user:email,workflow...
2025-10-18 23:35:34.695 [info] Getting sessions for read:user,repo,user:email,workflow...
2025-10-18 23:35:34.695 [info] Got 1 sessions for read:user,repo,user:email,workflow...
2025-10-18 23:36:57.641 [info] Getting sessions for read:user,repo,user:email,workflow...
2025-10-18 23:36:57.641 [info] Got 1 sessions for read:user,repo,user:email,workflow...
2025-10-18 23:38:47.064 [info] Getting sessions for read:user,repo,user:email,workflow...
2025-10-18 23:38:47.064 [info] Got 1 sessions for read:user,repo,user:email,workflow...
2025-10-18 23:38:47.667 [info] Getting sessions for read:user,repo,user:email,workflow...
2025-10-18 23:38:47.667 [info] Got 1 sessions for read:user,repo,user:email,workflow...
2025-10-18 23:38:49.047 [info] Getting sessions for read:user,repo,user:email,workflow...
2025-10-18 23:38:49.048 [info] Got 1 sessions for read:user,repo,user:email,workflow...
2025-10-18 23:39:33.325 [info] Getting sessions for read:user,repo,user:email,workflow...
2025-10-18 23:39:33.330 [info] Got 1 sessions for read:user,repo,user:email,workflow...
2025-10-18 23:39:33.770 [info] Getting sessions for all scopes...
2025-10-18 23:39:33.771 [info] Got 2 sessions for ...
2025-10-18 23:39:34.138 [info] Getting sessions for read:user,repo,user:email,workflow...
2025-10-18 23:39:34.138 [info] Got 1 sessions for read:user,repo,user:email,workflow...
2025-10-18 23:42:51.450 [info] Getting sessions for read:user,repo,user:email,workflow...
2025-10-18 23:42:51.455 [info] Got 1 sessions for read:user,repo,user:email,workflow...
2025-10-18 23:42:52.921 [info] Getting sessions for read:user,repo,user:email,workflow...
2025-10-18 23:42:52.922 [info] Got 1 sessions for read:user,repo,user:email,workflow...
2025-10-18 23:42:54.525 [info] Getting sessions for read:user,repo,user:email,workflow...
2025-10-18 23:42:54.525 [info] Got 1 sessions for read:user,repo,user:email,workflow...
2025-10-18 23:43:25.539 [info] Getting sessions for read:user,repo,user:email,workflow...
2025-10-18 23:43:25.539 [info] Got 1 sessions for read:user,repo,user:email,workflow...
2025-10-18 23:43:26.085 [info] Getting sessions for read:user,repo,user:email,workflow...
2025-10-18 23:43:26.085 [info] Got 1 sessions for read:user,repo,user:email,workflow...
2025-10-18 23:59:06.004 [info] Getting sessions for read:user,repo,user:email,workflow...
2025-10-18 23:59:06.004 [info] Got 1 sessions for read:user,repo,user:email,workflow...
2025-10-18 23:59:08.811 [info] Getting sessions for read:user,repo,user:email,workflow...
2025-10-18 23:59:08.811 [info] Got 1 sessions for read:user,repo,user:email,workflow...
2025-10-18 23:59:47.841 [info] Getting sessions for read:user,repo,user:email,workflow...
2025-10-18 23:59:47.842 [info] Got 1 sessions for read:user,repo,user:email,workflow...
2025-10-18 23:59:49.830 [info] Getting sessions for read:user,repo,user:email,workflow...
2025-10-18 23:59:49.831 [info] Got 1 sessions for read:user,repo,user:email,workflow...
2025-10-19 00:08:25.434 [info] Getting sessions for read:user,repo,user:email,workflow...
2025-10-19 00:08:25.435 [info] Got 1 sessions for read:user,repo,user:email,workflow...
2025-10-19 00:08:33.061 [info] Getting sessions for read:user,repo,user:email,workflow...
2025-10-19 00:08:33.061 [info] Got 1 sessions for read:user,repo,user:email,workflow...
2025-10-19 00:10:08.378 [info] Getting sessions for read:user,repo,user:email,workflow...
2025-10-19 00:10:08.378 [info] Got 1 sessions for read:user,repo,user:email,workflow...
2025-10-19 00:10:35.067 [info] Getting sessions for read:user,repo,user:email,workflow...
2025-10-19 00:10:35.067 [info] Got 1 sessions for read:user,repo,user:email,workflow...
2025-10-19 00:19:06.880 [info] Getting sessions for read:user,repo,user:email,workflow...
2025-10-19 00:19:06.880 [info] Got 1 sessions for read:user,repo,user:email,workflow...
2025-10-19 00:26:54.931 [info] Getting sessions for read:user,repo,user:email,workflow...
2025-10-19 00:26:54.931 [info] Got 1 sessions for read:user,repo,user:email,workflow...
2025-10-19 00:26:56.962 [info] Getting sessions for read:user,repo,user:email,workflow...
2025-10-19 00:26:56.962 [info] Got 1 sessions for read:user,repo,user:email,workflow...
2025-10-19 00:26:57.698 [info] Getting sessions for read:user,repo,user:email,workflow...
2025-10-19 00:26:57.698 [info] Got 1 sessions for read:user,repo,user:email,workflow...
2025-10-19 00:27:07.041 [info] Getting sessions for read:user,repo,user:email,workflow...
2025-10-19 00:27:07.042 [info] Got 1 sessions for read:user,repo,user:email,workflow...
2025-10-19 00:27:08.081 [info] Getting sessions for read:user,repo,user:email,workflow...
2025-10-19 00:27:08.081 [info] Got 1 sessions for read:user,repo,user:email,workflow...
2025-10-19 00:27:10.972 [info] Getting sessions for read:user,repo,user:email,workflow...
2025-10-19 00:27:10.978 [info] Got 1 sessions for read:user,repo,user:email,workflow...
2025-10-19 00:27:11.747 [info] Getting sessions for read:user,repo,user:email,workflow...
2025-10-19 00:27:11.747 [info] Got 1 sessions for read:user,repo,user:email,workflow...
2025-10-19 00:27:42.178 [info] Getting sessions for read:user,repo,user:email,workflow...
2025-10-19 00:27:42.178 [info] Got 1 sessions for read:user,repo,user:email,workflow...
2025-10-19 00:31:34.580 [info] Getting sessions for read:user,repo,user:email,workflow...
2025-10-19 00:31:34.580 [info] Got 1 sessions for read:user,repo,user:email,workflow...
2025-10-19 00:32:29.136 [info] Getting sessions for read:user,repo,user:email,workflow...
2025-10-19 00:32:29.136 [info] Got 1 sessions for read:user,repo,user:email,workflow...
2025-10-19 00:32:31.286 [info] Getting sessions for read:user,repo,user:email,workflow...
2025-10-19 00:32:31.288 [info] Got 1 sessions for read:user,repo,user:email,workflow...
2025-10-19 00:44:46.695 [info] Getting sessions for read:user,repo,user:email,workflow...
2025-10-19 00:44:46.695 [info] Got 1 sessions for read:user,repo,user:email,workflow...
2025-10-19 00:44:49.634 [info] Getting sessions for read:user,repo,user:email,workflow...
2025-10-19 00:44:49.634 [info] Got 1 sessions for read:user,repo,user:email,workflow...
2025-10-19 00:45:19.871 [info] Getting sessions for read:user,repo,user:email,workflow...
2025-10-19 00:45:19.871 [info] Got 1 sessions for read:user,repo,user:email,workflow...
2025-10-19 00:45:21.779 [info] Getting sessions for read:user,repo,user:email,workflow...
2025-10-19 00:45:21.779 [info] Got 1 sessions for read:user,repo,user:email,workflow...
2025-10-19 00:55:33.568 [info] Getting sessions for read:user,repo,user:email,workflow...
2025-10-19 00:55:33.573 [info] Got 1 sessions for read:user,repo,user:email,workflow...
2025-10-19 00:55:34.641 [info] Getting sessions for read:user,repo,user:email,workflow...
2025-10-19 00:55:34.642 [info] Got 1 sessions for read:user,repo,user:email,workflow...
2025-10-19 00:55:35.395 [info] Getting sessions for read:user,repo,user:email,workflow...
2025-10-19 00:55:35.395 [info] Got 1 sessions for read:user,repo,user:email,workflow...
2025-10-19 00:55:35.999 [info] Getting sessions for read:user,repo,user:email,workflow...
2025-10-19 00:55:35.999 [info] Got 1 sessions for read:user,repo,user:email,workflow...
2025-10-19 00:55:36.578 [info] Getting sessions for read:user,repo,user:email,workflow...
2025-10-19 00:55:36.578 [info] Got 1 sessions for read:user,repo,user:email,workflow...
2025-10-19 00:55:37.078 [info] Getting sessions for read:user,repo,user:email,workflow...
2025-10-19 00:55:37.078 [info] Got 1 sessions for read:user,repo,user:email,workflow...
2025-10-19 00:55:37.675 [info] Getting sessions for read:user,repo,user:email,workflow...
2025-10-19 00:55:37.675 [info] Got 1 sessions for read:user,repo,user:email,workflow...
2025-10-19 00:56:14.894 [info] Getting sessions for read:user,repo,user:email,workflow...
2025-10-19 00:56:14.894 [info] Got 1 sessions for read:user,repo,user:email,workflow...
2025-10-19 00:56:48.551 [info] Getting sessions for read:user,repo,user:email,workflow...
2025-10-19 00:56:48.552 [info] Got 1 sessions for read:user,repo,user:email,workflow...
2025-10-19 01:01:26.142 [info] Getting sessions for read:user,repo,user:email,workflow...
2025-10-19 01:01:26.142 [info] Got 1 sessions for read:user,repo,user:email,workflow...
2025-10-19 01:02:11.460 [info] Getting sessions for read:user,repo,user:email,workflow...
2025-10-19 01:02:11.460 [info] Got 1 sessions for read:user,repo,user:email,workflow...
2025-10-19 01:02:46.154 [info] Getting sessions for read:user,repo,user:email,workflow...
2025-10-19 01:02:46.155 [info] Got 1 sessions for read:user,repo,user:email,workflow...
